<?xml version="1.0" encoding="utf-8" standalone="no"?>
<!--This file represents the results of running a test suite-->
<test-results name="C:\Users\yowko151215\Source\Repos\jenkins-labs-1\Tests\Nop.Data.Tests\Nop.Data.Tests.csproj" total="142" errors="142" failures="0" not-run="0" inconclusive="0" ignored="0" skipped="0" invalid="0" date="2015-12-17" time="09:36:30">
  <environment nunit-version="2.6.4.14350" clr-version="2.0.50727.8009" os-version="Microsoft Windows NT 6.2.9200.0" platform="Win32NT" cwd="C:\Users\yowko151215\Source\Repos\jenkins-labs-1\Tests\Nop.Data.Tests" machine-name="YOWKO151215" user="yowko151215" user-domain="YOWKO151215" />
  <culture-info current-culture="en-US" current-uiculture="en-US" />
  <test-suite type="Project" name="C:\Users\yowko151215\Source\Repos\jenkins-labs-1\Tests\Nop.Data.Tests\Nop.Data.Tests.csproj" executed="True" result="Failure" success="False" time="5.751" asserts="0">
    <results>
      <test-suite type="Assembly" name="C:\Users\yowko151215\Source\Repos\jenkins-labs-1\Tests\Nop.Data.Tests\bin\Debug\Nop.Data.Tests.dll" executed="True" result="Failure" success="False" time="5.742" asserts="0">
        <results>
          <test-suite type="Namespace" name="Nop" executed="True" result="Failure" success="False" time="5.742" asserts="0">
            <results>
              <test-suite type="Namespace" name="Data" executed="True" result="Failure" success="False" time="5.742" asserts="0">
                <results>
                  <test-suite type="Namespace" name="Tests" executed="True" result="Failure" success="False" time="5.741" asserts="0">
                    <results>
                      <test-suite type="Namespace" name="Affiliates" executed="True" result="Failure" success="False" time="2.234" asserts="0">
                        <results>
                          <test-suite type="TestFixture" name="AffiliatePersistenceTests" executed="True" result="Failure" success="False" time="2.233" asserts="0">
                            <results>
                              <test-case name="Nop.Data.Tests.Affiliates.AffiliatePersistenceTests.Can_save_and_load_affiliate" executed="True" result="Error" success="False" time="2.225" asserts="0">
                                <failure>
                                  <message><![CDATA[SetUp : System.InvalidOperationException : No Entity Framework provider found for the ADO.NET provider with invariant name 'System.Data.SqlServerCe.4.0'. Make sure the provider is registered in the 'entityFramework' section of the application config file. See http://go.microsoft.com/fwlink/?LinkId=260882 for more information.]]></message>
                                  <stack-trace><![CDATA[at System.Data.Entity.Infrastructure.DependencyResolution.DefaultProviderServicesResolver.GetService(Type type, Object key)
at System.Data.Entity.Infrastructure.DependencyResolution.CachingDependencyResolver.<>c__DisplayClass1.<GetService>b__0(Tuple`2 k)
at System.Collections.Concurrent.ConcurrentDictionary`2.GetOrAdd(TKey key, Func`2 valueFactory)
at System.Data.Entity.Infrastructure.DependencyResolution.CachingDependencyResolver.GetService(Type type, Object key)
at System.Data.Entity.Infrastructure.DependencyResolution.ResolverChain.<>c__DisplayClass3.<GetService>b__0(IDbDependencyResolver r)
at System.Linq.Enumerable.WhereSelectArrayIterator`2.MoveNext()
at System.Linq.Enumerable.FirstOrDefault[TSource](IEnumerable`1 source, Func`2 predicate)
at System.Data.Entity.Infrastructure.DependencyResolution.ResolverChain.GetService(Type type, Object key)
at System.Data.Entity.Infrastructure.DependencyResolution.RootDependencyResolver.GetService(Type type, Object key)
at System.Data.Entity.Infrastructure.DependencyResolution.ResolverChain.<>c__DisplayClass3.<GetService>b__0(IDbDependencyResolver r)
at System.Linq.Enumerable.WhereSelectArrayIterator`2.MoveNext()
at System.Linq.Enumerable.FirstOrDefault[TSource](IEnumerable`1 source, Func`2 predicate)
at System.Data.Entity.Infrastructure.DependencyResolution.ResolverChain.GetService(Type type, Object key)
at System.Data.Entity.Infrastructure.DependencyResolution.CompositeResolver`2.GetService(Type type, Object key)
at System.Data.Entity.Infrastructure.DependencyResolution.DbDependencyResolverExtensions.GetService[T](IDbDependencyResolver resolver, Object key)
at System.Data.Entity.Utilities.DbProviderFactoryExtensions.GetProviderServices(DbProviderFactory factory)
at System.Data.Entity.Infrastructure.DefaultManifestTokenResolver.<>c__DisplayClass1.<ResolveManifestToken>b__0(Tuple`3 k)
at System.Collections.Concurrent.ConcurrentDictionary`2.GetOrAdd(TKey key, Func`2 valueFactory)
at System.Data.Entity.Infrastructure.DefaultManifestTokenResolver.ResolveManifestToken(DbConnection connection)
at System.Data.Entity.Utilities.DbConnectionExtensions.GetProviderInfo(DbConnection connection, DbProviderManifest& providerManifest)
at System.Data.Entity.DbModelBuilder.Build(DbConnection providerConnection)
at System.Data.Entity.Internal.LazyInternalContext.CreateModel(LazyInternalContext internalContext)
at System.Data.Entity.Internal.RetryLazy`2.GetValue(TInput input)
at System.Data.Entity.Internal.LazyInternalContext.InitializeContext()
at System.Data.Entity.Internal.InternalContext.CreateObjectContextForDdlOps()
at System.Data.Entity.Database.Create(DatabaseExistenceState existenceState)
at System.Data.Entity.Database.Create()
at Nop.Data.Tests.PersistenceTest.SetUp() in C:\Users\yowko151215\Source\Repos\jenkins-labs-1\Tests\Nop.Data.Tests\PersistenceTest.cs:line 21
]]></stack-trace>
                                </failure>
                              </test-case>
                            </results>
                          </test-suite>
                        </results>
                      </test-suite>
                      <test-suite type="Namespace" name="Blogs" executed="True" result="Failure" success="False" time="0.064" asserts="0">
                        <results>
                          <test-suite type="TestFixture" name="BlogPostPersistenceTests" executed="True" result="Failure" success="False" time="0.064" asserts="0">
                            <results>
                              <test-case name="Nop.Data.Tests.Blogs.BlogPostPersistenceTests.Can_save_and_load_blogPost" executed="True" result="Error" success="False" time="0.036" asserts="0">
                                <failure>
                                  <message><![CDATA[SetUp : System.InvalidOperationException : No Entity Framework provider found for the ADO.NET provider with invariant name 'System.Data.SqlServerCe.4.0'. Make sure the provider is registered in the 'entityFramework' section of the application config file. See http://go.microsoft.com/fwlink/?LinkId=260882 for more information.]]></message>
                                  <stack-trace><![CDATA[at System.Data.Entity.Infrastructure.DependencyResolution.DefaultProviderServicesResolver.GetService(Type type, Object key)
at System.Data.Entity.Infrastructure.DependencyResolution.CachingDependencyResolver.<>c__DisplayClass1.<GetService>b__0(Tuple`2 k)
at System.Collections.Concurrent.ConcurrentDictionary`2.GetOrAdd(TKey key, Func`2 valueFactory)
at System.Data.Entity.Infrastructure.DependencyResolution.CachingDependencyResolver.GetService(Type type, Object key)
at System.Data.Entity.Infrastructure.DependencyResolution.ResolverChain.<>c__DisplayClass3.<GetService>b__0(IDbDependencyResolver r)
at System.Linq.Enumerable.WhereSelectArrayIterator`2.MoveNext()
at System.Linq.Enumerable.FirstOrDefault[TSource](IEnumerable`1 source, Func`2 predicate)
at System.Data.Entity.Infrastructure.DependencyResolution.ResolverChain.GetService(Type type, Object key)
at System.Data.Entity.Infrastructure.DependencyResolution.RootDependencyResolver.GetService(Type type, Object key)
at System.Data.Entity.Infrastructure.DependencyResolution.ResolverChain.<>c__DisplayClass3.<GetService>b__0(IDbDependencyResolver r)
at System.Linq.Enumerable.WhereSelectArrayIterator`2.MoveNext()
at System.Linq.Enumerable.FirstOrDefault[TSource](IEnumerable`1 source, Func`2 predicate)
at System.Data.Entity.Infrastructure.DependencyResolution.ResolverChain.GetService(Type type, Object key)
at System.Data.Entity.Infrastructure.DependencyResolution.CompositeResolver`2.GetService(Type type, Object key)
at System.Data.Entity.Infrastructure.DependencyResolution.DbDependencyResolverExtensions.GetService[T](IDbDependencyResolver resolver, Object key)
at System.Data.Entity.Utilities.DbProviderFactoryExtensions.GetProviderServices(DbProviderFactory factory)
at System.Data.Entity.Infrastructure.DefaultManifestTokenResolver.<>c__DisplayClass1.<ResolveManifestToken>b__0(Tuple`3 k)
at System.Collections.Concurrent.ConcurrentDictionary`2.GetOrAdd(TKey key, Func`2 valueFactory)
at System.Data.Entity.Infrastructure.DefaultManifestTokenResolver.ResolveManifestToken(DbConnection connection)
at System.Data.Entity.Utilities.DbConnectionExtensions.GetProviderInfo(DbConnection connection, DbProviderManifest& providerManifest)
at System.Data.Entity.DbModelBuilder.Build(DbConnection providerConnection)
at System.Data.Entity.Internal.LazyInternalContext.CreateModel(LazyInternalContext internalContext)
at System.Data.Entity.Internal.RetryLazy`2.GetValue(TInput input)
at System.Data.Entity.Internal.LazyInternalContext.InitializeContext()
at System.Data.Entity.Internal.InternalContext.CreateObjectContextForDdlOps()
at System.Data.Entity.Database.Create(DatabaseExistenceState existenceState)
at System.Data.Entity.Database.Create()
at Nop.Data.Tests.PersistenceTest.SetUp() in C:\Users\yowko151215\Source\Repos\jenkins-labs-1\Tests\Nop.Data.Tests\PersistenceTest.cs:line 21
]]></stack-trace>
                                </failure>
                              </test-case>
                              <test-case name="Nop.Data.Tests.Blogs.BlogPostPersistenceTests.Can_save_and_load_blogPost_with_blogComments" executed="True" result="Error" success="False" time="0.014" asserts="0">
                                <failure>
                                  <message><![CDATA[SetUp : System.InvalidOperationException : No Entity Framework provider found for the ADO.NET provider with invariant name 'System.Data.SqlServerCe.4.0'. Make sure the provider is registered in the 'entityFramework' section of the application config file. See http://go.microsoft.com/fwlink/?LinkId=260882 for more information.]]></message>
                                  <stack-trace><![CDATA[at System.Data.Entity.Infrastructure.DependencyResolution.DefaultProviderServicesResolver.GetService(Type type, Object key)
at System.Data.Entity.Infrastructure.DependencyResolution.CachingDependencyResolver.<>c__DisplayClass1.<GetService>b__0(Tuple`2 k)
at System.Collections.Concurrent.ConcurrentDictionary`2.GetOrAdd(TKey key, Func`2 valueFactory)
at System.Data.Entity.Infrastructure.DependencyResolution.CachingDependencyResolver.GetService(Type type, Object key)
at System.Data.Entity.Infrastructure.DependencyResolution.ResolverChain.<>c__DisplayClass3.<GetService>b__0(IDbDependencyResolver r)
at System.Linq.Enumerable.WhereSelectArrayIterator`2.MoveNext()
at System.Linq.Enumerable.FirstOrDefault[TSource](IEnumerable`1 source, Func`2 predicate)
at System.Data.Entity.Infrastructure.DependencyResolution.ResolverChain.GetService(Type type, Object key)
at System.Data.Entity.Infrastructure.DependencyResolution.RootDependencyResolver.GetService(Type type, Object key)
at System.Data.Entity.Infrastructure.DependencyResolution.ResolverChain.<>c__DisplayClass3.<GetService>b__0(IDbDependencyResolver r)
at System.Linq.Enumerable.WhereSelectArrayIterator`2.MoveNext()
at System.Linq.Enumerable.FirstOrDefault[TSource](IEnumerable`1 source, Func`2 predicate)
at System.Data.Entity.Infrastructure.DependencyResolution.ResolverChain.GetService(Type type, Object key)
at System.Data.Entity.Infrastructure.DependencyResolution.CompositeResolver`2.GetService(Type type, Object key)
at System.Data.Entity.Infrastructure.DependencyResolution.DbDependencyResolverExtensions.GetService[T](IDbDependencyResolver resolver, Object key)
at System.Data.Entity.Utilities.DbProviderFactoryExtensions.GetProviderServices(DbProviderFactory factory)
at System.Data.Entity.Infrastructure.DefaultManifestTokenResolver.<>c__DisplayClass1.<ResolveManifestToken>b__0(Tuple`3 k)
at System.Collections.Concurrent.ConcurrentDictionary`2.GetOrAdd(TKey key, Func`2 valueFactory)
at System.Data.Entity.Infrastructure.DefaultManifestTokenResolver.ResolveManifestToken(DbConnection connection)
at System.Data.Entity.Utilities.DbConnectionExtensions.GetProviderInfo(DbConnection connection, DbProviderManifest& providerManifest)
at System.Data.Entity.DbModelBuilder.Build(DbConnection providerConnection)
at System.Data.Entity.Internal.LazyInternalContext.CreateModel(LazyInternalContext internalContext)
at System.Data.Entity.Internal.RetryLazy`2.GetValue(TInput input)
at System.Data.Entity.Internal.LazyInternalContext.InitializeContext()
at System.Data.Entity.Internal.InternalContext.CreateObjectContextForDdlOps()
at System.Data.Entity.Database.Create(DatabaseExistenceState existenceState)
at System.Data.Entity.Database.Create()
at Nop.Data.Tests.PersistenceTest.SetUp() in C:\Users\yowko151215\Source\Repos\jenkins-labs-1\Tests\Nop.Data.Tests\PersistenceTest.cs:line 21
]]></stack-trace>
                                </failure>
                              </test-case>
                            </results>
                          </test-suite>
                        </results>
                      </test-suite>
                      <test-suite type="Namespace" name="Catalog" executed="True" result="Failure" success="False" time="0.702" asserts="0">
                        <results>
                          <test-suite type="TestFixture" name="BackInStockSubscriptionPersistenceTests" executed="True" result="Failure" success="False" time="0.013" asserts="0">
                            <results>
                              <test-case name="Nop.Data.Tests.Catalog.BackInStockSubscriptionPersistenceTests.Can_save_and_load_backInStockSubscription" executed="True" result="Error" success="False" time="0.012" asserts="0">
                                <failure>
                                  <message><![CDATA[SetUp : System.InvalidOperationException : No Entity Framework provider found for the ADO.NET provider with invariant name 'System.Data.SqlServerCe.4.0'. Make sure the provider is registered in the 'entityFramework' section of the application config file. See http://go.microsoft.com/fwlink/?LinkId=260882 for more information.]]></message>
                                  <stack-trace><![CDATA[at System.Data.Entity.Infrastructure.DependencyResolution.DefaultProviderServicesResolver.GetService(Type type, Object key)
at System.Data.Entity.Infrastructure.DependencyResolution.CachingDependencyResolver.<>c__DisplayClass1.<GetService>b__0(Tuple`2 k)
at System.Collections.Concurrent.ConcurrentDictionary`2.GetOrAdd(TKey key, Func`2 valueFactory)
at System.Data.Entity.Infrastructure.DependencyResolution.CachingDependencyResolver.GetService(Type type, Object key)
at System.Data.Entity.Infrastructure.DependencyResolution.ResolverChain.<>c__DisplayClass3.<GetService>b__0(IDbDependencyResolver r)
at System.Linq.Enumerable.WhereSelectArrayIterator`2.MoveNext()
at System.Linq.Enumerable.FirstOrDefault[TSource](IEnumerable`1 source, Func`2 predicate)
at System.Data.Entity.Infrastructure.DependencyResolution.ResolverChain.GetService(Type type, Object key)
at System.Data.Entity.Infrastructure.DependencyResolution.RootDependencyResolver.GetService(Type type, Object key)
at System.Data.Entity.Infrastructure.DependencyResolution.ResolverChain.<>c__DisplayClass3.<GetService>b__0(IDbDependencyResolver r)
at System.Linq.Enumerable.WhereSelectArrayIterator`2.MoveNext()
at System.Linq.Enumerable.FirstOrDefault[TSource](IEnumerable`1 source, Func`2 predicate)
at System.Data.Entity.Infrastructure.DependencyResolution.ResolverChain.GetService(Type type, Object key)
at System.Data.Entity.Infrastructure.DependencyResolution.CompositeResolver`2.GetService(Type type, Object key)
at System.Data.Entity.Infrastructure.DependencyResolution.DbDependencyResolverExtensions.GetService[T](IDbDependencyResolver resolver, Object key)
at System.Data.Entity.Utilities.DbProviderFactoryExtensions.GetProviderServices(DbProviderFactory factory)
at System.Data.Entity.Infrastructure.DefaultManifestTokenResolver.<>c__DisplayClass1.<ResolveManifestToken>b__0(Tuple`3 k)
at System.Collections.Concurrent.ConcurrentDictionary`2.GetOrAdd(TKey key, Func`2 valueFactory)
at System.Data.Entity.Infrastructure.DefaultManifestTokenResolver.ResolveManifestToken(DbConnection connection)
at System.Data.Entity.Utilities.DbConnectionExtensions.GetProviderInfo(DbConnection connection, DbProviderManifest& providerManifest)
at System.Data.Entity.DbModelBuilder.Build(DbConnection providerConnection)
at System.Data.Entity.Internal.LazyInternalContext.CreateModel(LazyInternalContext internalContext)
at System.Data.Entity.Internal.RetryLazy`2.GetValue(TInput input)
at System.Data.Entity.Internal.LazyInternalContext.InitializeContext()
at System.Data.Entity.Internal.InternalContext.CreateObjectContextForDdlOps()
at System.Data.Entity.Database.Create(DatabaseExistenceState existenceState)
at System.Data.Entity.Database.Create()
at Nop.Data.Tests.PersistenceTest.SetUp() in C:\Users\yowko151215\Source\Repos\jenkins-labs-1\Tests\Nop.Data.Tests\PersistenceTest.cs:line 21
]]></stack-trace>
                                </failure>
                              </test-case>
                            </results>
                          </test-suite>
                          <test-suite type="TestFixture" name="CategoryPersistenceTests" executed="True" result="Failure" success="False" time="0.020" asserts="0">
                            <results>
                              <test-case name="Nop.Data.Tests.Catalog.CategoryPersistenceTests.Can_save_and_load_category" executed="True" result="Error" success="False" time="0.019" asserts="0">
                                <failure>
                                  <message><![CDATA[SetUp : System.InvalidOperationException : No Entity Framework provider found for the ADO.NET provider with invariant name 'System.Data.SqlServerCe.4.0'. Make sure the provider is registered in the 'entityFramework' section of the application config file. See http://go.microsoft.com/fwlink/?LinkId=260882 for more information.]]></message>
                                  <stack-trace><![CDATA[at System.Data.Entity.Infrastructure.DependencyResolution.DefaultProviderServicesResolver.GetService(Type type, Object key)
at System.Data.Entity.Infrastructure.DependencyResolution.CachingDependencyResolver.<>c__DisplayClass1.<GetService>b__0(Tuple`2 k)
at System.Collections.Concurrent.ConcurrentDictionary`2.GetOrAdd(TKey key, Func`2 valueFactory)
at System.Data.Entity.Infrastructure.DependencyResolution.CachingDependencyResolver.GetService(Type type, Object key)
at System.Data.Entity.Infrastructure.DependencyResolution.ResolverChain.<>c__DisplayClass3.<GetService>b__0(IDbDependencyResolver r)
at System.Linq.Enumerable.WhereSelectArrayIterator`2.MoveNext()
at System.Linq.Enumerable.FirstOrDefault[TSource](IEnumerable`1 source, Func`2 predicate)
at System.Data.Entity.Infrastructure.DependencyResolution.ResolverChain.GetService(Type type, Object key)
at System.Data.Entity.Infrastructure.DependencyResolution.RootDependencyResolver.GetService(Type type, Object key)
at System.Data.Entity.Infrastructure.DependencyResolution.ResolverChain.<>c__DisplayClass3.<GetService>b__0(IDbDependencyResolver r)
at System.Linq.Enumerable.WhereSelectArrayIterator`2.MoveNext()
at System.Linq.Enumerable.FirstOrDefault[TSource](IEnumerable`1 source, Func`2 predicate)
at System.Data.Entity.Infrastructure.DependencyResolution.ResolverChain.GetService(Type type, Object key)
at System.Data.Entity.Infrastructure.DependencyResolution.CompositeResolver`2.GetService(Type type, Object key)
at System.Data.Entity.Infrastructure.DependencyResolution.DbDependencyResolverExtensions.GetService[T](IDbDependencyResolver resolver, Object key)
at System.Data.Entity.Utilities.DbProviderFactoryExtensions.GetProviderServices(DbProviderFactory factory)
at System.Data.Entity.Infrastructure.DefaultManifestTokenResolver.<>c__DisplayClass1.<ResolveManifestToken>b__0(Tuple`3 k)
at System.Collections.Concurrent.ConcurrentDictionary`2.GetOrAdd(TKey key, Func`2 valueFactory)
at System.Data.Entity.Infrastructure.DefaultManifestTokenResolver.ResolveManifestToken(DbConnection connection)
at System.Data.Entity.Utilities.DbConnectionExtensions.GetProviderInfo(DbConnection connection, DbProviderManifest& providerManifest)
at System.Data.Entity.DbModelBuilder.Build(DbConnection providerConnection)
at System.Data.Entity.Internal.LazyInternalContext.CreateModel(LazyInternalContext internalContext)
at System.Data.Entity.Internal.RetryLazy`2.GetValue(TInput input)
at System.Data.Entity.Internal.LazyInternalContext.InitializeContext()
at System.Data.Entity.Internal.InternalContext.CreateObjectContextForDdlOps()
at System.Data.Entity.Database.Create(DatabaseExistenceState existenceState)
at System.Data.Entity.Database.Create()
at Nop.Data.Tests.PersistenceTest.SetUp() in C:\Users\yowko151215\Source\Repos\jenkins-labs-1\Tests\Nop.Data.Tests\PersistenceTest.cs:line 21
]]></stack-trace>
                                </failure>
                              </test-case>
                            </results>
                          </test-suite>
                          <test-suite type="TestFixture" name="CategoryTemplatePersistenceTests" executed="True" result="Failure" success="False" time="0.017" asserts="0">
                            <results>
                              <test-case name="Nop.Data.Tests.Catalog.CategoryTemplatePersistenceTests.Can_save_and_load_categoryTemplate" executed="True" result="Error" success="False" time="0.016" asserts="0">
                                <failure>
                                  <message><![CDATA[SetUp : System.InvalidOperationException : No Entity Framework provider found for the ADO.NET provider with invariant name 'System.Data.SqlServerCe.4.0'. Make sure the provider is registered in the 'entityFramework' section of the application config file. See http://go.microsoft.com/fwlink/?LinkId=260882 for more information.]]></message>
                                  <stack-trace><![CDATA[at System.Data.Entity.Infrastructure.DependencyResolution.DefaultProviderServicesResolver.GetService(Type type, Object key)
at System.Data.Entity.Infrastructure.DependencyResolution.CachingDependencyResolver.<>c__DisplayClass1.<GetService>b__0(Tuple`2 k)
at System.Collections.Concurrent.ConcurrentDictionary`2.GetOrAdd(TKey key, Func`2 valueFactory)
at System.Data.Entity.Infrastructure.DependencyResolution.CachingDependencyResolver.GetService(Type type, Object key)
at System.Data.Entity.Infrastructure.DependencyResolution.ResolverChain.<>c__DisplayClass3.<GetService>b__0(IDbDependencyResolver r)
at System.Linq.Enumerable.WhereSelectArrayIterator`2.MoveNext()
at System.Linq.Enumerable.FirstOrDefault[TSource](IEnumerable`1 source, Func`2 predicate)
at System.Data.Entity.Infrastructure.DependencyResolution.ResolverChain.GetService(Type type, Object key)
at System.Data.Entity.Infrastructure.DependencyResolution.RootDependencyResolver.GetService(Type type, Object key)
at System.Data.Entity.Infrastructure.DependencyResolution.ResolverChain.<>c__DisplayClass3.<GetService>b__0(IDbDependencyResolver r)
at System.Linq.Enumerable.WhereSelectArrayIterator`2.MoveNext()
at System.Linq.Enumerable.FirstOrDefault[TSource](IEnumerable`1 source, Func`2 predicate)
at System.Data.Entity.Infrastructure.DependencyResolution.ResolverChain.GetService(Type type, Object key)
at System.Data.Entity.Infrastructure.DependencyResolution.CompositeResolver`2.GetService(Type type, Object key)
at System.Data.Entity.Infrastructure.DependencyResolution.DbDependencyResolverExtensions.GetService[T](IDbDependencyResolver resolver, Object key)
at System.Data.Entity.Utilities.DbProviderFactoryExtensions.GetProviderServices(DbProviderFactory factory)
at System.Data.Entity.Infrastructure.DefaultManifestTokenResolver.<>c__DisplayClass1.<ResolveManifestToken>b__0(Tuple`3 k)
at System.Collections.Concurrent.ConcurrentDictionary`2.GetOrAdd(TKey key, Func`2 valueFactory)
at System.Data.Entity.Infrastructure.DefaultManifestTokenResolver.ResolveManifestToken(DbConnection connection)
at System.Data.Entity.Utilities.DbConnectionExtensions.GetProviderInfo(DbConnection connection, DbProviderManifest& providerManifest)
at System.Data.Entity.DbModelBuilder.Build(DbConnection providerConnection)
at System.Data.Entity.Internal.LazyInternalContext.CreateModel(LazyInternalContext internalContext)
at System.Data.Entity.Internal.RetryLazy`2.GetValue(TInput input)
at System.Data.Entity.Internal.LazyInternalContext.InitializeContext()
at System.Data.Entity.Internal.InternalContext.CreateObjectContextForDdlOps()
at System.Data.Entity.Database.Create(DatabaseExistenceState existenceState)
at System.Data.Entity.Database.Create()
at Nop.Data.Tests.PersistenceTest.SetUp() in C:\Users\yowko151215\Source\Repos\jenkins-labs-1\Tests\Nop.Data.Tests\PersistenceTest.cs:line 21
]]></stack-trace>
                                </failure>
                              </test-case>
                            </results>
                          </test-suite>
                          <test-suite type="TestFixture" name="ManufacturerPersistenceTests" executed="True" result="Failure" success="False" time="0.013" asserts="0">
                            <results>
                              <test-case name="Nop.Data.Tests.Catalog.ManufacturerPersistenceTests.Can_save_and_load_manufacturer" executed="True" result="Error" success="False" time="0.013" asserts="0">
                                <failure>
                                  <message><![CDATA[SetUp : System.InvalidOperationException : No Entity Framework provider found for the ADO.NET provider with invariant name 'System.Data.SqlServerCe.4.0'. Make sure the provider is registered in the 'entityFramework' section of the application config file. See http://go.microsoft.com/fwlink/?LinkId=260882 for more information.]]></message>
                                  <stack-trace><![CDATA[at System.Data.Entity.Infrastructure.DependencyResolution.DefaultProviderServicesResolver.GetService(Type type, Object key)
at System.Data.Entity.Infrastructure.DependencyResolution.CachingDependencyResolver.<>c__DisplayClass1.<GetService>b__0(Tuple`2 k)
at System.Collections.Concurrent.ConcurrentDictionary`2.GetOrAdd(TKey key, Func`2 valueFactory)
at System.Data.Entity.Infrastructure.DependencyResolution.CachingDependencyResolver.GetService(Type type, Object key)
at System.Data.Entity.Infrastructure.DependencyResolution.ResolverChain.<>c__DisplayClass3.<GetService>b__0(IDbDependencyResolver r)
at System.Linq.Enumerable.WhereSelectArrayIterator`2.MoveNext()
at System.Linq.Enumerable.FirstOrDefault[TSource](IEnumerable`1 source, Func`2 predicate)
at System.Data.Entity.Infrastructure.DependencyResolution.ResolverChain.GetService(Type type, Object key)
at System.Data.Entity.Infrastructure.DependencyResolution.RootDependencyResolver.GetService(Type type, Object key)
at System.Data.Entity.Infrastructure.DependencyResolution.ResolverChain.<>c__DisplayClass3.<GetService>b__0(IDbDependencyResolver r)
at System.Linq.Enumerable.WhereSelectArrayIterator`2.MoveNext()
at System.Linq.Enumerable.FirstOrDefault[TSource](IEnumerable`1 source, Func`2 predicate)
at System.Data.Entity.Infrastructure.DependencyResolution.ResolverChain.GetService(Type type, Object key)
at System.Data.Entity.Infrastructure.DependencyResolution.CompositeResolver`2.GetService(Type type, Object key)
at System.Data.Entity.Infrastructure.DependencyResolution.DbDependencyResolverExtensions.GetService[T](IDbDependencyResolver resolver, Object key)
at System.Data.Entity.Utilities.DbProviderFactoryExtensions.GetProviderServices(DbProviderFactory factory)
at System.Data.Entity.Infrastructure.DefaultManifestTokenResolver.<>c__DisplayClass1.<ResolveManifestToken>b__0(Tuple`3 k)
at System.Collections.Concurrent.ConcurrentDictionary`2.GetOrAdd(TKey key, Func`2 valueFactory)
at System.Data.Entity.Infrastructure.DefaultManifestTokenResolver.ResolveManifestToken(DbConnection connection)
at System.Data.Entity.Utilities.DbConnectionExtensions.GetProviderInfo(DbConnection connection, DbProviderManifest& providerManifest)
at System.Data.Entity.DbModelBuilder.Build(DbConnection providerConnection)
at System.Data.Entity.Internal.LazyInternalContext.CreateModel(LazyInternalContext internalContext)
at System.Data.Entity.Internal.RetryLazy`2.GetValue(TInput input)
at System.Data.Entity.Internal.LazyInternalContext.InitializeContext()
at System.Data.Entity.Internal.InternalContext.CreateObjectContextForDdlOps()
at System.Data.Entity.Database.Create(DatabaseExistenceState existenceState)
at System.Data.Entity.Database.Create()
at Nop.Data.Tests.PersistenceTest.SetUp() in C:\Users\yowko151215\Source\Repos\jenkins-labs-1\Tests\Nop.Data.Tests\PersistenceTest.cs:line 21
]]></stack-trace>
                                </failure>
                              </test-case>
                            </results>
                          </test-suite>
                          <test-suite type="TestFixture" name="ManufacturerTemplatePersistenceTests" executed="True" result="Failure" success="False" time="0.013" asserts="0">
                            <results>
                              <test-case name="Nop.Data.Tests.Catalog.ManufacturerTemplatePersistenceTests.Can_save_and_load_manufacturerTemplate" executed="True" result="Error" success="False" time="0.012" asserts="0">
                                <failure>
                                  <message><![CDATA[SetUp : System.InvalidOperationException : No Entity Framework provider found for the ADO.NET provider with invariant name 'System.Data.SqlServerCe.4.0'. Make sure the provider is registered in the 'entityFramework' section of the application config file. See http://go.microsoft.com/fwlink/?LinkId=260882 for more information.]]></message>
                                  <stack-trace><![CDATA[at System.Data.Entity.Infrastructure.DependencyResolution.DefaultProviderServicesResolver.GetService(Type type, Object key)
at System.Data.Entity.Infrastructure.DependencyResolution.CachingDependencyResolver.<>c__DisplayClass1.<GetService>b__0(Tuple`2 k)
at System.Collections.Concurrent.ConcurrentDictionary`2.GetOrAdd(TKey key, Func`2 valueFactory)
at System.Data.Entity.Infrastructure.DependencyResolution.CachingDependencyResolver.GetService(Type type, Object key)
at System.Data.Entity.Infrastructure.DependencyResolution.ResolverChain.<>c__DisplayClass3.<GetService>b__0(IDbDependencyResolver r)
at System.Linq.Enumerable.WhereSelectArrayIterator`2.MoveNext()
at System.Linq.Enumerable.FirstOrDefault[TSource](IEnumerable`1 source, Func`2 predicate)
at System.Data.Entity.Infrastructure.DependencyResolution.ResolverChain.GetService(Type type, Object key)
at System.Data.Entity.Infrastructure.DependencyResolution.RootDependencyResolver.GetService(Type type, Object key)
at System.Data.Entity.Infrastructure.DependencyResolution.ResolverChain.<>c__DisplayClass3.<GetService>b__0(IDbDependencyResolver r)
at System.Linq.Enumerable.WhereSelectArrayIterator`2.MoveNext()
at System.Linq.Enumerable.FirstOrDefault[TSource](IEnumerable`1 source, Func`2 predicate)
at System.Data.Entity.Infrastructure.DependencyResolution.ResolverChain.GetService(Type type, Object key)
at System.Data.Entity.Infrastructure.DependencyResolution.CompositeResolver`2.GetService(Type type, Object key)
at System.Data.Entity.Infrastructure.DependencyResolution.DbDependencyResolverExtensions.GetService[T](IDbDependencyResolver resolver, Object key)
at System.Data.Entity.Utilities.DbProviderFactoryExtensions.GetProviderServices(DbProviderFactory factory)
at System.Data.Entity.Infrastructure.DefaultManifestTokenResolver.<>c__DisplayClass1.<ResolveManifestToken>b__0(Tuple`3 k)
at System.Collections.Concurrent.ConcurrentDictionary`2.GetOrAdd(TKey key, Func`2 valueFactory)
at System.Data.Entity.Infrastructure.DefaultManifestTokenResolver.ResolveManifestToken(DbConnection connection)
at System.Data.Entity.Utilities.DbConnectionExtensions.GetProviderInfo(DbConnection connection, DbProviderManifest& providerManifest)
at System.Data.Entity.DbModelBuilder.Build(DbConnection providerConnection)
at System.Data.Entity.Internal.LazyInternalContext.CreateModel(LazyInternalContext internalContext)
at System.Data.Entity.Internal.RetryLazy`2.GetValue(TInput input)
at System.Data.Entity.Internal.LazyInternalContext.InitializeContext()
at System.Data.Entity.Internal.InternalContext.CreateObjectContextForDdlOps()
at System.Data.Entity.Database.Create(DatabaseExistenceState existenceState)
at System.Data.Entity.Database.Create()
at Nop.Data.Tests.PersistenceTest.SetUp() in C:\Users\yowko151215\Source\Repos\jenkins-labs-1\Tests\Nop.Data.Tests\PersistenceTest.cs:line 21
]]></stack-trace>
                                </failure>
                              </test-case>
                            </results>
                          </test-suite>
                          <test-suite type="TestFixture" name="PredefinedProductAttributeValuePersistenceTests" executed="True" result="Failure" success="False" time="0.024" asserts="0">
                            <results>
                              <test-case name="Nop.Data.Tests.Catalog.PredefinedProductAttributeValuePersistenceTests.Can_save_and_load_predefinedProductAttributeValue" executed="True" result="Error" success="False" time="0.023" asserts="0">
                                <failure>
                                  <message><![CDATA[SetUp : System.InvalidOperationException : No Entity Framework provider found for the ADO.NET provider with invariant name 'System.Data.SqlServerCe.4.0'. Make sure the provider is registered in the 'entityFramework' section of the application config file. See http://go.microsoft.com/fwlink/?LinkId=260882 for more information.]]></message>
                                  <stack-trace><![CDATA[at System.Data.Entity.Infrastructure.DependencyResolution.DefaultProviderServicesResolver.GetService(Type type, Object key)
at System.Data.Entity.Infrastructure.DependencyResolution.CachingDependencyResolver.<>c__DisplayClass1.<GetService>b__0(Tuple`2 k)
at System.Collections.Concurrent.ConcurrentDictionary`2.GetOrAdd(TKey key, Func`2 valueFactory)
at System.Data.Entity.Infrastructure.DependencyResolution.CachingDependencyResolver.GetService(Type type, Object key)
at System.Data.Entity.Infrastructure.DependencyResolution.ResolverChain.<>c__DisplayClass3.<GetService>b__0(IDbDependencyResolver r)
at System.Linq.Enumerable.WhereSelectArrayIterator`2.MoveNext()
at System.Linq.Enumerable.FirstOrDefault[TSource](IEnumerable`1 source, Func`2 predicate)
at System.Data.Entity.Infrastructure.DependencyResolution.ResolverChain.GetService(Type type, Object key)
at System.Data.Entity.Infrastructure.DependencyResolution.RootDependencyResolver.GetService(Type type, Object key)
at System.Data.Entity.Infrastructure.DependencyResolution.ResolverChain.<>c__DisplayClass3.<GetService>b__0(IDbDependencyResolver r)
at System.Linq.Enumerable.WhereSelectArrayIterator`2.MoveNext()
at System.Linq.Enumerable.FirstOrDefault[TSource](IEnumerable`1 source, Func`2 predicate)
at System.Data.Entity.Infrastructure.DependencyResolution.ResolverChain.GetService(Type type, Object key)
at System.Data.Entity.Infrastructure.DependencyResolution.CompositeResolver`2.GetService(Type type, Object key)
at System.Data.Entity.Infrastructure.DependencyResolution.DbDependencyResolverExtensions.GetService[T](IDbDependencyResolver resolver, Object key)
at System.Data.Entity.Utilities.DbProviderFactoryExtensions.GetProviderServices(DbProviderFactory factory)
at System.Data.Entity.Infrastructure.DefaultManifestTokenResolver.<>c__DisplayClass1.<ResolveManifestToken>b__0(Tuple`3 k)
at System.Collections.Concurrent.ConcurrentDictionary`2.GetOrAdd(TKey key, Func`2 valueFactory)
at System.Data.Entity.Infrastructure.DefaultManifestTokenResolver.ResolveManifestToken(DbConnection connection)
at System.Data.Entity.Utilities.DbConnectionExtensions.GetProviderInfo(DbConnection connection, DbProviderManifest& providerManifest)
at System.Data.Entity.DbModelBuilder.Build(DbConnection providerConnection)
at System.Data.Entity.Internal.LazyInternalContext.CreateModel(LazyInternalContext internalContext)
at System.Data.Entity.Internal.RetryLazy`2.GetValue(TInput input)
at System.Data.Entity.Internal.LazyInternalContext.InitializeContext()
at System.Data.Entity.Internal.InternalContext.CreateObjectContextForDdlOps()
at System.Data.Entity.Database.Create(DatabaseExistenceState existenceState)
at System.Data.Entity.Database.Create()
at Nop.Data.Tests.PersistenceTest.SetUp() in C:\Users\yowko151215\Source\Repos\jenkins-labs-1\Tests\Nop.Data.Tests\PersistenceTest.cs:line 21
]]></stack-trace>
                                </failure>
                              </test-case>
                            </results>
                          </test-suite>
                          <test-suite type="TestFixture" name="ProductAttributeCombinationPersistenceTests" executed="True" result="Failure" success="False" time="0.020" asserts="0">
                            <results>
                              <test-case name="Nop.Data.Tests.Catalog.ProductAttributeCombinationPersistenceTests.Can_save_and_load_productAttributeCombination" executed="True" result="Error" success="False" time="0.019" asserts="0">
                                <failure>
                                  <message><![CDATA[SetUp : System.InvalidOperationException : No Entity Framework provider found for the ADO.NET provider with invariant name 'System.Data.SqlServerCe.4.0'. Make sure the provider is registered in the 'entityFramework' section of the application config file. See http://go.microsoft.com/fwlink/?LinkId=260882 for more information.]]></message>
                                  <stack-trace><![CDATA[at System.Data.Entity.Infrastructure.DependencyResolution.DefaultProviderServicesResolver.GetService(Type type, Object key)
at System.Data.Entity.Infrastructure.DependencyResolution.CachingDependencyResolver.<>c__DisplayClass1.<GetService>b__0(Tuple`2 k)
at System.Collections.Concurrent.ConcurrentDictionary`2.GetOrAdd(TKey key, Func`2 valueFactory)
at System.Data.Entity.Infrastructure.DependencyResolution.CachingDependencyResolver.GetService(Type type, Object key)
at System.Data.Entity.Infrastructure.DependencyResolution.ResolverChain.<>c__DisplayClass3.<GetService>b__0(IDbDependencyResolver r)
at System.Linq.Enumerable.WhereSelectArrayIterator`2.MoveNext()
at System.Linq.Enumerable.FirstOrDefault[TSource](IEnumerable`1 source, Func`2 predicate)
at System.Data.Entity.Infrastructure.DependencyResolution.ResolverChain.GetService(Type type, Object key)
at System.Data.Entity.Infrastructure.DependencyResolution.RootDependencyResolver.GetService(Type type, Object key)
at System.Data.Entity.Infrastructure.DependencyResolution.ResolverChain.<>c__DisplayClass3.<GetService>b__0(IDbDependencyResolver r)
at System.Linq.Enumerable.WhereSelectArrayIterator`2.MoveNext()
at System.Linq.Enumerable.FirstOrDefault[TSource](IEnumerable`1 source, Func`2 predicate)
at System.Data.Entity.Infrastructure.DependencyResolution.ResolverChain.GetService(Type type, Object key)
at System.Data.Entity.Infrastructure.DependencyResolution.CompositeResolver`2.GetService(Type type, Object key)
at System.Data.Entity.Infrastructure.DependencyResolution.DbDependencyResolverExtensions.GetService[T](IDbDependencyResolver resolver, Object key)
at System.Data.Entity.Utilities.DbProviderFactoryExtensions.GetProviderServices(DbProviderFactory factory)
at System.Data.Entity.Infrastructure.DefaultManifestTokenResolver.<>c__DisplayClass1.<ResolveManifestToken>b__0(Tuple`3 k)
at System.Collections.Concurrent.ConcurrentDictionary`2.GetOrAdd(TKey key, Func`2 valueFactory)
at System.Data.Entity.Infrastructure.DefaultManifestTokenResolver.ResolveManifestToken(DbConnection connection)
at System.Data.Entity.Utilities.DbConnectionExtensions.GetProviderInfo(DbConnection connection, DbProviderManifest& providerManifest)
at System.Data.Entity.DbModelBuilder.Build(DbConnection providerConnection)
at System.Data.Entity.Internal.LazyInternalContext.CreateModel(LazyInternalContext internalContext)
at System.Data.Entity.Internal.RetryLazy`2.GetValue(TInput input)
at System.Data.Entity.Internal.LazyInternalContext.InitializeContext()
at System.Data.Entity.Internal.InternalContext.CreateObjectContextForDdlOps()
at System.Data.Entity.Database.Create(DatabaseExistenceState existenceState)
at System.Data.Entity.Database.Create()
at Nop.Data.Tests.PersistenceTest.SetUp() in C:\Users\yowko151215\Source\Repos\jenkins-labs-1\Tests\Nop.Data.Tests\PersistenceTest.cs:line 21
]]></stack-trace>
                                </failure>
                              </test-case>
                            </results>
                          </test-suite>
                          <test-suite type="TestFixture" name="ProductAttributeMappingPersistenceTests" executed="True" result="Failure" success="False" time="0.016" asserts="0">
                            <results>
                              <test-case name="Nop.Data.Tests.Catalog.ProductAttributeMappingPersistenceTests.Can_save_and_load_productAttributeMapping" executed="True" result="Error" success="False" time="0.015" asserts="0">
                                <failure>
                                  <message><![CDATA[SetUp : System.InvalidOperationException : No Entity Framework provider found for the ADO.NET provider with invariant name 'System.Data.SqlServerCe.4.0'. Make sure the provider is registered in the 'entityFramework' section of the application config file. See http://go.microsoft.com/fwlink/?LinkId=260882 for more information.]]></message>
                                  <stack-trace><![CDATA[at System.Data.Entity.Infrastructure.DependencyResolution.DefaultProviderServicesResolver.GetService(Type type, Object key)
at System.Data.Entity.Infrastructure.DependencyResolution.CachingDependencyResolver.<>c__DisplayClass1.<GetService>b__0(Tuple`2 k)
at System.Collections.Concurrent.ConcurrentDictionary`2.GetOrAdd(TKey key, Func`2 valueFactory)
at System.Data.Entity.Infrastructure.DependencyResolution.CachingDependencyResolver.GetService(Type type, Object key)
at System.Data.Entity.Infrastructure.DependencyResolution.ResolverChain.<>c__DisplayClass3.<GetService>b__0(IDbDependencyResolver r)
at System.Linq.Enumerable.WhereSelectArrayIterator`2.MoveNext()
at System.Linq.Enumerable.FirstOrDefault[TSource](IEnumerable`1 source, Func`2 predicate)
at System.Data.Entity.Infrastructure.DependencyResolution.ResolverChain.GetService(Type type, Object key)
at System.Data.Entity.Infrastructure.DependencyResolution.RootDependencyResolver.GetService(Type type, Object key)
at System.Data.Entity.Infrastructure.DependencyResolution.ResolverChain.<>c__DisplayClass3.<GetService>b__0(IDbDependencyResolver r)
at System.Linq.Enumerable.WhereSelectArrayIterator`2.MoveNext()
at System.Linq.Enumerable.FirstOrDefault[TSource](IEnumerable`1 source, Func`2 predicate)
at System.Data.Entity.Infrastructure.DependencyResolution.ResolverChain.GetService(Type type, Object key)
at System.Data.Entity.Infrastructure.DependencyResolution.CompositeResolver`2.GetService(Type type, Object key)
at System.Data.Entity.Infrastructure.DependencyResolution.DbDependencyResolverExtensions.GetService[T](IDbDependencyResolver resolver, Object key)
at System.Data.Entity.Utilities.DbProviderFactoryExtensions.GetProviderServices(DbProviderFactory factory)
at System.Data.Entity.Infrastructure.DefaultManifestTokenResolver.<>c__DisplayClass1.<ResolveManifestToken>b__0(Tuple`3 k)
at System.Collections.Concurrent.ConcurrentDictionary`2.GetOrAdd(TKey key, Func`2 valueFactory)
at System.Data.Entity.Infrastructure.DefaultManifestTokenResolver.ResolveManifestToken(DbConnection connection)
at System.Data.Entity.Utilities.DbConnectionExtensions.GetProviderInfo(DbConnection connection, DbProviderManifest& providerManifest)
at System.Data.Entity.DbModelBuilder.Build(DbConnection providerConnection)
at System.Data.Entity.Internal.LazyInternalContext.CreateModel(LazyInternalContext internalContext)
at System.Data.Entity.Internal.RetryLazy`2.GetValue(TInput input)
at System.Data.Entity.Internal.LazyInternalContext.InitializeContext()
at System.Data.Entity.Internal.InternalContext.CreateObjectContextForDdlOps()
at System.Data.Entity.Database.Create(DatabaseExistenceState existenceState)
at System.Data.Entity.Database.Create()
at Nop.Data.Tests.PersistenceTest.SetUp() in C:\Users\yowko151215\Source\Repos\jenkins-labs-1\Tests\Nop.Data.Tests\PersistenceTest.cs:line 21
]]></stack-trace>
                                </failure>
                              </test-case>
                            </results>
                          </test-suite>
                          <test-suite type="TestFixture" name="ProductAttributePersistenceTests" executed="True" result="Failure" success="False" time="0.014" asserts="0">
                            <results>
                              <test-case name="Nop.Data.Tests.Catalog.ProductAttributePersistenceTests.Can_save_and_load_productAttribute" executed="True" result="Error" success="False" time="0.013" asserts="0">
                                <failure>
                                  <message><![CDATA[SetUp : System.InvalidOperationException : No Entity Framework provider found for the ADO.NET provider with invariant name 'System.Data.SqlServerCe.4.0'. Make sure the provider is registered in the 'entityFramework' section of the application config file. See http://go.microsoft.com/fwlink/?LinkId=260882 for more information.]]></message>
                                  <stack-trace><![CDATA[at System.Data.Entity.Infrastructure.DependencyResolution.DefaultProviderServicesResolver.GetService(Type type, Object key)
at System.Data.Entity.Infrastructure.DependencyResolution.CachingDependencyResolver.<>c__DisplayClass1.<GetService>b__0(Tuple`2 k)
at System.Collections.Concurrent.ConcurrentDictionary`2.GetOrAdd(TKey key, Func`2 valueFactory)
at System.Data.Entity.Infrastructure.DependencyResolution.CachingDependencyResolver.GetService(Type type, Object key)
at System.Data.Entity.Infrastructure.DependencyResolution.ResolverChain.<>c__DisplayClass3.<GetService>b__0(IDbDependencyResolver r)
at System.Linq.Enumerable.WhereSelectArrayIterator`2.MoveNext()
at System.Linq.Enumerable.FirstOrDefault[TSource](IEnumerable`1 source, Func`2 predicate)
at System.Data.Entity.Infrastructure.DependencyResolution.ResolverChain.GetService(Type type, Object key)
at System.Data.Entity.Infrastructure.DependencyResolution.RootDependencyResolver.GetService(Type type, Object key)
at System.Data.Entity.Infrastructure.DependencyResolution.ResolverChain.<>c__DisplayClass3.<GetService>b__0(IDbDependencyResolver r)
at System.Linq.Enumerable.WhereSelectArrayIterator`2.MoveNext()
at System.Linq.Enumerable.FirstOrDefault[TSource](IEnumerable`1 source, Func`2 predicate)
at System.Data.Entity.Infrastructure.DependencyResolution.ResolverChain.GetService(Type type, Object key)
at System.Data.Entity.Infrastructure.DependencyResolution.CompositeResolver`2.GetService(Type type, Object key)
at System.Data.Entity.Infrastructure.DependencyResolution.DbDependencyResolverExtensions.GetService[T](IDbDependencyResolver resolver, Object key)
at System.Data.Entity.Utilities.DbProviderFactoryExtensions.GetProviderServices(DbProviderFactory factory)
at System.Data.Entity.Infrastructure.DefaultManifestTokenResolver.<>c__DisplayClass1.<ResolveManifestToken>b__0(Tuple`3 k)
at System.Collections.Concurrent.ConcurrentDictionary`2.GetOrAdd(TKey key, Func`2 valueFactory)
at System.Data.Entity.Infrastructure.DefaultManifestTokenResolver.ResolveManifestToken(DbConnection connection)
at System.Data.Entity.Utilities.DbConnectionExtensions.GetProviderInfo(DbConnection connection, DbProviderManifest& providerManifest)
at System.Data.Entity.DbModelBuilder.Build(DbConnection providerConnection)
at System.Data.Entity.Internal.LazyInternalContext.CreateModel(LazyInternalContext internalContext)
at System.Data.Entity.Internal.RetryLazy`2.GetValue(TInput input)
at System.Data.Entity.Internal.LazyInternalContext.InitializeContext()
at System.Data.Entity.Internal.InternalContext.CreateObjectContextForDdlOps()
at System.Data.Entity.Database.Create(DatabaseExistenceState existenceState)
at System.Data.Entity.Database.Create()
at Nop.Data.Tests.PersistenceTest.SetUp() in C:\Users\yowko151215\Source\Repos\jenkins-labs-1\Tests\Nop.Data.Tests\PersistenceTest.cs:line 21
]]></stack-trace>
                                </failure>
                              </test-case>
                            </results>
                          </test-suite>
                          <test-suite type="TestFixture" name="ProductAttributeValuePersistenceTests" executed="True" result="Failure" success="False" time="0.013" asserts="0">
                            <results>
                              <test-case name="Nop.Data.Tests.Catalog.ProductAttributeValuePersistenceTests.Can_save_and_load_productAttributeValue" executed="True" result="Error" success="False" time="0.013" asserts="0">
                                <failure>
                                  <message><![CDATA[SetUp : System.InvalidOperationException : No Entity Framework provider found for the ADO.NET provider with invariant name 'System.Data.SqlServerCe.4.0'. Make sure the provider is registered in the 'entityFramework' section of the application config file. See http://go.microsoft.com/fwlink/?LinkId=260882 for more information.]]></message>
                                  <stack-trace><![CDATA[at System.Data.Entity.Infrastructure.DependencyResolution.DefaultProviderServicesResolver.GetService(Type type, Object key)
at System.Data.Entity.Infrastructure.DependencyResolution.CachingDependencyResolver.<>c__DisplayClass1.<GetService>b__0(Tuple`2 k)
at System.Collections.Concurrent.ConcurrentDictionary`2.GetOrAdd(TKey key, Func`2 valueFactory)
at System.Data.Entity.Infrastructure.DependencyResolution.CachingDependencyResolver.GetService(Type type, Object key)
at System.Data.Entity.Infrastructure.DependencyResolution.ResolverChain.<>c__DisplayClass3.<GetService>b__0(IDbDependencyResolver r)
at System.Linq.Enumerable.WhereSelectArrayIterator`2.MoveNext()
at System.Linq.Enumerable.FirstOrDefault[TSource](IEnumerable`1 source, Func`2 predicate)
at System.Data.Entity.Infrastructure.DependencyResolution.ResolverChain.GetService(Type type, Object key)
at System.Data.Entity.Infrastructure.DependencyResolution.RootDependencyResolver.GetService(Type type, Object key)
at System.Data.Entity.Infrastructure.DependencyResolution.ResolverChain.<>c__DisplayClass3.<GetService>b__0(IDbDependencyResolver r)
at System.Linq.Enumerable.WhereSelectArrayIterator`2.MoveNext()
at System.Linq.Enumerable.FirstOrDefault[TSource](IEnumerable`1 source, Func`2 predicate)
at System.Data.Entity.Infrastructure.DependencyResolution.ResolverChain.GetService(Type type, Object key)
at System.Data.Entity.Infrastructure.DependencyResolution.CompositeResolver`2.GetService(Type type, Object key)
at System.Data.Entity.Infrastructure.DependencyResolution.DbDependencyResolverExtensions.GetService[T](IDbDependencyResolver resolver, Object key)
at System.Data.Entity.Utilities.DbProviderFactoryExtensions.GetProviderServices(DbProviderFactory factory)
at System.Data.Entity.Infrastructure.DefaultManifestTokenResolver.<>c__DisplayClass1.<ResolveManifestToken>b__0(Tuple`3 k)
at System.Collections.Concurrent.ConcurrentDictionary`2.GetOrAdd(TKey key, Func`2 valueFactory)
at System.Data.Entity.Infrastructure.DefaultManifestTokenResolver.ResolveManifestToken(DbConnection connection)
at System.Data.Entity.Utilities.DbConnectionExtensions.GetProviderInfo(DbConnection connection, DbProviderManifest& providerManifest)
at System.Data.Entity.DbModelBuilder.Build(DbConnection providerConnection)
at System.Data.Entity.Internal.LazyInternalContext.CreateModel(LazyInternalContext internalContext)
at System.Data.Entity.Internal.RetryLazy`2.GetValue(TInput input)
at System.Data.Entity.Internal.LazyInternalContext.InitializeContext()
at System.Data.Entity.Internal.InternalContext.CreateObjectContextForDdlOps()
at System.Data.Entity.Database.Create(DatabaseExistenceState existenceState)
at System.Data.Entity.Database.Create()
at Nop.Data.Tests.PersistenceTest.SetUp() in C:\Users\yowko151215\Source\Repos\jenkins-labs-1\Tests\Nop.Data.Tests\PersistenceTest.cs:line 21
]]></stack-trace>
                                </failure>
                              </test-case>
                            </results>
                          </test-suite>
                          <test-suite type="TestFixture" name="ProductCategoryPersistenceTests" executed="True" result="Failure" success="False" time="0.016" asserts="0">
                            <results>
                              <test-case name="Nop.Data.Tests.Catalog.ProductCategoryPersistenceTests.Can_save_and_load_productCategory" executed="True" result="Error" success="False" time="0.015" asserts="0">
                                <failure>
                                  <message><![CDATA[SetUp : System.InvalidOperationException : No Entity Framework provider found for the ADO.NET provider with invariant name 'System.Data.SqlServerCe.4.0'. Make sure the provider is registered in the 'entityFramework' section of the application config file. See http://go.microsoft.com/fwlink/?LinkId=260882 for more information.]]></message>
                                  <stack-trace><![CDATA[at System.Data.Entity.Infrastructure.DependencyResolution.DefaultProviderServicesResolver.GetService(Type type, Object key)
at System.Data.Entity.Infrastructure.DependencyResolution.CachingDependencyResolver.<>c__DisplayClass1.<GetService>b__0(Tuple`2 k)
at System.Collections.Concurrent.ConcurrentDictionary`2.GetOrAdd(TKey key, Func`2 valueFactory)
at System.Data.Entity.Infrastructure.DependencyResolution.CachingDependencyResolver.GetService(Type type, Object key)
at System.Data.Entity.Infrastructure.DependencyResolution.ResolverChain.<>c__DisplayClass3.<GetService>b__0(IDbDependencyResolver r)
at System.Linq.Enumerable.WhereSelectArrayIterator`2.MoveNext()
at System.Linq.Enumerable.FirstOrDefault[TSource](IEnumerable`1 source, Func`2 predicate)
at System.Data.Entity.Infrastructure.DependencyResolution.ResolverChain.GetService(Type type, Object key)
at System.Data.Entity.Infrastructure.DependencyResolution.RootDependencyResolver.GetService(Type type, Object key)
at System.Data.Entity.Infrastructure.DependencyResolution.ResolverChain.<>c__DisplayClass3.<GetService>b__0(IDbDependencyResolver r)
at System.Linq.Enumerable.WhereSelectArrayIterator`2.MoveNext()
at System.Linq.Enumerable.FirstOrDefault[TSource](IEnumerable`1 source, Func`2 predicate)
at System.Data.Entity.Infrastructure.DependencyResolution.ResolverChain.GetService(Type type, Object key)
at System.Data.Entity.Infrastructure.DependencyResolution.CompositeResolver`2.GetService(Type type, Object key)
at System.Data.Entity.Infrastructure.DependencyResolution.DbDependencyResolverExtensions.GetService[T](IDbDependencyResolver resolver, Object key)
at System.Data.Entity.Utilities.DbProviderFactoryExtensions.GetProviderServices(DbProviderFactory factory)
at System.Data.Entity.Infrastructure.DefaultManifestTokenResolver.<>c__DisplayClass1.<ResolveManifestToken>b__0(Tuple`3 k)
at System.Collections.Concurrent.ConcurrentDictionary`2.GetOrAdd(TKey key, Func`2 valueFactory)
at System.Data.Entity.Infrastructure.DefaultManifestTokenResolver.ResolveManifestToken(DbConnection connection)
at System.Data.Entity.Utilities.DbConnectionExtensions.GetProviderInfo(DbConnection connection, DbProviderManifest& providerManifest)
at System.Data.Entity.DbModelBuilder.Build(DbConnection providerConnection)
at System.Data.Entity.Internal.LazyInternalContext.CreateModel(LazyInternalContext internalContext)
at System.Data.Entity.Internal.RetryLazy`2.GetValue(TInput input)
at System.Data.Entity.Internal.LazyInternalContext.InitializeContext()
at System.Data.Entity.Internal.InternalContext.CreateObjectContextForDdlOps()
at System.Data.Entity.Database.Create(DatabaseExistenceState existenceState)
at System.Data.Entity.Database.Create()
at Nop.Data.Tests.PersistenceTest.SetUp() in C:\Users\yowko151215\Source\Repos\jenkins-labs-1\Tests\Nop.Data.Tests\PersistenceTest.cs:line 21
]]></stack-trace>
                                </failure>
                              </test-case>
                            </results>
                          </test-suite>
                          <test-suite type="TestFixture" name="ProductManufacturerPersistenceTests" executed="True" result="Failure" success="False" time="0.014" asserts="0">
                            <results>
                              <test-case name="Nop.Data.Tests.Catalog.ProductManufacturerPersistenceTests.Can_save_and_load_productManufacturer" executed="True" result="Error" success="False" time="0.012" asserts="0">
                                <failure>
                                  <message><![CDATA[SetUp : System.InvalidOperationException : No Entity Framework provider found for the ADO.NET provider with invariant name 'System.Data.SqlServerCe.4.0'. Make sure the provider is registered in the 'entityFramework' section of the application config file. See http://go.microsoft.com/fwlink/?LinkId=260882 for more information.]]></message>
                                  <stack-trace><![CDATA[at System.Data.Entity.Infrastructure.DependencyResolution.DefaultProviderServicesResolver.GetService(Type type, Object key)
at System.Data.Entity.Infrastructure.DependencyResolution.CachingDependencyResolver.<>c__DisplayClass1.<GetService>b__0(Tuple`2 k)
at System.Collections.Concurrent.ConcurrentDictionary`2.GetOrAdd(TKey key, Func`2 valueFactory)
at System.Data.Entity.Infrastructure.DependencyResolution.CachingDependencyResolver.GetService(Type type, Object key)
at System.Data.Entity.Infrastructure.DependencyResolution.ResolverChain.<>c__DisplayClass3.<GetService>b__0(IDbDependencyResolver r)
at System.Linq.Enumerable.WhereSelectArrayIterator`2.MoveNext()
at System.Linq.Enumerable.FirstOrDefault[TSource](IEnumerable`1 source, Func`2 predicate)
at System.Data.Entity.Infrastructure.DependencyResolution.ResolverChain.GetService(Type type, Object key)
at System.Data.Entity.Infrastructure.DependencyResolution.RootDependencyResolver.GetService(Type type, Object key)
at System.Data.Entity.Infrastructure.DependencyResolution.ResolverChain.<>c__DisplayClass3.<GetService>b__0(IDbDependencyResolver r)
at System.Linq.Enumerable.WhereSelectArrayIterator`2.MoveNext()
at System.Linq.Enumerable.FirstOrDefault[TSource](IEnumerable`1 source, Func`2 predicate)
at System.Data.Entity.Infrastructure.DependencyResolution.ResolverChain.GetService(Type type, Object key)
at System.Data.Entity.Infrastructure.DependencyResolution.CompositeResolver`2.GetService(Type type, Object key)
at System.Data.Entity.Infrastructure.DependencyResolution.DbDependencyResolverExtensions.GetService[T](IDbDependencyResolver resolver, Object key)
at System.Data.Entity.Utilities.DbProviderFactoryExtensions.GetProviderServices(DbProviderFactory factory)
at System.Data.Entity.Infrastructure.DefaultManifestTokenResolver.<>c__DisplayClass1.<ResolveManifestToken>b__0(Tuple`3 k)
at System.Collections.Concurrent.ConcurrentDictionary`2.GetOrAdd(TKey key, Func`2 valueFactory)
at System.Data.Entity.Infrastructure.DefaultManifestTokenResolver.ResolveManifestToken(DbConnection connection)
at System.Data.Entity.Utilities.DbConnectionExtensions.GetProviderInfo(DbConnection connection, DbProviderManifest& providerManifest)
at System.Data.Entity.DbModelBuilder.Build(DbConnection providerConnection)
at System.Data.Entity.Internal.LazyInternalContext.CreateModel(LazyInternalContext internalContext)
at System.Data.Entity.Internal.RetryLazy`2.GetValue(TInput input)
at System.Data.Entity.Internal.LazyInternalContext.InitializeContext()
at System.Data.Entity.Internal.InternalContext.CreateObjectContextForDdlOps()
at System.Data.Entity.Database.Create(DatabaseExistenceState existenceState)
at System.Data.Entity.Database.Create()
at Nop.Data.Tests.PersistenceTest.SetUp() in C:\Users\yowko151215\Source\Repos\jenkins-labs-1\Tests\Nop.Data.Tests\PersistenceTest.cs:line 21
]]></stack-trace>
                                </failure>
                              </test-case>
                            </results>
                          </test-suite>
                          <test-suite type="TestFixture" name="ProductPersistenceTests" executed="True" result="Failure" success="False" time="0.158" asserts="0">
                            <results>
                              <test-case name="Nop.Data.Tests.Catalog.ProductPersistenceTests.Can_save_and_load_product" executed="True" result="Error" success="False" time="0.020" asserts="0">
                                <failure>
                                  <message><![CDATA[SetUp : System.InvalidOperationException : No Entity Framework provider found for the ADO.NET provider with invariant name 'System.Data.SqlServerCe.4.0'. Make sure the provider is registered in the 'entityFramework' section of the application config file. See http://go.microsoft.com/fwlink/?LinkId=260882 for more information.]]></message>
                                  <stack-trace><![CDATA[at System.Data.Entity.Infrastructure.DependencyResolution.DefaultProviderServicesResolver.GetService(Type type, Object key)
at System.Data.Entity.Infrastructure.DependencyResolution.CachingDependencyResolver.<>c__DisplayClass1.<GetService>b__0(Tuple`2 k)
at System.Collections.Concurrent.ConcurrentDictionary`2.GetOrAdd(TKey key, Func`2 valueFactory)
at System.Data.Entity.Infrastructure.DependencyResolution.CachingDependencyResolver.GetService(Type type, Object key)
at System.Data.Entity.Infrastructure.DependencyResolution.ResolverChain.<>c__DisplayClass3.<GetService>b__0(IDbDependencyResolver r)
at System.Linq.Enumerable.WhereSelectArrayIterator`2.MoveNext()
at System.Linq.Enumerable.FirstOrDefault[TSource](IEnumerable`1 source, Func`2 predicate)
at System.Data.Entity.Infrastructure.DependencyResolution.ResolverChain.GetService(Type type, Object key)
at System.Data.Entity.Infrastructure.DependencyResolution.RootDependencyResolver.GetService(Type type, Object key)
at System.Data.Entity.Infrastructure.DependencyResolution.ResolverChain.<>c__DisplayClass3.<GetService>b__0(IDbDependencyResolver r)
at System.Linq.Enumerable.WhereSelectArrayIterator`2.MoveNext()
at System.Linq.Enumerable.FirstOrDefault[TSource](IEnumerable`1 source, Func`2 predicate)
at System.Data.Entity.Infrastructure.DependencyResolution.ResolverChain.GetService(Type type, Object key)
at System.Data.Entity.Infrastructure.DependencyResolution.CompositeResolver`2.GetService(Type type, Object key)
at System.Data.Entity.Infrastructure.DependencyResolution.DbDependencyResolverExtensions.GetService[T](IDbDependencyResolver resolver, Object key)
at System.Data.Entity.Utilities.DbProviderFactoryExtensions.GetProviderServices(DbProviderFactory factory)
at System.Data.Entity.Infrastructure.DefaultManifestTokenResolver.<>c__DisplayClass1.<ResolveManifestToken>b__0(Tuple`3 k)
at System.Collections.Concurrent.ConcurrentDictionary`2.GetOrAdd(TKey key, Func`2 valueFactory)
at System.Data.Entity.Infrastructure.DefaultManifestTokenResolver.ResolveManifestToken(DbConnection connection)
at System.Data.Entity.Utilities.DbConnectionExtensions.GetProviderInfo(DbConnection connection, DbProviderManifest& providerManifest)
at System.Data.Entity.DbModelBuilder.Build(DbConnection providerConnection)
at System.Data.Entity.Internal.LazyInternalContext.CreateModel(LazyInternalContext internalContext)
at System.Data.Entity.Internal.RetryLazy`2.GetValue(TInput input)
at System.Data.Entity.Internal.LazyInternalContext.InitializeContext()
at System.Data.Entity.Internal.InternalContext.CreateObjectContextForDdlOps()
at System.Data.Entity.Database.Create(DatabaseExistenceState existenceState)
at System.Data.Entity.Database.Create()
at Nop.Data.Tests.PersistenceTest.SetUp() in C:\Users\yowko151215\Source\Repos\jenkins-labs-1\Tests\Nop.Data.Tests\PersistenceTest.cs:line 21
]]></stack-trace>
                                </failure>
                              </test-case>
                              <test-case name="Nop.Data.Tests.Catalog.ProductPersistenceTests.Can_save_and_load_product_with_productCategories" executed="True" result="Error" success="False" time="0.013" asserts="0">
                                <failure>
                                  <message><![CDATA[SetUp : System.InvalidOperationException : No Entity Framework provider found for the ADO.NET provider with invariant name 'System.Data.SqlServerCe.4.0'. Make sure the provider is registered in the 'entityFramework' section of the application config file. See http://go.microsoft.com/fwlink/?LinkId=260882 for more information.]]></message>
                                  <stack-trace><![CDATA[at System.Data.Entity.Infrastructure.DependencyResolution.DefaultProviderServicesResolver.GetService(Type type, Object key)
at System.Data.Entity.Infrastructure.DependencyResolution.CachingDependencyResolver.<>c__DisplayClass1.<GetService>b__0(Tuple`2 k)
at System.Collections.Concurrent.ConcurrentDictionary`2.GetOrAdd(TKey key, Func`2 valueFactory)
at System.Data.Entity.Infrastructure.DependencyResolution.CachingDependencyResolver.GetService(Type type, Object key)
at System.Data.Entity.Infrastructure.DependencyResolution.ResolverChain.<>c__DisplayClass3.<GetService>b__0(IDbDependencyResolver r)
at System.Linq.Enumerable.WhereSelectArrayIterator`2.MoveNext()
at System.Linq.Enumerable.FirstOrDefault[TSource](IEnumerable`1 source, Func`2 predicate)
at System.Data.Entity.Infrastructure.DependencyResolution.ResolverChain.GetService(Type type, Object key)
at System.Data.Entity.Infrastructure.DependencyResolution.RootDependencyResolver.GetService(Type type, Object key)
at System.Data.Entity.Infrastructure.DependencyResolution.ResolverChain.<>c__DisplayClass3.<GetService>b__0(IDbDependencyResolver r)
at System.Linq.Enumerable.WhereSelectArrayIterator`2.MoveNext()
at System.Linq.Enumerable.FirstOrDefault[TSource](IEnumerable`1 source, Func`2 predicate)
at System.Data.Entity.Infrastructure.DependencyResolution.ResolverChain.GetService(Type type, Object key)
at System.Data.Entity.Infrastructure.DependencyResolution.CompositeResolver`2.GetService(Type type, Object key)
at System.Data.Entity.Infrastructure.DependencyResolution.DbDependencyResolverExtensions.GetService[T](IDbDependencyResolver resolver, Object key)
at System.Data.Entity.Utilities.DbProviderFactoryExtensions.GetProviderServices(DbProviderFactory factory)
at System.Data.Entity.Infrastructure.DefaultManifestTokenResolver.<>c__DisplayClass1.<ResolveManifestToken>b__0(Tuple`3 k)
at System.Collections.Concurrent.ConcurrentDictionary`2.GetOrAdd(TKey key, Func`2 valueFactory)
at System.Data.Entity.Infrastructure.DefaultManifestTokenResolver.ResolveManifestToken(DbConnection connection)
at System.Data.Entity.Utilities.DbConnectionExtensions.GetProviderInfo(DbConnection connection, DbProviderManifest& providerManifest)
at System.Data.Entity.DbModelBuilder.Build(DbConnection providerConnection)
at System.Data.Entity.Internal.LazyInternalContext.CreateModel(LazyInternalContext internalContext)
at System.Data.Entity.Internal.RetryLazy`2.GetValue(TInput input)
at System.Data.Entity.Internal.LazyInternalContext.InitializeContext()
at System.Data.Entity.Internal.InternalContext.CreateObjectContextForDdlOps()
at System.Data.Entity.Database.Create(DatabaseExistenceState existenceState)
at System.Data.Entity.Database.Create()
at Nop.Data.Tests.PersistenceTest.SetUp() in C:\Users\yowko151215\Source\Repos\jenkins-labs-1\Tests\Nop.Data.Tests\PersistenceTest.cs:line 21
]]></stack-trace>
                                </failure>
                              </test-case>
                              <test-case name="Nop.Data.Tests.Catalog.ProductPersistenceTests.Can_save_and_load_product_with_productManufacturers" executed="True" result="Error" success="False" time="0.011" asserts="0">
                                <failure>
                                  <message><![CDATA[SetUp : System.InvalidOperationException : No Entity Framework provider found for the ADO.NET provider with invariant name 'System.Data.SqlServerCe.4.0'. Make sure the provider is registered in the 'entityFramework' section of the application config file. See http://go.microsoft.com/fwlink/?LinkId=260882 for more information.]]></message>
                                  <stack-trace><![CDATA[at System.Data.Entity.Infrastructure.DependencyResolution.DefaultProviderServicesResolver.GetService(Type type, Object key)
at System.Data.Entity.Infrastructure.DependencyResolution.CachingDependencyResolver.<>c__DisplayClass1.<GetService>b__0(Tuple`2 k)
at System.Collections.Concurrent.ConcurrentDictionary`2.GetOrAdd(TKey key, Func`2 valueFactory)
at System.Data.Entity.Infrastructure.DependencyResolution.CachingDependencyResolver.GetService(Type type, Object key)
at System.Data.Entity.Infrastructure.DependencyResolution.ResolverChain.<>c__DisplayClass3.<GetService>b__0(IDbDependencyResolver r)
at System.Linq.Enumerable.WhereSelectArrayIterator`2.MoveNext()
at System.Linq.Enumerable.FirstOrDefault[TSource](IEnumerable`1 source, Func`2 predicate)
at System.Data.Entity.Infrastructure.DependencyResolution.ResolverChain.GetService(Type type, Object key)
at System.Data.Entity.Infrastructure.DependencyResolution.RootDependencyResolver.GetService(Type type, Object key)
at System.Data.Entity.Infrastructure.DependencyResolution.ResolverChain.<>c__DisplayClass3.<GetService>b__0(IDbDependencyResolver r)
at System.Linq.Enumerable.WhereSelectArrayIterator`2.MoveNext()
at System.Linq.Enumerable.FirstOrDefault[TSource](IEnumerable`1 source, Func`2 predicate)
at System.Data.Entity.Infrastructure.DependencyResolution.ResolverChain.GetService(Type type, Object key)
at System.Data.Entity.Infrastructure.DependencyResolution.CompositeResolver`2.GetService(Type type, Object key)
at System.Data.Entity.Infrastructure.DependencyResolution.DbDependencyResolverExtensions.GetService[T](IDbDependencyResolver resolver, Object key)
at System.Data.Entity.Utilities.DbProviderFactoryExtensions.GetProviderServices(DbProviderFactory factory)
at System.Data.Entity.Infrastructure.DefaultManifestTokenResolver.<>c__DisplayClass1.<ResolveManifestToken>b__0(Tuple`3 k)
at System.Collections.Concurrent.ConcurrentDictionary`2.GetOrAdd(TKey key, Func`2 valueFactory)
at System.Data.Entity.Infrastructure.DefaultManifestTokenResolver.ResolveManifestToken(DbConnection connection)
at System.Data.Entity.Utilities.DbConnectionExtensions.GetProviderInfo(DbConnection connection, DbProviderManifest& providerManifest)
at System.Data.Entity.DbModelBuilder.Build(DbConnection providerConnection)
at System.Data.Entity.Internal.LazyInternalContext.CreateModel(LazyInternalContext internalContext)
at System.Data.Entity.Internal.RetryLazy`2.GetValue(TInput input)
at System.Data.Entity.Internal.LazyInternalContext.InitializeContext()
at System.Data.Entity.Internal.InternalContext.CreateObjectContextForDdlOps()
at System.Data.Entity.Database.Create(DatabaseExistenceState existenceState)
at System.Data.Entity.Database.Create()
at Nop.Data.Tests.PersistenceTest.SetUp() in C:\Users\yowko151215\Source\Repos\jenkins-labs-1\Tests\Nop.Data.Tests\PersistenceTest.cs:line 21
]]></stack-trace>
                                </failure>
                              </test-case>
                              <test-case name="Nop.Data.Tests.Catalog.ProductPersistenceTests.Can_save_and_load_product_with_productPictures" executed="True" result="Error" success="False" time="0.010" asserts="0">
                                <failure>
                                  <message><![CDATA[SetUp : System.InvalidOperationException : No Entity Framework provider found for the ADO.NET provider with invariant name 'System.Data.SqlServerCe.4.0'. Make sure the provider is registered in the 'entityFramework' section of the application config file. See http://go.microsoft.com/fwlink/?LinkId=260882 for more information.]]></message>
                                  <stack-trace><![CDATA[at System.Data.Entity.Infrastructure.DependencyResolution.DefaultProviderServicesResolver.GetService(Type type, Object key)
at System.Data.Entity.Infrastructure.DependencyResolution.CachingDependencyResolver.<>c__DisplayClass1.<GetService>b__0(Tuple`2 k)
at System.Collections.Concurrent.ConcurrentDictionary`2.GetOrAdd(TKey key, Func`2 valueFactory)
at System.Data.Entity.Infrastructure.DependencyResolution.CachingDependencyResolver.GetService(Type type, Object key)
at System.Data.Entity.Infrastructure.DependencyResolution.ResolverChain.<>c__DisplayClass3.<GetService>b__0(IDbDependencyResolver r)
at System.Linq.Enumerable.WhereSelectArrayIterator`2.MoveNext()
at System.Linq.Enumerable.FirstOrDefault[TSource](IEnumerable`1 source, Func`2 predicate)
at System.Data.Entity.Infrastructure.DependencyResolution.ResolverChain.GetService(Type type, Object key)
at System.Data.Entity.Infrastructure.DependencyResolution.RootDependencyResolver.GetService(Type type, Object key)
at System.Data.Entity.Infrastructure.DependencyResolution.ResolverChain.<>c__DisplayClass3.<GetService>b__0(IDbDependencyResolver r)
at System.Linq.Enumerable.WhereSelectArrayIterator`2.MoveNext()
at System.Linq.Enumerable.FirstOrDefault[TSource](IEnumerable`1 source, Func`2 predicate)
at System.Data.Entity.Infrastructure.DependencyResolution.ResolverChain.GetService(Type type, Object key)
at System.Data.Entity.Infrastructure.DependencyResolution.CompositeResolver`2.GetService(Type type, Object key)
at System.Data.Entity.Infrastructure.DependencyResolution.DbDependencyResolverExtensions.GetService[T](IDbDependencyResolver resolver, Object key)
at System.Data.Entity.Utilities.DbProviderFactoryExtensions.GetProviderServices(DbProviderFactory factory)
at System.Data.Entity.Infrastructure.DefaultManifestTokenResolver.<>c__DisplayClass1.<ResolveManifestToken>b__0(Tuple`3 k)
at System.Collections.Concurrent.ConcurrentDictionary`2.GetOrAdd(TKey key, Func`2 valueFactory)
at System.Data.Entity.Infrastructure.DefaultManifestTokenResolver.ResolveManifestToken(DbConnection connection)
at System.Data.Entity.Utilities.DbConnectionExtensions.GetProviderInfo(DbConnection connection, DbProviderManifest& providerManifest)
at System.Data.Entity.DbModelBuilder.Build(DbConnection providerConnection)
at System.Data.Entity.Internal.LazyInternalContext.CreateModel(LazyInternalContext internalContext)
at System.Data.Entity.Internal.RetryLazy`2.GetValue(TInput input)
at System.Data.Entity.Internal.LazyInternalContext.InitializeContext()
at System.Data.Entity.Internal.InternalContext.CreateObjectContextForDdlOps()
at System.Data.Entity.Database.Create(DatabaseExistenceState existenceState)
at System.Data.Entity.Database.Create()
at Nop.Data.Tests.PersistenceTest.SetUp() in C:\Users\yowko151215\Source\Repos\jenkins-labs-1\Tests\Nop.Data.Tests\PersistenceTest.cs:line 21
]]></stack-trace>
                                </failure>
                              </test-case>
                              <test-case name="Nop.Data.Tests.Catalog.ProductPersistenceTests.Can_save_and_load_product_with_productTags" executed="True" result="Error" success="False" time="0.011" asserts="0">
                                <failure>
                                  <message><![CDATA[SetUp : System.InvalidOperationException : No Entity Framework provider found for the ADO.NET provider with invariant name 'System.Data.SqlServerCe.4.0'. Make sure the provider is registered in the 'entityFramework' section of the application config file. See http://go.microsoft.com/fwlink/?LinkId=260882 for more information.]]></message>
                                  <stack-trace><![CDATA[at System.Data.Entity.Infrastructure.DependencyResolution.DefaultProviderServicesResolver.GetService(Type type, Object key)
at System.Data.Entity.Infrastructure.DependencyResolution.CachingDependencyResolver.<>c__DisplayClass1.<GetService>b__0(Tuple`2 k)
at System.Collections.Concurrent.ConcurrentDictionary`2.GetOrAdd(TKey key, Func`2 valueFactory)
at System.Data.Entity.Infrastructure.DependencyResolution.CachingDependencyResolver.GetService(Type type, Object key)
at System.Data.Entity.Infrastructure.DependencyResolution.ResolverChain.<>c__DisplayClass3.<GetService>b__0(IDbDependencyResolver r)
at System.Linq.Enumerable.WhereSelectArrayIterator`2.MoveNext()
at System.Linq.Enumerable.FirstOrDefault[TSource](IEnumerable`1 source, Func`2 predicate)
at System.Data.Entity.Infrastructure.DependencyResolution.ResolverChain.GetService(Type type, Object key)
at System.Data.Entity.Infrastructure.DependencyResolution.RootDependencyResolver.GetService(Type type, Object key)
at System.Data.Entity.Infrastructure.DependencyResolution.ResolverChain.<>c__DisplayClass3.<GetService>b__0(IDbDependencyResolver r)
at System.Linq.Enumerable.WhereSelectArrayIterator`2.MoveNext()
at System.Linq.Enumerable.FirstOrDefault[TSource](IEnumerable`1 source, Func`2 predicate)
at System.Data.Entity.Infrastructure.DependencyResolution.ResolverChain.GetService(Type type, Object key)
at System.Data.Entity.Infrastructure.DependencyResolution.CompositeResolver`2.GetService(Type type, Object key)
at System.Data.Entity.Infrastructure.DependencyResolution.DbDependencyResolverExtensions.GetService[T](IDbDependencyResolver resolver, Object key)
at System.Data.Entity.Utilities.DbProviderFactoryExtensions.GetProviderServices(DbProviderFactory factory)
at System.Data.Entity.Infrastructure.DefaultManifestTokenResolver.<>c__DisplayClass1.<ResolveManifestToken>b__0(Tuple`3 k)
at System.Collections.Concurrent.ConcurrentDictionary`2.GetOrAdd(TKey key, Func`2 valueFactory)
at System.Data.Entity.Infrastructure.DefaultManifestTokenResolver.ResolveManifestToken(DbConnection connection)
at System.Data.Entity.Utilities.DbConnectionExtensions.GetProviderInfo(DbConnection connection, DbProviderManifest& providerManifest)
at System.Data.Entity.DbModelBuilder.Build(DbConnection providerConnection)
at System.Data.Entity.Internal.LazyInternalContext.CreateModel(LazyInternalContext internalContext)
at System.Data.Entity.Internal.RetryLazy`2.GetValue(TInput input)
at System.Data.Entity.Internal.LazyInternalContext.InitializeContext()
at System.Data.Entity.Internal.InternalContext.CreateObjectContextForDdlOps()
at System.Data.Entity.Database.Create(DatabaseExistenceState existenceState)
at System.Data.Entity.Database.Create()
at Nop.Data.Tests.PersistenceTest.SetUp() in C:\Users\yowko151215\Source\Repos\jenkins-labs-1\Tests\Nop.Data.Tests\PersistenceTest.cs:line 21
]]></stack-trace>
                                </failure>
                              </test-case>
                              <test-case name="Nop.Data.Tests.Catalog.ProductPersistenceTests.Can_save_and_load_product_with_productWarehouseInventory" executed="True" result="Error" success="False" time="0.012" asserts="0">
                                <failure>
                                  <message><![CDATA[SetUp : System.InvalidOperationException : No Entity Framework provider found for the ADO.NET provider with invariant name 'System.Data.SqlServerCe.4.0'. Make sure the provider is registered in the 'entityFramework' section of the application config file. See http://go.microsoft.com/fwlink/?LinkId=260882 for more information.]]></message>
                                  <stack-trace><![CDATA[at System.Data.Entity.Infrastructure.DependencyResolution.DefaultProviderServicesResolver.GetService(Type type, Object key)
at System.Data.Entity.Infrastructure.DependencyResolution.CachingDependencyResolver.<>c__DisplayClass1.<GetService>b__0(Tuple`2 k)
at System.Collections.Concurrent.ConcurrentDictionary`2.GetOrAdd(TKey key, Func`2 valueFactory)
at System.Data.Entity.Infrastructure.DependencyResolution.CachingDependencyResolver.GetService(Type type, Object key)
at System.Data.Entity.Infrastructure.DependencyResolution.ResolverChain.<>c__DisplayClass3.<GetService>b__0(IDbDependencyResolver r)
at System.Linq.Enumerable.WhereSelectArrayIterator`2.MoveNext()
at System.Linq.Enumerable.FirstOrDefault[TSource](IEnumerable`1 source, Func`2 predicate)
at System.Data.Entity.Infrastructure.DependencyResolution.ResolverChain.GetService(Type type, Object key)
at System.Data.Entity.Infrastructure.DependencyResolution.RootDependencyResolver.GetService(Type type, Object key)
at System.Data.Entity.Infrastructure.DependencyResolution.ResolverChain.<>c__DisplayClass3.<GetService>b__0(IDbDependencyResolver r)
at System.Linq.Enumerable.WhereSelectArrayIterator`2.MoveNext()
at System.Linq.Enumerable.FirstOrDefault[TSource](IEnumerable`1 source, Func`2 predicate)
at System.Data.Entity.Infrastructure.DependencyResolution.ResolverChain.GetService(Type type, Object key)
at System.Data.Entity.Infrastructure.DependencyResolution.CompositeResolver`2.GetService(Type type, Object key)
at System.Data.Entity.Infrastructure.DependencyResolution.DbDependencyResolverExtensions.GetService[T](IDbDependencyResolver resolver, Object key)
at System.Data.Entity.Utilities.DbProviderFactoryExtensions.GetProviderServices(DbProviderFactory factory)
at System.Data.Entity.Infrastructure.DefaultManifestTokenResolver.<>c__DisplayClass1.<ResolveManifestToken>b__0(Tuple`3 k)
at System.Collections.Concurrent.ConcurrentDictionary`2.GetOrAdd(TKey key, Func`2 valueFactory)
at System.Data.Entity.Infrastructure.DefaultManifestTokenResolver.ResolveManifestToken(DbConnection connection)
at System.Data.Entity.Utilities.DbConnectionExtensions.GetProviderInfo(DbConnection connection, DbProviderManifest& providerManifest)
at System.Data.Entity.DbModelBuilder.Build(DbConnection providerConnection)
at System.Data.Entity.Internal.LazyInternalContext.CreateModel(LazyInternalContext internalContext)
at System.Data.Entity.Internal.RetryLazy`2.GetValue(TInput input)
at System.Data.Entity.Internal.LazyInternalContext.InitializeContext()
at System.Data.Entity.Internal.InternalContext.CreateObjectContextForDdlOps()
at System.Data.Entity.Database.Create(DatabaseExistenceState existenceState)
at System.Data.Entity.Database.Create()
at Nop.Data.Tests.PersistenceTest.SetUp() in C:\Users\yowko151215\Source\Repos\jenkins-labs-1\Tests\Nop.Data.Tests\PersistenceTest.cs:line 21
]]></stack-trace>
                                </failure>
                              </test-case>
                              <test-case name="Nop.Data.Tests.Catalog.ProductPersistenceTests.Can_save_and_load_product_with_tierPrices" executed="True" result="Error" success="False" time="0.024" asserts="0">
                                <failure>
                                  <message><![CDATA[SetUp : System.InvalidOperationException : No Entity Framework provider found for the ADO.NET provider with invariant name 'System.Data.SqlServerCe.4.0'. Make sure the provider is registered in the 'entityFramework' section of the application config file. See http://go.microsoft.com/fwlink/?LinkId=260882 for more information.]]></message>
                                  <stack-trace><![CDATA[at System.Data.Entity.Infrastructure.DependencyResolution.DefaultProviderServicesResolver.GetService(Type type, Object key)
at System.Data.Entity.Infrastructure.DependencyResolution.CachingDependencyResolver.<>c__DisplayClass1.<GetService>b__0(Tuple`2 k)
at System.Collections.Concurrent.ConcurrentDictionary`2.GetOrAdd(TKey key, Func`2 valueFactory)
at System.Data.Entity.Infrastructure.DependencyResolution.CachingDependencyResolver.GetService(Type type, Object key)
at System.Data.Entity.Infrastructure.DependencyResolution.ResolverChain.<>c__DisplayClass3.<GetService>b__0(IDbDependencyResolver r)
at System.Linq.Enumerable.WhereSelectArrayIterator`2.MoveNext()
at System.Linq.Enumerable.FirstOrDefault[TSource](IEnumerable`1 source, Func`2 predicate)
at System.Data.Entity.Infrastructure.DependencyResolution.ResolverChain.GetService(Type type, Object key)
at System.Data.Entity.Infrastructure.DependencyResolution.RootDependencyResolver.GetService(Type type, Object key)
at System.Data.Entity.Infrastructure.DependencyResolution.ResolverChain.<>c__DisplayClass3.<GetService>b__0(IDbDependencyResolver r)
at System.Linq.Enumerable.WhereSelectArrayIterator`2.MoveNext()
at System.Linq.Enumerable.FirstOrDefault[TSource](IEnumerable`1 source, Func`2 predicate)
at System.Data.Entity.Infrastructure.DependencyResolution.ResolverChain.GetService(Type type, Object key)
at System.Data.Entity.Infrastructure.DependencyResolution.CompositeResolver`2.GetService(Type type, Object key)
at System.Data.Entity.Infrastructure.DependencyResolution.DbDependencyResolverExtensions.GetService[T](IDbDependencyResolver resolver, Object key)
at System.Data.Entity.Utilities.DbProviderFactoryExtensions.GetProviderServices(DbProviderFactory factory)
at System.Data.Entity.Infrastructure.DefaultManifestTokenResolver.<>c__DisplayClass1.<ResolveManifestToken>b__0(Tuple`3 k)
at System.Collections.Concurrent.ConcurrentDictionary`2.GetOrAdd(TKey key, Func`2 valueFactory)
at System.Data.Entity.Infrastructure.DefaultManifestTokenResolver.ResolveManifestToken(DbConnection connection)
at System.Data.Entity.Utilities.DbConnectionExtensions.GetProviderInfo(DbConnection connection, DbProviderManifest& providerManifest)
at System.Data.Entity.DbModelBuilder.Build(DbConnection providerConnection)
at System.Data.Entity.Internal.LazyInternalContext.CreateModel(LazyInternalContext internalContext)
at System.Data.Entity.Internal.RetryLazy`2.GetValue(TInput input)
at System.Data.Entity.Internal.LazyInternalContext.InitializeContext()
at System.Data.Entity.Internal.InternalContext.CreateObjectContextForDdlOps()
at System.Data.Entity.Database.Create(DatabaseExistenceState existenceState)
at System.Data.Entity.Database.Create()
at Nop.Data.Tests.PersistenceTest.SetUp() in C:\Users\yowko151215\Source\Repos\jenkins-labs-1\Tests\Nop.Data.Tests\PersistenceTest.cs:line 21
]]></stack-trace>
                                </failure>
                              </test-case>
                            </results>
                          </test-suite>
                          <test-suite type="TestFixture" name="ProductPicturePersistenceTests" executed="True" result="Failure" success="False" time="0.015" asserts="0">
                            <results>
                              <test-case name="Nop.Data.Tests.Catalog.ProductPicturePersistenceTests.Can_save_and_load_productPicture" executed="True" result="Error" success="False" time="0.014" asserts="0">
                                <failure>
                                  <message><![CDATA[SetUp : System.InvalidOperationException : No Entity Framework provider found for the ADO.NET provider with invariant name 'System.Data.SqlServerCe.4.0'. Make sure the provider is registered in the 'entityFramework' section of the application config file. See http://go.microsoft.com/fwlink/?LinkId=260882 for more information.]]></message>
                                  <stack-trace><![CDATA[at System.Data.Entity.Infrastructure.DependencyResolution.DefaultProviderServicesResolver.GetService(Type type, Object key)
at System.Data.Entity.Infrastructure.DependencyResolution.CachingDependencyResolver.<>c__DisplayClass1.<GetService>b__0(Tuple`2 k)
at System.Collections.Concurrent.ConcurrentDictionary`2.GetOrAdd(TKey key, Func`2 valueFactory)
at System.Data.Entity.Infrastructure.DependencyResolution.CachingDependencyResolver.GetService(Type type, Object key)
at System.Data.Entity.Infrastructure.DependencyResolution.ResolverChain.<>c__DisplayClass3.<GetService>b__0(IDbDependencyResolver r)
at System.Linq.Enumerable.WhereSelectArrayIterator`2.MoveNext()
at System.Linq.Enumerable.FirstOrDefault[TSource](IEnumerable`1 source, Func`2 predicate)
at System.Data.Entity.Infrastructure.DependencyResolution.ResolverChain.GetService(Type type, Object key)
at System.Data.Entity.Infrastructure.DependencyResolution.RootDependencyResolver.GetService(Type type, Object key)
at System.Data.Entity.Infrastructure.DependencyResolution.ResolverChain.<>c__DisplayClass3.<GetService>b__0(IDbDependencyResolver r)
at System.Linq.Enumerable.WhereSelectArrayIterator`2.MoveNext()
at System.Linq.Enumerable.FirstOrDefault[TSource](IEnumerable`1 source, Func`2 predicate)
at System.Data.Entity.Infrastructure.DependencyResolution.ResolverChain.GetService(Type type, Object key)
at System.Data.Entity.Infrastructure.DependencyResolution.CompositeResolver`2.GetService(Type type, Object key)
at System.Data.Entity.Infrastructure.DependencyResolution.DbDependencyResolverExtensions.GetService[T](IDbDependencyResolver resolver, Object key)
at System.Data.Entity.Utilities.DbProviderFactoryExtensions.GetProviderServices(DbProviderFactory factory)
at System.Data.Entity.Infrastructure.DefaultManifestTokenResolver.<>c__DisplayClass1.<ResolveManifestToken>b__0(Tuple`3 k)
at System.Collections.Concurrent.ConcurrentDictionary`2.GetOrAdd(TKey key, Func`2 valueFactory)
at System.Data.Entity.Infrastructure.DefaultManifestTokenResolver.ResolveManifestToken(DbConnection connection)
at System.Data.Entity.Utilities.DbConnectionExtensions.GetProviderInfo(DbConnection connection, DbProviderManifest& providerManifest)
at System.Data.Entity.DbModelBuilder.Build(DbConnection providerConnection)
at System.Data.Entity.Internal.LazyInternalContext.CreateModel(LazyInternalContext internalContext)
at System.Data.Entity.Internal.RetryLazy`2.GetValue(TInput input)
at System.Data.Entity.Internal.LazyInternalContext.InitializeContext()
at System.Data.Entity.Internal.InternalContext.CreateObjectContextForDdlOps()
at System.Data.Entity.Database.Create(DatabaseExistenceState existenceState)
at System.Data.Entity.Database.Create()
at Nop.Data.Tests.PersistenceTest.SetUp() in C:\Users\yowko151215\Source\Repos\jenkins-labs-1\Tests\Nop.Data.Tests\PersistenceTest.cs:line 21
]]></stack-trace>
                                </failure>
                              </test-case>
                            </results>
                          </test-suite>
                          <test-suite type="TestFixture" name="ProductSpecificationAttributePersistenceTests" executed="True" result="Failure" success="False" time="0.012" asserts="0">
                            <results>
                              <test-case name="Nop.Data.Tests.Catalog.ProductSpecificationAttributePersistenceTests.Can_save_and_load_productSpecificationAttribute" executed="True" result="Error" success="False" time="0.011" asserts="0">
                                <failure>
                                  <message><![CDATA[SetUp : System.InvalidOperationException : No Entity Framework provider found for the ADO.NET provider with invariant name 'System.Data.SqlServerCe.4.0'. Make sure the provider is registered in the 'entityFramework' section of the application config file. See http://go.microsoft.com/fwlink/?LinkId=260882 for more information.]]></message>
                                  <stack-trace><![CDATA[at System.Data.Entity.Infrastructure.DependencyResolution.DefaultProviderServicesResolver.GetService(Type type, Object key)
at System.Data.Entity.Infrastructure.DependencyResolution.CachingDependencyResolver.<>c__DisplayClass1.<GetService>b__0(Tuple`2 k)
at System.Collections.Concurrent.ConcurrentDictionary`2.GetOrAdd(TKey key, Func`2 valueFactory)
at System.Data.Entity.Infrastructure.DependencyResolution.CachingDependencyResolver.GetService(Type type, Object key)
at System.Data.Entity.Infrastructure.DependencyResolution.ResolverChain.<>c__DisplayClass3.<GetService>b__0(IDbDependencyResolver r)
at System.Linq.Enumerable.WhereSelectArrayIterator`2.MoveNext()
at System.Linq.Enumerable.FirstOrDefault[TSource](IEnumerable`1 source, Func`2 predicate)
at System.Data.Entity.Infrastructure.DependencyResolution.ResolverChain.GetService(Type type, Object key)
at System.Data.Entity.Infrastructure.DependencyResolution.RootDependencyResolver.GetService(Type type, Object key)
at System.Data.Entity.Infrastructure.DependencyResolution.ResolverChain.<>c__DisplayClass3.<GetService>b__0(IDbDependencyResolver r)
at System.Linq.Enumerable.WhereSelectArrayIterator`2.MoveNext()
at System.Linq.Enumerable.FirstOrDefault[TSource](IEnumerable`1 source, Func`2 predicate)
at System.Data.Entity.Infrastructure.DependencyResolution.ResolverChain.GetService(Type type, Object key)
at System.Data.Entity.Infrastructure.DependencyResolution.CompositeResolver`2.GetService(Type type, Object key)
at System.Data.Entity.Infrastructure.DependencyResolution.DbDependencyResolverExtensions.GetService[T](IDbDependencyResolver resolver, Object key)
at System.Data.Entity.Utilities.DbProviderFactoryExtensions.GetProviderServices(DbProviderFactory factory)
at System.Data.Entity.Infrastructure.DefaultManifestTokenResolver.<>c__DisplayClass1.<ResolveManifestToken>b__0(Tuple`3 k)
at System.Collections.Concurrent.ConcurrentDictionary`2.GetOrAdd(TKey key, Func`2 valueFactory)
at System.Data.Entity.Infrastructure.DefaultManifestTokenResolver.ResolveManifestToken(DbConnection connection)
at System.Data.Entity.Utilities.DbConnectionExtensions.GetProviderInfo(DbConnection connection, DbProviderManifest& providerManifest)
at System.Data.Entity.DbModelBuilder.Build(DbConnection providerConnection)
at System.Data.Entity.Internal.LazyInternalContext.CreateModel(LazyInternalContext internalContext)
at System.Data.Entity.Internal.RetryLazy`2.GetValue(TInput input)
at System.Data.Entity.Internal.LazyInternalContext.InitializeContext()
at System.Data.Entity.Internal.InternalContext.CreateObjectContextForDdlOps()
at System.Data.Entity.Database.Create(DatabaseExistenceState existenceState)
at System.Data.Entity.Database.Create()
at Nop.Data.Tests.PersistenceTest.SetUp() in C:\Users\yowko151215\Source\Repos\jenkins-labs-1\Tests\Nop.Data.Tests\PersistenceTest.cs:line 21
]]></stack-trace>
                                </failure>
                              </test-case>
                            </results>
                          </test-suite>
                          <test-suite type="TestFixture" name="ProductTagPersistenceTests" executed="True" result="Failure" success="False" time="0.013" asserts="0">
                            <results>
                              <test-case name="Nop.Data.Tests.Catalog.ProductTagPersistenceTests.Can_save_and_load_productTag" executed="True" result="Error" success="False" time="0.012" asserts="0">
                                <failure>
                                  <message><![CDATA[SetUp : System.InvalidOperationException : No Entity Framework provider found for the ADO.NET provider with invariant name 'System.Data.SqlServerCe.4.0'. Make sure the provider is registered in the 'entityFramework' section of the application config file. See http://go.microsoft.com/fwlink/?LinkId=260882 for more information.]]></message>
                                  <stack-trace><![CDATA[at System.Data.Entity.Infrastructure.DependencyResolution.DefaultProviderServicesResolver.GetService(Type type, Object key)
at System.Data.Entity.Infrastructure.DependencyResolution.CachingDependencyResolver.<>c__DisplayClass1.<GetService>b__0(Tuple`2 k)
at System.Collections.Concurrent.ConcurrentDictionary`2.GetOrAdd(TKey key, Func`2 valueFactory)
at System.Data.Entity.Infrastructure.DependencyResolution.CachingDependencyResolver.GetService(Type type, Object key)
at System.Data.Entity.Infrastructure.DependencyResolution.ResolverChain.<>c__DisplayClass3.<GetService>b__0(IDbDependencyResolver r)
at System.Linq.Enumerable.WhereSelectArrayIterator`2.MoveNext()
at System.Linq.Enumerable.FirstOrDefault[TSource](IEnumerable`1 source, Func`2 predicate)
at System.Data.Entity.Infrastructure.DependencyResolution.ResolverChain.GetService(Type type, Object key)
at System.Data.Entity.Infrastructure.DependencyResolution.RootDependencyResolver.GetService(Type type, Object key)
at System.Data.Entity.Infrastructure.DependencyResolution.ResolverChain.<>c__DisplayClass3.<GetService>b__0(IDbDependencyResolver r)
at System.Linq.Enumerable.WhereSelectArrayIterator`2.MoveNext()
at System.Linq.Enumerable.FirstOrDefault[TSource](IEnumerable`1 source, Func`2 predicate)
at System.Data.Entity.Infrastructure.DependencyResolution.ResolverChain.GetService(Type type, Object key)
at System.Data.Entity.Infrastructure.DependencyResolution.CompositeResolver`2.GetService(Type type, Object key)
at System.Data.Entity.Infrastructure.DependencyResolution.DbDependencyResolverExtensions.GetService[T](IDbDependencyResolver resolver, Object key)
at System.Data.Entity.Utilities.DbProviderFactoryExtensions.GetProviderServices(DbProviderFactory factory)
at System.Data.Entity.Infrastructure.DefaultManifestTokenResolver.<>c__DisplayClass1.<ResolveManifestToken>b__0(Tuple`3 k)
at System.Collections.Concurrent.ConcurrentDictionary`2.GetOrAdd(TKey key, Func`2 valueFactory)
at System.Data.Entity.Infrastructure.DefaultManifestTokenResolver.ResolveManifestToken(DbConnection connection)
at System.Data.Entity.Utilities.DbConnectionExtensions.GetProviderInfo(DbConnection connection, DbProviderManifest& providerManifest)
at System.Data.Entity.DbModelBuilder.Build(DbConnection providerConnection)
at System.Data.Entity.Internal.LazyInternalContext.CreateModel(LazyInternalContext internalContext)
at System.Data.Entity.Internal.RetryLazy`2.GetValue(TInput input)
at System.Data.Entity.Internal.LazyInternalContext.InitializeContext()
at System.Data.Entity.Internal.InternalContext.CreateObjectContextForDdlOps()
at System.Data.Entity.Database.Create(DatabaseExistenceState existenceState)
at System.Data.Entity.Database.Create()
at Nop.Data.Tests.PersistenceTest.SetUp() in C:\Users\yowko151215\Source\Repos\jenkins-labs-1\Tests\Nop.Data.Tests\PersistenceTest.cs:line 21
]]></stack-trace>
                                </failure>
                              </test-case>
                            </results>
                          </test-suite>
                          <test-suite type="TestFixture" name="ProductTemplatePersistenceTests" executed="True" result="Failure" success="False" time="0.013" asserts="0">
                            <results>
                              <test-case name="Nop.Data.Tests.Catalog.ProductTemplatePersistenceTests.Can_save_and_load_productTemplate" executed="True" result="Error" success="False" time="0.012" asserts="0">
                                <failure>
                                  <message><![CDATA[SetUp : System.InvalidOperationException : No Entity Framework provider found for the ADO.NET provider with invariant name 'System.Data.SqlServerCe.4.0'. Make sure the provider is registered in the 'entityFramework' section of the application config file. See http://go.microsoft.com/fwlink/?LinkId=260882 for more information.]]></message>
                                  <stack-trace><![CDATA[at System.Data.Entity.Infrastructure.DependencyResolution.DefaultProviderServicesResolver.GetService(Type type, Object key)
at System.Data.Entity.Infrastructure.DependencyResolution.CachingDependencyResolver.<>c__DisplayClass1.<GetService>b__0(Tuple`2 k)
at System.Collections.Concurrent.ConcurrentDictionary`2.GetOrAdd(TKey key, Func`2 valueFactory)
at System.Data.Entity.Infrastructure.DependencyResolution.CachingDependencyResolver.GetService(Type type, Object key)
at System.Data.Entity.Infrastructure.DependencyResolution.ResolverChain.<>c__DisplayClass3.<GetService>b__0(IDbDependencyResolver r)
at System.Linq.Enumerable.WhereSelectArrayIterator`2.MoveNext()
at System.Linq.Enumerable.FirstOrDefault[TSource](IEnumerable`1 source, Func`2 predicate)
at System.Data.Entity.Infrastructure.DependencyResolution.ResolverChain.GetService(Type type, Object key)
at System.Data.Entity.Infrastructure.DependencyResolution.RootDependencyResolver.GetService(Type type, Object key)
at System.Data.Entity.Infrastructure.DependencyResolution.ResolverChain.<>c__DisplayClass3.<GetService>b__0(IDbDependencyResolver r)
at System.Linq.Enumerable.WhereSelectArrayIterator`2.MoveNext()
at System.Linq.Enumerable.FirstOrDefault[TSource](IEnumerable`1 source, Func`2 predicate)
at System.Data.Entity.Infrastructure.DependencyResolution.ResolverChain.GetService(Type type, Object key)
at System.Data.Entity.Infrastructure.DependencyResolution.CompositeResolver`2.GetService(Type type, Object key)
at System.Data.Entity.Infrastructure.DependencyResolution.DbDependencyResolverExtensions.GetService[T](IDbDependencyResolver resolver, Object key)
at System.Data.Entity.Utilities.DbProviderFactoryExtensions.GetProviderServices(DbProviderFactory factory)
at System.Data.Entity.Infrastructure.DefaultManifestTokenResolver.<>c__DisplayClass1.<ResolveManifestToken>b__0(Tuple`3 k)
at System.Collections.Concurrent.ConcurrentDictionary`2.GetOrAdd(TKey key, Func`2 valueFactory)
at System.Data.Entity.Infrastructure.DefaultManifestTokenResolver.ResolveManifestToken(DbConnection connection)
at System.Data.Entity.Utilities.DbConnectionExtensions.GetProviderInfo(DbConnection connection, DbProviderManifest& providerManifest)
at System.Data.Entity.DbModelBuilder.Build(DbConnection providerConnection)
at System.Data.Entity.Internal.LazyInternalContext.CreateModel(LazyInternalContext internalContext)
at System.Data.Entity.Internal.RetryLazy`2.GetValue(TInput input)
at System.Data.Entity.Internal.LazyInternalContext.InitializeContext()
at System.Data.Entity.Internal.InternalContext.CreateObjectContextForDdlOps()
at System.Data.Entity.Database.Create(DatabaseExistenceState existenceState)
at System.Data.Entity.Database.Create()
at Nop.Data.Tests.PersistenceTest.SetUp() in C:\Users\yowko151215\Source\Repos\jenkins-labs-1\Tests\Nop.Data.Tests\PersistenceTest.cs:line 21
]]></stack-trace>
                                </failure>
                              </test-case>
                            </results>
                          </test-suite>
                          <test-suite type="TestFixture" name="ProductWarehouseInventoryPersistenceTests" executed="True" result="Failure" success="False" time="0.013" asserts="0">
                            <results>
                              <test-case name="Nop.Data.Tests.Catalog.ProductWarehouseInventoryPersistenceTests.Can_save_and_load_productWarehouseInventory" executed="True" result="Error" success="False" time="0.013" asserts="0">
                                <failure>
                                  <message><![CDATA[SetUp : System.InvalidOperationException : No Entity Framework provider found for the ADO.NET provider with invariant name 'System.Data.SqlServerCe.4.0'. Make sure the provider is registered in the 'entityFramework' section of the application config file. See http://go.microsoft.com/fwlink/?LinkId=260882 for more information.]]></message>
                                  <stack-trace><![CDATA[at System.Data.Entity.Infrastructure.DependencyResolution.DefaultProviderServicesResolver.GetService(Type type, Object key)
at System.Data.Entity.Infrastructure.DependencyResolution.CachingDependencyResolver.<>c__DisplayClass1.<GetService>b__0(Tuple`2 k)
at System.Collections.Concurrent.ConcurrentDictionary`2.GetOrAdd(TKey key, Func`2 valueFactory)
at System.Data.Entity.Infrastructure.DependencyResolution.CachingDependencyResolver.GetService(Type type, Object key)
at System.Data.Entity.Infrastructure.DependencyResolution.ResolverChain.<>c__DisplayClass3.<GetService>b__0(IDbDependencyResolver r)
at System.Linq.Enumerable.WhereSelectArrayIterator`2.MoveNext()
at System.Linq.Enumerable.FirstOrDefault[TSource](IEnumerable`1 source, Func`2 predicate)
at System.Data.Entity.Infrastructure.DependencyResolution.ResolverChain.GetService(Type type, Object key)
at System.Data.Entity.Infrastructure.DependencyResolution.RootDependencyResolver.GetService(Type type, Object key)
at System.Data.Entity.Infrastructure.DependencyResolution.ResolverChain.<>c__DisplayClass3.<GetService>b__0(IDbDependencyResolver r)
at System.Linq.Enumerable.WhereSelectArrayIterator`2.MoveNext()
at System.Linq.Enumerable.FirstOrDefault[TSource](IEnumerable`1 source, Func`2 predicate)
at System.Data.Entity.Infrastructure.DependencyResolution.ResolverChain.GetService(Type type, Object key)
at System.Data.Entity.Infrastructure.DependencyResolution.CompositeResolver`2.GetService(Type type, Object key)
at System.Data.Entity.Infrastructure.DependencyResolution.DbDependencyResolverExtensions.GetService[T](IDbDependencyResolver resolver, Object key)
at System.Data.Entity.Utilities.DbProviderFactoryExtensions.GetProviderServices(DbProviderFactory factory)
at System.Data.Entity.Infrastructure.DefaultManifestTokenResolver.<>c__DisplayClass1.<ResolveManifestToken>b__0(Tuple`3 k)
at System.Collections.Concurrent.ConcurrentDictionary`2.GetOrAdd(TKey key, Func`2 valueFactory)
at System.Data.Entity.Infrastructure.DefaultManifestTokenResolver.ResolveManifestToken(DbConnection connection)
at System.Data.Entity.Utilities.DbConnectionExtensions.GetProviderInfo(DbConnection connection, DbProviderManifest& providerManifest)
at System.Data.Entity.DbModelBuilder.Build(DbConnection providerConnection)
at System.Data.Entity.Internal.LazyInternalContext.CreateModel(LazyInternalContext internalContext)
at System.Data.Entity.Internal.RetryLazy`2.GetValue(TInput input)
at System.Data.Entity.Internal.LazyInternalContext.InitializeContext()
at System.Data.Entity.Internal.InternalContext.CreateObjectContextForDdlOps()
at System.Data.Entity.Database.Create(DatabaseExistenceState existenceState)
at System.Data.Entity.Database.Create()
at Nop.Data.Tests.PersistenceTest.SetUp() in C:\Users\yowko151215\Source\Repos\jenkins-labs-1\Tests\Nop.Data.Tests\PersistenceTest.cs:line 21
]]></stack-trace>
                                </failure>
                              </test-case>
                            </results>
                          </test-suite>
                          <test-suite type="TestFixture" name="SpecificationAttributeOptionPersistenceTests" executed="True" result="Failure" success="False" time="0.014" asserts="0">
                            <results>
                              <test-case name="Nop.Data.Tests.Catalog.SpecificationAttributeOptionPersistenceTests.Can_save_and_load_specificationAttributeOption" executed="True" result="Error" success="False" time="0.012" asserts="0">
                                <failure>
                                  <message><![CDATA[SetUp : System.InvalidOperationException : No Entity Framework provider found for the ADO.NET provider with invariant name 'System.Data.SqlServerCe.4.0'. Make sure the provider is registered in the 'entityFramework' section of the application config file. See http://go.microsoft.com/fwlink/?LinkId=260882 for more information.]]></message>
                                  <stack-trace><![CDATA[at System.Data.Entity.Infrastructure.DependencyResolution.DefaultProviderServicesResolver.GetService(Type type, Object key)
at System.Data.Entity.Infrastructure.DependencyResolution.CachingDependencyResolver.<>c__DisplayClass1.<GetService>b__0(Tuple`2 k)
at System.Collections.Concurrent.ConcurrentDictionary`2.GetOrAdd(TKey key, Func`2 valueFactory)
at System.Data.Entity.Infrastructure.DependencyResolution.CachingDependencyResolver.GetService(Type type, Object key)
at System.Data.Entity.Infrastructure.DependencyResolution.ResolverChain.<>c__DisplayClass3.<GetService>b__0(IDbDependencyResolver r)
at System.Linq.Enumerable.WhereSelectArrayIterator`2.MoveNext()
at System.Linq.Enumerable.FirstOrDefault[TSource](IEnumerable`1 source, Func`2 predicate)
at System.Data.Entity.Infrastructure.DependencyResolution.ResolverChain.GetService(Type type, Object key)
at System.Data.Entity.Infrastructure.DependencyResolution.RootDependencyResolver.GetService(Type type, Object key)
at System.Data.Entity.Infrastructure.DependencyResolution.ResolverChain.<>c__DisplayClass3.<GetService>b__0(IDbDependencyResolver r)
at System.Linq.Enumerable.WhereSelectArrayIterator`2.MoveNext()
at System.Linq.Enumerable.FirstOrDefault[TSource](IEnumerable`1 source, Func`2 predicate)
at System.Data.Entity.Infrastructure.DependencyResolution.ResolverChain.GetService(Type type, Object key)
at System.Data.Entity.Infrastructure.DependencyResolution.CompositeResolver`2.GetService(Type type, Object key)
at System.Data.Entity.Infrastructure.DependencyResolution.DbDependencyResolverExtensions.GetService[T](IDbDependencyResolver resolver, Object key)
at System.Data.Entity.Utilities.DbProviderFactoryExtensions.GetProviderServices(DbProviderFactory factory)
at System.Data.Entity.Infrastructure.DefaultManifestTokenResolver.<>c__DisplayClass1.<ResolveManifestToken>b__0(Tuple`3 k)
at System.Collections.Concurrent.ConcurrentDictionary`2.GetOrAdd(TKey key, Func`2 valueFactory)
at System.Data.Entity.Infrastructure.DefaultManifestTokenResolver.ResolveManifestToken(DbConnection connection)
at System.Data.Entity.Utilities.DbConnectionExtensions.GetProviderInfo(DbConnection connection, DbProviderManifest& providerManifest)
at System.Data.Entity.DbModelBuilder.Build(DbConnection providerConnection)
at System.Data.Entity.Internal.LazyInternalContext.CreateModel(LazyInternalContext internalContext)
at System.Data.Entity.Internal.RetryLazy`2.GetValue(TInput input)
at System.Data.Entity.Internal.LazyInternalContext.InitializeContext()
at System.Data.Entity.Internal.InternalContext.CreateObjectContextForDdlOps()
at System.Data.Entity.Database.Create(DatabaseExistenceState existenceState)
at System.Data.Entity.Database.Create()
at Nop.Data.Tests.PersistenceTest.SetUp() in C:\Users\yowko151215\Source\Repos\jenkins-labs-1\Tests\Nop.Data.Tests\PersistenceTest.cs:line 21
]]></stack-trace>
                                </failure>
                              </test-case>
                            </results>
                          </test-suite>
                          <test-suite type="TestFixture" name="SpecificationAttributePersistenceTests" executed="True" result="Failure" success="False" time="0.041" asserts="0">
                            <results>
                              <test-case name="Nop.Data.Tests.Catalog.SpecificationAttributePersistenceTests.Can_save_and_load_specificationAttribute" executed="True" result="Error" success="False" time="0.019" asserts="0">
                                <failure>
                                  <message><![CDATA[SetUp : System.InvalidOperationException : No Entity Framework provider found for the ADO.NET provider with invariant name 'System.Data.SqlServerCe.4.0'. Make sure the provider is registered in the 'entityFramework' section of the application config file. See http://go.microsoft.com/fwlink/?LinkId=260882 for more information.]]></message>
                                  <stack-trace><![CDATA[at System.Data.Entity.Infrastructure.DependencyResolution.DefaultProviderServicesResolver.GetService(Type type, Object key)
at System.Data.Entity.Infrastructure.DependencyResolution.CachingDependencyResolver.<>c__DisplayClass1.<GetService>b__0(Tuple`2 k)
at System.Collections.Concurrent.ConcurrentDictionary`2.GetOrAdd(TKey key, Func`2 valueFactory)
at System.Data.Entity.Infrastructure.DependencyResolution.CachingDependencyResolver.GetService(Type type, Object key)
at System.Data.Entity.Infrastructure.DependencyResolution.ResolverChain.<>c__DisplayClass3.<GetService>b__0(IDbDependencyResolver r)
at System.Linq.Enumerable.WhereSelectArrayIterator`2.MoveNext()
at System.Linq.Enumerable.FirstOrDefault[TSource](IEnumerable`1 source, Func`2 predicate)
at System.Data.Entity.Infrastructure.DependencyResolution.ResolverChain.GetService(Type type, Object key)
at System.Data.Entity.Infrastructure.DependencyResolution.RootDependencyResolver.GetService(Type type, Object key)
at System.Data.Entity.Infrastructure.DependencyResolution.ResolverChain.<>c__DisplayClass3.<GetService>b__0(IDbDependencyResolver r)
at System.Linq.Enumerable.WhereSelectArrayIterator`2.MoveNext()
at System.Linq.Enumerable.FirstOrDefault[TSource](IEnumerable`1 source, Func`2 predicate)
at System.Data.Entity.Infrastructure.DependencyResolution.ResolverChain.GetService(Type type, Object key)
at System.Data.Entity.Infrastructure.DependencyResolution.CompositeResolver`2.GetService(Type type, Object key)
at System.Data.Entity.Infrastructure.DependencyResolution.DbDependencyResolverExtensions.GetService[T](IDbDependencyResolver resolver, Object key)
at System.Data.Entity.Utilities.DbProviderFactoryExtensions.GetProviderServices(DbProviderFactory factory)
at System.Data.Entity.Infrastructure.DefaultManifestTokenResolver.<>c__DisplayClass1.<ResolveManifestToken>b__0(Tuple`3 k)
at System.Collections.Concurrent.ConcurrentDictionary`2.GetOrAdd(TKey key, Func`2 valueFactory)
at System.Data.Entity.Infrastructure.DefaultManifestTokenResolver.ResolveManifestToken(DbConnection connection)
at System.Data.Entity.Utilities.DbConnectionExtensions.GetProviderInfo(DbConnection connection, DbProviderManifest& providerManifest)
at System.Data.Entity.DbModelBuilder.Build(DbConnection providerConnection)
at System.Data.Entity.Internal.LazyInternalContext.CreateModel(LazyInternalContext internalContext)
at System.Data.Entity.Internal.RetryLazy`2.GetValue(TInput input)
at System.Data.Entity.Internal.LazyInternalContext.InitializeContext()
at System.Data.Entity.Internal.InternalContext.CreateObjectContextForDdlOps()
at System.Data.Entity.Database.Create(DatabaseExistenceState existenceState)
at System.Data.Entity.Database.Create()
at Nop.Data.Tests.PersistenceTest.SetUp() in C:\Users\yowko151215\Source\Repos\jenkins-labs-1\Tests\Nop.Data.Tests\PersistenceTest.cs:line 21
]]></stack-trace>
                                </failure>
                              </test-case>
                              <test-case name="Nop.Data.Tests.Catalog.SpecificationAttributePersistenceTests.Can_save_and_load_specificationAttribute_with_specificationAttributeOptions" executed="True" result="Error" success="False" time="0.012" asserts="0">
                                <failure>
                                  <message><![CDATA[SetUp : System.InvalidOperationException : No Entity Framework provider found for the ADO.NET provider with invariant name 'System.Data.SqlServerCe.4.0'. Make sure the provider is registered in the 'entityFramework' section of the application config file. See http://go.microsoft.com/fwlink/?LinkId=260882 for more information.]]></message>
                                  <stack-trace><![CDATA[at System.Data.Entity.Infrastructure.DependencyResolution.DefaultProviderServicesResolver.GetService(Type type, Object key)
at System.Data.Entity.Infrastructure.DependencyResolution.CachingDependencyResolver.<>c__DisplayClass1.<GetService>b__0(Tuple`2 k)
at System.Collections.Concurrent.ConcurrentDictionary`2.GetOrAdd(TKey key, Func`2 valueFactory)
at System.Data.Entity.Infrastructure.DependencyResolution.CachingDependencyResolver.GetService(Type type, Object key)
at System.Data.Entity.Infrastructure.DependencyResolution.ResolverChain.<>c__DisplayClass3.<GetService>b__0(IDbDependencyResolver r)
at System.Linq.Enumerable.WhereSelectArrayIterator`2.MoveNext()
at System.Linq.Enumerable.FirstOrDefault[TSource](IEnumerable`1 source, Func`2 predicate)
at System.Data.Entity.Infrastructure.DependencyResolution.ResolverChain.GetService(Type type, Object key)
at System.Data.Entity.Infrastructure.DependencyResolution.RootDependencyResolver.GetService(Type type, Object key)
at System.Data.Entity.Infrastructure.DependencyResolution.ResolverChain.<>c__DisplayClass3.<GetService>b__0(IDbDependencyResolver r)
at System.Linq.Enumerable.WhereSelectArrayIterator`2.MoveNext()
at System.Linq.Enumerable.FirstOrDefault[TSource](IEnumerable`1 source, Func`2 predicate)
at System.Data.Entity.Infrastructure.DependencyResolution.ResolverChain.GetService(Type type, Object key)
at System.Data.Entity.Infrastructure.DependencyResolution.CompositeResolver`2.GetService(Type type, Object key)
at System.Data.Entity.Infrastructure.DependencyResolution.DbDependencyResolverExtensions.GetService[T](IDbDependencyResolver resolver, Object key)
at System.Data.Entity.Utilities.DbProviderFactoryExtensions.GetProviderServices(DbProviderFactory factory)
at System.Data.Entity.Infrastructure.DefaultManifestTokenResolver.<>c__DisplayClass1.<ResolveManifestToken>b__0(Tuple`3 k)
at System.Collections.Concurrent.ConcurrentDictionary`2.GetOrAdd(TKey key, Func`2 valueFactory)
at System.Data.Entity.Infrastructure.DefaultManifestTokenResolver.ResolveManifestToken(DbConnection connection)
at System.Data.Entity.Utilities.DbConnectionExtensions.GetProviderInfo(DbConnection connection, DbProviderManifest& providerManifest)
at System.Data.Entity.DbModelBuilder.Build(DbConnection providerConnection)
at System.Data.Entity.Internal.LazyInternalContext.CreateModel(LazyInternalContext internalContext)
at System.Data.Entity.Internal.RetryLazy`2.GetValue(TInput input)
at System.Data.Entity.Internal.LazyInternalContext.InitializeContext()
at System.Data.Entity.Internal.InternalContext.CreateObjectContextForDdlOps()
at System.Data.Entity.Database.Create(DatabaseExistenceState existenceState)
at System.Data.Entity.Database.Create()
at Nop.Data.Tests.PersistenceTest.SetUp() in C:\Users\yowko151215\Source\Repos\jenkins-labs-1\Tests\Nop.Data.Tests\PersistenceTest.cs:line 21
]]></stack-trace>
                                </failure>
                              </test-case>
                            </results>
                          </test-suite>
                          <test-suite type="TestFixture" name="TierPricePersistenceTests" executed="True" result="Failure" success="False" time="0.033" asserts="0">
                            <results>
                              <test-case name="Nop.Data.Tests.Catalog.TierPricePersistenceTests.Can_save_and_load_tierPrice" executed="True" result="Error" success="False" time="0.012" asserts="0">
                                <failure>
                                  <message><![CDATA[SetUp : System.InvalidOperationException : No Entity Framework provider found for the ADO.NET provider with invariant name 'System.Data.SqlServerCe.4.0'. Make sure the provider is registered in the 'entityFramework' section of the application config file. See http://go.microsoft.com/fwlink/?LinkId=260882 for more information.]]></message>
                                  <stack-trace><![CDATA[at System.Data.Entity.Infrastructure.DependencyResolution.DefaultProviderServicesResolver.GetService(Type type, Object key)
at System.Data.Entity.Infrastructure.DependencyResolution.CachingDependencyResolver.<>c__DisplayClass1.<GetService>b__0(Tuple`2 k)
at System.Collections.Concurrent.ConcurrentDictionary`2.GetOrAdd(TKey key, Func`2 valueFactory)
at System.Data.Entity.Infrastructure.DependencyResolution.CachingDependencyResolver.GetService(Type type, Object key)
at System.Data.Entity.Infrastructure.DependencyResolution.ResolverChain.<>c__DisplayClass3.<GetService>b__0(IDbDependencyResolver r)
at System.Linq.Enumerable.WhereSelectArrayIterator`2.MoveNext()
at System.Linq.Enumerable.FirstOrDefault[TSource](IEnumerable`1 source, Func`2 predicate)
at System.Data.Entity.Infrastructure.DependencyResolution.ResolverChain.GetService(Type type, Object key)
at System.Data.Entity.Infrastructure.DependencyResolution.RootDependencyResolver.GetService(Type type, Object key)
at System.Data.Entity.Infrastructure.DependencyResolution.ResolverChain.<>c__DisplayClass3.<GetService>b__0(IDbDependencyResolver r)
at System.Linq.Enumerable.WhereSelectArrayIterator`2.MoveNext()
at System.Linq.Enumerable.FirstOrDefault[TSource](IEnumerable`1 source, Func`2 predicate)
at System.Data.Entity.Infrastructure.DependencyResolution.ResolverChain.GetService(Type type, Object key)
at System.Data.Entity.Infrastructure.DependencyResolution.CompositeResolver`2.GetService(Type type, Object key)
at System.Data.Entity.Infrastructure.DependencyResolution.DbDependencyResolverExtensions.GetService[T](IDbDependencyResolver resolver, Object key)
at System.Data.Entity.Utilities.DbProviderFactoryExtensions.GetProviderServices(DbProviderFactory factory)
at System.Data.Entity.Infrastructure.DefaultManifestTokenResolver.<>c__DisplayClass1.<ResolveManifestToken>b__0(Tuple`3 k)
at System.Collections.Concurrent.ConcurrentDictionary`2.GetOrAdd(TKey key, Func`2 valueFactory)
at System.Data.Entity.Infrastructure.DefaultManifestTokenResolver.ResolveManifestToken(DbConnection connection)
at System.Data.Entity.Utilities.DbConnectionExtensions.GetProviderInfo(DbConnection connection, DbProviderManifest& providerManifest)
at System.Data.Entity.DbModelBuilder.Build(DbConnection providerConnection)
at System.Data.Entity.Internal.LazyInternalContext.CreateModel(LazyInternalContext internalContext)
at System.Data.Entity.Internal.RetryLazy`2.GetValue(TInput input)
at System.Data.Entity.Internal.LazyInternalContext.InitializeContext()
at System.Data.Entity.Internal.InternalContext.CreateObjectContextForDdlOps()
at System.Data.Entity.Database.Create(DatabaseExistenceState existenceState)
at System.Data.Entity.Database.Create()
at Nop.Data.Tests.PersistenceTest.SetUp() in C:\Users\yowko151215\Source\Repos\jenkins-labs-1\Tests\Nop.Data.Tests\PersistenceTest.cs:line 21
]]></stack-trace>
                                </failure>
                              </test-case>
                              <test-case name="Nop.Data.Tests.Catalog.TierPricePersistenceTests.Can_save_and_load_tierPriceWithCustomerRole" executed="True" result="Error" success="False" time="0.012" asserts="0">
                                <failure>
                                  <message><![CDATA[SetUp : System.InvalidOperationException : No Entity Framework provider found for the ADO.NET provider with invariant name 'System.Data.SqlServerCe.4.0'. Make sure the provider is registered in the 'entityFramework' section of the application config file. See http://go.microsoft.com/fwlink/?LinkId=260882 for more information.]]></message>
                                  <stack-trace><![CDATA[at System.Data.Entity.Infrastructure.DependencyResolution.DefaultProviderServicesResolver.GetService(Type type, Object key)
at System.Data.Entity.Infrastructure.DependencyResolution.CachingDependencyResolver.<>c__DisplayClass1.<GetService>b__0(Tuple`2 k)
at System.Collections.Concurrent.ConcurrentDictionary`2.GetOrAdd(TKey key, Func`2 valueFactory)
at System.Data.Entity.Infrastructure.DependencyResolution.CachingDependencyResolver.GetService(Type type, Object key)
at System.Data.Entity.Infrastructure.DependencyResolution.ResolverChain.<>c__DisplayClass3.<GetService>b__0(IDbDependencyResolver r)
at System.Linq.Enumerable.WhereSelectArrayIterator`2.MoveNext()
at System.Linq.Enumerable.FirstOrDefault[TSource](IEnumerable`1 source, Func`2 predicate)
at System.Data.Entity.Infrastructure.DependencyResolution.ResolverChain.GetService(Type type, Object key)
at System.Data.Entity.Infrastructure.DependencyResolution.RootDependencyResolver.GetService(Type type, Object key)
at System.Data.Entity.Infrastructure.DependencyResolution.ResolverChain.<>c__DisplayClass3.<GetService>b__0(IDbDependencyResolver r)
at System.Linq.Enumerable.WhereSelectArrayIterator`2.MoveNext()
at System.Linq.Enumerable.FirstOrDefault[TSource](IEnumerable`1 source, Func`2 predicate)
at System.Data.Entity.Infrastructure.DependencyResolution.ResolverChain.GetService(Type type, Object key)
at System.Data.Entity.Infrastructure.DependencyResolution.CompositeResolver`2.GetService(Type type, Object key)
at System.Data.Entity.Infrastructure.DependencyResolution.DbDependencyResolverExtensions.GetService[T](IDbDependencyResolver resolver, Object key)
at System.Data.Entity.Utilities.DbProviderFactoryExtensions.GetProviderServices(DbProviderFactory factory)
at System.Data.Entity.Infrastructure.DefaultManifestTokenResolver.<>c__DisplayClass1.<ResolveManifestToken>b__0(Tuple`3 k)
at System.Collections.Concurrent.ConcurrentDictionary`2.GetOrAdd(TKey key, Func`2 valueFactory)
at System.Data.Entity.Infrastructure.DefaultManifestTokenResolver.ResolveManifestToken(DbConnection connection)
at System.Data.Entity.Utilities.DbConnectionExtensions.GetProviderInfo(DbConnection connection, DbProviderManifest& providerManifest)
at System.Data.Entity.DbModelBuilder.Build(DbConnection providerConnection)
at System.Data.Entity.Internal.LazyInternalContext.CreateModel(LazyInternalContext internalContext)
at System.Data.Entity.Internal.RetryLazy`2.GetValue(TInput input)
at System.Data.Entity.Internal.LazyInternalContext.InitializeContext()
at System.Data.Entity.Internal.InternalContext.CreateObjectContextForDdlOps()
at System.Data.Entity.Database.Create(DatabaseExistenceState existenceState)
at System.Data.Entity.Database.Create()
at Nop.Data.Tests.PersistenceTest.SetUp() in C:\Users\yowko151215\Source\Repos\jenkins-labs-1\Tests\Nop.Data.Tests\PersistenceTest.cs:line 21
]]></stack-trace>
                                </failure>
                              </test-case>
                            </results>
                          </test-suite>
                        </results>
                      </test-suite>
                      <test-suite type="Namespace" name="Common" executed="True" result="Failure" success="False" time="0.151" asserts="0">
                        <results>
                          <test-suite type="TestFixture" name="AddressAttributePersistenceTests" executed="True" result="Failure" success="False" time="0.038" asserts="0">
                            <results>
                              <test-case name="Nop.Data.Tests.Common.AddressAttributePersistenceTests.Can_save_and_load_addressAttribute" executed="True" result="Error" success="False" time="0.012" asserts="0">
                                <failure>
                                  <message><![CDATA[SetUp : System.InvalidOperationException : No Entity Framework provider found for the ADO.NET provider with invariant name 'System.Data.SqlServerCe.4.0'. Make sure the provider is registered in the 'entityFramework' section of the application config file. See http://go.microsoft.com/fwlink/?LinkId=260882 for more information.]]></message>
                                  <stack-trace><![CDATA[at System.Data.Entity.Infrastructure.DependencyResolution.DefaultProviderServicesResolver.GetService(Type type, Object key)
at System.Data.Entity.Infrastructure.DependencyResolution.CachingDependencyResolver.<>c__DisplayClass1.<GetService>b__0(Tuple`2 k)
at System.Collections.Concurrent.ConcurrentDictionary`2.GetOrAdd(TKey key, Func`2 valueFactory)
at System.Data.Entity.Infrastructure.DependencyResolution.CachingDependencyResolver.GetService(Type type, Object key)
at System.Data.Entity.Infrastructure.DependencyResolution.ResolverChain.<>c__DisplayClass3.<GetService>b__0(IDbDependencyResolver r)
at System.Linq.Enumerable.WhereSelectArrayIterator`2.MoveNext()
at System.Linq.Enumerable.FirstOrDefault[TSource](IEnumerable`1 source, Func`2 predicate)
at System.Data.Entity.Infrastructure.DependencyResolution.ResolverChain.GetService(Type type, Object key)
at System.Data.Entity.Infrastructure.DependencyResolution.RootDependencyResolver.GetService(Type type, Object key)
at System.Data.Entity.Infrastructure.DependencyResolution.ResolverChain.<>c__DisplayClass3.<GetService>b__0(IDbDependencyResolver r)
at System.Linq.Enumerable.WhereSelectArrayIterator`2.MoveNext()
at System.Linq.Enumerable.FirstOrDefault[TSource](IEnumerable`1 source, Func`2 predicate)
at System.Data.Entity.Infrastructure.DependencyResolution.ResolverChain.GetService(Type type, Object key)
at System.Data.Entity.Infrastructure.DependencyResolution.CompositeResolver`2.GetService(Type type, Object key)
at System.Data.Entity.Infrastructure.DependencyResolution.DbDependencyResolverExtensions.GetService[T](IDbDependencyResolver resolver, Object key)
at System.Data.Entity.Utilities.DbProviderFactoryExtensions.GetProviderServices(DbProviderFactory factory)
at System.Data.Entity.Infrastructure.DefaultManifestTokenResolver.<>c__DisplayClass1.<ResolveManifestToken>b__0(Tuple`3 k)
at System.Collections.Concurrent.ConcurrentDictionary`2.GetOrAdd(TKey key, Func`2 valueFactory)
at System.Data.Entity.Infrastructure.DefaultManifestTokenResolver.ResolveManifestToken(DbConnection connection)
at System.Data.Entity.Utilities.DbConnectionExtensions.GetProviderInfo(DbConnection connection, DbProviderManifest& providerManifest)
at System.Data.Entity.DbModelBuilder.Build(DbConnection providerConnection)
at System.Data.Entity.Internal.LazyInternalContext.CreateModel(LazyInternalContext internalContext)
at System.Data.Entity.Internal.RetryLazy`2.GetValue(TInput input)
at System.Data.Entity.Internal.LazyInternalContext.InitializeContext()
at System.Data.Entity.Internal.InternalContext.CreateObjectContextForDdlOps()
at System.Data.Entity.Database.Create(DatabaseExistenceState existenceState)
at System.Data.Entity.Database.Create()
at Nop.Data.Tests.PersistenceTest.SetUp() in C:\Users\yowko151215\Source\Repos\jenkins-labs-1\Tests\Nop.Data.Tests\PersistenceTest.cs:line 21
]]></stack-trace>
                                </failure>
                              </test-case>
                              <test-case name="Nop.Data.Tests.Common.AddressAttributePersistenceTests.Can_save_and_load_addressAttribute_with_values" executed="True" result="Error" success="False" time="0.016" asserts="0">
                                <failure>
                                  <message><![CDATA[SetUp : System.InvalidOperationException : No Entity Framework provider found for the ADO.NET provider with invariant name 'System.Data.SqlServerCe.4.0'. Make sure the provider is registered in the 'entityFramework' section of the application config file. See http://go.microsoft.com/fwlink/?LinkId=260882 for more information.]]></message>
                                  <stack-trace><![CDATA[at System.Data.Entity.Infrastructure.DependencyResolution.DefaultProviderServicesResolver.GetService(Type type, Object key)
at System.Data.Entity.Infrastructure.DependencyResolution.CachingDependencyResolver.<>c__DisplayClass1.<GetService>b__0(Tuple`2 k)
at System.Collections.Concurrent.ConcurrentDictionary`2.GetOrAdd(TKey key, Func`2 valueFactory)
at System.Data.Entity.Infrastructure.DependencyResolution.CachingDependencyResolver.GetService(Type type, Object key)
at System.Data.Entity.Infrastructure.DependencyResolution.ResolverChain.<>c__DisplayClass3.<GetService>b__0(IDbDependencyResolver r)
at System.Linq.Enumerable.WhereSelectArrayIterator`2.MoveNext()
at System.Linq.Enumerable.FirstOrDefault[TSource](IEnumerable`1 source, Func`2 predicate)
at System.Data.Entity.Infrastructure.DependencyResolution.ResolverChain.GetService(Type type, Object key)
at System.Data.Entity.Infrastructure.DependencyResolution.RootDependencyResolver.GetService(Type type, Object key)
at System.Data.Entity.Infrastructure.DependencyResolution.ResolverChain.<>c__DisplayClass3.<GetService>b__0(IDbDependencyResolver r)
at System.Linq.Enumerable.WhereSelectArrayIterator`2.MoveNext()
at System.Linq.Enumerable.FirstOrDefault[TSource](IEnumerable`1 source, Func`2 predicate)
at System.Data.Entity.Infrastructure.DependencyResolution.ResolverChain.GetService(Type type, Object key)
at System.Data.Entity.Infrastructure.DependencyResolution.CompositeResolver`2.GetService(Type type, Object key)
at System.Data.Entity.Infrastructure.DependencyResolution.DbDependencyResolverExtensions.GetService[T](IDbDependencyResolver resolver, Object key)
at System.Data.Entity.Utilities.DbProviderFactoryExtensions.GetProviderServices(DbProviderFactory factory)
at System.Data.Entity.Infrastructure.DefaultManifestTokenResolver.<>c__DisplayClass1.<ResolveManifestToken>b__0(Tuple`3 k)
at System.Collections.Concurrent.ConcurrentDictionary`2.GetOrAdd(TKey key, Func`2 valueFactory)
at System.Data.Entity.Infrastructure.DefaultManifestTokenResolver.ResolveManifestToken(DbConnection connection)
at System.Data.Entity.Utilities.DbConnectionExtensions.GetProviderInfo(DbConnection connection, DbProviderManifest& providerManifest)
at System.Data.Entity.DbModelBuilder.Build(DbConnection providerConnection)
at System.Data.Entity.Internal.LazyInternalContext.CreateModel(LazyInternalContext internalContext)
at System.Data.Entity.Internal.RetryLazy`2.GetValue(TInput input)
at System.Data.Entity.Internal.LazyInternalContext.InitializeContext()
at System.Data.Entity.Internal.InternalContext.CreateObjectContextForDdlOps()
at System.Data.Entity.Database.Create(DatabaseExistenceState existenceState)
at System.Data.Entity.Database.Create()
at Nop.Data.Tests.PersistenceTest.SetUp() in C:\Users\yowko151215\Source\Repos\jenkins-labs-1\Tests\Nop.Data.Tests\PersistenceTest.cs:line 21
]]></stack-trace>
                                </failure>
                              </test-case>
                            </results>
                          </test-suite>
                          <test-suite type="TestFixture" name="AddressPeristenceTests" executed="True" result="Failure" success="False" time="0.037" asserts="0">
                            <results>
                              <test-case name="Nop.Data.Tests.Common.AddressPeristenceTests.Can_save_and_load_address" executed="True" result="Error" success="False" time="0.016" asserts="0">
                                <failure>
                                  <message><![CDATA[SetUp : System.InvalidOperationException : No Entity Framework provider found for the ADO.NET provider with invariant name 'System.Data.SqlServerCe.4.0'. Make sure the provider is registered in the 'entityFramework' section of the application config file. See http://go.microsoft.com/fwlink/?LinkId=260882 for more information.]]></message>
                                  <stack-trace><![CDATA[at System.Data.Entity.Infrastructure.DependencyResolution.DefaultProviderServicesResolver.GetService(Type type, Object key)
at System.Data.Entity.Infrastructure.DependencyResolution.CachingDependencyResolver.<>c__DisplayClass1.<GetService>b__0(Tuple`2 k)
at System.Collections.Concurrent.ConcurrentDictionary`2.GetOrAdd(TKey key, Func`2 valueFactory)
at System.Data.Entity.Infrastructure.DependencyResolution.CachingDependencyResolver.GetService(Type type, Object key)
at System.Data.Entity.Infrastructure.DependencyResolution.ResolverChain.<>c__DisplayClass3.<GetService>b__0(IDbDependencyResolver r)
at System.Linq.Enumerable.WhereSelectArrayIterator`2.MoveNext()
at System.Linq.Enumerable.FirstOrDefault[TSource](IEnumerable`1 source, Func`2 predicate)
at System.Data.Entity.Infrastructure.DependencyResolution.ResolverChain.GetService(Type type, Object key)
at System.Data.Entity.Infrastructure.DependencyResolution.RootDependencyResolver.GetService(Type type, Object key)
at System.Data.Entity.Infrastructure.DependencyResolution.ResolverChain.<>c__DisplayClass3.<GetService>b__0(IDbDependencyResolver r)
at System.Linq.Enumerable.WhereSelectArrayIterator`2.MoveNext()
at System.Linq.Enumerable.FirstOrDefault[TSource](IEnumerable`1 source, Func`2 predicate)
at System.Data.Entity.Infrastructure.DependencyResolution.ResolverChain.GetService(Type type, Object key)
at System.Data.Entity.Infrastructure.DependencyResolution.CompositeResolver`2.GetService(Type type, Object key)
at System.Data.Entity.Infrastructure.DependencyResolution.DbDependencyResolverExtensions.GetService[T](IDbDependencyResolver resolver, Object key)
at System.Data.Entity.Utilities.DbProviderFactoryExtensions.GetProviderServices(DbProviderFactory factory)
at System.Data.Entity.Infrastructure.DefaultManifestTokenResolver.<>c__DisplayClass1.<ResolveManifestToken>b__0(Tuple`3 k)
at System.Collections.Concurrent.ConcurrentDictionary`2.GetOrAdd(TKey key, Func`2 valueFactory)
at System.Data.Entity.Infrastructure.DefaultManifestTokenResolver.ResolveManifestToken(DbConnection connection)
at System.Data.Entity.Utilities.DbConnectionExtensions.GetProviderInfo(DbConnection connection, DbProviderManifest& providerManifest)
at System.Data.Entity.DbModelBuilder.Build(DbConnection providerConnection)
at System.Data.Entity.Internal.LazyInternalContext.CreateModel(LazyInternalContext internalContext)
at System.Data.Entity.Internal.RetryLazy`2.GetValue(TInput input)
at System.Data.Entity.Internal.LazyInternalContext.InitializeContext()
at System.Data.Entity.Internal.InternalContext.CreateObjectContextForDdlOps()
at System.Data.Entity.Database.Create(DatabaseExistenceState existenceState)
at System.Data.Entity.Database.Create()
at Nop.Data.Tests.PersistenceTest.SetUp() in C:\Users\yowko151215\Source\Repos\jenkins-labs-1\Tests\Nop.Data.Tests\PersistenceTest.cs:line 21
]]></stack-trace>
                                </failure>
                              </test-case>
                              <test-case name="Nop.Data.Tests.Common.AddressPeristenceTests.Can_save_and_load_address_with_stateProvince" executed="True" result="Error" success="False" time="0.012" asserts="0">
                                <failure>
                                  <message><![CDATA[SetUp : System.InvalidOperationException : No Entity Framework provider found for the ADO.NET provider with invariant name 'System.Data.SqlServerCe.4.0'. Make sure the provider is registered in the 'entityFramework' section of the application config file. See http://go.microsoft.com/fwlink/?LinkId=260882 for more information.]]></message>
                                  <stack-trace><![CDATA[at System.Data.Entity.Infrastructure.DependencyResolution.DefaultProviderServicesResolver.GetService(Type type, Object key)
at System.Data.Entity.Infrastructure.DependencyResolution.CachingDependencyResolver.<>c__DisplayClass1.<GetService>b__0(Tuple`2 k)
at System.Collections.Concurrent.ConcurrentDictionary`2.GetOrAdd(TKey key, Func`2 valueFactory)
at System.Data.Entity.Infrastructure.DependencyResolution.CachingDependencyResolver.GetService(Type type, Object key)
at System.Data.Entity.Infrastructure.DependencyResolution.ResolverChain.<>c__DisplayClass3.<GetService>b__0(IDbDependencyResolver r)
at System.Linq.Enumerable.WhereSelectArrayIterator`2.MoveNext()
at System.Linq.Enumerable.FirstOrDefault[TSource](IEnumerable`1 source, Func`2 predicate)
at System.Data.Entity.Infrastructure.DependencyResolution.ResolverChain.GetService(Type type, Object key)
at System.Data.Entity.Infrastructure.DependencyResolution.RootDependencyResolver.GetService(Type type, Object key)
at System.Data.Entity.Infrastructure.DependencyResolution.ResolverChain.<>c__DisplayClass3.<GetService>b__0(IDbDependencyResolver r)
at System.Linq.Enumerable.WhereSelectArrayIterator`2.MoveNext()
at System.Linq.Enumerable.FirstOrDefault[TSource](IEnumerable`1 source, Func`2 predicate)
at System.Data.Entity.Infrastructure.DependencyResolution.ResolverChain.GetService(Type type, Object key)
at System.Data.Entity.Infrastructure.DependencyResolution.CompositeResolver`2.GetService(Type type, Object key)
at System.Data.Entity.Infrastructure.DependencyResolution.DbDependencyResolverExtensions.GetService[T](IDbDependencyResolver resolver, Object key)
at System.Data.Entity.Utilities.DbProviderFactoryExtensions.GetProviderServices(DbProviderFactory factory)
at System.Data.Entity.Infrastructure.DefaultManifestTokenResolver.<>c__DisplayClass1.<ResolveManifestToken>b__0(Tuple`3 k)
at System.Collections.Concurrent.ConcurrentDictionary`2.GetOrAdd(TKey key, Func`2 valueFactory)
at System.Data.Entity.Infrastructure.DefaultManifestTokenResolver.ResolveManifestToken(DbConnection connection)
at System.Data.Entity.Utilities.DbConnectionExtensions.GetProviderInfo(DbConnection connection, DbProviderManifest& providerManifest)
at System.Data.Entity.DbModelBuilder.Build(DbConnection providerConnection)
at System.Data.Entity.Internal.LazyInternalContext.CreateModel(LazyInternalContext internalContext)
at System.Data.Entity.Internal.RetryLazy`2.GetValue(TInput input)
at System.Data.Entity.Internal.LazyInternalContext.InitializeContext()
at System.Data.Entity.Internal.InternalContext.CreateObjectContextForDdlOps()
at System.Data.Entity.Database.Create(DatabaseExistenceState existenceState)
at System.Data.Entity.Database.Create()
at Nop.Data.Tests.PersistenceTest.SetUp() in C:\Users\yowko151215\Source\Repos\jenkins-labs-1\Tests\Nop.Data.Tests\PersistenceTest.cs:line 21
]]></stack-trace>
                                </failure>
                              </test-case>
                            </results>
                          </test-suite>
                          <test-suite type="TestFixture" name="CheckoutAttributeValuePersistenceTests" executed="True" result="Failure" success="False" time="0.012" asserts="0">
                            <results>
                              <test-case name="Nop.Data.Tests.Common.CheckoutAttributeValuePersistenceTests.Can_save_and_load_addressAttributeValue" executed="True" result="Error" success="False" time="0.012" asserts="0">
                                <failure>
                                  <message><![CDATA[SetUp : System.InvalidOperationException : No Entity Framework provider found for the ADO.NET provider with invariant name 'System.Data.SqlServerCe.4.0'. Make sure the provider is registered in the 'entityFramework' section of the application config file. See http://go.microsoft.com/fwlink/?LinkId=260882 for more information.]]></message>
                                  <stack-trace><![CDATA[at System.Data.Entity.Infrastructure.DependencyResolution.DefaultProviderServicesResolver.GetService(Type type, Object key)
at System.Data.Entity.Infrastructure.DependencyResolution.CachingDependencyResolver.<>c__DisplayClass1.<GetService>b__0(Tuple`2 k)
at System.Collections.Concurrent.ConcurrentDictionary`2.GetOrAdd(TKey key, Func`2 valueFactory)
at System.Data.Entity.Infrastructure.DependencyResolution.CachingDependencyResolver.GetService(Type type, Object key)
at System.Data.Entity.Infrastructure.DependencyResolution.ResolverChain.<>c__DisplayClass3.<GetService>b__0(IDbDependencyResolver r)
at System.Linq.Enumerable.WhereSelectArrayIterator`2.MoveNext()
at System.Linq.Enumerable.FirstOrDefault[TSource](IEnumerable`1 source, Func`2 predicate)
at System.Data.Entity.Infrastructure.DependencyResolution.ResolverChain.GetService(Type type, Object key)
at System.Data.Entity.Infrastructure.DependencyResolution.RootDependencyResolver.GetService(Type type, Object key)
at System.Data.Entity.Infrastructure.DependencyResolution.ResolverChain.<>c__DisplayClass3.<GetService>b__0(IDbDependencyResolver r)
at System.Linq.Enumerable.WhereSelectArrayIterator`2.MoveNext()
at System.Linq.Enumerable.FirstOrDefault[TSource](IEnumerable`1 source, Func`2 predicate)
at System.Data.Entity.Infrastructure.DependencyResolution.ResolverChain.GetService(Type type, Object key)
at System.Data.Entity.Infrastructure.DependencyResolution.CompositeResolver`2.GetService(Type type, Object key)
at System.Data.Entity.Infrastructure.DependencyResolution.DbDependencyResolverExtensions.GetService[T](IDbDependencyResolver resolver, Object key)
at System.Data.Entity.Utilities.DbProviderFactoryExtensions.GetProviderServices(DbProviderFactory factory)
at System.Data.Entity.Infrastructure.DefaultManifestTokenResolver.<>c__DisplayClass1.<ResolveManifestToken>b__0(Tuple`3 k)
at System.Collections.Concurrent.ConcurrentDictionary`2.GetOrAdd(TKey key, Func`2 valueFactory)
at System.Data.Entity.Infrastructure.DefaultManifestTokenResolver.ResolveManifestToken(DbConnection connection)
at System.Data.Entity.Utilities.DbConnectionExtensions.GetProviderInfo(DbConnection connection, DbProviderManifest& providerManifest)
at System.Data.Entity.DbModelBuilder.Build(DbConnection providerConnection)
at System.Data.Entity.Internal.LazyInternalContext.CreateModel(LazyInternalContext internalContext)
at System.Data.Entity.Internal.RetryLazy`2.GetValue(TInput input)
at System.Data.Entity.Internal.LazyInternalContext.InitializeContext()
at System.Data.Entity.Internal.InternalContext.CreateObjectContextForDdlOps()
at System.Data.Entity.Database.Create(DatabaseExistenceState existenceState)
at System.Data.Entity.Database.Create()
at Nop.Data.Tests.PersistenceTest.SetUp() in C:\Users\yowko151215\Source\Repos\jenkins-labs-1\Tests\Nop.Data.Tests\PersistenceTest.cs:line 21
]]></stack-trace>
                                </failure>
                              </test-case>
                            </results>
                          </test-suite>
                          <test-suite type="TestFixture" name="GenericAttributePersistenceTests" executed="True" result="Failure" success="False" time="0.013" asserts="0">
                            <results>
                              <test-case name="Nop.Data.Tests.Common.GenericAttributePersistenceTests.Can_save_and_load_genericAttribute" executed="True" result="Error" success="False" time="0.012" asserts="0">
                                <failure>
                                  <message><![CDATA[SetUp : System.InvalidOperationException : No Entity Framework provider found for the ADO.NET provider with invariant name 'System.Data.SqlServerCe.4.0'. Make sure the provider is registered in the 'entityFramework' section of the application config file. See http://go.microsoft.com/fwlink/?LinkId=260882 for more information.]]></message>
                                  <stack-trace><![CDATA[at System.Data.Entity.Infrastructure.DependencyResolution.DefaultProviderServicesResolver.GetService(Type type, Object key)
at System.Data.Entity.Infrastructure.DependencyResolution.CachingDependencyResolver.<>c__DisplayClass1.<GetService>b__0(Tuple`2 k)
at System.Collections.Concurrent.ConcurrentDictionary`2.GetOrAdd(TKey key, Func`2 valueFactory)
at System.Data.Entity.Infrastructure.DependencyResolution.CachingDependencyResolver.GetService(Type type, Object key)
at System.Data.Entity.Infrastructure.DependencyResolution.ResolverChain.<>c__DisplayClass3.<GetService>b__0(IDbDependencyResolver r)
at System.Linq.Enumerable.WhereSelectArrayIterator`2.MoveNext()
at System.Linq.Enumerable.FirstOrDefault[TSource](IEnumerable`1 source, Func`2 predicate)
at System.Data.Entity.Infrastructure.DependencyResolution.ResolverChain.GetService(Type type, Object key)
at System.Data.Entity.Infrastructure.DependencyResolution.RootDependencyResolver.GetService(Type type, Object key)
at System.Data.Entity.Infrastructure.DependencyResolution.ResolverChain.<>c__DisplayClass3.<GetService>b__0(IDbDependencyResolver r)
at System.Linq.Enumerable.WhereSelectArrayIterator`2.MoveNext()
at System.Linq.Enumerable.FirstOrDefault[TSource](IEnumerable`1 source, Func`2 predicate)
at System.Data.Entity.Infrastructure.DependencyResolution.ResolverChain.GetService(Type type, Object key)
at System.Data.Entity.Infrastructure.DependencyResolution.CompositeResolver`2.GetService(Type type, Object key)
at System.Data.Entity.Infrastructure.DependencyResolution.DbDependencyResolverExtensions.GetService[T](IDbDependencyResolver resolver, Object key)
at System.Data.Entity.Utilities.DbProviderFactoryExtensions.GetProviderServices(DbProviderFactory factory)
at System.Data.Entity.Infrastructure.DefaultManifestTokenResolver.<>c__DisplayClass1.<ResolveManifestToken>b__0(Tuple`3 k)
at System.Collections.Concurrent.ConcurrentDictionary`2.GetOrAdd(TKey key, Func`2 valueFactory)
at System.Data.Entity.Infrastructure.DefaultManifestTokenResolver.ResolveManifestToken(DbConnection connection)
at System.Data.Entity.Utilities.DbConnectionExtensions.GetProviderInfo(DbConnection connection, DbProviderManifest& providerManifest)
at System.Data.Entity.DbModelBuilder.Build(DbConnection providerConnection)
at System.Data.Entity.Internal.LazyInternalContext.CreateModel(LazyInternalContext internalContext)
at System.Data.Entity.Internal.RetryLazy`2.GetValue(TInput input)
at System.Data.Entity.Internal.LazyInternalContext.InitializeContext()
at System.Data.Entity.Internal.InternalContext.CreateObjectContextForDdlOps()
at System.Data.Entity.Database.Create(DatabaseExistenceState existenceState)
at System.Data.Entity.Database.Create()
at Nop.Data.Tests.PersistenceTest.SetUp() in C:\Users\yowko151215\Source\Repos\jenkins-labs-1\Tests\Nop.Data.Tests\PersistenceTest.cs:line 21
]]></stack-trace>
                                </failure>
                              </test-case>
                            </results>
                          </test-suite>
                          <test-suite type="TestFixture" name="SearchTermPeristenceTests" executed="True" result="Failure" success="False" time="0.013" asserts="0">
                            <results>
                              <test-case name="Nop.Data.Tests.Common.SearchTermPeristenceTests.Can_save_and_load_searchTerm" executed="True" result="Error" success="False" time="0.012" asserts="0">
                                <failure>
                                  <message><![CDATA[SetUp : System.InvalidOperationException : No Entity Framework provider found for the ADO.NET provider with invariant name 'System.Data.SqlServerCe.4.0'. Make sure the provider is registered in the 'entityFramework' section of the application config file. See http://go.microsoft.com/fwlink/?LinkId=260882 for more information.]]></message>
                                  <stack-trace><![CDATA[at System.Data.Entity.Infrastructure.DependencyResolution.DefaultProviderServicesResolver.GetService(Type type, Object key)
at System.Data.Entity.Infrastructure.DependencyResolution.CachingDependencyResolver.<>c__DisplayClass1.<GetService>b__0(Tuple`2 k)
at System.Collections.Concurrent.ConcurrentDictionary`2.GetOrAdd(TKey key, Func`2 valueFactory)
at System.Data.Entity.Infrastructure.DependencyResolution.CachingDependencyResolver.GetService(Type type, Object key)
at System.Data.Entity.Infrastructure.DependencyResolution.ResolverChain.<>c__DisplayClass3.<GetService>b__0(IDbDependencyResolver r)
at System.Linq.Enumerable.WhereSelectArrayIterator`2.MoveNext()
at System.Linq.Enumerable.FirstOrDefault[TSource](IEnumerable`1 source, Func`2 predicate)
at System.Data.Entity.Infrastructure.DependencyResolution.ResolverChain.GetService(Type type, Object key)
at System.Data.Entity.Infrastructure.DependencyResolution.RootDependencyResolver.GetService(Type type, Object key)
at System.Data.Entity.Infrastructure.DependencyResolution.ResolverChain.<>c__DisplayClass3.<GetService>b__0(IDbDependencyResolver r)
at System.Linq.Enumerable.WhereSelectArrayIterator`2.MoveNext()
at System.Linq.Enumerable.FirstOrDefault[TSource](IEnumerable`1 source, Func`2 predicate)
at System.Data.Entity.Infrastructure.DependencyResolution.ResolverChain.GetService(Type type, Object key)
at System.Data.Entity.Infrastructure.DependencyResolution.CompositeResolver`2.GetService(Type type, Object key)
at System.Data.Entity.Infrastructure.DependencyResolution.DbDependencyResolverExtensions.GetService[T](IDbDependencyResolver resolver, Object key)
at System.Data.Entity.Utilities.DbProviderFactoryExtensions.GetProviderServices(DbProviderFactory factory)
at System.Data.Entity.Infrastructure.DefaultManifestTokenResolver.<>c__DisplayClass1.<ResolveManifestToken>b__0(Tuple`3 k)
at System.Collections.Concurrent.ConcurrentDictionary`2.GetOrAdd(TKey key, Func`2 valueFactory)
at System.Data.Entity.Infrastructure.DefaultManifestTokenResolver.ResolveManifestToken(DbConnection connection)
at System.Data.Entity.Utilities.DbConnectionExtensions.GetProviderInfo(DbConnection connection, DbProviderManifest& providerManifest)
at System.Data.Entity.DbModelBuilder.Build(DbConnection providerConnection)
at System.Data.Entity.Internal.LazyInternalContext.CreateModel(LazyInternalContext internalContext)
at System.Data.Entity.Internal.RetryLazy`2.GetValue(TInput input)
at System.Data.Entity.Internal.LazyInternalContext.InitializeContext()
at System.Data.Entity.Internal.InternalContext.CreateObjectContextForDdlOps()
at System.Data.Entity.Database.Create(DatabaseExistenceState existenceState)
at System.Data.Entity.Database.Create()
at Nop.Data.Tests.PersistenceTest.SetUp() in C:\Users\yowko151215\Source\Repos\jenkins-labs-1\Tests\Nop.Data.Tests\PersistenceTest.cs:line 21
]]></stack-trace>
                                </failure>
                              </test-case>
                            </results>
                          </test-suite>
                        </results>
                      </test-suite>
                      <test-suite type="Namespace" name="Configuration" executed="True" result="Failure" success="False" time="0.014" asserts="0">
                        <results>
                          <test-suite type="TestFixture" name="SettingPersistenceTests" executed="True" result="Failure" success="False" time="0.013" asserts="0">
                            <results>
                              <test-case name="Nop.Data.Tests.Configuration.SettingPersistenceTests.Can_save_and_load_setting" executed="True" result="Error" success="False" time="0.012" asserts="0">
                                <failure>
                                  <message><![CDATA[SetUp : System.InvalidOperationException : No Entity Framework provider found for the ADO.NET provider with invariant name 'System.Data.SqlServerCe.4.0'. Make sure the provider is registered in the 'entityFramework' section of the application config file. See http://go.microsoft.com/fwlink/?LinkId=260882 for more information.]]></message>
                                  <stack-trace><![CDATA[at System.Data.Entity.Infrastructure.DependencyResolution.DefaultProviderServicesResolver.GetService(Type type, Object key)
at System.Data.Entity.Infrastructure.DependencyResolution.CachingDependencyResolver.<>c__DisplayClass1.<GetService>b__0(Tuple`2 k)
at System.Collections.Concurrent.ConcurrentDictionary`2.GetOrAdd(TKey key, Func`2 valueFactory)
at System.Data.Entity.Infrastructure.DependencyResolution.CachingDependencyResolver.GetService(Type type, Object key)
at System.Data.Entity.Infrastructure.DependencyResolution.ResolverChain.<>c__DisplayClass3.<GetService>b__0(IDbDependencyResolver r)
at System.Linq.Enumerable.WhereSelectArrayIterator`2.MoveNext()
at System.Linq.Enumerable.FirstOrDefault[TSource](IEnumerable`1 source, Func`2 predicate)
at System.Data.Entity.Infrastructure.DependencyResolution.ResolverChain.GetService(Type type, Object key)
at System.Data.Entity.Infrastructure.DependencyResolution.RootDependencyResolver.GetService(Type type, Object key)
at System.Data.Entity.Infrastructure.DependencyResolution.ResolverChain.<>c__DisplayClass3.<GetService>b__0(IDbDependencyResolver r)
at System.Linq.Enumerable.WhereSelectArrayIterator`2.MoveNext()
at System.Linq.Enumerable.FirstOrDefault[TSource](IEnumerable`1 source, Func`2 predicate)
at System.Data.Entity.Infrastructure.DependencyResolution.ResolverChain.GetService(Type type, Object key)
at System.Data.Entity.Infrastructure.DependencyResolution.CompositeResolver`2.GetService(Type type, Object key)
at System.Data.Entity.Infrastructure.DependencyResolution.DbDependencyResolverExtensions.GetService[T](IDbDependencyResolver resolver, Object key)
at System.Data.Entity.Utilities.DbProviderFactoryExtensions.GetProviderServices(DbProviderFactory factory)
at System.Data.Entity.Infrastructure.DefaultManifestTokenResolver.<>c__DisplayClass1.<ResolveManifestToken>b__0(Tuple`3 k)
at System.Collections.Concurrent.ConcurrentDictionary`2.GetOrAdd(TKey key, Func`2 valueFactory)
at System.Data.Entity.Infrastructure.DefaultManifestTokenResolver.ResolveManifestToken(DbConnection connection)
at System.Data.Entity.Utilities.DbConnectionExtensions.GetProviderInfo(DbConnection connection, DbProviderManifest& providerManifest)
at System.Data.Entity.DbModelBuilder.Build(DbConnection providerConnection)
at System.Data.Entity.Internal.LazyInternalContext.CreateModel(LazyInternalContext internalContext)
at System.Data.Entity.Internal.RetryLazy`2.GetValue(TInput input)
at System.Data.Entity.Internal.LazyInternalContext.InitializeContext()
at System.Data.Entity.Internal.InternalContext.CreateObjectContextForDdlOps()
at System.Data.Entity.Database.Create(DatabaseExistenceState existenceState)
at System.Data.Entity.Database.Create()
at Nop.Data.Tests.PersistenceTest.SetUp() in C:\Users\yowko151215\Source\Repos\jenkins-labs-1\Tests\Nop.Data.Tests\PersistenceTest.cs:line 21
]]></stack-trace>
                                </failure>
                              </test-case>
                            </results>
                          </test-suite>
                        </results>
                      </test-suite>
                      <test-suite type="Namespace" name="Customers" executed="True" result="Failure" success="False" time="0.341" asserts="0">
                        <results>
                          <test-suite type="TestFixture" name="CheckoutAttributeValuePersistenceTests" executed="True" result="Failure" success="False" time="0.013" asserts="0">
                            <results>
                              <test-case name="Nop.Data.Tests.Customers.CheckoutAttributeValuePersistenceTests.Can_save_and_load_customerAttributeValue" executed="True" result="Error" success="False" time="0.012" asserts="0">
                                <failure>
                                  <message><![CDATA[SetUp : System.InvalidOperationException : No Entity Framework provider found for the ADO.NET provider with invariant name 'System.Data.SqlServerCe.4.0'. Make sure the provider is registered in the 'entityFramework' section of the application config file. See http://go.microsoft.com/fwlink/?LinkId=260882 for more information.]]></message>
                                  <stack-trace><![CDATA[at System.Data.Entity.Infrastructure.DependencyResolution.DefaultProviderServicesResolver.GetService(Type type, Object key)
at System.Data.Entity.Infrastructure.DependencyResolution.CachingDependencyResolver.<>c__DisplayClass1.<GetService>b__0(Tuple`2 k)
at System.Collections.Concurrent.ConcurrentDictionary`2.GetOrAdd(TKey key, Func`2 valueFactory)
at System.Data.Entity.Infrastructure.DependencyResolution.CachingDependencyResolver.GetService(Type type, Object key)
at System.Data.Entity.Infrastructure.DependencyResolution.ResolverChain.<>c__DisplayClass3.<GetService>b__0(IDbDependencyResolver r)
at System.Linq.Enumerable.WhereSelectArrayIterator`2.MoveNext()
at System.Linq.Enumerable.FirstOrDefault[TSource](IEnumerable`1 source, Func`2 predicate)
at System.Data.Entity.Infrastructure.DependencyResolution.ResolverChain.GetService(Type type, Object key)
at System.Data.Entity.Infrastructure.DependencyResolution.RootDependencyResolver.GetService(Type type, Object key)
at System.Data.Entity.Infrastructure.DependencyResolution.ResolverChain.<>c__DisplayClass3.<GetService>b__0(IDbDependencyResolver r)
at System.Linq.Enumerable.WhereSelectArrayIterator`2.MoveNext()
at System.Linq.Enumerable.FirstOrDefault[TSource](IEnumerable`1 source, Func`2 predicate)
at System.Data.Entity.Infrastructure.DependencyResolution.ResolverChain.GetService(Type type, Object key)
at System.Data.Entity.Infrastructure.DependencyResolution.CompositeResolver`2.GetService(Type type, Object key)
at System.Data.Entity.Infrastructure.DependencyResolution.DbDependencyResolverExtensions.GetService[T](IDbDependencyResolver resolver, Object key)
at System.Data.Entity.Utilities.DbProviderFactoryExtensions.GetProviderServices(DbProviderFactory factory)
at System.Data.Entity.Infrastructure.DefaultManifestTokenResolver.<>c__DisplayClass1.<ResolveManifestToken>b__0(Tuple`3 k)
at System.Collections.Concurrent.ConcurrentDictionary`2.GetOrAdd(TKey key, Func`2 valueFactory)
at System.Data.Entity.Infrastructure.DefaultManifestTokenResolver.ResolveManifestToken(DbConnection connection)
at System.Data.Entity.Utilities.DbConnectionExtensions.GetProviderInfo(DbConnection connection, DbProviderManifest& providerManifest)
at System.Data.Entity.DbModelBuilder.Build(DbConnection providerConnection)
at System.Data.Entity.Internal.LazyInternalContext.CreateModel(LazyInternalContext internalContext)
at System.Data.Entity.Internal.RetryLazy`2.GetValue(TInput input)
at System.Data.Entity.Internal.LazyInternalContext.InitializeContext()
at System.Data.Entity.Internal.InternalContext.CreateObjectContextForDdlOps()
at System.Data.Entity.Database.Create(DatabaseExistenceState existenceState)
at System.Data.Entity.Database.Create()
at Nop.Data.Tests.PersistenceTest.SetUp() in C:\Users\yowko151215\Source\Repos\jenkins-labs-1\Tests\Nop.Data.Tests\PersistenceTest.cs:line 21
]]></stack-trace>
                                </failure>
                              </test-case>
                            </results>
                          </test-suite>
                          <test-suite type="TestFixture" name="CustomerAttributePersistenceTests" executed="True" result="Failure" success="False" time="0.043" asserts="0">
                            <results>
                              <test-case name="Nop.Data.Tests.Customers.CustomerAttributePersistenceTests.Can_save_and_load_customerAttribute" executed="True" result="Error" success="False" time="0.019" asserts="0">
                                <failure>
                                  <message><![CDATA[SetUp : System.InvalidOperationException : No Entity Framework provider found for the ADO.NET provider with invariant name 'System.Data.SqlServerCe.4.0'. Make sure the provider is registered in the 'entityFramework' section of the application config file. See http://go.microsoft.com/fwlink/?LinkId=260882 for more information.]]></message>
                                  <stack-trace><![CDATA[at System.Data.Entity.Infrastructure.DependencyResolution.DefaultProviderServicesResolver.GetService(Type type, Object key)
at System.Data.Entity.Infrastructure.DependencyResolution.CachingDependencyResolver.<>c__DisplayClass1.<GetService>b__0(Tuple`2 k)
at System.Collections.Concurrent.ConcurrentDictionary`2.GetOrAdd(TKey key, Func`2 valueFactory)
at System.Data.Entity.Infrastructure.DependencyResolution.CachingDependencyResolver.GetService(Type type, Object key)
at System.Data.Entity.Infrastructure.DependencyResolution.ResolverChain.<>c__DisplayClass3.<GetService>b__0(IDbDependencyResolver r)
at System.Linq.Enumerable.WhereSelectArrayIterator`2.MoveNext()
at System.Linq.Enumerable.FirstOrDefault[TSource](IEnumerable`1 source, Func`2 predicate)
at System.Data.Entity.Infrastructure.DependencyResolution.ResolverChain.GetService(Type type, Object key)
at System.Data.Entity.Infrastructure.DependencyResolution.RootDependencyResolver.GetService(Type type, Object key)
at System.Data.Entity.Infrastructure.DependencyResolution.ResolverChain.<>c__DisplayClass3.<GetService>b__0(IDbDependencyResolver r)
at System.Linq.Enumerable.WhereSelectArrayIterator`2.MoveNext()
at System.Linq.Enumerable.FirstOrDefault[TSource](IEnumerable`1 source, Func`2 predicate)
at System.Data.Entity.Infrastructure.DependencyResolution.ResolverChain.GetService(Type type, Object key)
at System.Data.Entity.Infrastructure.DependencyResolution.CompositeResolver`2.GetService(Type type, Object key)
at System.Data.Entity.Infrastructure.DependencyResolution.DbDependencyResolverExtensions.GetService[T](IDbDependencyResolver resolver, Object key)
at System.Data.Entity.Utilities.DbProviderFactoryExtensions.GetProviderServices(DbProviderFactory factory)
at System.Data.Entity.Infrastructure.DefaultManifestTokenResolver.<>c__DisplayClass1.<ResolveManifestToken>b__0(Tuple`3 k)
at System.Collections.Concurrent.ConcurrentDictionary`2.GetOrAdd(TKey key, Func`2 valueFactory)
at System.Data.Entity.Infrastructure.DefaultManifestTokenResolver.ResolveManifestToken(DbConnection connection)
at System.Data.Entity.Utilities.DbConnectionExtensions.GetProviderInfo(DbConnection connection, DbProviderManifest& providerManifest)
at System.Data.Entity.DbModelBuilder.Build(DbConnection providerConnection)
at System.Data.Entity.Internal.LazyInternalContext.CreateModel(LazyInternalContext internalContext)
at System.Data.Entity.Internal.RetryLazy`2.GetValue(TInput input)
at System.Data.Entity.Internal.LazyInternalContext.InitializeContext()
at System.Data.Entity.Internal.InternalContext.CreateObjectContextForDdlOps()
at System.Data.Entity.Database.Create(DatabaseExistenceState existenceState)
at System.Data.Entity.Database.Create()
at Nop.Data.Tests.PersistenceTest.SetUp() in C:\Users\yowko151215\Source\Repos\jenkins-labs-1\Tests\Nop.Data.Tests\PersistenceTest.cs:line 21
]]></stack-trace>
                                </failure>
                              </test-case>
                              <test-case name="Nop.Data.Tests.Customers.CustomerAttributePersistenceTests.Can_save_and_load_customerAttribute_with_values" executed="True" result="Error" success="False" time="0.014" asserts="0">
                                <failure>
                                  <message><![CDATA[SetUp : System.InvalidOperationException : No Entity Framework provider found for the ADO.NET provider with invariant name 'System.Data.SqlServerCe.4.0'. Make sure the provider is registered in the 'entityFramework' section of the application config file. See http://go.microsoft.com/fwlink/?LinkId=260882 for more information.]]></message>
                                  <stack-trace><![CDATA[at System.Data.Entity.Infrastructure.DependencyResolution.DefaultProviderServicesResolver.GetService(Type type, Object key)
at System.Data.Entity.Infrastructure.DependencyResolution.CachingDependencyResolver.<>c__DisplayClass1.<GetService>b__0(Tuple`2 k)
at System.Collections.Concurrent.ConcurrentDictionary`2.GetOrAdd(TKey key, Func`2 valueFactory)
at System.Data.Entity.Infrastructure.DependencyResolution.CachingDependencyResolver.GetService(Type type, Object key)
at System.Data.Entity.Infrastructure.DependencyResolution.ResolverChain.<>c__DisplayClass3.<GetService>b__0(IDbDependencyResolver r)
at System.Linq.Enumerable.WhereSelectArrayIterator`2.MoveNext()
at System.Linq.Enumerable.FirstOrDefault[TSource](IEnumerable`1 source, Func`2 predicate)
at System.Data.Entity.Infrastructure.DependencyResolution.ResolverChain.GetService(Type type, Object key)
at System.Data.Entity.Infrastructure.DependencyResolution.RootDependencyResolver.GetService(Type type, Object key)
at System.Data.Entity.Infrastructure.DependencyResolution.ResolverChain.<>c__DisplayClass3.<GetService>b__0(IDbDependencyResolver r)
at System.Linq.Enumerable.WhereSelectArrayIterator`2.MoveNext()
at System.Linq.Enumerable.FirstOrDefault[TSource](IEnumerable`1 source, Func`2 predicate)
at System.Data.Entity.Infrastructure.DependencyResolution.ResolverChain.GetService(Type type, Object key)
at System.Data.Entity.Infrastructure.DependencyResolution.CompositeResolver`2.GetService(Type type, Object key)
at System.Data.Entity.Infrastructure.DependencyResolution.DbDependencyResolverExtensions.GetService[T](IDbDependencyResolver resolver, Object key)
at System.Data.Entity.Utilities.DbProviderFactoryExtensions.GetProviderServices(DbProviderFactory factory)
at System.Data.Entity.Infrastructure.DefaultManifestTokenResolver.<>c__DisplayClass1.<ResolveManifestToken>b__0(Tuple`3 k)
at System.Collections.Concurrent.ConcurrentDictionary`2.GetOrAdd(TKey key, Func`2 valueFactory)
at System.Data.Entity.Infrastructure.DefaultManifestTokenResolver.ResolveManifestToken(DbConnection connection)
at System.Data.Entity.Utilities.DbConnectionExtensions.GetProviderInfo(DbConnection connection, DbProviderManifest& providerManifest)
at System.Data.Entity.DbModelBuilder.Build(DbConnection providerConnection)
at System.Data.Entity.Internal.LazyInternalContext.CreateModel(LazyInternalContext internalContext)
at System.Data.Entity.Internal.RetryLazy`2.GetValue(TInput input)
at System.Data.Entity.Internal.LazyInternalContext.InitializeContext()
at System.Data.Entity.Internal.InternalContext.CreateObjectContextForDdlOps()
at System.Data.Entity.Database.Create(DatabaseExistenceState existenceState)
at System.Data.Entity.Database.Create()
at Nop.Data.Tests.PersistenceTest.SetUp() in C:\Users\yowko151215\Source\Repos\jenkins-labs-1\Tests\Nop.Data.Tests\PersistenceTest.cs:line 21
]]></stack-trace>
                                </failure>
                              </test-case>
                            </results>
                          </test-suite>
                          <test-suite type="TestFixture" name="CustomerPersistenceTests" executed="True" result="Failure" success="False" time="0.144" asserts="0">
                            <results>
                              <test-case name="Nop.Data.Tests.Customers.CustomerPersistenceTests.Can_remove_a_customer_address" executed="True" result="Error" success="False" time="0.012" asserts="0">
                                <failure>
                                  <message><![CDATA[SetUp : System.InvalidOperationException : No Entity Framework provider found for the ADO.NET provider with invariant name 'System.Data.SqlServerCe.4.0'. Make sure the provider is registered in the 'entityFramework' section of the application config file. See http://go.microsoft.com/fwlink/?LinkId=260882 for more information.]]></message>
                                  <stack-trace><![CDATA[at System.Data.Entity.Infrastructure.DependencyResolution.DefaultProviderServicesResolver.GetService(Type type, Object key)
at System.Data.Entity.Infrastructure.DependencyResolution.CachingDependencyResolver.<>c__DisplayClass1.<GetService>b__0(Tuple`2 k)
at System.Collections.Concurrent.ConcurrentDictionary`2.GetOrAdd(TKey key, Func`2 valueFactory)
at System.Data.Entity.Infrastructure.DependencyResolution.CachingDependencyResolver.GetService(Type type, Object key)
at System.Data.Entity.Infrastructure.DependencyResolution.ResolverChain.<>c__DisplayClass3.<GetService>b__0(IDbDependencyResolver r)
at System.Linq.Enumerable.WhereSelectArrayIterator`2.MoveNext()
at System.Linq.Enumerable.FirstOrDefault[TSource](IEnumerable`1 source, Func`2 predicate)
at System.Data.Entity.Infrastructure.DependencyResolution.ResolverChain.GetService(Type type, Object key)
at System.Data.Entity.Infrastructure.DependencyResolution.RootDependencyResolver.GetService(Type type, Object key)
at System.Data.Entity.Infrastructure.DependencyResolution.ResolverChain.<>c__DisplayClass3.<GetService>b__0(IDbDependencyResolver r)
at System.Linq.Enumerable.WhereSelectArrayIterator`2.MoveNext()
at System.Linq.Enumerable.FirstOrDefault[TSource](IEnumerable`1 source, Func`2 predicate)
at System.Data.Entity.Infrastructure.DependencyResolution.ResolverChain.GetService(Type type, Object key)
at System.Data.Entity.Infrastructure.DependencyResolution.CompositeResolver`2.GetService(Type type, Object key)
at System.Data.Entity.Infrastructure.DependencyResolution.DbDependencyResolverExtensions.GetService[T](IDbDependencyResolver resolver, Object key)
at System.Data.Entity.Utilities.DbProviderFactoryExtensions.GetProviderServices(DbProviderFactory factory)
at System.Data.Entity.Infrastructure.DefaultManifestTokenResolver.<>c__DisplayClass1.<ResolveManifestToken>b__0(Tuple`3 k)
at System.Collections.Concurrent.ConcurrentDictionary`2.GetOrAdd(TKey key, Func`2 valueFactory)
at System.Data.Entity.Infrastructure.DefaultManifestTokenResolver.ResolveManifestToken(DbConnection connection)
at System.Data.Entity.Utilities.DbConnectionExtensions.GetProviderInfo(DbConnection connection, DbProviderManifest& providerManifest)
at System.Data.Entity.DbModelBuilder.Build(DbConnection providerConnection)
at System.Data.Entity.Internal.LazyInternalContext.CreateModel(LazyInternalContext internalContext)
at System.Data.Entity.Internal.RetryLazy`2.GetValue(TInput input)
at System.Data.Entity.Internal.LazyInternalContext.InitializeContext()
at System.Data.Entity.Internal.InternalContext.CreateObjectContextForDdlOps()
at System.Data.Entity.Database.Create(DatabaseExistenceState existenceState)
at System.Data.Entity.Database.Create()
at Nop.Data.Tests.PersistenceTest.SetUp() in C:\Users\yowko151215\Source\Repos\jenkins-labs-1\Tests\Nop.Data.Tests\PersistenceTest.cs:line 21
]]></stack-trace>
                                </failure>
                              </test-case>
                              <test-case name="Nop.Data.Tests.Customers.CustomerPersistenceTests.Can_save_and_load_customer" executed="True" result="Error" success="False" time="0.012" asserts="0">
                                <failure>
                                  <message><![CDATA[SetUp : System.InvalidOperationException : No Entity Framework provider found for the ADO.NET provider with invariant name 'System.Data.SqlServerCe.4.0'. Make sure the provider is registered in the 'entityFramework' section of the application config file. See http://go.microsoft.com/fwlink/?LinkId=260882 for more information.]]></message>
                                  <stack-trace><![CDATA[at System.Data.Entity.Infrastructure.DependencyResolution.DefaultProviderServicesResolver.GetService(Type type, Object key)
at System.Data.Entity.Infrastructure.DependencyResolution.CachingDependencyResolver.<>c__DisplayClass1.<GetService>b__0(Tuple`2 k)
at System.Collections.Concurrent.ConcurrentDictionary`2.GetOrAdd(TKey key, Func`2 valueFactory)
at System.Data.Entity.Infrastructure.DependencyResolution.CachingDependencyResolver.GetService(Type type, Object key)
at System.Data.Entity.Infrastructure.DependencyResolution.ResolverChain.<>c__DisplayClass3.<GetService>b__0(IDbDependencyResolver r)
at System.Linq.Enumerable.WhereSelectArrayIterator`2.MoveNext()
at System.Linq.Enumerable.FirstOrDefault[TSource](IEnumerable`1 source, Func`2 predicate)
at System.Data.Entity.Infrastructure.DependencyResolution.ResolverChain.GetService(Type type, Object key)
at System.Data.Entity.Infrastructure.DependencyResolution.RootDependencyResolver.GetService(Type type, Object key)
at System.Data.Entity.Infrastructure.DependencyResolution.ResolverChain.<>c__DisplayClass3.<GetService>b__0(IDbDependencyResolver r)
at System.Linq.Enumerable.WhereSelectArrayIterator`2.MoveNext()
at System.Linq.Enumerable.FirstOrDefault[TSource](IEnumerable`1 source, Func`2 predicate)
at System.Data.Entity.Infrastructure.DependencyResolution.ResolverChain.GetService(Type type, Object key)
at System.Data.Entity.Infrastructure.DependencyResolution.CompositeResolver`2.GetService(Type type, Object key)
at System.Data.Entity.Infrastructure.DependencyResolution.DbDependencyResolverExtensions.GetService[T](IDbDependencyResolver resolver, Object key)
at System.Data.Entity.Utilities.DbProviderFactoryExtensions.GetProviderServices(DbProviderFactory factory)
at System.Data.Entity.Infrastructure.DefaultManifestTokenResolver.<>c__DisplayClass1.<ResolveManifestToken>b__0(Tuple`3 k)
at System.Collections.Concurrent.ConcurrentDictionary`2.GetOrAdd(TKey key, Func`2 valueFactory)
at System.Data.Entity.Infrastructure.DefaultManifestTokenResolver.ResolveManifestToken(DbConnection connection)
at System.Data.Entity.Utilities.DbConnectionExtensions.GetProviderInfo(DbConnection connection, DbProviderManifest& providerManifest)
at System.Data.Entity.DbModelBuilder.Build(DbConnection providerConnection)
at System.Data.Entity.Internal.LazyInternalContext.CreateModel(LazyInternalContext internalContext)
at System.Data.Entity.Internal.RetryLazy`2.GetValue(TInput input)
at System.Data.Entity.Internal.LazyInternalContext.InitializeContext()
at System.Data.Entity.Internal.InternalContext.CreateObjectContextForDdlOps()
at System.Data.Entity.Database.Create(DatabaseExistenceState existenceState)
at System.Data.Entity.Database.Create()
at Nop.Data.Tests.PersistenceTest.SetUp() in C:\Users\yowko151215\Source\Repos\jenkins-labs-1\Tests\Nop.Data.Tests\PersistenceTest.cs:line 21
]]></stack-trace>
                                </failure>
                              </test-case>
                              <test-case name="Nop.Data.Tests.Customers.CustomerPersistenceTests.Can_save_and_load_customer_with_address" executed="True" result="Error" success="False" time="0.012" asserts="0">
                                <failure>
                                  <message><![CDATA[SetUp : System.InvalidOperationException : No Entity Framework provider found for the ADO.NET provider with invariant name 'System.Data.SqlServerCe.4.0'. Make sure the provider is registered in the 'entityFramework' section of the application config file. See http://go.microsoft.com/fwlink/?LinkId=260882 for more information.]]></message>
                                  <stack-trace><![CDATA[at System.Data.Entity.Infrastructure.DependencyResolution.DefaultProviderServicesResolver.GetService(Type type, Object key)
at System.Data.Entity.Infrastructure.DependencyResolution.CachingDependencyResolver.<>c__DisplayClass1.<GetService>b__0(Tuple`2 k)
at System.Collections.Concurrent.ConcurrentDictionary`2.GetOrAdd(TKey key, Func`2 valueFactory)
at System.Data.Entity.Infrastructure.DependencyResolution.CachingDependencyResolver.GetService(Type type, Object key)
at System.Data.Entity.Infrastructure.DependencyResolution.ResolverChain.<>c__DisplayClass3.<GetService>b__0(IDbDependencyResolver r)
at System.Linq.Enumerable.WhereSelectArrayIterator`2.MoveNext()
at System.Linq.Enumerable.FirstOrDefault[TSource](IEnumerable`1 source, Func`2 predicate)
at System.Data.Entity.Infrastructure.DependencyResolution.ResolverChain.GetService(Type type, Object key)
at System.Data.Entity.Infrastructure.DependencyResolution.RootDependencyResolver.GetService(Type type, Object key)
at System.Data.Entity.Infrastructure.DependencyResolution.ResolverChain.<>c__DisplayClass3.<GetService>b__0(IDbDependencyResolver r)
at System.Linq.Enumerable.WhereSelectArrayIterator`2.MoveNext()
at System.Linq.Enumerable.FirstOrDefault[TSource](IEnumerable`1 source, Func`2 predicate)
at System.Data.Entity.Infrastructure.DependencyResolution.ResolverChain.GetService(Type type, Object key)
at System.Data.Entity.Infrastructure.DependencyResolution.CompositeResolver`2.GetService(Type type, Object key)
at System.Data.Entity.Infrastructure.DependencyResolution.DbDependencyResolverExtensions.GetService[T](IDbDependencyResolver resolver, Object key)
at System.Data.Entity.Utilities.DbProviderFactoryExtensions.GetProviderServices(DbProviderFactory factory)
at System.Data.Entity.Infrastructure.DefaultManifestTokenResolver.<>c__DisplayClass1.<ResolveManifestToken>b__0(Tuple`3 k)
at System.Collections.Concurrent.ConcurrentDictionary`2.GetOrAdd(TKey key, Func`2 valueFactory)
at System.Data.Entity.Infrastructure.DefaultManifestTokenResolver.ResolveManifestToken(DbConnection connection)
at System.Data.Entity.Utilities.DbConnectionExtensions.GetProviderInfo(DbConnection connection, DbProviderManifest& providerManifest)
at System.Data.Entity.DbModelBuilder.Build(DbConnection providerConnection)
at System.Data.Entity.Internal.LazyInternalContext.CreateModel(LazyInternalContext internalContext)
at System.Data.Entity.Internal.RetryLazy`2.GetValue(TInput input)
at System.Data.Entity.Internal.LazyInternalContext.InitializeContext()
at System.Data.Entity.Internal.InternalContext.CreateObjectContextForDdlOps()
at System.Data.Entity.Database.Create(DatabaseExistenceState existenceState)
at System.Data.Entity.Database.Create()
at Nop.Data.Tests.PersistenceTest.SetUp() in C:\Users\yowko151215\Source\Repos\jenkins-labs-1\Tests\Nop.Data.Tests\PersistenceTest.cs:line 21
]]></stack-trace>
                                </failure>
                              </test-case>
                              <test-case name="Nop.Data.Tests.Customers.CustomerPersistenceTests.Can_save_and_load_customer_with_customerRoles" executed="True" result="Error" success="False" time="0.013" asserts="0">
                                <failure>
                                  <message><![CDATA[SetUp : System.InvalidOperationException : No Entity Framework provider found for the ADO.NET provider with invariant name 'System.Data.SqlServerCe.4.0'. Make sure the provider is registered in the 'entityFramework' section of the application config file. See http://go.microsoft.com/fwlink/?LinkId=260882 for more information.]]></message>
                                  <stack-trace><![CDATA[at System.Data.Entity.Infrastructure.DependencyResolution.DefaultProviderServicesResolver.GetService(Type type, Object key)
at System.Data.Entity.Infrastructure.DependencyResolution.CachingDependencyResolver.<>c__DisplayClass1.<GetService>b__0(Tuple`2 k)
at System.Collections.Concurrent.ConcurrentDictionary`2.GetOrAdd(TKey key, Func`2 valueFactory)
at System.Data.Entity.Infrastructure.DependencyResolution.CachingDependencyResolver.GetService(Type type, Object key)
at System.Data.Entity.Infrastructure.DependencyResolution.ResolverChain.<>c__DisplayClass3.<GetService>b__0(IDbDependencyResolver r)
at System.Linq.Enumerable.WhereSelectArrayIterator`2.MoveNext()
at System.Linq.Enumerable.FirstOrDefault[TSource](IEnumerable`1 source, Func`2 predicate)
at System.Data.Entity.Infrastructure.DependencyResolution.ResolverChain.GetService(Type type, Object key)
at System.Data.Entity.Infrastructure.DependencyResolution.RootDependencyResolver.GetService(Type type, Object key)
at System.Data.Entity.Infrastructure.DependencyResolution.ResolverChain.<>c__DisplayClass3.<GetService>b__0(IDbDependencyResolver r)
at System.Linq.Enumerable.WhereSelectArrayIterator`2.MoveNext()
at System.Linq.Enumerable.FirstOrDefault[TSource](IEnumerable`1 source, Func`2 predicate)
at System.Data.Entity.Infrastructure.DependencyResolution.ResolverChain.GetService(Type type, Object key)
at System.Data.Entity.Infrastructure.DependencyResolution.CompositeResolver`2.GetService(Type type, Object key)
at System.Data.Entity.Infrastructure.DependencyResolution.DbDependencyResolverExtensions.GetService[T](IDbDependencyResolver resolver, Object key)
at System.Data.Entity.Utilities.DbProviderFactoryExtensions.GetProviderServices(DbProviderFactory factory)
at System.Data.Entity.Infrastructure.DefaultManifestTokenResolver.<>c__DisplayClass1.<ResolveManifestToken>b__0(Tuple`3 k)
at System.Collections.Concurrent.ConcurrentDictionary`2.GetOrAdd(TKey key, Func`2 valueFactory)
at System.Data.Entity.Infrastructure.DefaultManifestTokenResolver.ResolveManifestToken(DbConnection connection)
at System.Data.Entity.Utilities.DbConnectionExtensions.GetProviderInfo(DbConnection connection, DbProviderManifest& providerManifest)
at System.Data.Entity.DbModelBuilder.Build(DbConnection providerConnection)
at System.Data.Entity.Internal.LazyInternalContext.CreateModel(LazyInternalContext internalContext)
at System.Data.Entity.Internal.RetryLazy`2.GetValue(TInput input)
at System.Data.Entity.Internal.LazyInternalContext.InitializeContext()
at System.Data.Entity.Internal.InternalContext.CreateObjectContextForDdlOps()
at System.Data.Entity.Database.Create(DatabaseExistenceState existenceState)
at System.Data.Entity.Database.Create()
at Nop.Data.Tests.PersistenceTest.SetUp() in C:\Users\yowko151215\Source\Repos\jenkins-labs-1\Tests\Nop.Data.Tests\PersistenceTest.cs:line 21
]]></stack-trace>
                                </failure>
                              </test-case>
                              <test-case name="Nop.Data.Tests.Customers.CustomerPersistenceTests.Can_save_and_load_customer_with_externalAuthenticationRecord" executed="True" result="Error" success="False" time="0.015" asserts="0">
                                <failure>
                                  <message><![CDATA[SetUp : System.InvalidOperationException : No Entity Framework provider found for the ADO.NET provider with invariant name 'System.Data.SqlServerCe.4.0'. Make sure the provider is registered in the 'entityFramework' section of the application config file. See http://go.microsoft.com/fwlink/?LinkId=260882 for more information.]]></message>
                                  <stack-trace><![CDATA[at System.Data.Entity.Infrastructure.DependencyResolution.DefaultProviderServicesResolver.GetService(Type type, Object key)
at System.Data.Entity.Infrastructure.DependencyResolution.CachingDependencyResolver.<>c__DisplayClass1.<GetService>b__0(Tuple`2 k)
at System.Collections.Concurrent.ConcurrentDictionary`2.GetOrAdd(TKey key, Func`2 valueFactory)
at System.Data.Entity.Infrastructure.DependencyResolution.CachingDependencyResolver.GetService(Type type, Object key)
at System.Data.Entity.Infrastructure.DependencyResolution.ResolverChain.<>c__DisplayClass3.<GetService>b__0(IDbDependencyResolver r)
at System.Linq.Enumerable.WhereSelectArrayIterator`2.MoveNext()
at System.Linq.Enumerable.FirstOrDefault[TSource](IEnumerable`1 source, Func`2 predicate)
at System.Data.Entity.Infrastructure.DependencyResolution.ResolverChain.GetService(Type type, Object key)
at System.Data.Entity.Infrastructure.DependencyResolution.RootDependencyResolver.GetService(Type type, Object key)
at System.Data.Entity.Infrastructure.DependencyResolution.ResolverChain.<>c__DisplayClass3.<GetService>b__0(IDbDependencyResolver r)
at System.Linq.Enumerable.WhereSelectArrayIterator`2.MoveNext()
at System.Linq.Enumerable.FirstOrDefault[TSource](IEnumerable`1 source, Func`2 predicate)
at System.Data.Entity.Infrastructure.DependencyResolution.ResolverChain.GetService(Type type, Object key)
at System.Data.Entity.Infrastructure.DependencyResolution.CompositeResolver`2.GetService(Type type, Object key)
at System.Data.Entity.Infrastructure.DependencyResolution.DbDependencyResolverExtensions.GetService[T](IDbDependencyResolver resolver, Object key)
at System.Data.Entity.Utilities.DbProviderFactoryExtensions.GetProviderServices(DbProviderFactory factory)
at System.Data.Entity.Infrastructure.DefaultManifestTokenResolver.<>c__DisplayClass1.<ResolveManifestToken>b__0(Tuple`3 k)
at System.Collections.Concurrent.ConcurrentDictionary`2.GetOrAdd(TKey key, Func`2 valueFactory)
at System.Data.Entity.Infrastructure.DefaultManifestTokenResolver.ResolveManifestToken(DbConnection connection)
at System.Data.Entity.Utilities.DbConnectionExtensions.GetProviderInfo(DbConnection connection, DbProviderManifest& providerManifest)
at System.Data.Entity.DbModelBuilder.Build(DbConnection providerConnection)
at System.Data.Entity.Internal.LazyInternalContext.CreateModel(LazyInternalContext internalContext)
at System.Data.Entity.Internal.RetryLazy`2.GetValue(TInput input)
at System.Data.Entity.Internal.LazyInternalContext.InitializeContext()
at System.Data.Entity.Internal.InternalContext.CreateObjectContextForDdlOps()
at System.Data.Entity.Database.Create(DatabaseExistenceState existenceState)
at System.Data.Entity.Database.Create()
at Nop.Data.Tests.PersistenceTest.SetUp() in C:\Users\yowko151215\Source\Repos\jenkins-labs-1\Tests\Nop.Data.Tests\PersistenceTest.cs:line 21
]]></stack-trace>
                                </failure>
                              </test-case>
                              <test-case name="Nop.Data.Tests.Customers.CustomerPersistenceTests.Can_save_and_load_customer_with_shopping_cart" executed="True" result="Error" success="False" time="0.015" asserts="0">
                                <failure>
                                  <message><![CDATA[SetUp : System.InvalidOperationException : No Entity Framework provider found for the ADO.NET provider with invariant name 'System.Data.SqlServerCe.4.0'. Make sure the provider is registered in the 'entityFramework' section of the application config file. See http://go.microsoft.com/fwlink/?LinkId=260882 for more information.]]></message>
                                  <stack-trace><![CDATA[at System.Data.Entity.Infrastructure.DependencyResolution.DefaultProviderServicesResolver.GetService(Type type, Object key)
at System.Data.Entity.Infrastructure.DependencyResolution.CachingDependencyResolver.<>c__DisplayClass1.<GetService>b__0(Tuple`2 k)
at System.Collections.Concurrent.ConcurrentDictionary`2.GetOrAdd(TKey key, Func`2 valueFactory)
at System.Data.Entity.Infrastructure.DependencyResolution.CachingDependencyResolver.GetService(Type type, Object key)
at System.Data.Entity.Infrastructure.DependencyResolution.ResolverChain.<>c__DisplayClass3.<GetService>b__0(IDbDependencyResolver r)
at System.Linq.Enumerable.WhereSelectArrayIterator`2.MoveNext()
at System.Linq.Enumerable.FirstOrDefault[TSource](IEnumerable`1 source, Func`2 predicate)
at System.Data.Entity.Infrastructure.DependencyResolution.ResolverChain.GetService(Type type, Object key)
at System.Data.Entity.Infrastructure.DependencyResolution.RootDependencyResolver.GetService(Type type, Object key)
at System.Data.Entity.Infrastructure.DependencyResolution.ResolverChain.<>c__DisplayClass3.<GetService>b__0(IDbDependencyResolver r)
at System.Linq.Enumerable.WhereSelectArrayIterator`2.MoveNext()
at System.Linq.Enumerable.FirstOrDefault[TSource](IEnumerable`1 source, Func`2 predicate)
at System.Data.Entity.Infrastructure.DependencyResolution.ResolverChain.GetService(Type type, Object key)
at System.Data.Entity.Infrastructure.DependencyResolution.CompositeResolver`2.GetService(Type type, Object key)
at System.Data.Entity.Infrastructure.DependencyResolution.DbDependencyResolverExtensions.GetService[T](IDbDependencyResolver resolver, Object key)
at System.Data.Entity.Utilities.DbProviderFactoryExtensions.GetProviderServices(DbProviderFactory factory)
at System.Data.Entity.Infrastructure.DefaultManifestTokenResolver.<>c__DisplayClass1.<ResolveManifestToken>b__0(Tuple`3 k)
at System.Collections.Concurrent.ConcurrentDictionary`2.GetOrAdd(TKey key, Func`2 valueFactory)
at System.Data.Entity.Infrastructure.DefaultManifestTokenResolver.ResolveManifestToken(DbConnection connection)
at System.Data.Entity.Utilities.DbConnectionExtensions.GetProviderInfo(DbConnection connection, DbProviderManifest& providerManifest)
at System.Data.Entity.DbModelBuilder.Build(DbConnection providerConnection)
at System.Data.Entity.Internal.LazyInternalContext.CreateModel(LazyInternalContext internalContext)
at System.Data.Entity.Internal.RetryLazy`2.GetValue(TInput input)
at System.Data.Entity.Internal.LazyInternalContext.InitializeContext()
at System.Data.Entity.Internal.InternalContext.CreateObjectContextForDdlOps()
at System.Data.Entity.Database.Create(DatabaseExistenceState existenceState)
at System.Data.Entity.Database.Create()
at Nop.Data.Tests.PersistenceTest.SetUp() in C:\Users\yowko151215\Source\Repos\jenkins-labs-1\Tests\Nop.Data.Tests\PersistenceTest.cs:line 21
]]></stack-trace>
                                </failure>
                              </test-case>
                              <test-case name="Nop.Data.Tests.Customers.CustomerPersistenceTests.Can_set_default_billing_and_shipping_address" executed="True" result="Error" success="False" time="0.012" asserts="0">
                                <failure>
                                  <message><![CDATA[SetUp : System.InvalidOperationException : No Entity Framework provider found for the ADO.NET provider with invariant name 'System.Data.SqlServerCe.4.0'. Make sure the provider is registered in the 'entityFramework' section of the application config file. See http://go.microsoft.com/fwlink/?LinkId=260882 for more information.]]></message>
                                  <stack-trace><![CDATA[at System.Data.Entity.Infrastructure.DependencyResolution.DefaultProviderServicesResolver.GetService(Type type, Object key)
at System.Data.Entity.Infrastructure.DependencyResolution.CachingDependencyResolver.<>c__DisplayClass1.<GetService>b__0(Tuple`2 k)
at System.Collections.Concurrent.ConcurrentDictionary`2.GetOrAdd(TKey key, Func`2 valueFactory)
at System.Data.Entity.Infrastructure.DependencyResolution.CachingDependencyResolver.GetService(Type type, Object key)
at System.Data.Entity.Infrastructure.DependencyResolution.ResolverChain.<>c__DisplayClass3.<GetService>b__0(IDbDependencyResolver r)
at System.Linq.Enumerable.WhereSelectArrayIterator`2.MoveNext()
at System.Linq.Enumerable.FirstOrDefault[TSource](IEnumerable`1 source, Func`2 predicate)
at System.Data.Entity.Infrastructure.DependencyResolution.ResolverChain.GetService(Type type, Object key)
at System.Data.Entity.Infrastructure.DependencyResolution.RootDependencyResolver.GetService(Type type, Object key)
at System.Data.Entity.Infrastructure.DependencyResolution.ResolverChain.<>c__DisplayClass3.<GetService>b__0(IDbDependencyResolver r)
at System.Linq.Enumerable.WhereSelectArrayIterator`2.MoveNext()
at System.Linq.Enumerable.FirstOrDefault[TSource](IEnumerable`1 source, Func`2 predicate)
at System.Data.Entity.Infrastructure.DependencyResolution.ResolverChain.GetService(Type type, Object key)
at System.Data.Entity.Infrastructure.DependencyResolution.CompositeResolver`2.GetService(Type type, Object key)
at System.Data.Entity.Infrastructure.DependencyResolution.DbDependencyResolverExtensions.GetService[T](IDbDependencyResolver resolver, Object key)
at System.Data.Entity.Utilities.DbProviderFactoryExtensions.GetProviderServices(DbProviderFactory factory)
at System.Data.Entity.Infrastructure.DefaultManifestTokenResolver.<>c__DisplayClass1.<ResolveManifestToken>b__0(Tuple`3 k)
at System.Collections.Concurrent.ConcurrentDictionary`2.GetOrAdd(TKey key, Func`2 valueFactory)
at System.Data.Entity.Infrastructure.DefaultManifestTokenResolver.ResolveManifestToken(DbConnection connection)
at System.Data.Entity.Utilities.DbConnectionExtensions.GetProviderInfo(DbConnection connection, DbProviderManifest& providerManifest)
at System.Data.Entity.DbModelBuilder.Build(DbConnection providerConnection)
at System.Data.Entity.Internal.LazyInternalContext.CreateModel(LazyInternalContext internalContext)
at System.Data.Entity.Internal.RetryLazy`2.GetValue(TInput input)
at System.Data.Entity.Internal.LazyInternalContext.InitializeContext()
at System.Data.Entity.Internal.InternalContext.CreateObjectContextForDdlOps()
at System.Data.Entity.Database.Create(DatabaseExistenceState existenceState)
at System.Data.Entity.Database.Create()
at Nop.Data.Tests.PersistenceTest.SetUp() in C:\Users\yowko151215\Source\Repos\jenkins-labs-1\Tests\Nop.Data.Tests\PersistenceTest.cs:line 21
]]></stack-trace>
                                </failure>
                              </test-case>
                            </results>
                          </test-suite>
                          <test-suite type="TestFixture" name="CustomerRolePersistenceTests" executed="True" result="Failure" success="False" time="0.035" asserts="0">
                            <results>
                              <test-case name="Nop.Data.Tests.Customers.CustomerRolePersistenceTests.Can_save_and_load_customerRole" executed="True" result="Error" success="False" time="0.012" asserts="0">
                                <failure>
                                  <message><![CDATA[SetUp : System.InvalidOperationException : No Entity Framework provider found for the ADO.NET provider with invariant name 'System.Data.SqlServerCe.4.0'. Make sure the provider is registered in the 'entityFramework' section of the application config file. See http://go.microsoft.com/fwlink/?LinkId=260882 for more information.]]></message>
                                  <stack-trace><![CDATA[at System.Data.Entity.Infrastructure.DependencyResolution.DefaultProviderServicesResolver.GetService(Type type, Object key)
at System.Data.Entity.Infrastructure.DependencyResolution.CachingDependencyResolver.<>c__DisplayClass1.<GetService>b__0(Tuple`2 k)
at System.Collections.Concurrent.ConcurrentDictionary`2.GetOrAdd(TKey key, Func`2 valueFactory)
at System.Data.Entity.Infrastructure.DependencyResolution.CachingDependencyResolver.GetService(Type type, Object key)
at System.Data.Entity.Infrastructure.DependencyResolution.ResolverChain.<>c__DisplayClass3.<GetService>b__0(IDbDependencyResolver r)
at System.Linq.Enumerable.WhereSelectArrayIterator`2.MoveNext()
at System.Linq.Enumerable.FirstOrDefault[TSource](IEnumerable`1 source, Func`2 predicate)
at System.Data.Entity.Infrastructure.DependencyResolution.ResolverChain.GetService(Type type, Object key)
at System.Data.Entity.Infrastructure.DependencyResolution.RootDependencyResolver.GetService(Type type, Object key)
at System.Data.Entity.Infrastructure.DependencyResolution.ResolverChain.<>c__DisplayClass3.<GetService>b__0(IDbDependencyResolver r)
at System.Linq.Enumerable.WhereSelectArrayIterator`2.MoveNext()
at System.Linq.Enumerable.FirstOrDefault[TSource](IEnumerable`1 source, Func`2 predicate)
at System.Data.Entity.Infrastructure.DependencyResolution.ResolverChain.GetService(Type type, Object key)
at System.Data.Entity.Infrastructure.DependencyResolution.CompositeResolver`2.GetService(Type type, Object key)
at System.Data.Entity.Infrastructure.DependencyResolution.DbDependencyResolverExtensions.GetService[T](IDbDependencyResolver resolver, Object key)
at System.Data.Entity.Utilities.DbProviderFactoryExtensions.GetProviderServices(DbProviderFactory factory)
at System.Data.Entity.Infrastructure.DefaultManifestTokenResolver.<>c__DisplayClass1.<ResolveManifestToken>b__0(Tuple`3 k)
at System.Collections.Concurrent.ConcurrentDictionary`2.GetOrAdd(TKey key, Func`2 valueFactory)
at System.Data.Entity.Infrastructure.DefaultManifestTokenResolver.ResolveManifestToken(DbConnection connection)
at System.Data.Entity.Utilities.DbConnectionExtensions.GetProviderInfo(DbConnection connection, DbProviderManifest& providerManifest)
at System.Data.Entity.DbModelBuilder.Build(DbConnection providerConnection)
at System.Data.Entity.Internal.LazyInternalContext.CreateModel(LazyInternalContext internalContext)
at System.Data.Entity.Internal.RetryLazy`2.GetValue(TInput input)
at System.Data.Entity.Internal.LazyInternalContext.InitializeContext()
at System.Data.Entity.Internal.InternalContext.CreateObjectContextForDdlOps()
at System.Data.Entity.Database.Create(DatabaseExistenceState existenceState)
at System.Data.Entity.Database.Create()
at Nop.Data.Tests.PersistenceTest.SetUp() in C:\Users\yowko151215\Source\Repos\jenkins-labs-1\Tests\Nop.Data.Tests\PersistenceTest.cs:line 21
]]></stack-trace>
                                </failure>
                              </test-case>
                              <test-case name="Nop.Data.Tests.Customers.CustomerRolePersistenceTests.Can_save_and_load_customerRole_with_permissions" executed="True" result="Error" success="False" time="0.012" asserts="0">
                                <failure>
                                  <message><![CDATA[SetUp : System.InvalidOperationException : No Entity Framework provider found for the ADO.NET provider with invariant name 'System.Data.SqlServerCe.4.0'. Make sure the provider is registered in the 'entityFramework' section of the application config file. See http://go.microsoft.com/fwlink/?LinkId=260882 for more information.]]></message>
                                  <stack-trace><![CDATA[at System.Data.Entity.Infrastructure.DependencyResolution.DefaultProviderServicesResolver.GetService(Type type, Object key)
at System.Data.Entity.Infrastructure.DependencyResolution.CachingDependencyResolver.<>c__DisplayClass1.<GetService>b__0(Tuple`2 k)
at System.Collections.Concurrent.ConcurrentDictionary`2.GetOrAdd(TKey key, Func`2 valueFactory)
at System.Data.Entity.Infrastructure.DependencyResolution.CachingDependencyResolver.GetService(Type type, Object key)
at System.Data.Entity.Infrastructure.DependencyResolution.ResolverChain.<>c__DisplayClass3.<GetService>b__0(IDbDependencyResolver r)
at System.Linq.Enumerable.WhereSelectArrayIterator`2.MoveNext()
at System.Linq.Enumerable.FirstOrDefault[TSource](IEnumerable`1 source, Func`2 predicate)
at System.Data.Entity.Infrastructure.DependencyResolution.ResolverChain.GetService(Type type, Object key)
at System.Data.Entity.Infrastructure.DependencyResolution.RootDependencyResolver.GetService(Type type, Object key)
at System.Data.Entity.Infrastructure.DependencyResolution.ResolverChain.<>c__DisplayClass3.<GetService>b__0(IDbDependencyResolver r)
at System.Linq.Enumerable.WhereSelectArrayIterator`2.MoveNext()
at System.Linq.Enumerable.FirstOrDefault[TSource](IEnumerable`1 source, Func`2 predicate)
at System.Data.Entity.Infrastructure.DependencyResolution.ResolverChain.GetService(Type type, Object key)
at System.Data.Entity.Infrastructure.DependencyResolution.CompositeResolver`2.GetService(Type type, Object key)
at System.Data.Entity.Infrastructure.DependencyResolution.DbDependencyResolverExtensions.GetService[T](IDbDependencyResolver resolver, Object key)
at System.Data.Entity.Utilities.DbProviderFactoryExtensions.GetProviderServices(DbProviderFactory factory)
at System.Data.Entity.Infrastructure.DefaultManifestTokenResolver.<>c__DisplayClass1.<ResolveManifestToken>b__0(Tuple`3 k)
at System.Collections.Concurrent.ConcurrentDictionary`2.GetOrAdd(TKey key, Func`2 valueFactory)
at System.Data.Entity.Infrastructure.DefaultManifestTokenResolver.ResolveManifestToken(DbConnection connection)
at System.Data.Entity.Utilities.DbConnectionExtensions.GetProviderInfo(DbConnection connection, DbProviderManifest& providerManifest)
at System.Data.Entity.DbModelBuilder.Build(DbConnection providerConnection)
at System.Data.Entity.Internal.LazyInternalContext.CreateModel(LazyInternalContext internalContext)
at System.Data.Entity.Internal.RetryLazy`2.GetValue(TInput input)
at System.Data.Entity.Internal.LazyInternalContext.InitializeContext()
at System.Data.Entity.Internal.InternalContext.CreateObjectContextForDdlOps()
at System.Data.Entity.Database.Create(DatabaseExistenceState existenceState)
at System.Data.Entity.Database.Create()
at Nop.Data.Tests.PersistenceTest.SetUp() in C:\Users\yowko151215\Source\Repos\jenkins-labs-1\Tests\Nop.Data.Tests\PersistenceTest.cs:line 21
]]></stack-trace>
                                </failure>
                              </test-case>
                            </results>
                          </test-suite>
                          <test-suite type="TestFixture" name="ExternalAuthenticationRecordPersistenceTests" executed="True" result="Failure" success="False" time="0.013" asserts="0">
                            <results>
                              <test-case name="Nop.Data.Tests.Customers.ExternalAuthenticationRecordPersistenceTests.Can_save_and_load_externalAuthenticationRecord" executed="True" result="Error" success="False" time="0.012" asserts="0">
                                <failure>
                                  <message><![CDATA[SetUp : System.InvalidOperationException : No Entity Framework provider found for the ADO.NET provider with invariant name 'System.Data.SqlServerCe.4.0'. Make sure the provider is registered in the 'entityFramework' section of the application config file. See http://go.microsoft.com/fwlink/?LinkId=260882 for more information.]]></message>
                                  <stack-trace><![CDATA[at System.Data.Entity.Infrastructure.DependencyResolution.DefaultProviderServicesResolver.GetService(Type type, Object key)
at System.Data.Entity.Infrastructure.DependencyResolution.CachingDependencyResolver.<>c__DisplayClass1.<GetService>b__0(Tuple`2 k)
at System.Collections.Concurrent.ConcurrentDictionary`2.GetOrAdd(TKey key, Func`2 valueFactory)
at System.Data.Entity.Infrastructure.DependencyResolution.CachingDependencyResolver.GetService(Type type, Object key)
at System.Data.Entity.Infrastructure.DependencyResolution.ResolverChain.<>c__DisplayClass3.<GetService>b__0(IDbDependencyResolver r)
at System.Linq.Enumerable.WhereSelectArrayIterator`2.MoveNext()
at System.Linq.Enumerable.FirstOrDefault[TSource](IEnumerable`1 source, Func`2 predicate)
at System.Data.Entity.Infrastructure.DependencyResolution.ResolverChain.GetService(Type type, Object key)
at System.Data.Entity.Infrastructure.DependencyResolution.RootDependencyResolver.GetService(Type type, Object key)
at System.Data.Entity.Infrastructure.DependencyResolution.ResolverChain.<>c__DisplayClass3.<GetService>b__0(IDbDependencyResolver r)
at System.Linq.Enumerable.WhereSelectArrayIterator`2.MoveNext()
at System.Linq.Enumerable.FirstOrDefault[TSource](IEnumerable`1 source, Func`2 predicate)
at System.Data.Entity.Infrastructure.DependencyResolution.ResolverChain.GetService(Type type, Object key)
at System.Data.Entity.Infrastructure.DependencyResolution.CompositeResolver`2.GetService(Type type, Object key)
at System.Data.Entity.Infrastructure.DependencyResolution.DbDependencyResolverExtensions.GetService[T](IDbDependencyResolver resolver, Object key)
at System.Data.Entity.Utilities.DbProviderFactoryExtensions.GetProviderServices(DbProviderFactory factory)
at System.Data.Entity.Infrastructure.DefaultManifestTokenResolver.<>c__DisplayClass1.<ResolveManifestToken>b__0(Tuple`3 k)
at System.Collections.Concurrent.ConcurrentDictionary`2.GetOrAdd(TKey key, Func`2 valueFactory)
at System.Data.Entity.Infrastructure.DefaultManifestTokenResolver.ResolveManifestToken(DbConnection connection)
at System.Data.Entity.Utilities.DbConnectionExtensions.GetProviderInfo(DbConnection connection, DbProviderManifest& providerManifest)
at System.Data.Entity.DbModelBuilder.Build(DbConnection providerConnection)
at System.Data.Entity.Internal.LazyInternalContext.CreateModel(LazyInternalContext internalContext)
at System.Data.Entity.Internal.RetryLazy`2.GetValue(TInput input)
at System.Data.Entity.Internal.LazyInternalContext.InitializeContext()
at System.Data.Entity.Internal.InternalContext.CreateObjectContextForDdlOps()
at System.Data.Entity.Database.Create(DatabaseExistenceState existenceState)
at System.Data.Entity.Database.Create()
at Nop.Data.Tests.PersistenceTest.SetUp() in C:\Users\yowko151215\Source\Repos\jenkins-labs-1\Tests\Nop.Data.Tests\PersistenceTest.cs:line 21
]]></stack-trace>
                                </failure>
                              </test-case>
                            </results>
                          </test-suite>
                          <test-suite type="TestFixture" name="RewardPointsHistoryPersistenceTests" executed="True" result="Failure" success="False" time="0.044" asserts="0">
                            <results>
                              <test-case name="Nop.Data.Tests.Customers.RewardPointsHistoryPersistenceTests.Can_save_and_load_rewardPointsHistory" executed="True" result="Error" success="False" time="0.012" asserts="0">
                                <failure>
                                  <message><![CDATA[SetUp : System.InvalidOperationException : No Entity Framework provider found for the ADO.NET provider with invariant name 'System.Data.SqlServerCe.4.0'. Make sure the provider is registered in the 'entityFramework' section of the application config file. See http://go.microsoft.com/fwlink/?LinkId=260882 for more information.]]></message>
                                  <stack-trace><![CDATA[at System.Data.Entity.Infrastructure.DependencyResolution.DefaultProviderServicesResolver.GetService(Type type, Object key)
at System.Data.Entity.Infrastructure.DependencyResolution.CachingDependencyResolver.<>c__DisplayClass1.<GetService>b__0(Tuple`2 k)
at System.Collections.Concurrent.ConcurrentDictionary`2.GetOrAdd(TKey key, Func`2 valueFactory)
at System.Data.Entity.Infrastructure.DependencyResolution.CachingDependencyResolver.GetService(Type type, Object key)
at System.Data.Entity.Infrastructure.DependencyResolution.ResolverChain.<>c__DisplayClass3.<GetService>b__0(IDbDependencyResolver r)
at System.Linq.Enumerable.WhereSelectArrayIterator`2.MoveNext()
at System.Linq.Enumerable.FirstOrDefault[TSource](IEnumerable`1 source, Func`2 predicate)
at System.Data.Entity.Infrastructure.DependencyResolution.ResolverChain.GetService(Type type, Object key)
at System.Data.Entity.Infrastructure.DependencyResolution.RootDependencyResolver.GetService(Type type, Object key)
at System.Data.Entity.Infrastructure.DependencyResolution.ResolverChain.<>c__DisplayClass3.<GetService>b__0(IDbDependencyResolver r)
at System.Linq.Enumerable.WhereSelectArrayIterator`2.MoveNext()
at System.Linq.Enumerable.FirstOrDefault[TSource](IEnumerable`1 source, Func`2 predicate)
at System.Data.Entity.Infrastructure.DependencyResolution.ResolverChain.GetService(Type type, Object key)
at System.Data.Entity.Infrastructure.DependencyResolution.CompositeResolver`2.GetService(Type type, Object key)
at System.Data.Entity.Infrastructure.DependencyResolution.DbDependencyResolverExtensions.GetService[T](IDbDependencyResolver resolver, Object key)
at System.Data.Entity.Utilities.DbProviderFactoryExtensions.GetProviderServices(DbProviderFactory factory)
at System.Data.Entity.Infrastructure.DefaultManifestTokenResolver.<>c__DisplayClass1.<ResolveManifestToken>b__0(Tuple`3 k)
at System.Collections.Concurrent.ConcurrentDictionary`2.GetOrAdd(TKey key, Func`2 valueFactory)
at System.Data.Entity.Infrastructure.DefaultManifestTokenResolver.ResolveManifestToken(DbConnection connection)
at System.Data.Entity.Utilities.DbConnectionExtensions.GetProviderInfo(DbConnection connection, DbProviderManifest& providerManifest)
at System.Data.Entity.DbModelBuilder.Build(DbConnection providerConnection)
at System.Data.Entity.Internal.LazyInternalContext.CreateModel(LazyInternalContext internalContext)
at System.Data.Entity.Internal.RetryLazy`2.GetValue(TInput input)
at System.Data.Entity.Internal.LazyInternalContext.InitializeContext()
at System.Data.Entity.Internal.InternalContext.CreateObjectContextForDdlOps()
at System.Data.Entity.Database.Create(DatabaseExistenceState existenceState)
at System.Data.Entity.Database.Create()
at Nop.Data.Tests.PersistenceTest.SetUp() in C:\Users\yowko151215\Source\Repos\jenkins-labs-1\Tests\Nop.Data.Tests\PersistenceTest.cs:line 21
]]></stack-trace>
                                </failure>
                              </test-case>
                              <test-case name="Nop.Data.Tests.Customers.RewardPointsHistoryPersistenceTests.Can_save_and_load_rewardPointsHistory_with_order" executed="True" result="Error" success="False" time="0.018" asserts="0">
                                <failure>
                                  <message><![CDATA[SetUp : System.InvalidOperationException : No Entity Framework provider found for the ADO.NET provider with invariant name 'System.Data.SqlServerCe.4.0'. Make sure the provider is registered in the 'entityFramework' section of the application config file. See http://go.microsoft.com/fwlink/?LinkId=260882 for more information.]]></message>
                                  <stack-trace><![CDATA[at System.Data.Entity.Infrastructure.DependencyResolution.DefaultProviderServicesResolver.GetService(Type type, Object key)
at System.Data.Entity.Infrastructure.DependencyResolution.CachingDependencyResolver.<>c__DisplayClass1.<GetService>b__0(Tuple`2 k)
at System.Collections.Concurrent.ConcurrentDictionary`2.GetOrAdd(TKey key, Func`2 valueFactory)
at System.Data.Entity.Infrastructure.DependencyResolution.CachingDependencyResolver.GetService(Type type, Object key)
at System.Data.Entity.Infrastructure.DependencyResolution.ResolverChain.<>c__DisplayClass3.<GetService>b__0(IDbDependencyResolver r)
at System.Linq.Enumerable.WhereSelectArrayIterator`2.MoveNext()
at System.Linq.Enumerable.FirstOrDefault[TSource](IEnumerable`1 source, Func`2 predicate)
at System.Data.Entity.Infrastructure.DependencyResolution.ResolverChain.GetService(Type type, Object key)
at System.Data.Entity.Infrastructure.DependencyResolution.RootDependencyResolver.GetService(Type type, Object key)
at System.Data.Entity.Infrastructure.DependencyResolution.ResolverChain.<>c__DisplayClass3.<GetService>b__0(IDbDependencyResolver r)
at System.Linq.Enumerable.WhereSelectArrayIterator`2.MoveNext()
at System.Linq.Enumerable.FirstOrDefault[TSource](IEnumerable`1 source, Func`2 predicate)
at System.Data.Entity.Infrastructure.DependencyResolution.ResolverChain.GetService(Type type, Object key)
at System.Data.Entity.Infrastructure.DependencyResolution.CompositeResolver`2.GetService(Type type, Object key)
at System.Data.Entity.Infrastructure.DependencyResolution.DbDependencyResolverExtensions.GetService[T](IDbDependencyResolver resolver, Object key)
at System.Data.Entity.Utilities.DbProviderFactoryExtensions.GetProviderServices(DbProviderFactory factory)
at System.Data.Entity.Infrastructure.DefaultManifestTokenResolver.<>c__DisplayClass1.<ResolveManifestToken>b__0(Tuple`3 k)
at System.Collections.Concurrent.ConcurrentDictionary`2.GetOrAdd(TKey key, Func`2 valueFactory)
at System.Data.Entity.Infrastructure.DefaultManifestTokenResolver.ResolveManifestToken(DbConnection connection)
at System.Data.Entity.Utilities.DbConnectionExtensions.GetProviderInfo(DbConnection connection, DbProviderManifest& providerManifest)
at System.Data.Entity.DbModelBuilder.Build(DbConnection providerConnection)
at System.Data.Entity.Internal.LazyInternalContext.CreateModel(LazyInternalContext internalContext)
at System.Data.Entity.Internal.RetryLazy`2.GetValue(TInput input)
at System.Data.Entity.Internal.LazyInternalContext.InitializeContext()
at System.Data.Entity.Internal.InternalContext.CreateObjectContextForDdlOps()
at System.Data.Entity.Database.Create(DatabaseExistenceState existenceState)
at System.Data.Entity.Database.Create()
at Nop.Data.Tests.PersistenceTest.SetUp() in C:\Users\yowko151215\Source\Repos\jenkins-labs-1\Tests\Nop.Data.Tests\PersistenceTest.cs:line 21
]]></stack-trace>
                                </failure>
                              </test-case>
                            </results>
                          </test-suite>
                        </results>
                      </test-suite>
                      <test-suite type="Namespace" name="Directory" executed="True" result="Failure" success="False" time="0.150" asserts="0">
                        <results>
                          <test-suite type="TestFixture" name="CountryPersistenceTests" executed="True" result="Failure" success="False" time="0.056" asserts="0">
                            <results>
                              <test-case name="Nop.Data.Tests.Directory.CountryPersistenceTests.Can_save_and_load_country" executed="True" result="Error" success="False" time="0.013" asserts="0">
                                <failure>
                                  <message><![CDATA[SetUp : System.InvalidOperationException : No Entity Framework provider found for the ADO.NET provider with invariant name 'System.Data.SqlServerCe.4.0'. Make sure the provider is registered in the 'entityFramework' section of the application config file. See http://go.microsoft.com/fwlink/?LinkId=260882 for more information.]]></message>
                                  <stack-trace><![CDATA[at System.Data.Entity.Infrastructure.DependencyResolution.DefaultProviderServicesResolver.GetService(Type type, Object key)
at System.Data.Entity.Infrastructure.DependencyResolution.CachingDependencyResolver.<>c__DisplayClass1.<GetService>b__0(Tuple`2 k)
at System.Collections.Concurrent.ConcurrentDictionary`2.GetOrAdd(TKey key, Func`2 valueFactory)
at System.Data.Entity.Infrastructure.DependencyResolution.CachingDependencyResolver.GetService(Type type, Object key)
at System.Data.Entity.Infrastructure.DependencyResolution.ResolverChain.<>c__DisplayClass3.<GetService>b__0(IDbDependencyResolver r)
at System.Linq.Enumerable.WhereSelectArrayIterator`2.MoveNext()
at System.Linq.Enumerable.FirstOrDefault[TSource](IEnumerable`1 source, Func`2 predicate)
at System.Data.Entity.Infrastructure.DependencyResolution.ResolverChain.GetService(Type type, Object key)
at System.Data.Entity.Infrastructure.DependencyResolution.RootDependencyResolver.GetService(Type type, Object key)
at System.Data.Entity.Infrastructure.DependencyResolution.ResolverChain.<>c__DisplayClass3.<GetService>b__0(IDbDependencyResolver r)
at System.Linq.Enumerable.WhereSelectArrayIterator`2.MoveNext()
at System.Linq.Enumerable.FirstOrDefault[TSource](IEnumerable`1 source, Func`2 predicate)
at System.Data.Entity.Infrastructure.DependencyResolution.ResolverChain.GetService(Type type, Object key)
at System.Data.Entity.Infrastructure.DependencyResolution.CompositeResolver`2.GetService(Type type, Object key)
at System.Data.Entity.Infrastructure.DependencyResolution.DbDependencyResolverExtensions.GetService[T](IDbDependencyResolver resolver, Object key)
at System.Data.Entity.Utilities.DbProviderFactoryExtensions.GetProviderServices(DbProviderFactory factory)
at System.Data.Entity.Infrastructure.DefaultManifestTokenResolver.<>c__DisplayClass1.<ResolveManifestToken>b__0(Tuple`3 k)
at System.Collections.Concurrent.ConcurrentDictionary`2.GetOrAdd(TKey key, Func`2 valueFactory)
at System.Data.Entity.Infrastructure.DefaultManifestTokenResolver.ResolveManifestToken(DbConnection connection)
at System.Data.Entity.Utilities.DbConnectionExtensions.GetProviderInfo(DbConnection connection, DbProviderManifest& providerManifest)
at System.Data.Entity.DbModelBuilder.Build(DbConnection providerConnection)
at System.Data.Entity.Internal.LazyInternalContext.CreateModel(LazyInternalContext internalContext)
at System.Data.Entity.Internal.RetryLazy`2.GetValue(TInput input)
at System.Data.Entity.Internal.LazyInternalContext.InitializeContext()
at System.Data.Entity.Internal.InternalContext.CreateObjectContextForDdlOps()
at System.Data.Entity.Database.Create(DatabaseExistenceState existenceState)
at System.Data.Entity.Database.Create()
at Nop.Data.Tests.PersistenceTest.SetUp() in C:\Users\yowko151215\Source\Repos\jenkins-labs-1\Tests\Nop.Data.Tests\PersistenceTest.cs:line 21
]]></stack-trace>
                                </failure>
                              </test-case>
                              <test-case name="Nop.Data.Tests.Directory.CountryPersistenceTests.Can_save_and_load_country_with_restrictions" executed="True" result="Error" success="False" time="0.012" asserts="0">
                                <failure>
                                  <message><![CDATA[SetUp : System.InvalidOperationException : No Entity Framework provider found for the ADO.NET provider with invariant name 'System.Data.SqlServerCe.4.0'. Make sure the provider is registered in the 'entityFramework' section of the application config file. See http://go.microsoft.com/fwlink/?LinkId=260882 for more information.]]></message>
                                  <stack-trace><![CDATA[at System.Data.Entity.Infrastructure.DependencyResolution.DefaultProviderServicesResolver.GetService(Type type, Object key)
at System.Data.Entity.Infrastructure.DependencyResolution.CachingDependencyResolver.<>c__DisplayClass1.<GetService>b__0(Tuple`2 k)
at System.Collections.Concurrent.ConcurrentDictionary`2.GetOrAdd(TKey key, Func`2 valueFactory)
at System.Data.Entity.Infrastructure.DependencyResolution.CachingDependencyResolver.GetService(Type type, Object key)
at System.Data.Entity.Infrastructure.DependencyResolution.ResolverChain.<>c__DisplayClass3.<GetService>b__0(IDbDependencyResolver r)
at System.Linq.Enumerable.WhereSelectArrayIterator`2.MoveNext()
at System.Linq.Enumerable.FirstOrDefault[TSource](IEnumerable`1 source, Func`2 predicate)
at System.Data.Entity.Infrastructure.DependencyResolution.ResolverChain.GetService(Type type, Object key)
at System.Data.Entity.Infrastructure.DependencyResolution.RootDependencyResolver.GetService(Type type, Object key)
at System.Data.Entity.Infrastructure.DependencyResolution.ResolverChain.<>c__DisplayClass3.<GetService>b__0(IDbDependencyResolver r)
at System.Linq.Enumerable.WhereSelectArrayIterator`2.MoveNext()
at System.Linq.Enumerable.FirstOrDefault[TSource](IEnumerable`1 source, Func`2 predicate)
at System.Data.Entity.Infrastructure.DependencyResolution.ResolverChain.GetService(Type type, Object key)
at System.Data.Entity.Infrastructure.DependencyResolution.CompositeResolver`2.GetService(Type type, Object key)
at System.Data.Entity.Infrastructure.DependencyResolution.DbDependencyResolverExtensions.GetService[T](IDbDependencyResolver resolver, Object key)
at System.Data.Entity.Utilities.DbProviderFactoryExtensions.GetProviderServices(DbProviderFactory factory)
at System.Data.Entity.Infrastructure.DefaultManifestTokenResolver.<>c__DisplayClass1.<ResolveManifestToken>b__0(Tuple`3 k)
at System.Collections.Concurrent.ConcurrentDictionary`2.GetOrAdd(TKey key, Func`2 valueFactory)
at System.Data.Entity.Infrastructure.DefaultManifestTokenResolver.ResolveManifestToken(DbConnection connection)
at System.Data.Entity.Utilities.DbConnectionExtensions.GetProviderInfo(DbConnection connection, DbProviderManifest& providerManifest)
at System.Data.Entity.DbModelBuilder.Build(DbConnection providerConnection)
at System.Data.Entity.Internal.LazyInternalContext.CreateModel(LazyInternalContext internalContext)
at System.Data.Entity.Internal.RetryLazy`2.GetValue(TInput input)
at System.Data.Entity.Internal.LazyInternalContext.InitializeContext()
at System.Data.Entity.Internal.InternalContext.CreateObjectContextForDdlOps()
at System.Data.Entity.Database.Create(DatabaseExistenceState existenceState)
at System.Data.Entity.Database.Create()
at Nop.Data.Tests.PersistenceTest.SetUp() in C:\Users\yowko151215\Source\Repos\jenkins-labs-1\Tests\Nop.Data.Tests\PersistenceTest.cs:line 21
]]></stack-trace>
                                </failure>
                              </test-case>
                              <test-case name="Nop.Data.Tests.Directory.CountryPersistenceTests.Can_save_and_load_country_with_states" executed="True" result="Error" success="False" time="0.012" asserts="0">
                                <failure>
                                  <message><![CDATA[SetUp : System.InvalidOperationException : No Entity Framework provider found for the ADO.NET provider with invariant name 'System.Data.SqlServerCe.4.0'. Make sure the provider is registered in the 'entityFramework' section of the application config file. See http://go.microsoft.com/fwlink/?LinkId=260882 for more information.]]></message>
                                  <stack-trace><![CDATA[at System.Data.Entity.Infrastructure.DependencyResolution.DefaultProviderServicesResolver.GetService(Type type, Object key)
at System.Data.Entity.Infrastructure.DependencyResolution.CachingDependencyResolver.<>c__DisplayClass1.<GetService>b__0(Tuple`2 k)
at System.Collections.Concurrent.ConcurrentDictionary`2.GetOrAdd(TKey key, Func`2 valueFactory)
at System.Data.Entity.Infrastructure.DependencyResolution.CachingDependencyResolver.GetService(Type type, Object key)
at System.Data.Entity.Infrastructure.DependencyResolution.ResolverChain.<>c__DisplayClass3.<GetService>b__0(IDbDependencyResolver r)
at System.Linq.Enumerable.WhereSelectArrayIterator`2.MoveNext()
at System.Linq.Enumerable.FirstOrDefault[TSource](IEnumerable`1 source, Func`2 predicate)
at System.Data.Entity.Infrastructure.DependencyResolution.ResolverChain.GetService(Type type, Object key)
at System.Data.Entity.Infrastructure.DependencyResolution.RootDependencyResolver.GetService(Type type, Object key)
at System.Data.Entity.Infrastructure.DependencyResolution.ResolverChain.<>c__DisplayClass3.<GetService>b__0(IDbDependencyResolver r)
at System.Linq.Enumerable.WhereSelectArrayIterator`2.MoveNext()
at System.Linq.Enumerable.FirstOrDefault[TSource](IEnumerable`1 source, Func`2 predicate)
at System.Data.Entity.Infrastructure.DependencyResolution.ResolverChain.GetService(Type type, Object key)
at System.Data.Entity.Infrastructure.DependencyResolution.CompositeResolver`2.GetService(Type type, Object key)
at System.Data.Entity.Infrastructure.DependencyResolution.DbDependencyResolverExtensions.GetService[T](IDbDependencyResolver resolver, Object key)
at System.Data.Entity.Utilities.DbProviderFactoryExtensions.GetProviderServices(DbProviderFactory factory)
at System.Data.Entity.Infrastructure.DefaultManifestTokenResolver.<>c__DisplayClass1.<ResolveManifestToken>b__0(Tuple`3 k)
at System.Collections.Concurrent.ConcurrentDictionary`2.GetOrAdd(TKey key, Func`2 valueFactory)
at System.Data.Entity.Infrastructure.DefaultManifestTokenResolver.ResolveManifestToken(DbConnection connection)
at System.Data.Entity.Utilities.DbConnectionExtensions.GetProviderInfo(DbConnection connection, DbProviderManifest& providerManifest)
at System.Data.Entity.DbModelBuilder.Build(DbConnection providerConnection)
at System.Data.Entity.Internal.LazyInternalContext.CreateModel(LazyInternalContext internalContext)
at System.Data.Entity.Internal.RetryLazy`2.GetValue(TInput input)
at System.Data.Entity.Internal.LazyInternalContext.InitializeContext()
at System.Data.Entity.Internal.InternalContext.CreateObjectContextForDdlOps()
at System.Data.Entity.Database.Create(DatabaseExistenceState existenceState)
at System.Data.Entity.Database.Create()
at Nop.Data.Tests.PersistenceTest.SetUp() in C:\Users\yowko151215\Source\Repos\jenkins-labs-1\Tests\Nop.Data.Tests\PersistenceTest.cs:line 21
]]></stack-trace>
                                </failure>
                              </test-case>
                            </results>
                          </test-suite>
                          <test-suite type="TestFixture" name="CurrencyPersistenceTests" executed="True" result="Failure" success="False" time="0.013" asserts="0">
                            <results>
                              <test-case name="Nop.Data.Tests.Directory.CurrencyPersistenceTests.Can_save_and_load_currency" executed="True" result="Error" success="False" time="0.012" asserts="0">
                                <failure>
                                  <message><![CDATA[SetUp : System.InvalidOperationException : No Entity Framework provider found for the ADO.NET provider with invariant name 'System.Data.SqlServerCe.4.0'. Make sure the provider is registered in the 'entityFramework' section of the application config file. See http://go.microsoft.com/fwlink/?LinkId=260882 for more information.]]></message>
                                  <stack-trace><![CDATA[at System.Data.Entity.Infrastructure.DependencyResolution.DefaultProviderServicesResolver.GetService(Type type, Object key)
at System.Data.Entity.Infrastructure.DependencyResolution.CachingDependencyResolver.<>c__DisplayClass1.<GetService>b__0(Tuple`2 k)
at System.Collections.Concurrent.ConcurrentDictionary`2.GetOrAdd(TKey key, Func`2 valueFactory)
at System.Data.Entity.Infrastructure.DependencyResolution.CachingDependencyResolver.GetService(Type type, Object key)
at System.Data.Entity.Infrastructure.DependencyResolution.ResolverChain.<>c__DisplayClass3.<GetService>b__0(IDbDependencyResolver r)
at System.Linq.Enumerable.WhereSelectArrayIterator`2.MoveNext()
at System.Linq.Enumerable.FirstOrDefault[TSource](IEnumerable`1 source, Func`2 predicate)
at System.Data.Entity.Infrastructure.DependencyResolution.ResolverChain.GetService(Type type, Object key)
at System.Data.Entity.Infrastructure.DependencyResolution.RootDependencyResolver.GetService(Type type, Object key)
at System.Data.Entity.Infrastructure.DependencyResolution.ResolverChain.<>c__DisplayClass3.<GetService>b__0(IDbDependencyResolver r)
at System.Linq.Enumerable.WhereSelectArrayIterator`2.MoveNext()
at System.Linq.Enumerable.FirstOrDefault[TSource](IEnumerable`1 source, Func`2 predicate)
at System.Data.Entity.Infrastructure.DependencyResolution.ResolverChain.GetService(Type type, Object key)
at System.Data.Entity.Infrastructure.DependencyResolution.CompositeResolver`2.GetService(Type type, Object key)
at System.Data.Entity.Infrastructure.DependencyResolution.DbDependencyResolverExtensions.GetService[T](IDbDependencyResolver resolver, Object key)
at System.Data.Entity.Utilities.DbProviderFactoryExtensions.GetProviderServices(DbProviderFactory factory)
at System.Data.Entity.Infrastructure.DefaultManifestTokenResolver.<>c__DisplayClass1.<ResolveManifestToken>b__0(Tuple`3 k)
at System.Collections.Concurrent.ConcurrentDictionary`2.GetOrAdd(TKey key, Func`2 valueFactory)
at System.Data.Entity.Infrastructure.DefaultManifestTokenResolver.ResolveManifestToken(DbConnection connection)
at System.Data.Entity.Utilities.DbConnectionExtensions.GetProviderInfo(DbConnection connection, DbProviderManifest& providerManifest)
at System.Data.Entity.DbModelBuilder.Build(DbConnection providerConnection)
at System.Data.Entity.Internal.LazyInternalContext.CreateModel(LazyInternalContext internalContext)
at System.Data.Entity.Internal.RetryLazy`2.GetValue(TInput input)
at System.Data.Entity.Internal.LazyInternalContext.InitializeContext()
at System.Data.Entity.Internal.InternalContext.CreateObjectContextForDdlOps()
at System.Data.Entity.Database.Create(DatabaseExistenceState existenceState)
at System.Data.Entity.Database.Create()
at Nop.Data.Tests.PersistenceTest.SetUp() in C:\Users\yowko151215\Source\Repos\jenkins-labs-1\Tests\Nop.Data.Tests\PersistenceTest.cs:line 21
]]></stack-trace>
                                </failure>
                              </test-case>
                            </results>
                          </test-suite>
                          <test-suite type="TestFixture" name="MeasureDimensionPersistenceTests" executed="True" result="Failure" success="False" time="0.013" asserts="0">
                            <results>
                              <test-case name="Nop.Data.Tests.Directory.MeasureDimensionPersistenceTests.Can_save_and_load_measureDimension" executed="True" result="Error" success="False" time="0.012" asserts="0">
                                <failure>
                                  <message><![CDATA[SetUp : System.InvalidOperationException : No Entity Framework provider found for the ADO.NET provider with invariant name 'System.Data.SqlServerCe.4.0'. Make sure the provider is registered in the 'entityFramework' section of the application config file. See http://go.microsoft.com/fwlink/?LinkId=260882 for more information.]]></message>
                                  <stack-trace><![CDATA[at System.Data.Entity.Infrastructure.DependencyResolution.DefaultProviderServicesResolver.GetService(Type type, Object key)
at System.Data.Entity.Infrastructure.DependencyResolution.CachingDependencyResolver.<>c__DisplayClass1.<GetService>b__0(Tuple`2 k)
at System.Collections.Concurrent.ConcurrentDictionary`2.GetOrAdd(TKey key, Func`2 valueFactory)
at System.Data.Entity.Infrastructure.DependencyResolution.CachingDependencyResolver.GetService(Type type, Object key)
at System.Data.Entity.Infrastructure.DependencyResolution.ResolverChain.<>c__DisplayClass3.<GetService>b__0(IDbDependencyResolver r)
at System.Linq.Enumerable.WhereSelectArrayIterator`2.MoveNext()
at System.Linq.Enumerable.FirstOrDefault[TSource](IEnumerable`1 source, Func`2 predicate)
at System.Data.Entity.Infrastructure.DependencyResolution.ResolverChain.GetService(Type type, Object key)
at System.Data.Entity.Infrastructure.DependencyResolution.RootDependencyResolver.GetService(Type type, Object key)
at System.Data.Entity.Infrastructure.DependencyResolution.ResolverChain.<>c__DisplayClass3.<GetService>b__0(IDbDependencyResolver r)
at System.Linq.Enumerable.WhereSelectArrayIterator`2.MoveNext()
at System.Linq.Enumerable.FirstOrDefault[TSource](IEnumerable`1 source, Func`2 predicate)
at System.Data.Entity.Infrastructure.DependencyResolution.ResolverChain.GetService(Type type, Object key)
at System.Data.Entity.Infrastructure.DependencyResolution.CompositeResolver`2.GetService(Type type, Object key)
at System.Data.Entity.Infrastructure.DependencyResolution.DbDependencyResolverExtensions.GetService[T](IDbDependencyResolver resolver, Object key)
at System.Data.Entity.Utilities.DbProviderFactoryExtensions.GetProviderServices(DbProviderFactory factory)
at System.Data.Entity.Infrastructure.DefaultManifestTokenResolver.<>c__DisplayClass1.<ResolveManifestToken>b__0(Tuple`3 k)
at System.Collections.Concurrent.ConcurrentDictionary`2.GetOrAdd(TKey key, Func`2 valueFactory)
at System.Data.Entity.Infrastructure.DefaultManifestTokenResolver.ResolveManifestToken(DbConnection connection)
at System.Data.Entity.Utilities.DbConnectionExtensions.GetProviderInfo(DbConnection connection, DbProviderManifest& providerManifest)
at System.Data.Entity.DbModelBuilder.Build(DbConnection providerConnection)
at System.Data.Entity.Internal.LazyInternalContext.CreateModel(LazyInternalContext internalContext)
at System.Data.Entity.Internal.RetryLazy`2.GetValue(TInput input)
at System.Data.Entity.Internal.LazyInternalContext.InitializeContext()
at System.Data.Entity.Internal.InternalContext.CreateObjectContextForDdlOps()
at System.Data.Entity.Database.Create(DatabaseExistenceState existenceState)
at System.Data.Entity.Database.Create()
at Nop.Data.Tests.PersistenceTest.SetUp() in C:\Users\yowko151215\Source\Repos\jenkins-labs-1\Tests\Nop.Data.Tests\PersistenceTest.cs:line 21
]]></stack-trace>
                                </failure>
                              </test-case>
                            </results>
                          </test-suite>
                          <test-suite type="TestFixture" name="MeasureWeightPersistenceTests" executed="True" result="Failure" success="False" time="0.018" asserts="0">
                            <results>
                              <test-case name="Nop.Data.Tests.Directory.MeasureWeightPersistenceTests.Can_save_and_load_measureWeight" executed="True" result="Error" success="False" time="0.017" asserts="0">
                                <failure>
                                  <message><![CDATA[SetUp : System.InvalidOperationException : No Entity Framework provider found for the ADO.NET provider with invariant name 'System.Data.SqlServerCe.4.0'. Make sure the provider is registered in the 'entityFramework' section of the application config file. See http://go.microsoft.com/fwlink/?LinkId=260882 for more information.]]></message>
                                  <stack-trace><![CDATA[at System.Data.Entity.Infrastructure.DependencyResolution.DefaultProviderServicesResolver.GetService(Type type, Object key)
at System.Data.Entity.Infrastructure.DependencyResolution.CachingDependencyResolver.<>c__DisplayClass1.<GetService>b__0(Tuple`2 k)
at System.Collections.Concurrent.ConcurrentDictionary`2.GetOrAdd(TKey key, Func`2 valueFactory)
at System.Data.Entity.Infrastructure.DependencyResolution.CachingDependencyResolver.GetService(Type type, Object key)
at System.Data.Entity.Infrastructure.DependencyResolution.ResolverChain.<>c__DisplayClass3.<GetService>b__0(IDbDependencyResolver r)
at System.Linq.Enumerable.WhereSelectArrayIterator`2.MoveNext()
at System.Linq.Enumerable.FirstOrDefault[TSource](IEnumerable`1 source, Func`2 predicate)
at System.Data.Entity.Infrastructure.DependencyResolution.ResolverChain.GetService(Type type, Object key)
at System.Data.Entity.Infrastructure.DependencyResolution.RootDependencyResolver.GetService(Type type, Object key)
at System.Data.Entity.Infrastructure.DependencyResolution.ResolverChain.<>c__DisplayClass3.<GetService>b__0(IDbDependencyResolver r)
at System.Linq.Enumerable.WhereSelectArrayIterator`2.MoveNext()
at System.Linq.Enumerable.FirstOrDefault[TSource](IEnumerable`1 source, Func`2 predicate)
at System.Data.Entity.Infrastructure.DependencyResolution.ResolverChain.GetService(Type type, Object key)
at System.Data.Entity.Infrastructure.DependencyResolution.CompositeResolver`2.GetService(Type type, Object key)
at System.Data.Entity.Infrastructure.DependencyResolution.DbDependencyResolverExtensions.GetService[T](IDbDependencyResolver resolver, Object key)
at System.Data.Entity.Utilities.DbProviderFactoryExtensions.GetProviderServices(DbProviderFactory factory)
at System.Data.Entity.Infrastructure.DefaultManifestTokenResolver.<>c__DisplayClass1.<ResolveManifestToken>b__0(Tuple`3 k)
at System.Collections.Concurrent.ConcurrentDictionary`2.GetOrAdd(TKey key, Func`2 valueFactory)
at System.Data.Entity.Infrastructure.DefaultManifestTokenResolver.ResolveManifestToken(DbConnection connection)
at System.Data.Entity.Utilities.DbConnectionExtensions.GetProviderInfo(DbConnection connection, DbProviderManifest& providerManifest)
at System.Data.Entity.DbModelBuilder.Build(DbConnection providerConnection)
at System.Data.Entity.Internal.LazyInternalContext.CreateModel(LazyInternalContext internalContext)
at System.Data.Entity.Internal.RetryLazy`2.GetValue(TInput input)
at System.Data.Entity.Internal.LazyInternalContext.InitializeContext()
at System.Data.Entity.Internal.InternalContext.CreateObjectContextForDdlOps()
at System.Data.Entity.Database.Create(DatabaseExistenceState existenceState)
at System.Data.Entity.Database.Create()
at Nop.Data.Tests.PersistenceTest.SetUp() in C:\Users\yowko151215\Source\Repos\jenkins-labs-1\Tests\Nop.Data.Tests\PersistenceTest.cs:line 21
]]></stack-trace>
                                </failure>
                              </test-case>
                            </results>
                          </test-suite>
                          <test-suite type="TestFixture" name="StateProvincePersistenceTests" executed="True" result="Failure" success="False" time="0.014" asserts="0">
                            <results>
                              <test-case name="Nop.Data.Tests.Directory.StateProvincePersistenceTests.Can_save_and_load_stateProvince" executed="True" result="Error" success="False" time="0.013" asserts="0">
                                <failure>
                                  <message><![CDATA[SetUp : System.InvalidOperationException : No Entity Framework provider found for the ADO.NET provider with invariant name 'System.Data.SqlServerCe.4.0'. Make sure the provider is registered in the 'entityFramework' section of the application config file. See http://go.microsoft.com/fwlink/?LinkId=260882 for more information.]]></message>
                                  <stack-trace><![CDATA[at System.Data.Entity.Infrastructure.DependencyResolution.DefaultProviderServicesResolver.GetService(Type type, Object key)
at System.Data.Entity.Infrastructure.DependencyResolution.CachingDependencyResolver.<>c__DisplayClass1.<GetService>b__0(Tuple`2 k)
at System.Collections.Concurrent.ConcurrentDictionary`2.GetOrAdd(TKey key, Func`2 valueFactory)
at System.Data.Entity.Infrastructure.DependencyResolution.CachingDependencyResolver.GetService(Type type, Object key)
at System.Data.Entity.Infrastructure.DependencyResolution.ResolverChain.<>c__DisplayClass3.<GetService>b__0(IDbDependencyResolver r)
at System.Linq.Enumerable.WhereSelectArrayIterator`2.MoveNext()
at System.Linq.Enumerable.FirstOrDefault[TSource](IEnumerable`1 source, Func`2 predicate)
at System.Data.Entity.Infrastructure.DependencyResolution.ResolverChain.GetService(Type type, Object key)
at System.Data.Entity.Infrastructure.DependencyResolution.RootDependencyResolver.GetService(Type type, Object key)
at System.Data.Entity.Infrastructure.DependencyResolution.ResolverChain.<>c__DisplayClass3.<GetService>b__0(IDbDependencyResolver r)
at System.Linq.Enumerable.WhereSelectArrayIterator`2.MoveNext()
at System.Linq.Enumerable.FirstOrDefault[TSource](IEnumerable`1 source, Func`2 predicate)
at System.Data.Entity.Infrastructure.DependencyResolution.ResolverChain.GetService(Type type, Object key)
at System.Data.Entity.Infrastructure.DependencyResolution.CompositeResolver`2.GetService(Type type, Object key)
at System.Data.Entity.Infrastructure.DependencyResolution.DbDependencyResolverExtensions.GetService[T](IDbDependencyResolver resolver, Object key)
at System.Data.Entity.Utilities.DbProviderFactoryExtensions.GetProviderServices(DbProviderFactory factory)
at System.Data.Entity.Infrastructure.DefaultManifestTokenResolver.<>c__DisplayClass1.<ResolveManifestToken>b__0(Tuple`3 k)
at System.Collections.Concurrent.ConcurrentDictionary`2.GetOrAdd(TKey key, Func`2 valueFactory)
at System.Data.Entity.Infrastructure.DefaultManifestTokenResolver.ResolveManifestToken(DbConnection connection)
at System.Data.Entity.Utilities.DbConnectionExtensions.GetProviderInfo(DbConnection connection, DbProviderManifest& providerManifest)
at System.Data.Entity.DbModelBuilder.Build(DbConnection providerConnection)
at System.Data.Entity.Internal.LazyInternalContext.CreateModel(LazyInternalContext internalContext)
at System.Data.Entity.Internal.RetryLazy`2.GetValue(TInput input)
at System.Data.Entity.Internal.LazyInternalContext.InitializeContext()
at System.Data.Entity.Internal.InternalContext.CreateObjectContextForDdlOps()
at System.Data.Entity.Database.Create(DatabaseExistenceState existenceState)
at System.Data.Entity.Database.Create()
at Nop.Data.Tests.PersistenceTest.SetUp() in C:\Users\yowko151215\Source\Repos\jenkins-labs-1\Tests\Nop.Data.Tests\PersistenceTest.cs:line 21
]]></stack-trace>
                                </failure>
                              </test-case>
                            </results>
                          </test-suite>
                        </results>
                      </test-suite>
                      <test-suite type="Namespace" name="Discounts" executed="True" result="Failure" success="False" time="0.123" asserts="0">
                        <results>
                          <test-suite type="TestFixture" name="DiscountPersistenceTests" executed="True" result="Failure" success="False" time="0.073" asserts="0">
                            <results>
                              <test-case name="Nop.Data.Tests.Discounts.DiscountPersistenceTests.Can_save_and_load_discount" executed="True" result="Error" success="False" time="0.011" asserts="0">
                                <failure>
                                  <message><![CDATA[SetUp : System.InvalidOperationException : No Entity Framework provider found for the ADO.NET provider with invariant name 'System.Data.SqlServerCe.4.0'. Make sure the provider is registered in the 'entityFramework' section of the application config file. See http://go.microsoft.com/fwlink/?LinkId=260882 for more information.]]></message>
                                  <stack-trace><![CDATA[at System.Data.Entity.Infrastructure.DependencyResolution.DefaultProviderServicesResolver.GetService(Type type, Object key)
at System.Data.Entity.Infrastructure.DependencyResolution.CachingDependencyResolver.<>c__DisplayClass1.<GetService>b__0(Tuple`2 k)
at System.Collections.Concurrent.ConcurrentDictionary`2.GetOrAdd(TKey key, Func`2 valueFactory)
at System.Data.Entity.Infrastructure.DependencyResolution.CachingDependencyResolver.GetService(Type type, Object key)
at System.Data.Entity.Infrastructure.DependencyResolution.ResolverChain.<>c__DisplayClass3.<GetService>b__0(IDbDependencyResolver r)
at System.Linq.Enumerable.WhereSelectArrayIterator`2.MoveNext()
at System.Linq.Enumerable.FirstOrDefault[TSource](IEnumerable`1 source, Func`2 predicate)
at System.Data.Entity.Infrastructure.DependencyResolution.ResolverChain.GetService(Type type, Object key)
at System.Data.Entity.Infrastructure.DependencyResolution.RootDependencyResolver.GetService(Type type, Object key)
at System.Data.Entity.Infrastructure.DependencyResolution.ResolverChain.<>c__DisplayClass3.<GetService>b__0(IDbDependencyResolver r)
at System.Linq.Enumerable.WhereSelectArrayIterator`2.MoveNext()
at System.Linq.Enumerable.FirstOrDefault[TSource](IEnumerable`1 source, Func`2 predicate)
at System.Data.Entity.Infrastructure.DependencyResolution.ResolverChain.GetService(Type type, Object key)
at System.Data.Entity.Infrastructure.DependencyResolution.CompositeResolver`2.GetService(Type type, Object key)
at System.Data.Entity.Infrastructure.DependencyResolution.DbDependencyResolverExtensions.GetService[T](IDbDependencyResolver resolver, Object key)
at System.Data.Entity.Utilities.DbProviderFactoryExtensions.GetProviderServices(DbProviderFactory factory)
at System.Data.Entity.Infrastructure.DefaultManifestTokenResolver.<>c__DisplayClass1.<ResolveManifestToken>b__0(Tuple`3 k)
at System.Collections.Concurrent.ConcurrentDictionary`2.GetOrAdd(TKey key, Func`2 valueFactory)
at System.Data.Entity.Infrastructure.DefaultManifestTokenResolver.ResolveManifestToken(DbConnection connection)
at System.Data.Entity.Utilities.DbConnectionExtensions.GetProviderInfo(DbConnection connection, DbProviderManifest& providerManifest)
at System.Data.Entity.DbModelBuilder.Build(DbConnection providerConnection)
at System.Data.Entity.Internal.LazyInternalContext.CreateModel(LazyInternalContext internalContext)
at System.Data.Entity.Internal.RetryLazy`2.GetValue(TInput input)
at System.Data.Entity.Internal.LazyInternalContext.InitializeContext()
at System.Data.Entity.Internal.InternalContext.CreateObjectContextForDdlOps()
at System.Data.Entity.Database.Create(DatabaseExistenceState existenceState)
at System.Data.Entity.Database.Create()
at Nop.Data.Tests.PersistenceTest.SetUp() in C:\Users\yowko151215\Source\Repos\jenkins-labs-1\Tests\Nop.Data.Tests\PersistenceTest.cs:line 21
]]></stack-trace>
                                </failure>
                              </test-case>
                              <test-case name="Nop.Data.Tests.Discounts.DiscountPersistenceTests.Can_save_and_load_discount_with_appliedCategories" executed="True" result="Error" success="False" time="0.012" asserts="0">
                                <failure>
                                  <message><![CDATA[SetUp : System.InvalidOperationException : No Entity Framework provider found for the ADO.NET provider with invariant name 'System.Data.SqlServerCe.4.0'. Make sure the provider is registered in the 'entityFramework' section of the application config file. See http://go.microsoft.com/fwlink/?LinkId=260882 for more information.]]></message>
                                  <stack-trace><![CDATA[at System.Data.Entity.Infrastructure.DependencyResolution.DefaultProviderServicesResolver.GetService(Type type, Object key)
at System.Data.Entity.Infrastructure.DependencyResolution.CachingDependencyResolver.<>c__DisplayClass1.<GetService>b__0(Tuple`2 k)
at System.Collections.Concurrent.ConcurrentDictionary`2.GetOrAdd(TKey key, Func`2 valueFactory)
at System.Data.Entity.Infrastructure.DependencyResolution.CachingDependencyResolver.GetService(Type type, Object key)
at System.Data.Entity.Infrastructure.DependencyResolution.ResolverChain.<>c__DisplayClass3.<GetService>b__0(IDbDependencyResolver r)
at System.Linq.Enumerable.WhereSelectArrayIterator`2.MoveNext()
at System.Linq.Enumerable.FirstOrDefault[TSource](IEnumerable`1 source, Func`2 predicate)
at System.Data.Entity.Infrastructure.DependencyResolution.ResolverChain.GetService(Type type, Object key)
at System.Data.Entity.Infrastructure.DependencyResolution.RootDependencyResolver.GetService(Type type, Object key)
at System.Data.Entity.Infrastructure.DependencyResolution.ResolverChain.<>c__DisplayClass3.<GetService>b__0(IDbDependencyResolver r)
at System.Linq.Enumerable.WhereSelectArrayIterator`2.MoveNext()
at System.Linq.Enumerable.FirstOrDefault[TSource](IEnumerable`1 source, Func`2 predicate)
at System.Data.Entity.Infrastructure.DependencyResolution.ResolverChain.GetService(Type type, Object key)
at System.Data.Entity.Infrastructure.DependencyResolution.CompositeResolver`2.GetService(Type type, Object key)
at System.Data.Entity.Infrastructure.DependencyResolution.DbDependencyResolverExtensions.GetService[T](IDbDependencyResolver resolver, Object key)
at System.Data.Entity.Utilities.DbProviderFactoryExtensions.GetProviderServices(DbProviderFactory factory)
at System.Data.Entity.Infrastructure.DefaultManifestTokenResolver.<>c__DisplayClass1.<ResolveManifestToken>b__0(Tuple`3 k)
at System.Collections.Concurrent.ConcurrentDictionary`2.GetOrAdd(TKey key, Func`2 valueFactory)
at System.Data.Entity.Infrastructure.DefaultManifestTokenResolver.ResolveManifestToken(DbConnection connection)
at System.Data.Entity.Utilities.DbConnectionExtensions.GetProviderInfo(DbConnection connection, DbProviderManifest& providerManifest)
at System.Data.Entity.DbModelBuilder.Build(DbConnection providerConnection)
at System.Data.Entity.Internal.LazyInternalContext.CreateModel(LazyInternalContext internalContext)
at System.Data.Entity.Internal.RetryLazy`2.GetValue(TInput input)
at System.Data.Entity.Internal.LazyInternalContext.InitializeContext()
at System.Data.Entity.Internal.InternalContext.CreateObjectContextForDdlOps()
at System.Data.Entity.Database.Create(DatabaseExistenceState existenceState)
at System.Data.Entity.Database.Create()
at Nop.Data.Tests.PersistenceTest.SetUp() in C:\Users\yowko151215\Source\Repos\jenkins-labs-1\Tests\Nop.Data.Tests\PersistenceTest.cs:line 21
]]></stack-trace>
                                </failure>
                              </test-case>
                              <test-case name="Nop.Data.Tests.Discounts.DiscountPersistenceTests.Can_save_and_load_discount_with_appliedProducts" executed="True" result="Error" success="False" time="0.012" asserts="0">
                                <failure>
                                  <message><![CDATA[SetUp : System.InvalidOperationException : No Entity Framework provider found for the ADO.NET provider with invariant name 'System.Data.SqlServerCe.4.0'. Make sure the provider is registered in the 'entityFramework' section of the application config file. See http://go.microsoft.com/fwlink/?LinkId=260882 for more information.]]></message>
                                  <stack-trace><![CDATA[at System.Data.Entity.Infrastructure.DependencyResolution.DefaultProviderServicesResolver.GetService(Type type, Object key)
at System.Data.Entity.Infrastructure.DependencyResolution.CachingDependencyResolver.<>c__DisplayClass1.<GetService>b__0(Tuple`2 k)
at System.Collections.Concurrent.ConcurrentDictionary`2.GetOrAdd(TKey key, Func`2 valueFactory)
at System.Data.Entity.Infrastructure.DependencyResolution.CachingDependencyResolver.GetService(Type type, Object key)
at System.Data.Entity.Infrastructure.DependencyResolution.ResolverChain.<>c__DisplayClass3.<GetService>b__0(IDbDependencyResolver r)
at System.Linq.Enumerable.WhereSelectArrayIterator`2.MoveNext()
at System.Linq.Enumerable.FirstOrDefault[TSource](IEnumerable`1 source, Func`2 predicate)
at System.Data.Entity.Infrastructure.DependencyResolution.ResolverChain.GetService(Type type, Object key)
at System.Data.Entity.Infrastructure.DependencyResolution.RootDependencyResolver.GetService(Type type, Object key)
at System.Data.Entity.Infrastructure.DependencyResolution.ResolverChain.<>c__DisplayClass3.<GetService>b__0(IDbDependencyResolver r)
at System.Linq.Enumerable.WhereSelectArrayIterator`2.MoveNext()
at System.Linq.Enumerable.FirstOrDefault[TSource](IEnumerable`1 source, Func`2 predicate)
at System.Data.Entity.Infrastructure.DependencyResolution.ResolverChain.GetService(Type type, Object key)
at System.Data.Entity.Infrastructure.DependencyResolution.CompositeResolver`2.GetService(Type type, Object key)
at System.Data.Entity.Infrastructure.DependencyResolution.DbDependencyResolverExtensions.GetService[T](IDbDependencyResolver resolver, Object key)
at System.Data.Entity.Utilities.DbProviderFactoryExtensions.GetProviderServices(DbProviderFactory factory)
at System.Data.Entity.Infrastructure.DefaultManifestTokenResolver.<>c__DisplayClass1.<ResolveManifestToken>b__0(Tuple`3 k)
at System.Collections.Concurrent.ConcurrentDictionary`2.GetOrAdd(TKey key, Func`2 valueFactory)
at System.Data.Entity.Infrastructure.DefaultManifestTokenResolver.ResolveManifestToken(DbConnection connection)
at System.Data.Entity.Utilities.DbConnectionExtensions.GetProviderInfo(DbConnection connection, DbProviderManifest& providerManifest)
at System.Data.Entity.DbModelBuilder.Build(DbConnection providerConnection)
at System.Data.Entity.Internal.LazyInternalContext.CreateModel(LazyInternalContext internalContext)
at System.Data.Entity.Internal.RetryLazy`2.GetValue(TInput input)
at System.Data.Entity.Internal.LazyInternalContext.InitializeContext()
at System.Data.Entity.Internal.InternalContext.CreateObjectContextForDdlOps()
at System.Data.Entity.Database.Create(DatabaseExistenceState existenceState)
at System.Data.Entity.Database.Create()
at Nop.Data.Tests.PersistenceTest.SetUp() in C:\Users\yowko151215\Source\Repos\jenkins-labs-1\Tests\Nop.Data.Tests\PersistenceTest.cs:line 21
]]></stack-trace>
                                </failure>
                              </test-case>
                              <test-case name="Nop.Data.Tests.Discounts.DiscountPersistenceTests.Can_save_and_load_discount_with_discountRequirements" executed="True" result="Error" success="False" time="0.012" asserts="0">
                                <failure>
                                  <message><![CDATA[SetUp : System.InvalidOperationException : No Entity Framework provider found for the ADO.NET provider with invariant name 'System.Data.SqlServerCe.4.0'. Make sure the provider is registered in the 'entityFramework' section of the application config file. See http://go.microsoft.com/fwlink/?LinkId=260882 for more information.]]></message>
                                  <stack-trace><![CDATA[at System.Data.Entity.Infrastructure.DependencyResolution.DefaultProviderServicesResolver.GetService(Type type, Object key)
at System.Data.Entity.Infrastructure.DependencyResolution.CachingDependencyResolver.<>c__DisplayClass1.<GetService>b__0(Tuple`2 k)
at System.Collections.Concurrent.ConcurrentDictionary`2.GetOrAdd(TKey key, Func`2 valueFactory)
at System.Data.Entity.Infrastructure.DependencyResolution.CachingDependencyResolver.GetService(Type type, Object key)
at System.Data.Entity.Infrastructure.DependencyResolution.ResolverChain.<>c__DisplayClass3.<GetService>b__0(IDbDependencyResolver r)
at System.Linq.Enumerable.WhereSelectArrayIterator`2.MoveNext()
at System.Linq.Enumerable.FirstOrDefault[TSource](IEnumerable`1 source, Func`2 predicate)
at System.Data.Entity.Infrastructure.DependencyResolution.ResolverChain.GetService(Type type, Object key)
at System.Data.Entity.Infrastructure.DependencyResolution.RootDependencyResolver.GetService(Type type, Object key)
at System.Data.Entity.Infrastructure.DependencyResolution.ResolverChain.<>c__DisplayClass3.<GetService>b__0(IDbDependencyResolver r)
at System.Linq.Enumerable.WhereSelectArrayIterator`2.MoveNext()
at System.Linq.Enumerable.FirstOrDefault[TSource](IEnumerable`1 source, Func`2 predicate)
at System.Data.Entity.Infrastructure.DependencyResolution.ResolverChain.GetService(Type type, Object key)
at System.Data.Entity.Infrastructure.DependencyResolution.CompositeResolver`2.GetService(Type type, Object key)
at System.Data.Entity.Infrastructure.DependencyResolution.DbDependencyResolverExtensions.GetService[T](IDbDependencyResolver resolver, Object key)
at System.Data.Entity.Utilities.DbProviderFactoryExtensions.GetProviderServices(DbProviderFactory factory)
at System.Data.Entity.Infrastructure.DefaultManifestTokenResolver.<>c__DisplayClass1.<ResolveManifestToken>b__0(Tuple`3 k)
at System.Collections.Concurrent.ConcurrentDictionary`2.GetOrAdd(TKey key, Func`2 valueFactory)
at System.Data.Entity.Infrastructure.DefaultManifestTokenResolver.ResolveManifestToken(DbConnection connection)
at System.Data.Entity.Utilities.DbConnectionExtensions.GetProviderInfo(DbConnection connection, DbProviderManifest& providerManifest)
at System.Data.Entity.DbModelBuilder.Build(DbConnection providerConnection)
at System.Data.Entity.Internal.LazyInternalContext.CreateModel(LazyInternalContext internalContext)
at System.Data.Entity.Internal.RetryLazy`2.GetValue(TInput input)
at System.Data.Entity.Internal.LazyInternalContext.InitializeContext()
at System.Data.Entity.Internal.InternalContext.CreateObjectContextForDdlOps()
at System.Data.Entity.Database.Create(DatabaseExistenceState existenceState)
at System.Data.Entity.Database.Create()
at Nop.Data.Tests.PersistenceTest.SetUp() in C:\Users\yowko151215\Source\Repos\jenkins-labs-1\Tests\Nop.Data.Tests\PersistenceTest.cs:line 21
]]></stack-trace>
                                </failure>
                              </test-case>
                            </results>
                          </test-suite>
                          <test-suite type="TestFixture" name="DiscountRequirementPersistenceTests" executed="True" result="Failure" success="False" time="0.015" asserts="0">
                            <results>
                              <test-case name="Nop.Data.Tests.Discounts.DiscountRequirementPersistenceTests.Can_save_and_load_discountRequirement" executed="True" result="Error" success="False" time="0.014" asserts="0">
                                <failure>
                                  <message><![CDATA[SetUp : System.InvalidOperationException : No Entity Framework provider found for the ADO.NET provider with invariant name 'System.Data.SqlServerCe.4.0'. Make sure the provider is registered in the 'entityFramework' section of the application config file. See http://go.microsoft.com/fwlink/?LinkId=260882 for more information.]]></message>
                                  <stack-trace><![CDATA[at System.Data.Entity.Infrastructure.DependencyResolution.DefaultProviderServicesResolver.GetService(Type type, Object key)
at System.Data.Entity.Infrastructure.DependencyResolution.CachingDependencyResolver.<>c__DisplayClass1.<GetService>b__0(Tuple`2 k)
at System.Collections.Concurrent.ConcurrentDictionary`2.GetOrAdd(TKey key, Func`2 valueFactory)
at System.Data.Entity.Infrastructure.DependencyResolution.CachingDependencyResolver.GetService(Type type, Object key)
at System.Data.Entity.Infrastructure.DependencyResolution.ResolverChain.<>c__DisplayClass3.<GetService>b__0(IDbDependencyResolver r)
at System.Linq.Enumerable.WhereSelectArrayIterator`2.MoveNext()
at System.Linq.Enumerable.FirstOrDefault[TSource](IEnumerable`1 source, Func`2 predicate)
at System.Data.Entity.Infrastructure.DependencyResolution.ResolverChain.GetService(Type type, Object key)
at System.Data.Entity.Infrastructure.DependencyResolution.RootDependencyResolver.GetService(Type type, Object key)
at System.Data.Entity.Infrastructure.DependencyResolution.ResolverChain.<>c__DisplayClass3.<GetService>b__0(IDbDependencyResolver r)
at System.Linq.Enumerable.WhereSelectArrayIterator`2.MoveNext()
at System.Linq.Enumerable.FirstOrDefault[TSource](IEnumerable`1 source, Func`2 predicate)
at System.Data.Entity.Infrastructure.DependencyResolution.ResolverChain.GetService(Type type, Object key)
at System.Data.Entity.Infrastructure.DependencyResolution.CompositeResolver`2.GetService(Type type, Object key)
at System.Data.Entity.Infrastructure.DependencyResolution.DbDependencyResolverExtensions.GetService[T](IDbDependencyResolver resolver, Object key)
at System.Data.Entity.Utilities.DbProviderFactoryExtensions.GetProviderServices(DbProviderFactory factory)
at System.Data.Entity.Infrastructure.DefaultManifestTokenResolver.<>c__DisplayClass1.<ResolveManifestToken>b__0(Tuple`3 k)
at System.Collections.Concurrent.ConcurrentDictionary`2.GetOrAdd(TKey key, Func`2 valueFactory)
at System.Data.Entity.Infrastructure.DefaultManifestTokenResolver.ResolveManifestToken(DbConnection connection)
at System.Data.Entity.Utilities.DbConnectionExtensions.GetProviderInfo(DbConnection connection, DbProviderManifest& providerManifest)
at System.Data.Entity.DbModelBuilder.Build(DbConnection providerConnection)
at System.Data.Entity.Internal.LazyInternalContext.CreateModel(LazyInternalContext internalContext)
at System.Data.Entity.Internal.RetryLazy`2.GetValue(TInput input)
at System.Data.Entity.Internal.LazyInternalContext.InitializeContext()
at System.Data.Entity.Internal.InternalContext.CreateObjectContextForDdlOps()
at System.Data.Entity.Database.Create(DatabaseExistenceState existenceState)
at System.Data.Entity.Database.Create()
at Nop.Data.Tests.PersistenceTest.SetUp() in C:\Users\yowko151215\Source\Repos\jenkins-labs-1\Tests\Nop.Data.Tests\PersistenceTest.cs:line 21
]]></stack-trace>
                                </failure>
                              </test-case>
                            </results>
                          </test-suite>
                          <test-suite type="TestFixture" name="DiscountUsageHistoryPersistenceTests" executed="True" result="Failure" success="False" time="0.015" asserts="0">
                            <results>
                              <test-case name="Nop.Data.Tests.Discounts.DiscountUsageHistoryPersistenceTests.Can_save_and_load_discountUsageHistory" executed="True" result="Error" success="False" time="0.014" asserts="0">
                                <failure>
                                  <message><![CDATA[SetUp : System.InvalidOperationException : No Entity Framework provider found for the ADO.NET provider with invariant name 'System.Data.SqlServerCe.4.0'. Make sure the provider is registered in the 'entityFramework' section of the application config file. See http://go.microsoft.com/fwlink/?LinkId=260882 for more information.]]></message>
                                  <stack-trace><![CDATA[at System.Data.Entity.Infrastructure.DependencyResolution.DefaultProviderServicesResolver.GetService(Type type, Object key)
at System.Data.Entity.Infrastructure.DependencyResolution.CachingDependencyResolver.<>c__DisplayClass1.<GetService>b__0(Tuple`2 k)
at System.Collections.Concurrent.ConcurrentDictionary`2.GetOrAdd(TKey key, Func`2 valueFactory)
at System.Data.Entity.Infrastructure.DependencyResolution.CachingDependencyResolver.GetService(Type type, Object key)
at System.Data.Entity.Infrastructure.DependencyResolution.ResolverChain.<>c__DisplayClass3.<GetService>b__0(IDbDependencyResolver r)
at System.Linq.Enumerable.WhereSelectArrayIterator`2.MoveNext()
at System.Linq.Enumerable.FirstOrDefault[TSource](IEnumerable`1 source, Func`2 predicate)
at System.Data.Entity.Infrastructure.DependencyResolution.ResolverChain.GetService(Type type, Object key)
at System.Data.Entity.Infrastructure.DependencyResolution.RootDependencyResolver.GetService(Type type, Object key)
at System.Data.Entity.Infrastructure.DependencyResolution.ResolverChain.<>c__DisplayClass3.<GetService>b__0(IDbDependencyResolver r)
at System.Linq.Enumerable.WhereSelectArrayIterator`2.MoveNext()
at System.Linq.Enumerable.FirstOrDefault[TSource](IEnumerable`1 source, Func`2 predicate)
at System.Data.Entity.Infrastructure.DependencyResolution.ResolverChain.GetService(Type type, Object key)
at System.Data.Entity.Infrastructure.DependencyResolution.CompositeResolver`2.GetService(Type type, Object key)
at System.Data.Entity.Infrastructure.DependencyResolution.DbDependencyResolverExtensions.GetService[T](IDbDependencyResolver resolver, Object key)
at System.Data.Entity.Utilities.DbProviderFactoryExtensions.GetProviderServices(DbProviderFactory factory)
at System.Data.Entity.Infrastructure.DefaultManifestTokenResolver.<>c__DisplayClass1.<ResolveManifestToken>b__0(Tuple`3 k)
at System.Collections.Concurrent.ConcurrentDictionary`2.GetOrAdd(TKey key, Func`2 valueFactory)
at System.Data.Entity.Infrastructure.DefaultManifestTokenResolver.ResolveManifestToken(DbConnection connection)
at System.Data.Entity.Utilities.DbConnectionExtensions.GetProviderInfo(DbConnection connection, DbProviderManifest& providerManifest)
at System.Data.Entity.DbModelBuilder.Build(DbConnection providerConnection)
at System.Data.Entity.Internal.LazyInternalContext.CreateModel(LazyInternalContext internalContext)
at System.Data.Entity.Internal.RetryLazy`2.GetValue(TInput input)
at System.Data.Entity.Internal.LazyInternalContext.InitializeContext()
at System.Data.Entity.Internal.InternalContext.CreateObjectContextForDdlOps()
at System.Data.Entity.Database.Create(DatabaseExistenceState existenceState)
at System.Data.Entity.Database.Create()
at Nop.Data.Tests.PersistenceTest.SetUp() in C:\Users\yowko151215\Source\Repos\jenkins-labs-1\Tests\Nop.Data.Tests\PersistenceTest.cs:line 21
]]></stack-trace>
                                </failure>
                              </test-case>
                            </results>
                          </test-suite>
                        </results>
                      </test-suite>
                      <test-suite type="Namespace" name="Forums" executed="True" result="Failure" success="False" time="0.170" asserts="0">
                        <results>
                          <test-suite type="TestFixture" name="ForumGroupPersistenceTests" executed="True" result="Failure" success="False" time="0.033" asserts="0">
                            <results>
                              <test-case name="Nop.Data.Tests.Forums.ForumGroupPersistenceTests.Can_save_and_load_forumgroup" executed="True" result="Error" success="False" time="0.011" asserts="0">
                                <failure>
                                  <message><![CDATA[SetUp : System.InvalidOperationException : No Entity Framework provider found for the ADO.NET provider with invariant name 'System.Data.SqlServerCe.4.0'. Make sure the provider is registered in the 'entityFramework' section of the application config file. See http://go.microsoft.com/fwlink/?LinkId=260882 for more information.]]></message>
                                  <stack-trace><![CDATA[at System.Data.Entity.Infrastructure.DependencyResolution.DefaultProviderServicesResolver.GetService(Type type, Object key)
at System.Data.Entity.Infrastructure.DependencyResolution.CachingDependencyResolver.<>c__DisplayClass1.<GetService>b__0(Tuple`2 k)
at System.Collections.Concurrent.ConcurrentDictionary`2.GetOrAdd(TKey key, Func`2 valueFactory)
at System.Data.Entity.Infrastructure.DependencyResolution.CachingDependencyResolver.GetService(Type type, Object key)
at System.Data.Entity.Infrastructure.DependencyResolution.ResolverChain.<>c__DisplayClass3.<GetService>b__0(IDbDependencyResolver r)
at System.Linq.Enumerable.WhereSelectArrayIterator`2.MoveNext()
at System.Linq.Enumerable.FirstOrDefault[TSource](IEnumerable`1 source, Func`2 predicate)
at System.Data.Entity.Infrastructure.DependencyResolution.ResolverChain.GetService(Type type, Object key)
at System.Data.Entity.Infrastructure.DependencyResolution.RootDependencyResolver.GetService(Type type, Object key)
at System.Data.Entity.Infrastructure.DependencyResolution.ResolverChain.<>c__DisplayClass3.<GetService>b__0(IDbDependencyResolver r)
at System.Linq.Enumerable.WhereSelectArrayIterator`2.MoveNext()
at System.Linq.Enumerable.FirstOrDefault[TSource](IEnumerable`1 source, Func`2 predicate)
at System.Data.Entity.Infrastructure.DependencyResolution.ResolverChain.GetService(Type type, Object key)
at System.Data.Entity.Infrastructure.DependencyResolution.CompositeResolver`2.GetService(Type type, Object key)
at System.Data.Entity.Infrastructure.DependencyResolution.DbDependencyResolverExtensions.GetService[T](IDbDependencyResolver resolver, Object key)
at System.Data.Entity.Utilities.DbProviderFactoryExtensions.GetProviderServices(DbProviderFactory factory)
at System.Data.Entity.Infrastructure.DefaultManifestTokenResolver.<>c__DisplayClass1.<ResolveManifestToken>b__0(Tuple`3 k)
at System.Collections.Concurrent.ConcurrentDictionary`2.GetOrAdd(TKey key, Func`2 valueFactory)
at System.Data.Entity.Infrastructure.DefaultManifestTokenResolver.ResolveManifestToken(DbConnection connection)
at System.Data.Entity.Utilities.DbConnectionExtensions.GetProviderInfo(DbConnection connection, DbProviderManifest& providerManifest)
at System.Data.Entity.DbModelBuilder.Build(DbConnection providerConnection)
at System.Data.Entity.Internal.LazyInternalContext.CreateModel(LazyInternalContext internalContext)
at System.Data.Entity.Internal.RetryLazy`2.GetValue(TInput input)
at System.Data.Entity.Internal.LazyInternalContext.InitializeContext()
at System.Data.Entity.Internal.InternalContext.CreateObjectContextForDdlOps()
at System.Data.Entity.Database.Create(DatabaseExistenceState existenceState)
at System.Data.Entity.Database.Create()
at Nop.Data.Tests.PersistenceTest.SetUp() in C:\Users\yowko151215\Source\Repos\jenkins-labs-1\Tests\Nop.Data.Tests\PersistenceTest.cs:line 21
]]></stack-trace>
                                </failure>
                              </test-case>
                              <test-case name="Nop.Data.Tests.Forums.ForumGroupPersistenceTests.Can_save_and_load_forumgroup_with_forums" executed="True" result="Error" success="False" time="0.012" asserts="0">
                                <failure>
                                  <message><![CDATA[SetUp : System.InvalidOperationException : No Entity Framework provider found for the ADO.NET provider with invariant name 'System.Data.SqlServerCe.4.0'. Make sure the provider is registered in the 'entityFramework' section of the application config file. See http://go.microsoft.com/fwlink/?LinkId=260882 for more information.]]></message>
                                  <stack-trace><![CDATA[at System.Data.Entity.Infrastructure.DependencyResolution.DefaultProviderServicesResolver.GetService(Type type, Object key)
at System.Data.Entity.Infrastructure.DependencyResolution.CachingDependencyResolver.<>c__DisplayClass1.<GetService>b__0(Tuple`2 k)
at System.Collections.Concurrent.ConcurrentDictionary`2.GetOrAdd(TKey key, Func`2 valueFactory)
at System.Data.Entity.Infrastructure.DependencyResolution.CachingDependencyResolver.GetService(Type type, Object key)
at System.Data.Entity.Infrastructure.DependencyResolution.ResolverChain.<>c__DisplayClass3.<GetService>b__0(IDbDependencyResolver r)
at System.Linq.Enumerable.WhereSelectArrayIterator`2.MoveNext()
at System.Linq.Enumerable.FirstOrDefault[TSource](IEnumerable`1 source, Func`2 predicate)
at System.Data.Entity.Infrastructure.DependencyResolution.ResolverChain.GetService(Type type, Object key)
at System.Data.Entity.Infrastructure.DependencyResolution.RootDependencyResolver.GetService(Type type, Object key)
at System.Data.Entity.Infrastructure.DependencyResolution.ResolverChain.<>c__DisplayClass3.<GetService>b__0(IDbDependencyResolver r)
at System.Linq.Enumerable.WhereSelectArrayIterator`2.MoveNext()
at System.Linq.Enumerable.FirstOrDefault[TSource](IEnumerable`1 source, Func`2 predicate)
at System.Data.Entity.Infrastructure.DependencyResolution.ResolverChain.GetService(Type type, Object key)
at System.Data.Entity.Infrastructure.DependencyResolution.CompositeResolver`2.GetService(Type type, Object key)
at System.Data.Entity.Infrastructure.DependencyResolution.DbDependencyResolverExtensions.GetService[T](IDbDependencyResolver resolver, Object key)
at System.Data.Entity.Utilities.DbProviderFactoryExtensions.GetProviderServices(DbProviderFactory factory)
at System.Data.Entity.Infrastructure.DefaultManifestTokenResolver.<>c__DisplayClass1.<ResolveManifestToken>b__0(Tuple`3 k)
at System.Collections.Concurrent.ConcurrentDictionary`2.GetOrAdd(TKey key, Func`2 valueFactory)
at System.Data.Entity.Infrastructure.DefaultManifestTokenResolver.ResolveManifestToken(DbConnection connection)
at System.Data.Entity.Utilities.DbConnectionExtensions.GetProviderInfo(DbConnection connection, DbProviderManifest& providerManifest)
at System.Data.Entity.DbModelBuilder.Build(DbConnection providerConnection)
at System.Data.Entity.Internal.LazyInternalContext.CreateModel(LazyInternalContext internalContext)
at System.Data.Entity.Internal.RetryLazy`2.GetValue(TInput input)
at System.Data.Entity.Internal.LazyInternalContext.InitializeContext()
at System.Data.Entity.Internal.InternalContext.CreateObjectContextForDdlOps()
at System.Data.Entity.Database.Create(DatabaseExistenceState existenceState)
at System.Data.Entity.Database.Create()
at Nop.Data.Tests.PersistenceTest.SetUp() in C:\Users\yowko151215\Source\Repos\jenkins-labs-1\Tests\Nop.Data.Tests\PersistenceTest.cs:line 21
]]></stack-trace>
                                </failure>
                              </test-case>
                            </results>
                          </test-suite>
                          <test-suite type="TestFixture" name="ForumPersistenceTests" executed="True" result="Failure" success="False" time="0.013" asserts="0">
                            <results>
                              <test-case name="Nop.Data.Tests.Forums.ForumPersistenceTests.Can_save_and_load_forum" executed="True" result="Error" success="False" time="0.012" asserts="0">
                                <failure>
                                  <message><![CDATA[SetUp : System.InvalidOperationException : No Entity Framework provider found for the ADO.NET provider with invariant name 'System.Data.SqlServerCe.4.0'. Make sure the provider is registered in the 'entityFramework' section of the application config file. See http://go.microsoft.com/fwlink/?LinkId=260882 for more information.]]></message>
                                  <stack-trace><![CDATA[at System.Data.Entity.Infrastructure.DependencyResolution.DefaultProviderServicesResolver.GetService(Type type, Object key)
at System.Data.Entity.Infrastructure.DependencyResolution.CachingDependencyResolver.<>c__DisplayClass1.<GetService>b__0(Tuple`2 k)
at System.Collections.Concurrent.ConcurrentDictionary`2.GetOrAdd(TKey key, Func`2 valueFactory)
at System.Data.Entity.Infrastructure.DependencyResolution.CachingDependencyResolver.GetService(Type type, Object key)
at System.Data.Entity.Infrastructure.DependencyResolution.ResolverChain.<>c__DisplayClass3.<GetService>b__0(IDbDependencyResolver r)
at System.Linq.Enumerable.WhereSelectArrayIterator`2.MoveNext()
at System.Linq.Enumerable.FirstOrDefault[TSource](IEnumerable`1 source, Func`2 predicate)
at System.Data.Entity.Infrastructure.DependencyResolution.ResolverChain.GetService(Type type, Object key)
at System.Data.Entity.Infrastructure.DependencyResolution.RootDependencyResolver.GetService(Type type, Object key)
at System.Data.Entity.Infrastructure.DependencyResolution.ResolverChain.<>c__DisplayClass3.<GetService>b__0(IDbDependencyResolver r)
at System.Linq.Enumerable.WhereSelectArrayIterator`2.MoveNext()
at System.Linq.Enumerable.FirstOrDefault[TSource](IEnumerable`1 source, Func`2 predicate)
at System.Data.Entity.Infrastructure.DependencyResolution.ResolverChain.GetService(Type type, Object key)
at System.Data.Entity.Infrastructure.DependencyResolution.CompositeResolver`2.GetService(Type type, Object key)
at System.Data.Entity.Infrastructure.DependencyResolution.DbDependencyResolverExtensions.GetService[T](IDbDependencyResolver resolver, Object key)
at System.Data.Entity.Utilities.DbProviderFactoryExtensions.GetProviderServices(DbProviderFactory factory)
at System.Data.Entity.Infrastructure.DefaultManifestTokenResolver.<>c__DisplayClass1.<ResolveManifestToken>b__0(Tuple`3 k)
at System.Collections.Concurrent.ConcurrentDictionary`2.GetOrAdd(TKey key, Func`2 valueFactory)
at System.Data.Entity.Infrastructure.DefaultManifestTokenResolver.ResolveManifestToken(DbConnection connection)
at System.Data.Entity.Utilities.DbConnectionExtensions.GetProviderInfo(DbConnection connection, DbProviderManifest& providerManifest)
at System.Data.Entity.DbModelBuilder.Build(DbConnection providerConnection)
at System.Data.Entity.Internal.LazyInternalContext.CreateModel(LazyInternalContext internalContext)
at System.Data.Entity.Internal.RetryLazy`2.GetValue(TInput input)
at System.Data.Entity.Internal.LazyInternalContext.InitializeContext()
at System.Data.Entity.Internal.InternalContext.CreateObjectContextForDdlOps()
at System.Data.Entity.Database.Create(DatabaseExistenceState existenceState)
at System.Data.Entity.Database.Create()
at Nop.Data.Tests.PersistenceTest.SetUp() in C:\Users\yowko151215\Source\Repos\jenkins-labs-1\Tests\Nop.Data.Tests\PersistenceTest.cs:line 21
]]></stack-trace>
                                </failure>
                              </test-case>
                            </results>
                          </test-suite>
                          <test-suite type="TestFixture" name="ForumPostPersistenceTests" executed="True" result="Failure" success="False" time="0.013" asserts="0">
                            <results>
                              <test-case name="Nop.Data.Tests.Forums.ForumPostPersistenceTests.Can_save_and_load_forumpost" executed="True" result="Error" success="False" time="0.012" asserts="0">
                                <failure>
                                  <message><![CDATA[SetUp : System.InvalidOperationException : No Entity Framework provider found for the ADO.NET provider with invariant name 'System.Data.SqlServerCe.4.0'. Make sure the provider is registered in the 'entityFramework' section of the application config file. See http://go.microsoft.com/fwlink/?LinkId=260882 for more information.]]></message>
                                  <stack-trace><![CDATA[at System.Data.Entity.Infrastructure.DependencyResolution.DefaultProviderServicesResolver.GetService(Type type, Object key)
at System.Data.Entity.Infrastructure.DependencyResolution.CachingDependencyResolver.<>c__DisplayClass1.<GetService>b__0(Tuple`2 k)
at System.Collections.Concurrent.ConcurrentDictionary`2.GetOrAdd(TKey key, Func`2 valueFactory)
at System.Data.Entity.Infrastructure.DependencyResolution.CachingDependencyResolver.GetService(Type type, Object key)
at System.Data.Entity.Infrastructure.DependencyResolution.ResolverChain.<>c__DisplayClass3.<GetService>b__0(IDbDependencyResolver r)
at System.Linq.Enumerable.WhereSelectArrayIterator`2.MoveNext()
at System.Linq.Enumerable.FirstOrDefault[TSource](IEnumerable`1 source, Func`2 predicate)
at System.Data.Entity.Infrastructure.DependencyResolution.ResolverChain.GetService(Type type, Object key)
at System.Data.Entity.Infrastructure.DependencyResolution.RootDependencyResolver.GetService(Type type, Object key)
at System.Data.Entity.Infrastructure.DependencyResolution.ResolverChain.<>c__DisplayClass3.<GetService>b__0(IDbDependencyResolver r)
at System.Linq.Enumerable.WhereSelectArrayIterator`2.MoveNext()
at System.Linq.Enumerable.FirstOrDefault[TSource](IEnumerable`1 source, Func`2 predicate)
at System.Data.Entity.Infrastructure.DependencyResolution.ResolverChain.GetService(Type type, Object key)
at System.Data.Entity.Infrastructure.DependencyResolution.CompositeResolver`2.GetService(Type type, Object key)
at System.Data.Entity.Infrastructure.DependencyResolution.DbDependencyResolverExtensions.GetService[T](IDbDependencyResolver resolver, Object key)
at System.Data.Entity.Utilities.DbProviderFactoryExtensions.GetProviderServices(DbProviderFactory factory)
at System.Data.Entity.Infrastructure.DefaultManifestTokenResolver.<>c__DisplayClass1.<ResolveManifestToken>b__0(Tuple`3 k)
at System.Collections.Concurrent.ConcurrentDictionary`2.GetOrAdd(TKey key, Func`2 valueFactory)
at System.Data.Entity.Infrastructure.DefaultManifestTokenResolver.ResolveManifestToken(DbConnection connection)
at System.Data.Entity.Utilities.DbConnectionExtensions.GetProviderInfo(DbConnection connection, DbProviderManifest& providerManifest)
at System.Data.Entity.DbModelBuilder.Build(DbConnection providerConnection)
at System.Data.Entity.Internal.LazyInternalContext.CreateModel(LazyInternalContext internalContext)
at System.Data.Entity.Internal.RetryLazy`2.GetValue(TInput input)
at System.Data.Entity.Internal.LazyInternalContext.InitializeContext()
at System.Data.Entity.Internal.InternalContext.CreateObjectContextForDdlOps()
at System.Data.Entity.Database.Create(DatabaseExistenceState existenceState)
at System.Data.Entity.Database.Create()
at Nop.Data.Tests.PersistenceTest.SetUp() in C:\Users\yowko151215\Source\Repos\jenkins-labs-1\Tests\Nop.Data.Tests\PersistenceTest.cs:line 21
]]></stack-trace>
                                </failure>
                              </test-case>
                            </results>
                          </test-suite>
                          <test-suite type="TestFixture" name="ForumSubscriptionPersistenceTests" executed="True" result="Failure" success="False" time="0.040" asserts="0">
                            <results>
                              <test-case name="Nop.Data.Tests.Forums.ForumSubscriptionPersistenceTests.Can_save_and_load_forum_subscription_forum_subscribed" executed="True" result="Error" success="False" time="0.012" asserts="0">
                                <failure>
                                  <message><![CDATA[SetUp : System.InvalidOperationException : No Entity Framework provider found for the ADO.NET provider with invariant name 'System.Data.SqlServerCe.4.0'. Make sure the provider is registered in the 'entityFramework' section of the application config file. See http://go.microsoft.com/fwlink/?LinkId=260882 for more information.]]></message>
                                  <stack-trace><![CDATA[at System.Data.Entity.Infrastructure.DependencyResolution.DefaultProviderServicesResolver.GetService(Type type, Object key)
at System.Data.Entity.Infrastructure.DependencyResolution.CachingDependencyResolver.<>c__DisplayClass1.<GetService>b__0(Tuple`2 k)
at System.Collections.Concurrent.ConcurrentDictionary`2.GetOrAdd(TKey key, Func`2 valueFactory)
at System.Data.Entity.Infrastructure.DependencyResolution.CachingDependencyResolver.GetService(Type type, Object key)
at System.Data.Entity.Infrastructure.DependencyResolution.ResolverChain.<>c__DisplayClass3.<GetService>b__0(IDbDependencyResolver r)
at System.Linq.Enumerable.WhereSelectArrayIterator`2.MoveNext()
at System.Linq.Enumerable.FirstOrDefault[TSource](IEnumerable`1 source, Func`2 predicate)
at System.Data.Entity.Infrastructure.DependencyResolution.ResolverChain.GetService(Type type, Object key)
at System.Data.Entity.Infrastructure.DependencyResolution.RootDependencyResolver.GetService(Type type, Object key)
at System.Data.Entity.Infrastructure.DependencyResolution.ResolverChain.<>c__DisplayClass3.<GetService>b__0(IDbDependencyResolver r)
at System.Linq.Enumerable.WhereSelectArrayIterator`2.MoveNext()
at System.Linq.Enumerable.FirstOrDefault[TSource](IEnumerable`1 source, Func`2 predicate)
at System.Data.Entity.Infrastructure.DependencyResolution.ResolverChain.GetService(Type type, Object key)
at System.Data.Entity.Infrastructure.DependencyResolution.CompositeResolver`2.GetService(Type type, Object key)
at System.Data.Entity.Infrastructure.DependencyResolution.DbDependencyResolverExtensions.GetService[T](IDbDependencyResolver resolver, Object key)
at System.Data.Entity.Utilities.DbProviderFactoryExtensions.GetProviderServices(DbProviderFactory factory)
at System.Data.Entity.Infrastructure.DefaultManifestTokenResolver.<>c__DisplayClass1.<ResolveManifestToken>b__0(Tuple`3 k)
at System.Collections.Concurrent.ConcurrentDictionary`2.GetOrAdd(TKey key, Func`2 valueFactory)
at System.Data.Entity.Infrastructure.DefaultManifestTokenResolver.ResolveManifestToken(DbConnection connection)
at System.Data.Entity.Utilities.DbConnectionExtensions.GetProviderInfo(DbConnection connection, DbProviderManifest& providerManifest)
at System.Data.Entity.DbModelBuilder.Build(DbConnection providerConnection)
at System.Data.Entity.Internal.LazyInternalContext.CreateModel(LazyInternalContext internalContext)
at System.Data.Entity.Internal.RetryLazy`2.GetValue(TInput input)
at System.Data.Entity.Internal.LazyInternalContext.InitializeContext()
at System.Data.Entity.Internal.InternalContext.CreateObjectContextForDdlOps()
at System.Data.Entity.Database.Create(DatabaseExistenceState existenceState)
at System.Data.Entity.Database.Create()
at Nop.Data.Tests.PersistenceTest.SetUp() in C:\Users\yowko151215\Source\Repos\jenkins-labs-1\Tests\Nop.Data.Tests\PersistenceTest.cs:line 21
]]></stack-trace>
                                </failure>
                              </test-case>
                              <test-case name="Nop.Data.Tests.Forums.ForumSubscriptionPersistenceTests.Can_save_and_load_forum_subscription_topic_subscribed" executed="True" result="Error" success="False" time="0.018" asserts="0">
                                <failure>
                                  <message><![CDATA[SetUp : System.InvalidOperationException : No Entity Framework provider found for the ADO.NET provider with invariant name 'System.Data.SqlServerCe.4.0'. Make sure the provider is registered in the 'entityFramework' section of the application config file. See http://go.microsoft.com/fwlink/?LinkId=260882 for more information.]]></message>
                                  <stack-trace><![CDATA[at System.Data.Entity.Infrastructure.DependencyResolution.DefaultProviderServicesResolver.GetService(Type type, Object key)
at System.Data.Entity.Infrastructure.DependencyResolution.CachingDependencyResolver.<>c__DisplayClass1.<GetService>b__0(Tuple`2 k)
at System.Collections.Concurrent.ConcurrentDictionary`2.GetOrAdd(TKey key, Func`2 valueFactory)
at System.Data.Entity.Infrastructure.DependencyResolution.CachingDependencyResolver.GetService(Type type, Object key)
at System.Data.Entity.Infrastructure.DependencyResolution.ResolverChain.<>c__DisplayClass3.<GetService>b__0(IDbDependencyResolver r)
at System.Linq.Enumerable.WhereSelectArrayIterator`2.MoveNext()
at System.Linq.Enumerable.FirstOrDefault[TSource](IEnumerable`1 source, Func`2 predicate)
at System.Data.Entity.Infrastructure.DependencyResolution.ResolverChain.GetService(Type type, Object key)
at System.Data.Entity.Infrastructure.DependencyResolution.RootDependencyResolver.GetService(Type type, Object key)
at System.Data.Entity.Infrastructure.DependencyResolution.ResolverChain.<>c__DisplayClass3.<GetService>b__0(IDbDependencyResolver r)
at System.Linq.Enumerable.WhereSelectArrayIterator`2.MoveNext()
at System.Linq.Enumerable.FirstOrDefault[TSource](IEnumerable`1 source, Func`2 predicate)
at System.Data.Entity.Infrastructure.DependencyResolution.ResolverChain.GetService(Type type, Object key)
at System.Data.Entity.Infrastructure.DependencyResolution.CompositeResolver`2.GetService(Type type, Object key)
at System.Data.Entity.Infrastructure.DependencyResolution.DbDependencyResolverExtensions.GetService[T](IDbDependencyResolver resolver, Object key)
at System.Data.Entity.Utilities.DbProviderFactoryExtensions.GetProviderServices(DbProviderFactory factory)
at System.Data.Entity.Infrastructure.DefaultManifestTokenResolver.<>c__DisplayClass1.<ResolveManifestToken>b__0(Tuple`3 k)
at System.Collections.Concurrent.ConcurrentDictionary`2.GetOrAdd(TKey key, Func`2 valueFactory)
at System.Data.Entity.Infrastructure.DefaultManifestTokenResolver.ResolveManifestToken(DbConnection connection)
at System.Data.Entity.Utilities.DbConnectionExtensions.GetProviderInfo(DbConnection connection, DbProviderManifest& providerManifest)
at System.Data.Entity.DbModelBuilder.Build(DbConnection providerConnection)
at System.Data.Entity.Internal.LazyInternalContext.CreateModel(LazyInternalContext internalContext)
at System.Data.Entity.Internal.RetryLazy`2.GetValue(TInput input)
at System.Data.Entity.Internal.LazyInternalContext.InitializeContext()
at System.Data.Entity.Internal.InternalContext.CreateObjectContextForDdlOps()
at System.Data.Entity.Database.Create(DatabaseExistenceState existenceState)
at System.Data.Entity.Database.Create()
at Nop.Data.Tests.PersistenceTest.SetUp() in C:\Users\yowko151215\Source\Repos\jenkins-labs-1\Tests\Nop.Data.Tests\PersistenceTest.cs:line 21
]]></stack-trace>
                                </failure>
                              </test-case>
                            </results>
                          </test-suite>
                          <test-suite type="TestFixture" name="ForumTopicPersistenceTests" executed="True" result="Failure" success="False" time="0.013" asserts="0">
                            <results>
                              <test-case name="Nop.Data.Tests.Forums.ForumTopicPersistenceTests.Can_save_and_load_forumtopic" executed="True" result="Error" success="False" time="0.012" asserts="0">
                                <failure>
                                  <message><![CDATA[SetUp : System.InvalidOperationException : No Entity Framework provider found for the ADO.NET provider with invariant name 'System.Data.SqlServerCe.4.0'. Make sure the provider is registered in the 'entityFramework' section of the application config file. See http://go.microsoft.com/fwlink/?LinkId=260882 for more information.]]></message>
                                  <stack-trace><![CDATA[at System.Data.Entity.Infrastructure.DependencyResolution.DefaultProviderServicesResolver.GetService(Type type, Object key)
at System.Data.Entity.Infrastructure.DependencyResolution.CachingDependencyResolver.<>c__DisplayClass1.<GetService>b__0(Tuple`2 k)
at System.Collections.Concurrent.ConcurrentDictionary`2.GetOrAdd(TKey key, Func`2 valueFactory)
at System.Data.Entity.Infrastructure.DependencyResolution.CachingDependencyResolver.GetService(Type type, Object key)
at System.Data.Entity.Infrastructure.DependencyResolution.ResolverChain.<>c__DisplayClass3.<GetService>b__0(IDbDependencyResolver r)
at System.Linq.Enumerable.WhereSelectArrayIterator`2.MoveNext()
at System.Linq.Enumerable.FirstOrDefault[TSource](IEnumerable`1 source, Func`2 predicate)
at System.Data.Entity.Infrastructure.DependencyResolution.ResolverChain.GetService(Type type, Object key)
at System.Data.Entity.Infrastructure.DependencyResolution.RootDependencyResolver.GetService(Type type, Object key)
at System.Data.Entity.Infrastructure.DependencyResolution.ResolverChain.<>c__DisplayClass3.<GetService>b__0(IDbDependencyResolver r)
at System.Linq.Enumerable.WhereSelectArrayIterator`2.MoveNext()
at System.Linq.Enumerable.FirstOrDefault[TSource](IEnumerable`1 source, Func`2 predicate)
at System.Data.Entity.Infrastructure.DependencyResolution.ResolverChain.GetService(Type type, Object key)
at System.Data.Entity.Infrastructure.DependencyResolution.CompositeResolver`2.GetService(Type type, Object key)
at System.Data.Entity.Infrastructure.DependencyResolution.DbDependencyResolverExtensions.GetService[T](IDbDependencyResolver resolver, Object key)
at System.Data.Entity.Utilities.DbProviderFactoryExtensions.GetProviderServices(DbProviderFactory factory)
at System.Data.Entity.Infrastructure.DefaultManifestTokenResolver.<>c__DisplayClass1.<ResolveManifestToken>b__0(Tuple`3 k)
at System.Collections.Concurrent.ConcurrentDictionary`2.GetOrAdd(TKey key, Func`2 valueFactory)
at System.Data.Entity.Infrastructure.DefaultManifestTokenResolver.ResolveManifestToken(DbConnection connection)
at System.Data.Entity.Utilities.DbConnectionExtensions.GetProviderInfo(DbConnection connection, DbProviderManifest& providerManifest)
at System.Data.Entity.DbModelBuilder.Build(DbConnection providerConnection)
at System.Data.Entity.Internal.LazyInternalContext.CreateModel(LazyInternalContext internalContext)
at System.Data.Entity.Internal.RetryLazy`2.GetValue(TInput input)
at System.Data.Entity.Internal.LazyInternalContext.InitializeContext()
at System.Data.Entity.Internal.InternalContext.CreateObjectContextForDdlOps()
at System.Data.Entity.Database.Create(DatabaseExistenceState existenceState)
at System.Data.Entity.Database.Create()
at Nop.Data.Tests.PersistenceTest.SetUp() in C:\Users\yowko151215\Source\Repos\jenkins-labs-1\Tests\Nop.Data.Tests\PersistenceTest.cs:line 21
]]></stack-trace>
                                </failure>
                              </test-case>
                            </results>
                          </test-suite>
                          <test-suite type="TestFixture" name="PrivateMessagePersistenceTests" executed="True" result="Failure" success="False" time="0.013" asserts="0">
                            <results>
                              <test-case name="Nop.Data.Tests.Forums.PrivateMessagePersistenceTests.Can_save_and_load_privatemessage" executed="True" result="Error" success="False" time="0.012" asserts="0">
                                <failure>
                                  <message><![CDATA[SetUp : System.InvalidOperationException : No Entity Framework provider found for the ADO.NET provider with invariant name 'System.Data.SqlServerCe.4.0'. Make sure the provider is registered in the 'entityFramework' section of the application config file. See http://go.microsoft.com/fwlink/?LinkId=260882 for more information.]]></message>
                                  <stack-trace><![CDATA[at System.Data.Entity.Infrastructure.DependencyResolution.DefaultProviderServicesResolver.GetService(Type type, Object key)
at System.Data.Entity.Infrastructure.DependencyResolution.CachingDependencyResolver.<>c__DisplayClass1.<GetService>b__0(Tuple`2 k)
at System.Collections.Concurrent.ConcurrentDictionary`2.GetOrAdd(TKey key, Func`2 valueFactory)
at System.Data.Entity.Infrastructure.DependencyResolution.CachingDependencyResolver.GetService(Type type, Object key)
at System.Data.Entity.Infrastructure.DependencyResolution.ResolverChain.<>c__DisplayClass3.<GetService>b__0(IDbDependencyResolver r)
at System.Linq.Enumerable.WhereSelectArrayIterator`2.MoveNext()
at System.Linq.Enumerable.FirstOrDefault[TSource](IEnumerable`1 source, Func`2 predicate)
at System.Data.Entity.Infrastructure.DependencyResolution.ResolverChain.GetService(Type type, Object key)
at System.Data.Entity.Infrastructure.DependencyResolution.RootDependencyResolver.GetService(Type type, Object key)
at System.Data.Entity.Infrastructure.DependencyResolution.ResolverChain.<>c__DisplayClass3.<GetService>b__0(IDbDependencyResolver r)
at System.Linq.Enumerable.WhereSelectArrayIterator`2.MoveNext()
at System.Linq.Enumerable.FirstOrDefault[TSource](IEnumerable`1 source, Func`2 predicate)
at System.Data.Entity.Infrastructure.DependencyResolution.ResolverChain.GetService(Type type, Object key)
at System.Data.Entity.Infrastructure.DependencyResolution.CompositeResolver`2.GetService(Type type, Object key)
at System.Data.Entity.Infrastructure.DependencyResolution.DbDependencyResolverExtensions.GetService[T](IDbDependencyResolver resolver, Object key)
at System.Data.Entity.Utilities.DbProviderFactoryExtensions.GetProviderServices(DbProviderFactory factory)
at System.Data.Entity.Infrastructure.DefaultManifestTokenResolver.<>c__DisplayClass1.<ResolveManifestToken>b__0(Tuple`3 k)
at System.Collections.Concurrent.ConcurrentDictionary`2.GetOrAdd(TKey key, Func`2 valueFactory)
at System.Data.Entity.Infrastructure.DefaultManifestTokenResolver.ResolveManifestToken(DbConnection connection)
at System.Data.Entity.Utilities.DbConnectionExtensions.GetProviderInfo(DbConnection connection, DbProviderManifest& providerManifest)
at System.Data.Entity.DbModelBuilder.Build(DbConnection providerConnection)
at System.Data.Entity.Internal.LazyInternalContext.CreateModel(LazyInternalContext internalContext)
at System.Data.Entity.Internal.RetryLazy`2.GetValue(TInput input)
at System.Data.Entity.Internal.LazyInternalContext.InitializeContext()
at System.Data.Entity.Internal.InternalContext.CreateObjectContextForDdlOps()
at System.Data.Entity.Database.Create(DatabaseExistenceState existenceState)
at System.Data.Entity.Database.Create()
at Nop.Data.Tests.PersistenceTest.SetUp() in C:\Users\yowko151215\Source\Repos\jenkins-labs-1\Tests\Nop.Data.Tests\PersistenceTest.cs:line 21
]]></stack-trace>
                                </failure>
                              </test-case>
                            </results>
                          </test-suite>
                        </results>
                      </test-suite>
                      <test-suite type="Namespace" name="Localization" executed="True" result="Failure" success="False" time="0.084" asserts="0">
                        <results>
                          <test-suite type="TestFixture" name="LanguagePersistenceTests" executed="True" result="Failure" success="False" time="0.034" asserts="0">
                            <results>
                              <test-case name="Nop.Data.Tests.Localization.LanguagePersistenceTests.Can_save_and_load_language" executed="True" result="Error" success="False" time="0.012" asserts="0">
                                <failure>
                                  <message><![CDATA[SetUp : System.InvalidOperationException : No Entity Framework provider found for the ADO.NET provider with invariant name 'System.Data.SqlServerCe.4.0'. Make sure the provider is registered in the 'entityFramework' section of the application config file. See http://go.microsoft.com/fwlink/?LinkId=260882 for more information.]]></message>
                                  <stack-trace><![CDATA[at System.Data.Entity.Infrastructure.DependencyResolution.DefaultProviderServicesResolver.GetService(Type type, Object key)
at System.Data.Entity.Infrastructure.DependencyResolution.CachingDependencyResolver.<>c__DisplayClass1.<GetService>b__0(Tuple`2 k)
at System.Collections.Concurrent.ConcurrentDictionary`2.GetOrAdd(TKey key, Func`2 valueFactory)
at System.Data.Entity.Infrastructure.DependencyResolution.CachingDependencyResolver.GetService(Type type, Object key)
at System.Data.Entity.Infrastructure.DependencyResolution.ResolverChain.<>c__DisplayClass3.<GetService>b__0(IDbDependencyResolver r)
at System.Linq.Enumerable.WhereSelectArrayIterator`2.MoveNext()
at System.Linq.Enumerable.FirstOrDefault[TSource](IEnumerable`1 source, Func`2 predicate)
at System.Data.Entity.Infrastructure.DependencyResolution.ResolverChain.GetService(Type type, Object key)
at System.Data.Entity.Infrastructure.DependencyResolution.RootDependencyResolver.GetService(Type type, Object key)
at System.Data.Entity.Infrastructure.DependencyResolution.ResolverChain.<>c__DisplayClass3.<GetService>b__0(IDbDependencyResolver r)
at System.Linq.Enumerable.WhereSelectArrayIterator`2.MoveNext()
at System.Linq.Enumerable.FirstOrDefault[TSource](IEnumerable`1 source, Func`2 predicate)
at System.Data.Entity.Infrastructure.DependencyResolution.ResolverChain.GetService(Type type, Object key)
at System.Data.Entity.Infrastructure.DependencyResolution.CompositeResolver`2.GetService(Type type, Object key)
at System.Data.Entity.Infrastructure.DependencyResolution.DbDependencyResolverExtensions.GetService[T](IDbDependencyResolver resolver, Object key)
at System.Data.Entity.Utilities.DbProviderFactoryExtensions.GetProviderServices(DbProviderFactory factory)
at System.Data.Entity.Infrastructure.DefaultManifestTokenResolver.<>c__DisplayClass1.<ResolveManifestToken>b__0(Tuple`3 k)
at System.Collections.Concurrent.ConcurrentDictionary`2.GetOrAdd(TKey key, Func`2 valueFactory)
at System.Data.Entity.Infrastructure.DefaultManifestTokenResolver.ResolveManifestToken(DbConnection connection)
at System.Data.Entity.Utilities.DbConnectionExtensions.GetProviderInfo(DbConnection connection, DbProviderManifest& providerManifest)
at System.Data.Entity.DbModelBuilder.Build(DbConnection providerConnection)
at System.Data.Entity.Internal.LazyInternalContext.CreateModel(LazyInternalContext internalContext)
at System.Data.Entity.Internal.RetryLazy`2.GetValue(TInput input)
at System.Data.Entity.Internal.LazyInternalContext.InitializeContext()
at System.Data.Entity.Internal.InternalContext.CreateObjectContextForDdlOps()
at System.Data.Entity.Database.Create(DatabaseExistenceState existenceState)
at System.Data.Entity.Database.Create()
at Nop.Data.Tests.PersistenceTest.SetUp() in C:\Users\yowko151215\Source\Repos\jenkins-labs-1\Tests\Nop.Data.Tests\PersistenceTest.cs:line 21
]]></stack-trace>
                                </failure>
                              </test-case>
                              <test-case name="Nop.Data.Tests.Localization.LanguagePersistenceTests.Can_save_and_load_language_with_localeStringResources" executed="True" result="Error" success="False" time="0.012" asserts="0">
                                <failure>
                                  <message><![CDATA[SetUp : System.InvalidOperationException : No Entity Framework provider found for the ADO.NET provider with invariant name 'System.Data.SqlServerCe.4.0'. Make sure the provider is registered in the 'entityFramework' section of the application config file. See http://go.microsoft.com/fwlink/?LinkId=260882 for more information.]]></message>
                                  <stack-trace><![CDATA[at System.Data.Entity.Infrastructure.DependencyResolution.DefaultProviderServicesResolver.GetService(Type type, Object key)
at System.Data.Entity.Infrastructure.DependencyResolution.CachingDependencyResolver.<>c__DisplayClass1.<GetService>b__0(Tuple`2 k)
at System.Collections.Concurrent.ConcurrentDictionary`2.GetOrAdd(TKey key, Func`2 valueFactory)
at System.Data.Entity.Infrastructure.DependencyResolution.CachingDependencyResolver.GetService(Type type, Object key)
at System.Data.Entity.Infrastructure.DependencyResolution.ResolverChain.<>c__DisplayClass3.<GetService>b__0(IDbDependencyResolver r)
at System.Linq.Enumerable.WhereSelectArrayIterator`2.MoveNext()
at System.Linq.Enumerable.FirstOrDefault[TSource](IEnumerable`1 source, Func`2 predicate)
at System.Data.Entity.Infrastructure.DependencyResolution.ResolverChain.GetService(Type type, Object key)
at System.Data.Entity.Infrastructure.DependencyResolution.RootDependencyResolver.GetService(Type type, Object key)
at System.Data.Entity.Infrastructure.DependencyResolution.ResolverChain.<>c__DisplayClass3.<GetService>b__0(IDbDependencyResolver r)
at System.Linq.Enumerable.WhereSelectArrayIterator`2.MoveNext()
at System.Linq.Enumerable.FirstOrDefault[TSource](IEnumerable`1 source, Func`2 predicate)
at System.Data.Entity.Infrastructure.DependencyResolution.ResolverChain.GetService(Type type, Object key)
at System.Data.Entity.Infrastructure.DependencyResolution.CompositeResolver`2.GetService(Type type, Object key)
at System.Data.Entity.Infrastructure.DependencyResolution.DbDependencyResolverExtensions.GetService[T](IDbDependencyResolver resolver, Object key)
at System.Data.Entity.Utilities.DbProviderFactoryExtensions.GetProviderServices(DbProviderFactory factory)
at System.Data.Entity.Infrastructure.DefaultManifestTokenResolver.<>c__DisplayClass1.<ResolveManifestToken>b__0(Tuple`3 k)
at System.Collections.Concurrent.ConcurrentDictionary`2.GetOrAdd(TKey key, Func`2 valueFactory)
at System.Data.Entity.Infrastructure.DefaultManifestTokenResolver.ResolveManifestToken(DbConnection connection)
at System.Data.Entity.Utilities.DbConnectionExtensions.GetProviderInfo(DbConnection connection, DbProviderManifest& providerManifest)
at System.Data.Entity.DbModelBuilder.Build(DbConnection providerConnection)
at System.Data.Entity.Internal.LazyInternalContext.CreateModel(LazyInternalContext internalContext)
at System.Data.Entity.Internal.RetryLazy`2.GetValue(TInput input)
at System.Data.Entity.Internal.LazyInternalContext.InitializeContext()
at System.Data.Entity.Internal.InternalContext.CreateObjectContextForDdlOps()
at System.Data.Entity.Database.Create(DatabaseExistenceState existenceState)
at System.Data.Entity.Database.Create()
at Nop.Data.Tests.PersistenceTest.SetUp() in C:\Users\yowko151215\Source\Repos\jenkins-labs-1\Tests\Nop.Data.Tests\PersistenceTest.cs:line 21
]]></stack-trace>
                                </failure>
                              </test-case>
                            </results>
                          </test-suite>
                          <test-suite type="TestFixture" name="LocaleStringResourcePersistenceTests" executed="True" result="Failure" success="False" time="0.012" asserts="0">
                            <results>
                              <test-case name="Nop.Data.Tests.Localization.LocaleStringResourcePersistenceTests.Can_save_and_load_lst" executed="True" result="Error" success="False" time="0.012" asserts="0">
                                <failure>
                                  <message><![CDATA[SetUp : System.InvalidOperationException : No Entity Framework provider found for the ADO.NET provider with invariant name 'System.Data.SqlServerCe.4.0'. Make sure the provider is registered in the 'entityFramework' section of the application config file. See http://go.microsoft.com/fwlink/?LinkId=260882 for more information.]]></message>
                                  <stack-trace><![CDATA[at System.Data.Entity.Infrastructure.DependencyResolution.DefaultProviderServicesResolver.GetService(Type type, Object key)
at System.Data.Entity.Infrastructure.DependencyResolution.CachingDependencyResolver.<>c__DisplayClass1.<GetService>b__0(Tuple`2 k)
at System.Collections.Concurrent.ConcurrentDictionary`2.GetOrAdd(TKey key, Func`2 valueFactory)
at System.Data.Entity.Infrastructure.DependencyResolution.CachingDependencyResolver.GetService(Type type, Object key)
at System.Data.Entity.Infrastructure.DependencyResolution.ResolverChain.<>c__DisplayClass3.<GetService>b__0(IDbDependencyResolver r)
at System.Linq.Enumerable.WhereSelectArrayIterator`2.MoveNext()
at System.Linq.Enumerable.FirstOrDefault[TSource](IEnumerable`1 source, Func`2 predicate)
at System.Data.Entity.Infrastructure.DependencyResolution.ResolverChain.GetService(Type type, Object key)
at System.Data.Entity.Infrastructure.DependencyResolution.RootDependencyResolver.GetService(Type type, Object key)
at System.Data.Entity.Infrastructure.DependencyResolution.ResolverChain.<>c__DisplayClass3.<GetService>b__0(IDbDependencyResolver r)
at System.Linq.Enumerable.WhereSelectArrayIterator`2.MoveNext()
at System.Linq.Enumerable.FirstOrDefault[TSource](IEnumerable`1 source, Func`2 predicate)
at System.Data.Entity.Infrastructure.DependencyResolution.ResolverChain.GetService(Type type, Object key)
at System.Data.Entity.Infrastructure.DependencyResolution.CompositeResolver`2.GetService(Type type, Object key)
at System.Data.Entity.Infrastructure.DependencyResolution.DbDependencyResolverExtensions.GetService[T](IDbDependencyResolver resolver, Object key)
at System.Data.Entity.Utilities.DbProviderFactoryExtensions.GetProviderServices(DbProviderFactory factory)
at System.Data.Entity.Infrastructure.DefaultManifestTokenResolver.<>c__DisplayClass1.<ResolveManifestToken>b__0(Tuple`3 k)
at System.Collections.Concurrent.ConcurrentDictionary`2.GetOrAdd(TKey key, Func`2 valueFactory)
at System.Data.Entity.Infrastructure.DefaultManifestTokenResolver.ResolveManifestToken(DbConnection connection)
at System.Data.Entity.Utilities.DbConnectionExtensions.GetProviderInfo(DbConnection connection, DbProviderManifest& providerManifest)
at System.Data.Entity.DbModelBuilder.Build(DbConnection providerConnection)
at System.Data.Entity.Internal.LazyInternalContext.CreateModel(LazyInternalContext internalContext)
at System.Data.Entity.Internal.RetryLazy`2.GetValue(TInput input)
at System.Data.Entity.Internal.LazyInternalContext.InitializeContext()
at System.Data.Entity.Internal.InternalContext.CreateObjectContextForDdlOps()
at System.Data.Entity.Database.Create(DatabaseExistenceState existenceState)
at System.Data.Entity.Database.Create()
at Nop.Data.Tests.PersistenceTest.SetUp() in C:\Users\yowko151215\Source\Repos\jenkins-labs-1\Tests\Nop.Data.Tests\PersistenceTest.cs:line 21
]]></stack-trace>
                                </failure>
                              </test-case>
                            </results>
                          </test-suite>
                          <test-suite type="TestFixture" name="LocalizedPropertyPersistenceTests" executed="True" result="Failure" success="False" time="0.018" asserts="0">
                            <results>
                              <test-case name="Nop.Data.Tests.Localization.LocalizedPropertyPersistenceTests.Can_save_and_load_localizedProperty" executed="True" result="Error" success="False" time="0.018" asserts="0">
                                <failure>
                                  <message><![CDATA[SetUp : System.InvalidOperationException : No Entity Framework provider found for the ADO.NET provider with invariant name 'System.Data.SqlServerCe.4.0'. Make sure the provider is registered in the 'entityFramework' section of the application config file. See http://go.microsoft.com/fwlink/?LinkId=260882 for more information.]]></message>
                                  <stack-trace><![CDATA[at System.Data.Entity.Infrastructure.DependencyResolution.DefaultProviderServicesResolver.GetService(Type type, Object key)
at System.Data.Entity.Infrastructure.DependencyResolution.CachingDependencyResolver.<>c__DisplayClass1.<GetService>b__0(Tuple`2 k)
at System.Collections.Concurrent.ConcurrentDictionary`2.GetOrAdd(TKey key, Func`2 valueFactory)
at System.Data.Entity.Infrastructure.DependencyResolution.CachingDependencyResolver.GetService(Type type, Object key)
at System.Data.Entity.Infrastructure.DependencyResolution.ResolverChain.<>c__DisplayClass3.<GetService>b__0(IDbDependencyResolver r)
at System.Linq.Enumerable.WhereSelectArrayIterator`2.MoveNext()
at System.Linq.Enumerable.FirstOrDefault[TSource](IEnumerable`1 source, Func`2 predicate)
at System.Data.Entity.Infrastructure.DependencyResolution.ResolverChain.GetService(Type type, Object key)
at System.Data.Entity.Infrastructure.DependencyResolution.RootDependencyResolver.GetService(Type type, Object key)
at System.Data.Entity.Infrastructure.DependencyResolution.ResolverChain.<>c__DisplayClass3.<GetService>b__0(IDbDependencyResolver r)
at System.Linq.Enumerable.WhereSelectArrayIterator`2.MoveNext()
at System.Linq.Enumerable.FirstOrDefault[TSource](IEnumerable`1 source, Func`2 predicate)
at System.Data.Entity.Infrastructure.DependencyResolution.ResolverChain.GetService(Type type, Object key)
at System.Data.Entity.Infrastructure.DependencyResolution.CompositeResolver`2.GetService(Type type, Object key)
at System.Data.Entity.Infrastructure.DependencyResolution.DbDependencyResolverExtensions.GetService[T](IDbDependencyResolver resolver, Object key)
at System.Data.Entity.Utilities.DbProviderFactoryExtensions.GetProviderServices(DbProviderFactory factory)
at System.Data.Entity.Infrastructure.DefaultManifestTokenResolver.<>c__DisplayClass1.<ResolveManifestToken>b__0(Tuple`3 k)
at System.Collections.Concurrent.ConcurrentDictionary`2.GetOrAdd(TKey key, Func`2 valueFactory)
at System.Data.Entity.Infrastructure.DefaultManifestTokenResolver.ResolveManifestToken(DbConnection connection)
at System.Data.Entity.Utilities.DbConnectionExtensions.GetProviderInfo(DbConnection connection, DbProviderManifest& providerManifest)
at System.Data.Entity.DbModelBuilder.Build(DbConnection providerConnection)
at System.Data.Entity.Internal.LazyInternalContext.CreateModel(LazyInternalContext internalContext)
at System.Data.Entity.Internal.RetryLazy`2.GetValue(TInput input)
at System.Data.Entity.Internal.LazyInternalContext.InitializeContext()
at System.Data.Entity.Internal.InternalContext.CreateObjectContextForDdlOps()
at System.Data.Entity.Database.Create(DatabaseExistenceState existenceState)
at System.Data.Entity.Database.Create()
at Nop.Data.Tests.PersistenceTest.SetUp() in C:\Users\yowko151215\Source\Repos\jenkins-labs-1\Tests\Nop.Data.Tests\PersistenceTest.cs:line 21
]]></stack-trace>
                                </failure>
                              </test-case>
                            </results>
                          </test-suite>
                        </results>
                      </test-suite>
                      <test-suite type="Namespace" name="Logging" executed="True" result="Failure" success="False" time="0.055" asserts="0">
                        <results>
                          <test-suite type="TestFixture" name="ActivityLogPersistenceTests" executed="True" result="Failure" success="False" time="0.014" asserts="0">
                            <results>
                              <test-case name="Nop.Data.Tests.Logging.ActivityLogPersistenceTests.Can_save_and_load_activityLogType" executed="True" result="Error" success="False" time="0.013" asserts="0">
                                <failure>
                                  <message><![CDATA[SetUp : System.InvalidOperationException : No Entity Framework provider found for the ADO.NET provider with invariant name 'System.Data.SqlServerCe.4.0'. Make sure the provider is registered in the 'entityFramework' section of the application config file. See http://go.microsoft.com/fwlink/?LinkId=260882 for more information.]]></message>
                                  <stack-trace><![CDATA[at System.Data.Entity.Infrastructure.DependencyResolution.DefaultProviderServicesResolver.GetService(Type type, Object key)
at System.Data.Entity.Infrastructure.DependencyResolution.CachingDependencyResolver.<>c__DisplayClass1.<GetService>b__0(Tuple`2 k)
at System.Collections.Concurrent.ConcurrentDictionary`2.GetOrAdd(TKey key, Func`2 valueFactory)
at System.Data.Entity.Infrastructure.DependencyResolution.CachingDependencyResolver.GetService(Type type, Object key)
at System.Data.Entity.Infrastructure.DependencyResolution.ResolverChain.<>c__DisplayClass3.<GetService>b__0(IDbDependencyResolver r)
at System.Linq.Enumerable.WhereSelectArrayIterator`2.MoveNext()
at System.Linq.Enumerable.FirstOrDefault[TSource](IEnumerable`1 source, Func`2 predicate)
at System.Data.Entity.Infrastructure.DependencyResolution.ResolverChain.GetService(Type type, Object key)
at System.Data.Entity.Infrastructure.DependencyResolution.RootDependencyResolver.GetService(Type type, Object key)
at System.Data.Entity.Infrastructure.DependencyResolution.ResolverChain.<>c__DisplayClass3.<GetService>b__0(IDbDependencyResolver r)
at System.Linq.Enumerable.WhereSelectArrayIterator`2.MoveNext()
at System.Linq.Enumerable.FirstOrDefault[TSource](IEnumerable`1 source, Func`2 predicate)
at System.Data.Entity.Infrastructure.DependencyResolution.ResolverChain.GetService(Type type, Object key)
at System.Data.Entity.Infrastructure.DependencyResolution.CompositeResolver`2.GetService(Type type, Object key)
at System.Data.Entity.Infrastructure.DependencyResolution.DbDependencyResolverExtensions.GetService[T](IDbDependencyResolver resolver, Object key)
at System.Data.Entity.Utilities.DbProviderFactoryExtensions.GetProviderServices(DbProviderFactory factory)
at System.Data.Entity.Infrastructure.DefaultManifestTokenResolver.<>c__DisplayClass1.<ResolveManifestToken>b__0(Tuple`3 k)
at System.Collections.Concurrent.ConcurrentDictionary`2.GetOrAdd(TKey key, Func`2 valueFactory)
at System.Data.Entity.Infrastructure.DefaultManifestTokenResolver.ResolveManifestToken(DbConnection connection)
at System.Data.Entity.Utilities.DbConnectionExtensions.GetProviderInfo(DbConnection connection, DbProviderManifest& providerManifest)
at System.Data.Entity.DbModelBuilder.Build(DbConnection providerConnection)
at System.Data.Entity.Internal.LazyInternalContext.CreateModel(LazyInternalContext internalContext)
at System.Data.Entity.Internal.RetryLazy`2.GetValue(TInput input)
at System.Data.Entity.Internal.LazyInternalContext.InitializeContext()
at System.Data.Entity.Internal.InternalContext.CreateObjectContextForDdlOps()
at System.Data.Entity.Database.Create(DatabaseExistenceState existenceState)
at System.Data.Entity.Database.Create()
at Nop.Data.Tests.PersistenceTest.SetUp() in C:\Users\yowko151215\Source\Repos\jenkins-labs-1\Tests\Nop.Data.Tests\PersistenceTest.cs:line 21
]]></stack-trace>
                                </failure>
                              </test-case>
                            </results>
                          </test-suite>
                          <test-suite type="TestFixture" name="LogPersistenceTests" executed="True" result="Failure" success="False" time="0.032" asserts="0">
                            <results>
                              <test-case name="Nop.Data.Tests.Logging.LogPersistenceTests.Can_save_and_load_log" executed="True" result="Error" success="False" time="0.012" asserts="0">
                                <failure>
                                  <message><![CDATA[SetUp : System.InvalidOperationException : No Entity Framework provider found for the ADO.NET provider with invariant name 'System.Data.SqlServerCe.4.0'. Make sure the provider is registered in the 'entityFramework' section of the application config file. See http://go.microsoft.com/fwlink/?LinkId=260882 for more information.]]></message>
                                  <stack-trace><![CDATA[at System.Data.Entity.Infrastructure.DependencyResolution.DefaultProviderServicesResolver.GetService(Type type, Object key)
at System.Data.Entity.Infrastructure.DependencyResolution.CachingDependencyResolver.<>c__DisplayClass1.<GetService>b__0(Tuple`2 k)
at System.Collections.Concurrent.ConcurrentDictionary`2.GetOrAdd(TKey key, Func`2 valueFactory)
at System.Data.Entity.Infrastructure.DependencyResolution.CachingDependencyResolver.GetService(Type type, Object key)
at System.Data.Entity.Infrastructure.DependencyResolution.ResolverChain.<>c__DisplayClass3.<GetService>b__0(IDbDependencyResolver r)
at System.Linq.Enumerable.WhereSelectArrayIterator`2.MoveNext()
at System.Linq.Enumerable.FirstOrDefault[TSource](IEnumerable`1 source, Func`2 predicate)
at System.Data.Entity.Infrastructure.DependencyResolution.ResolverChain.GetService(Type type, Object key)
at System.Data.Entity.Infrastructure.DependencyResolution.RootDependencyResolver.GetService(Type type, Object key)
at System.Data.Entity.Infrastructure.DependencyResolution.ResolverChain.<>c__DisplayClass3.<GetService>b__0(IDbDependencyResolver r)
at System.Linq.Enumerable.WhereSelectArrayIterator`2.MoveNext()
at System.Linq.Enumerable.FirstOrDefault[TSource](IEnumerable`1 source, Func`2 predicate)
at System.Data.Entity.Infrastructure.DependencyResolution.ResolverChain.GetService(Type type, Object key)
at System.Data.Entity.Infrastructure.DependencyResolution.CompositeResolver`2.GetService(Type type, Object key)
at System.Data.Entity.Infrastructure.DependencyResolution.DbDependencyResolverExtensions.GetService[T](IDbDependencyResolver resolver, Object key)
at System.Data.Entity.Utilities.DbProviderFactoryExtensions.GetProviderServices(DbProviderFactory factory)
at System.Data.Entity.Infrastructure.DefaultManifestTokenResolver.<>c__DisplayClass1.<ResolveManifestToken>b__0(Tuple`3 k)
at System.Collections.Concurrent.ConcurrentDictionary`2.GetOrAdd(TKey key, Func`2 valueFactory)
at System.Data.Entity.Infrastructure.DefaultManifestTokenResolver.ResolveManifestToken(DbConnection connection)
at System.Data.Entity.Utilities.DbConnectionExtensions.GetProviderInfo(DbConnection connection, DbProviderManifest& providerManifest)
at System.Data.Entity.DbModelBuilder.Build(DbConnection providerConnection)
at System.Data.Entity.Internal.LazyInternalContext.CreateModel(LazyInternalContext internalContext)
at System.Data.Entity.Internal.RetryLazy`2.GetValue(TInput input)
at System.Data.Entity.Internal.LazyInternalContext.InitializeContext()
at System.Data.Entity.Internal.InternalContext.CreateObjectContextForDdlOps()
at System.Data.Entity.Database.Create(DatabaseExistenceState existenceState)
at System.Data.Entity.Database.Create()
at Nop.Data.Tests.PersistenceTest.SetUp() in C:\Users\yowko151215\Source\Repos\jenkins-labs-1\Tests\Nop.Data.Tests\PersistenceTest.cs:line 21
]]></stack-trace>
                                </failure>
                              </test-case>
                              <test-case name="Nop.Data.Tests.Logging.LogPersistenceTests.Can_save_and_load_log_with_customer" executed="True" result="Error" success="False" time="0.011" asserts="0">
                                <failure>
                                  <message><![CDATA[SetUp : System.InvalidOperationException : No Entity Framework provider found for the ADO.NET provider with invariant name 'System.Data.SqlServerCe.4.0'. Make sure the provider is registered in the 'entityFramework' section of the application config file. See http://go.microsoft.com/fwlink/?LinkId=260882 for more information.]]></message>
                                  <stack-trace><![CDATA[at System.Data.Entity.Infrastructure.DependencyResolution.DefaultProviderServicesResolver.GetService(Type type, Object key)
at System.Data.Entity.Infrastructure.DependencyResolution.CachingDependencyResolver.<>c__DisplayClass1.<GetService>b__0(Tuple`2 k)
at System.Collections.Concurrent.ConcurrentDictionary`2.GetOrAdd(TKey key, Func`2 valueFactory)
at System.Data.Entity.Infrastructure.DependencyResolution.CachingDependencyResolver.GetService(Type type, Object key)
at System.Data.Entity.Infrastructure.DependencyResolution.ResolverChain.<>c__DisplayClass3.<GetService>b__0(IDbDependencyResolver r)
at System.Linq.Enumerable.WhereSelectArrayIterator`2.MoveNext()
at System.Linq.Enumerable.FirstOrDefault[TSource](IEnumerable`1 source, Func`2 predicate)
at System.Data.Entity.Infrastructure.DependencyResolution.ResolverChain.GetService(Type type, Object key)
at System.Data.Entity.Infrastructure.DependencyResolution.RootDependencyResolver.GetService(Type type, Object key)
at System.Data.Entity.Infrastructure.DependencyResolution.ResolverChain.<>c__DisplayClass3.<GetService>b__0(IDbDependencyResolver r)
at System.Linq.Enumerable.WhereSelectArrayIterator`2.MoveNext()
at System.Linq.Enumerable.FirstOrDefault[TSource](IEnumerable`1 source, Func`2 predicate)
at System.Data.Entity.Infrastructure.DependencyResolution.ResolverChain.GetService(Type type, Object key)
at System.Data.Entity.Infrastructure.DependencyResolution.CompositeResolver`2.GetService(Type type, Object key)
at System.Data.Entity.Infrastructure.DependencyResolution.DbDependencyResolverExtensions.GetService[T](IDbDependencyResolver resolver, Object key)
at System.Data.Entity.Utilities.DbProviderFactoryExtensions.GetProviderServices(DbProviderFactory factory)
at System.Data.Entity.Infrastructure.DefaultManifestTokenResolver.<>c__DisplayClass1.<ResolveManifestToken>b__0(Tuple`3 k)
at System.Collections.Concurrent.ConcurrentDictionary`2.GetOrAdd(TKey key, Func`2 valueFactory)
at System.Data.Entity.Infrastructure.DefaultManifestTokenResolver.ResolveManifestToken(DbConnection connection)
at System.Data.Entity.Utilities.DbConnectionExtensions.GetProviderInfo(DbConnection connection, DbProviderManifest& providerManifest)
at System.Data.Entity.DbModelBuilder.Build(DbConnection providerConnection)
at System.Data.Entity.Internal.LazyInternalContext.CreateModel(LazyInternalContext internalContext)
at System.Data.Entity.Internal.RetryLazy`2.GetValue(TInput input)
at System.Data.Entity.Internal.LazyInternalContext.InitializeContext()
at System.Data.Entity.Internal.InternalContext.CreateObjectContextForDdlOps()
at System.Data.Entity.Database.Create(DatabaseExistenceState existenceState)
at System.Data.Entity.Database.Create()
at Nop.Data.Tests.PersistenceTest.SetUp() in C:\Users\yowko151215\Source\Repos\jenkins-labs-1\Tests\Nop.Data.Tests\PersistenceTest.cs:line 21
]]></stack-trace>
                                </failure>
                              </test-case>
                            </results>
                          </test-suite>
                        </results>
                      </test-suite>
                      <test-suite type="Namespace" name="Media" executed="True" result="Failure" success="False" time="0.033" asserts="0">
                        <results>
                          <test-suite type="TestFixture" name="DownloadPersistenceTests" executed="True" result="Failure" success="False" time="0.012" asserts="0">
                            <results>
                              <test-case name="Nop.Data.Tests.Media.DownloadPersistenceTests.Can_save_and_load_download" executed="True" result="Error" success="False" time="0.011" asserts="0">
                                <failure>
                                  <message><![CDATA[SetUp : System.InvalidOperationException : No Entity Framework provider found for the ADO.NET provider with invariant name 'System.Data.SqlServerCe.4.0'. Make sure the provider is registered in the 'entityFramework' section of the application config file. See http://go.microsoft.com/fwlink/?LinkId=260882 for more information.]]></message>
                                  <stack-trace><![CDATA[at System.Data.Entity.Infrastructure.DependencyResolution.DefaultProviderServicesResolver.GetService(Type type, Object key)
at System.Data.Entity.Infrastructure.DependencyResolution.CachingDependencyResolver.<>c__DisplayClass1.<GetService>b__0(Tuple`2 k)
at System.Collections.Concurrent.ConcurrentDictionary`2.GetOrAdd(TKey key, Func`2 valueFactory)
at System.Data.Entity.Infrastructure.DependencyResolution.CachingDependencyResolver.GetService(Type type, Object key)
at System.Data.Entity.Infrastructure.DependencyResolution.ResolverChain.<>c__DisplayClass3.<GetService>b__0(IDbDependencyResolver r)
at System.Linq.Enumerable.WhereSelectArrayIterator`2.MoveNext()
at System.Linq.Enumerable.FirstOrDefault[TSource](IEnumerable`1 source, Func`2 predicate)
at System.Data.Entity.Infrastructure.DependencyResolution.ResolverChain.GetService(Type type, Object key)
at System.Data.Entity.Infrastructure.DependencyResolution.RootDependencyResolver.GetService(Type type, Object key)
at System.Data.Entity.Infrastructure.DependencyResolution.ResolverChain.<>c__DisplayClass3.<GetService>b__0(IDbDependencyResolver r)
at System.Linq.Enumerable.WhereSelectArrayIterator`2.MoveNext()
at System.Linq.Enumerable.FirstOrDefault[TSource](IEnumerable`1 source, Func`2 predicate)
at System.Data.Entity.Infrastructure.DependencyResolution.ResolverChain.GetService(Type type, Object key)
at System.Data.Entity.Infrastructure.DependencyResolution.CompositeResolver`2.GetService(Type type, Object key)
at System.Data.Entity.Infrastructure.DependencyResolution.DbDependencyResolverExtensions.GetService[T](IDbDependencyResolver resolver, Object key)
at System.Data.Entity.Utilities.DbProviderFactoryExtensions.GetProviderServices(DbProviderFactory factory)
at System.Data.Entity.Infrastructure.DefaultManifestTokenResolver.<>c__DisplayClass1.<ResolveManifestToken>b__0(Tuple`3 k)
at System.Collections.Concurrent.ConcurrentDictionary`2.GetOrAdd(TKey key, Func`2 valueFactory)
at System.Data.Entity.Infrastructure.DefaultManifestTokenResolver.ResolveManifestToken(DbConnection connection)
at System.Data.Entity.Utilities.DbConnectionExtensions.GetProviderInfo(DbConnection connection, DbProviderManifest& providerManifest)
at System.Data.Entity.DbModelBuilder.Build(DbConnection providerConnection)
at System.Data.Entity.Internal.LazyInternalContext.CreateModel(LazyInternalContext internalContext)
at System.Data.Entity.Internal.RetryLazy`2.GetValue(TInput input)
at System.Data.Entity.Internal.LazyInternalContext.InitializeContext()
at System.Data.Entity.Internal.InternalContext.CreateObjectContextForDdlOps()
at System.Data.Entity.Database.Create(DatabaseExistenceState existenceState)
at System.Data.Entity.Database.Create()
at Nop.Data.Tests.PersistenceTest.SetUp() in C:\Users\yowko151215\Source\Repos\jenkins-labs-1\Tests\Nop.Data.Tests\PersistenceTest.cs:line 21
]]></stack-trace>
                                </failure>
                              </test-case>
                            </results>
                          </test-suite>
                          <test-suite type="TestFixture" name="PicturePersistenceTests" executed="True" result="Failure" success="False" time="0.012" asserts="0">
                            <results>
                              <test-case name="Nop.Data.Tests.Media.PicturePersistenceTests.Can_save_and_load_picture" executed="True" result="Error" success="False" time="0.011" asserts="0">
                                <failure>
                                  <message><![CDATA[SetUp : System.InvalidOperationException : No Entity Framework provider found for the ADO.NET provider with invariant name 'System.Data.SqlServerCe.4.0'. Make sure the provider is registered in the 'entityFramework' section of the application config file. See http://go.microsoft.com/fwlink/?LinkId=260882 for more information.]]></message>
                                  <stack-trace><![CDATA[at System.Data.Entity.Infrastructure.DependencyResolution.DefaultProviderServicesResolver.GetService(Type type, Object key)
at System.Data.Entity.Infrastructure.DependencyResolution.CachingDependencyResolver.<>c__DisplayClass1.<GetService>b__0(Tuple`2 k)
at System.Collections.Concurrent.ConcurrentDictionary`2.GetOrAdd(TKey key, Func`2 valueFactory)
at System.Data.Entity.Infrastructure.DependencyResolution.CachingDependencyResolver.GetService(Type type, Object key)
at System.Data.Entity.Infrastructure.DependencyResolution.ResolverChain.<>c__DisplayClass3.<GetService>b__0(IDbDependencyResolver r)
at System.Linq.Enumerable.WhereSelectArrayIterator`2.MoveNext()
at System.Linq.Enumerable.FirstOrDefault[TSource](IEnumerable`1 source, Func`2 predicate)
at System.Data.Entity.Infrastructure.DependencyResolution.ResolverChain.GetService(Type type, Object key)
at System.Data.Entity.Infrastructure.DependencyResolution.RootDependencyResolver.GetService(Type type, Object key)
at System.Data.Entity.Infrastructure.DependencyResolution.ResolverChain.<>c__DisplayClass3.<GetService>b__0(IDbDependencyResolver r)
at System.Linq.Enumerable.WhereSelectArrayIterator`2.MoveNext()
at System.Linq.Enumerable.FirstOrDefault[TSource](IEnumerable`1 source, Func`2 predicate)
at System.Data.Entity.Infrastructure.DependencyResolution.ResolverChain.GetService(Type type, Object key)
at System.Data.Entity.Infrastructure.DependencyResolution.CompositeResolver`2.GetService(Type type, Object key)
at System.Data.Entity.Infrastructure.DependencyResolution.DbDependencyResolverExtensions.GetService[T](IDbDependencyResolver resolver, Object key)
at System.Data.Entity.Utilities.DbProviderFactoryExtensions.GetProviderServices(DbProviderFactory factory)
at System.Data.Entity.Infrastructure.DefaultManifestTokenResolver.<>c__DisplayClass1.<ResolveManifestToken>b__0(Tuple`3 k)
at System.Collections.Concurrent.ConcurrentDictionary`2.GetOrAdd(TKey key, Func`2 valueFactory)
at System.Data.Entity.Infrastructure.DefaultManifestTokenResolver.ResolveManifestToken(DbConnection connection)
at System.Data.Entity.Utilities.DbConnectionExtensions.GetProviderInfo(DbConnection connection, DbProviderManifest& providerManifest)
at System.Data.Entity.DbModelBuilder.Build(DbConnection providerConnection)
at System.Data.Entity.Internal.LazyInternalContext.CreateModel(LazyInternalContext internalContext)
at System.Data.Entity.Internal.RetryLazy`2.GetValue(TInput input)
at System.Data.Entity.Internal.LazyInternalContext.InitializeContext()
at System.Data.Entity.Internal.InternalContext.CreateObjectContextForDdlOps()
at System.Data.Entity.Database.Create(DatabaseExistenceState existenceState)
at System.Data.Entity.Database.Create()
at Nop.Data.Tests.PersistenceTest.SetUp() in C:\Users\yowko151215\Source\Repos\jenkins-labs-1\Tests\Nop.Data.Tests\PersistenceTest.cs:line 21
]]></stack-trace>
                                </failure>
                              </test-case>
                            </results>
                          </test-suite>
                        </results>
                      </test-suite>
                      <test-suite type="Namespace" name="Messages" executed="True" result="Failure" success="False" time="0.102" asserts="0">
                        <results>
                          <test-suite type="TestFixture" name="CampaignPersistenceTests" executed="True" result="Failure" success="False" time="0.017" asserts="0">
                            <results>
                              <test-case name="Nop.Data.Tests.Messages.CampaignPersistenceTests.Can_save_and_load_campaign" executed="True" result="Error" success="False" time="0.016" asserts="0">
                                <failure>
                                  <message><![CDATA[SetUp : System.InvalidOperationException : No Entity Framework provider found for the ADO.NET provider with invariant name 'System.Data.SqlServerCe.4.0'. Make sure the provider is registered in the 'entityFramework' section of the application config file. See http://go.microsoft.com/fwlink/?LinkId=260882 for more information.]]></message>
                                  <stack-trace><![CDATA[at System.Data.Entity.Infrastructure.DependencyResolution.DefaultProviderServicesResolver.GetService(Type type, Object key)
at System.Data.Entity.Infrastructure.DependencyResolution.CachingDependencyResolver.<>c__DisplayClass1.<GetService>b__0(Tuple`2 k)
at System.Collections.Concurrent.ConcurrentDictionary`2.GetOrAdd(TKey key, Func`2 valueFactory)
at System.Data.Entity.Infrastructure.DependencyResolution.CachingDependencyResolver.GetService(Type type, Object key)
at System.Data.Entity.Infrastructure.DependencyResolution.ResolverChain.<>c__DisplayClass3.<GetService>b__0(IDbDependencyResolver r)
at System.Linq.Enumerable.WhereSelectArrayIterator`2.MoveNext()
at System.Linq.Enumerable.FirstOrDefault[TSource](IEnumerable`1 source, Func`2 predicate)
at System.Data.Entity.Infrastructure.DependencyResolution.ResolverChain.GetService(Type type, Object key)
at System.Data.Entity.Infrastructure.DependencyResolution.RootDependencyResolver.GetService(Type type, Object key)
at System.Data.Entity.Infrastructure.DependencyResolution.ResolverChain.<>c__DisplayClass3.<GetService>b__0(IDbDependencyResolver r)
at System.Linq.Enumerable.WhereSelectArrayIterator`2.MoveNext()
at System.Linq.Enumerable.FirstOrDefault[TSource](IEnumerable`1 source, Func`2 predicate)
at System.Data.Entity.Infrastructure.DependencyResolution.ResolverChain.GetService(Type type, Object key)
at System.Data.Entity.Infrastructure.DependencyResolution.CompositeResolver`2.GetService(Type type, Object key)
at System.Data.Entity.Infrastructure.DependencyResolution.DbDependencyResolverExtensions.GetService[T](IDbDependencyResolver resolver, Object key)
at System.Data.Entity.Utilities.DbProviderFactoryExtensions.GetProviderServices(DbProviderFactory factory)
at System.Data.Entity.Infrastructure.DefaultManifestTokenResolver.<>c__DisplayClass1.<ResolveManifestToken>b__0(Tuple`3 k)
at System.Collections.Concurrent.ConcurrentDictionary`2.GetOrAdd(TKey key, Func`2 valueFactory)
at System.Data.Entity.Infrastructure.DefaultManifestTokenResolver.ResolveManifestToken(DbConnection connection)
at System.Data.Entity.Utilities.DbConnectionExtensions.GetProviderInfo(DbConnection connection, DbProviderManifest& providerManifest)
at System.Data.Entity.DbModelBuilder.Build(DbConnection providerConnection)
at System.Data.Entity.Internal.LazyInternalContext.CreateModel(LazyInternalContext internalContext)
at System.Data.Entity.Internal.RetryLazy`2.GetValue(TInput input)
at System.Data.Entity.Internal.LazyInternalContext.InitializeContext()
at System.Data.Entity.Internal.InternalContext.CreateObjectContextForDdlOps()
at System.Data.Entity.Database.Create(DatabaseExistenceState existenceState)
at System.Data.Entity.Database.Create()
at Nop.Data.Tests.PersistenceTest.SetUp() in C:\Users\yowko151215\Source\Repos\jenkins-labs-1\Tests\Nop.Data.Tests\PersistenceTest.cs:line 21
]]></stack-trace>
                                </failure>
                              </test-case>
                            </results>
                          </test-suite>
                          <test-suite type="TestFixture" name="EmailAccountPersistenceTests" executed="True" result="Failure" success="False" time="0.014" asserts="0">
                            <results>
                              <test-case name="Nop.Data.Tests.Messages.EmailAccountPersistenceTests.Can_save_and_load_emailAccount" executed="True" result="Error" success="False" time="0.013" asserts="0">
                                <failure>
                                  <message><![CDATA[SetUp : System.InvalidOperationException : No Entity Framework provider found for the ADO.NET provider with invariant name 'System.Data.SqlServerCe.4.0'. Make sure the provider is registered in the 'entityFramework' section of the application config file. See http://go.microsoft.com/fwlink/?LinkId=260882 for more information.]]></message>
                                  <stack-trace><![CDATA[at System.Data.Entity.Infrastructure.DependencyResolution.DefaultProviderServicesResolver.GetService(Type type, Object key)
at System.Data.Entity.Infrastructure.DependencyResolution.CachingDependencyResolver.<>c__DisplayClass1.<GetService>b__0(Tuple`2 k)
at System.Collections.Concurrent.ConcurrentDictionary`2.GetOrAdd(TKey key, Func`2 valueFactory)
at System.Data.Entity.Infrastructure.DependencyResolution.CachingDependencyResolver.GetService(Type type, Object key)
at System.Data.Entity.Infrastructure.DependencyResolution.ResolverChain.<>c__DisplayClass3.<GetService>b__0(IDbDependencyResolver r)
at System.Linq.Enumerable.WhereSelectArrayIterator`2.MoveNext()
at System.Linq.Enumerable.FirstOrDefault[TSource](IEnumerable`1 source, Func`2 predicate)
at System.Data.Entity.Infrastructure.DependencyResolution.ResolverChain.GetService(Type type, Object key)
at System.Data.Entity.Infrastructure.DependencyResolution.RootDependencyResolver.GetService(Type type, Object key)
at System.Data.Entity.Infrastructure.DependencyResolution.ResolverChain.<>c__DisplayClass3.<GetService>b__0(IDbDependencyResolver r)
at System.Linq.Enumerable.WhereSelectArrayIterator`2.MoveNext()
at System.Linq.Enumerable.FirstOrDefault[TSource](IEnumerable`1 source, Func`2 predicate)
at System.Data.Entity.Infrastructure.DependencyResolution.ResolverChain.GetService(Type type, Object key)
at System.Data.Entity.Infrastructure.DependencyResolution.CompositeResolver`2.GetService(Type type, Object key)
at System.Data.Entity.Infrastructure.DependencyResolution.DbDependencyResolverExtensions.GetService[T](IDbDependencyResolver resolver, Object key)
at System.Data.Entity.Utilities.DbProviderFactoryExtensions.GetProviderServices(DbProviderFactory factory)
at System.Data.Entity.Infrastructure.DefaultManifestTokenResolver.<>c__DisplayClass1.<ResolveManifestToken>b__0(Tuple`3 k)
at System.Collections.Concurrent.ConcurrentDictionary`2.GetOrAdd(TKey key, Func`2 valueFactory)
at System.Data.Entity.Infrastructure.DefaultManifestTokenResolver.ResolveManifestToken(DbConnection connection)
at System.Data.Entity.Utilities.DbConnectionExtensions.GetProviderInfo(DbConnection connection, DbProviderManifest& providerManifest)
at System.Data.Entity.DbModelBuilder.Build(DbConnection providerConnection)
at System.Data.Entity.Internal.LazyInternalContext.CreateModel(LazyInternalContext internalContext)
at System.Data.Entity.Internal.RetryLazy`2.GetValue(TInput input)
at System.Data.Entity.Internal.LazyInternalContext.InitializeContext()
at System.Data.Entity.Internal.InternalContext.CreateObjectContextForDdlOps()
at System.Data.Entity.Database.Create(DatabaseExistenceState existenceState)
at System.Data.Entity.Database.Create()
at Nop.Data.Tests.PersistenceTest.SetUp() in C:\Users\yowko151215\Source\Repos\jenkins-labs-1\Tests\Nop.Data.Tests\PersistenceTest.cs:line 21
]]></stack-trace>
                                </failure>
                              </test-case>
                            </results>
                          </test-suite>
                          <test-suite type="TestFixture" name="MessageTemplatePersistenceTests" executed="True" result="Failure" success="False" time="0.012" asserts="0">
                            <results>
                              <test-case name="Nop.Data.Tests.Messages.MessageTemplatePersistenceTests.Can_save_and_load_messageTemplate" executed="True" result="Error" success="False" time="0.011" asserts="0">
                                <failure>
                                  <message><![CDATA[SetUp : System.InvalidOperationException : No Entity Framework provider found for the ADO.NET provider with invariant name 'System.Data.SqlServerCe.4.0'. Make sure the provider is registered in the 'entityFramework' section of the application config file. See http://go.microsoft.com/fwlink/?LinkId=260882 for more information.]]></message>
                                  <stack-trace><![CDATA[at System.Data.Entity.Infrastructure.DependencyResolution.DefaultProviderServicesResolver.GetService(Type type, Object key)
at System.Data.Entity.Infrastructure.DependencyResolution.CachingDependencyResolver.<>c__DisplayClass1.<GetService>b__0(Tuple`2 k)
at System.Collections.Concurrent.ConcurrentDictionary`2.GetOrAdd(TKey key, Func`2 valueFactory)
at System.Data.Entity.Infrastructure.DependencyResolution.CachingDependencyResolver.GetService(Type type, Object key)
at System.Data.Entity.Infrastructure.DependencyResolution.ResolverChain.<>c__DisplayClass3.<GetService>b__0(IDbDependencyResolver r)
at System.Linq.Enumerable.WhereSelectArrayIterator`2.MoveNext()
at System.Linq.Enumerable.FirstOrDefault[TSource](IEnumerable`1 source, Func`2 predicate)
at System.Data.Entity.Infrastructure.DependencyResolution.ResolverChain.GetService(Type type, Object key)
at System.Data.Entity.Infrastructure.DependencyResolution.RootDependencyResolver.GetService(Type type, Object key)
at System.Data.Entity.Infrastructure.DependencyResolution.ResolverChain.<>c__DisplayClass3.<GetService>b__0(IDbDependencyResolver r)
at System.Linq.Enumerable.WhereSelectArrayIterator`2.MoveNext()
at System.Linq.Enumerable.FirstOrDefault[TSource](IEnumerable`1 source, Func`2 predicate)
at System.Data.Entity.Infrastructure.DependencyResolution.ResolverChain.GetService(Type type, Object key)
at System.Data.Entity.Infrastructure.DependencyResolution.CompositeResolver`2.GetService(Type type, Object key)
at System.Data.Entity.Infrastructure.DependencyResolution.DbDependencyResolverExtensions.GetService[T](IDbDependencyResolver resolver, Object key)
at System.Data.Entity.Utilities.DbProviderFactoryExtensions.GetProviderServices(DbProviderFactory factory)
at System.Data.Entity.Infrastructure.DefaultManifestTokenResolver.<>c__DisplayClass1.<ResolveManifestToken>b__0(Tuple`3 k)
at System.Collections.Concurrent.ConcurrentDictionary`2.GetOrAdd(TKey key, Func`2 valueFactory)
at System.Data.Entity.Infrastructure.DefaultManifestTokenResolver.ResolveManifestToken(DbConnection connection)
at System.Data.Entity.Utilities.DbConnectionExtensions.GetProviderInfo(DbConnection connection, DbProviderManifest& providerManifest)
at System.Data.Entity.DbModelBuilder.Build(DbConnection providerConnection)
at System.Data.Entity.Internal.LazyInternalContext.CreateModel(LazyInternalContext internalContext)
at System.Data.Entity.Internal.RetryLazy`2.GetValue(TInput input)
at System.Data.Entity.Internal.LazyInternalContext.InitializeContext()
at System.Data.Entity.Internal.InternalContext.CreateObjectContextForDdlOps()
at System.Data.Entity.Database.Create(DatabaseExistenceState existenceState)
at System.Data.Entity.Database.Create()
at Nop.Data.Tests.PersistenceTest.SetUp() in C:\Users\yowko151215\Source\Repos\jenkins-labs-1\Tests\Nop.Data.Tests\PersistenceTest.cs:line 21
]]></stack-trace>
                                </failure>
                              </test-case>
                            </results>
                          </test-suite>
                          <test-suite type="TestFixture" name="NewsLetterSubscriptionPersistenceTests" executed="True" result="Failure" success="False" time="0.012" asserts="0">
                            <results>
                              <test-case name="Nop.Data.Tests.Messages.NewsLetterSubscriptionPersistenceTests.Can_save_and_load_nls" executed="True" result="Error" success="False" time="0.011" asserts="0">
                                <failure>
                                  <message><![CDATA[SetUp : System.InvalidOperationException : No Entity Framework provider found for the ADO.NET provider with invariant name 'System.Data.SqlServerCe.4.0'. Make sure the provider is registered in the 'entityFramework' section of the application config file. See http://go.microsoft.com/fwlink/?LinkId=260882 for more information.]]></message>
                                  <stack-trace><![CDATA[at System.Data.Entity.Infrastructure.DependencyResolution.DefaultProviderServicesResolver.GetService(Type type, Object key)
at System.Data.Entity.Infrastructure.DependencyResolution.CachingDependencyResolver.<>c__DisplayClass1.<GetService>b__0(Tuple`2 k)
at System.Collections.Concurrent.ConcurrentDictionary`2.GetOrAdd(TKey key, Func`2 valueFactory)
at System.Data.Entity.Infrastructure.DependencyResolution.CachingDependencyResolver.GetService(Type type, Object key)
at System.Data.Entity.Infrastructure.DependencyResolution.ResolverChain.<>c__DisplayClass3.<GetService>b__0(IDbDependencyResolver r)
at System.Linq.Enumerable.WhereSelectArrayIterator`2.MoveNext()
at System.Linq.Enumerable.FirstOrDefault[TSource](IEnumerable`1 source, Func`2 predicate)
at System.Data.Entity.Infrastructure.DependencyResolution.ResolverChain.GetService(Type type, Object key)
at System.Data.Entity.Infrastructure.DependencyResolution.RootDependencyResolver.GetService(Type type, Object key)
at System.Data.Entity.Infrastructure.DependencyResolution.ResolverChain.<>c__DisplayClass3.<GetService>b__0(IDbDependencyResolver r)
at System.Linq.Enumerable.WhereSelectArrayIterator`2.MoveNext()
at System.Linq.Enumerable.FirstOrDefault[TSource](IEnumerable`1 source, Func`2 predicate)
at System.Data.Entity.Infrastructure.DependencyResolution.ResolverChain.GetService(Type type, Object key)
at System.Data.Entity.Infrastructure.DependencyResolution.CompositeResolver`2.GetService(Type type, Object key)
at System.Data.Entity.Infrastructure.DependencyResolution.DbDependencyResolverExtensions.GetService[T](IDbDependencyResolver resolver, Object key)
at System.Data.Entity.Utilities.DbProviderFactoryExtensions.GetProviderServices(DbProviderFactory factory)
at System.Data.Entity.Infrastructure.DefaultManifestTokenResolver.<>c__DisplayClass1.<ResolveManifestToken>b__0(Tuple`3 k)
at System.Collections.Concurrent.ConcurrentDictionary`2.GetOrAdd(TKey key, Func`2 valueFactory)
at System.Data.Entity.Infrastructure.DefaultManifestTokenResolver.ResolveManifestToken(DbConnection connection)
at System.Data.Entity.Utilities.DbConnectionExtensions.GetProviderInfo(DbConnection connection, DbProviderManifest& providerManifest)
at System.Data.Entity.DbModelBuilder.Build(DbConnection providerConnection)
at System.Data.Entity.Internal.LazyInternalContext.CreateModel(LazyInternalContext internalContext)
at System.Data.Entity.Internal.RetryLazy`2.GetValue(TInput input)
at System.Data.Entity.Internal.LazyInternalContext.InitializeContext()
at System.Data.Entity.Internal.InternalContext.CreateObjectContextForDdlOps()
at System.Data.Entity.Database.Create(DatabaseExistenceState existenceState)
at System.Data.Entity.Database.Create()
at Nop.Data.Tests.PersistenceTest.SetUp() in C:\Users\yowko151215\Source\Repos\jenkins-labs-1\Tests\Nop.Data.Tests\PersistenceTest.cs:line 21
]]></stack-trace>
                                </failure>
                              </test-case>
                            </results>
                          </test-suite>
                          <test-suite type="TestFixture" name="QueuedEmailPersistenceTests" executed="True" result="Failure" success="False" time="0.012" asserts="0">
                            <results>
                              <test-case name="Nop.Data.Tests.Messages.QueuedEmailPersistenceTests.Can_save_and_load_queuedEmail" executed="True" result="Error" success="False" time="0.011" asserts="0">
                                <failure>
                                  <message><![CDATA[SetUp : System.InvalidOperationException : No Entity Framework provider found for the ADO.NET provider with invariant name 'System.Data.SqlServerCe.4.0'. Make sure the provider is registered in the 'entityFramework' section of the application config file. See http://go.microsoft.com/fwlink/?LinkId=260882 for more information.]]></message>
                                  <stack-trace><![CDATA[at System.Data.Entity.Infrastructure.DependencyResolution.DefaultProviderServicesResolver.GetService(Type type, Object key)
at System.Data.Entity.Infrastructure.DependencyResolution.CachingDependencyResolver.<>c__DisplayClass1.<GetService>b__0(Tuple`2 k)
at System.Collections.Concurrent.ConcurrentDictionary`2.GetOrAdd(TKey key, Func`2 valueFactory)
at System.Data.Entity.Infrastructure.DependencyResolution.CachingDependencyResolver.GetService(Type type, Object key)
at System.Data.Entity.Infrastructure.DependencyResolution.ResolverChain.<>c__DisplayClass3.<GetService>b__0(IDbDependencyResolver r)
at System.Linq.Enumerable.WhereSelectArrayIterator`2.MoveNext()
at System.Linq.Enumerable.FirstOrDefault[TSource](IEnumerable`1 source, Func`2 predicate)
at System.Data.Entity.Infrastructure.DependencyResolution.ResolverChain.GetService(Type type, Object key)
at System.Data.Entity.Infrastructure.DependencyResolution.RootDependencyResolver.GetService(Type type, Object key)
at System.Data.Entity.Infrastructure.DependencyResolution.ResolverChain.<>c__DisplayClass3.<GetService>b__0(IDbDependencyResolver r)
at System.Linq.Enumerable.WhereSelectArrayIterator`2.MoveNext()
at System.Linq.Enumerable.FirstOrDefault[TSource](IEnumerable`1 source, Func`2 predicate)
at System.Data.Entity.Infrastructure.DependencyResolution.ResolverChain.GetService(Type type, Object key)
at System.Data.Entity.Infrastructure.DependencyResolution.CompositeResolver`2.GetService(Type type, Object key)
at System.Data.Entity.Infrastructure.DependencyResolution.DbDependencyResolverExtensions.GetService[T](IDbDependencyResolver resolver, Object key)
at System.Data.Entity.Utilities.DbProviderFactoryExtensions.GetProviderServices(DbProviderFactory factory)
at System.Data.Entity.Infrastructure.DefaultManifestTokenResolver.<>c__DisplayClass1.<ResolveManifestToken>b__0(Tuple`3 k)
at System.Collections.Concurrent.ConcurrentDictionary`2.GetOrAdd(TKey key, Func`2 valueFactory)
at System.Data.Entity.Infrastructure.DefaultManifestTokenResolver.ResolveManifestToken(DbConnection connection)
at System.Data.Entity.Utilities.DbConnectionExtensions.GetProviderInfo(DbConnection connection, DbProviderManifest& providerManifest)
at System.Data.Entity.DbModelBuilder.Build(DbConnection providerConnection)
at System.Data.Entity.Internal.LazyInternalContext.CreateModel(LazyInternalContext internalContext)
at System.Data.Entity.Internal.RetryLazy`2.GetValue(TInput input)
at System.Data.Entity.Internal.LazyInternalContext.InitializeContext()
at System.Data.Entity.Internal.InternalContext.CreateObjectContextForDdlOps()
at System.Data.Entity.Database.Create(DatabaseExistenceState existenceState)
at System.Data.Entity.Database.Create()
at Nop.Data.Tests.PersistenceTest.SetUp() in C:\Users\yowko151215\Source\Repos\jenkins-labs-1\Tests\Nop.Data.Tests\PersistenceTest.cs:line 21
]]></stack-trace>
                                </failure>
                              </test-case>
                            </results>
                          </test-suite>
                        </results>
                      </test-suite>
                      <test-suite type="Namespace" name="News" executed="True" result="Failure" success="False" time="0.036" asserts="0">
                        <results>
                          <test-suite type="TestFixture" name="NewsPersistenceTests" executed="True" result="Failure" success="False" time="0.035" asserts="0">
                            <results>
                              <test-case name="Nop.Data.Tests.News.NewsPersistenceTests.Can_save_and_load_newsItem" executed="True" result="Error" success="False" time="0.011" asserts="0">
                                <failure>
                                  <message><![CDATA[SetUp : System.InvalidOperationException : No Entity Framework provider found for the ADO.NET provider with invariant name 'System.Data.SqlServerCe.4.0'. Make sure the provider is registered in the 'entityFramework' section of the application config file. See http://go.microsoft.com/fwlink/?LinkId=260882 for more information.]]></message>
                                  <stack-trace><![CDATA[at System.Data.Entity.Infrastructure.DependencyResolution.DefaultProviderServicesResolver.GetService(Type type, Object key)
at System.Data.Entity.Infrastructure.DependencyResolution.CachingDependencyResolver.<>c__DisplayClass1.<GetService>b__0(Tuple`2 k)
at System.Collections.Concurrent.ConcurrentDictionary`2.GetOrAdd(TKey key, Func`2 valueFactory)
at System.Data.Entity.Infrastructure.DependencyResolution.CachingDependencyResolver.GetService(Type type, Object key)
at System.Data.Entity.Infrastructure.DependencyResolution.ResolverChain.<>c__DisplayClass3.<GetService>b__0(IDbDependencyResolver r)
at System.Linq.Enumerable.WhereSelectArrayIterator`2.MoveNext()
at System.Linq.Enumerable.FirstOrDefault[TSource](IEnumerable`1 source, Func`2 predicate)
at System.Data.Entity.Infrastructure.DependencyResolution.ResolverChain.GetService(Type type, Object key)
at System.Data.Entity.Infrastructure.DependencyResolution.RootDependencyResolver.GetService(Type type, Object key)
at System.Data.Entity.Infrastructure.DependencyResolution.ResolverChain.<>c__DisplayClass3.<GetService>b__0(IDbDependencyResolver r)
at System.Linq.Enumerable.WhereSelectArrayIterator`2.MoveNext()
at System.Linq.Enumerable.FirstOrDefault[TSource](IEnumerable`1 source, Func`2 predicate)
at System.Data.Entity.Infrastructure.DependencyResolution.ResolverChain.GetService(Type type, Object key)
at System.Data.Entity.Infrastructure.DependencyResolution.CompositeResolver`2.GetService(Type type, Object key)
at System.Data.Entity.Infrastructure.DependencyResolution.DbDependencyResolverExtensions.GetService[T](IDbDependencyResolver resolver, Object key)
at System.Data.Entity.Utilities.DbProviderFactoryExtensions.GetProviderServices(DbProviderFactory factory)
at System.Data.Entity.Infrastructure.DefaultManifestTokenResolver.<>c__DisplayClass1.<ResolveManifestToken>b__0(Tuple`3 k)
at System.Collections.Concurrent.ConcurrentDictionary`2.GetOrAdd(TKey key, Func`2 valueFactory)
at System.Data.Entity.Infrastructure.DefaultManifestTokenResolver.ResolveManifestToken(DbConnection connection)
at System.Data.Entity.Utilities.DbConnectionExtensions.GetProviderInfo(DbConnection connection, DbProviderManifest& providerManifest)
at System.Data.Entity.DbModelBuilder.Build(DbConnection providerConnection)
at System.Data.Entity.Internal.LazyInternalContext.CreateModel(LazyInternalContext internalContext)
at System.Data.Entity.Internal.RetryLazy`2.GetValue(TInput input)
at System.Data.Entity.Internal.LazyInternalContext.InitializeContext()
at System.Data.Entity.Internal.InternalContext.CreateObjectContextForDdlOps()
at System.Data.Entity.Database.Create(DatabaseExistenceState existenceState)
at System.Data.Entity.Database.Create()
at Nop.Data.Tests.PersistenceTest.SetUp() in C:\Users\yowko151215\Source\Repos\jenkins-labs-1\Tests\Nop.Data.Tests\PersistenceTest.cs:line 21
]]></stack-trace>
                                </failure>
                              </test-case>
                              <test-case name="Nop.Data.Tests.News.NewsPersistenceTests.Can_save_and_load_newsItem_with_comments" executed="True" result="Error" success="False" time="0.014" asserts="0">
                                <failure>
                                  <message><![CDATA[SetUp : System.InvalidOperationException : No Entity Framework provider found for the ADO.NET provider with invariant name 'System.Data.SqlServerCe.4.0'. Make sure the provider is registered in the 'entityFramework' section of the application config file. See http://go.microsoft.com/fwlink/?LinkId=260882 for more information.]]></message>
                                  <stack-trace><![CDATA[at System.Data.Entity.Infrastructure.DependencyResolution.DefaultProviderServicesResolver.GetService(Type type, Object key)
at System.Data.Entity.Infrastructure.DependencyResolution.CachingDependencyResolver.<>c__DisplayClass1.<GetService>b__0(Tuple`2 k)
at System.Collections.Concurrent.ConcurrentDictionary`2.GetOrAdd(TKey key, Func`2 valueFactory)
at System.Data.Entity.Infrastructure.DependencyResolution.CachingDependencyResolver.GetService(Type type, Object key)
at System.Data.Entity.Infrastructure.DependencyResolution.ResolverChain.<>c__DisplayClass3.<GetService>b__0(IDbDependencyResolver r)
at System.Linq.Enumerable.WhereSelectArrayIterator`2.MoveNext()
at System.Linq.Enumerable.FirstOrDefault[TSource](IEnumerable`1 source, Func`2 predicate)
at System.Data.Entity.Infrastructure.DependencyResolution.ResolverChain.GetService(Type type, Object key)
at System.Data.Entity.Infrastructure.DependencyResolution.RootDependencyResolver.GetService(Type type, Object key)
at System.Data.Entity.Infrastructure.DependencyResolution.ResolverChain.<>c__DisplayClass3.<GetService>b__0(IDbDependencyResolver r)
at System.Linq.Enumerable.WhereSelectArrayIterator`2.MoveNext()
at System.Linq.Enumerable.FirstOrDefault[TSource](IEnumerable`1 source, Func`2 predicate)
at System.Data.Entity.Infrastructure.DependencyResolution.ResolverChain.GetService(Type type, Object key)
at System.Data.Entity.Infrastructure.DependencyResolution.CompositeResolver`2.GetService(Type type, Object key)
at System.Data.Entity.Infrastructure.DependencyResolution.DbDependencyResolverExtensions.GetService[T](IDbDependencyResolver resolver, Object key)
at System.Data.Entity.Utilities.DbProviderFactoryExtensions.GetProviderServices(DbProviderFactory factory)
at System.Data.Entity.Infrastructure.DefaultManifestTokenResolver.<>c__DisplayClass1.<ResolveManifestToken>b__0(Tuple`3 k)
at System.Collections.Concurrent.ConcurrentDictionary`2.GetOrAdd(TKey key, Func`2 valueFactory)
at System.Data.Entity.Infrastructure.DefaultManifestTokenResolver.ResolveManifestToken(DbConnection connection)
at System.Data.Entity.Utilities.DbConnectionExtensions.GetProviderInfo(DbConnection connection, DbProviderManifest& providerManifest)
at System.Data.Entity.DbModelBuilder.Build(DbConnection providerConnection)
at System.Data.Entity.Internal.LazyInternalContext.CreateModel(LazyInternalContext internalContext)
at System.Data.Entity.Internal.RetryLazy`2.GetValue(TInput input)
at System.Data.Entity.Internal.LazyInternalContext.InitializeContext()
at System.Data.Entity.Internal.InternalContext.CreateObjectContextForDdlOps()
at System.Data.Entity.Database.Create(DatabaseExistenceState existenceState)
at System.Data.Entity.Database.Create()
at Nop.Data.Tests.PersistenceTest.SetUp() in C:\Users\yowko151215\Source\Repos\jenkins-labs-1\Tests\Nop.Data.Tests\PersistenceTest.cs:line 21
]]></stack-trace>
                                </failure>
                              </test-case>
                            </results>
                          </test-suite>
                        </results>
                      </test-suite>
                      <test-suite type="Namespace" name="Orders" executed="True" result="Failure" success="False" time="0.594" asserts="0">
                        <results>
                          <test-suite type="TestFixture" name="CheckoutAttributePersistenceTests" executed="True" result="Failure" success="False" time="0.034" asserts="0">
                            <results>
                              <test-case name="Nop.Data.Tests.Orders.CheckoutAttributePersistenceTests.Can_save_and_load_checkoutAttribute" executed="True" result="Error" success="False" time="0.014" asserts="0">
                                <failure>
                                  <message><![CDATA[SetUp : System.InvalidOperationException : No Entity Framework provider found for the ADO.NET provider with invariant name 'System.Data.SqlServerCe.4.0'. Make sure the provider is registered in the 'entityFramework' section of the application config file. See http://go.microsoft.com/fwlink/?LinkId=260882 for more information.]]></message>
                                  <stack-trace><![CDATA[at System.Data.Entity.Infrastructure.DependencyResolution.DefaultProviderServicesResolver.GetService(Type type, Object key)
at System.Data.Entity.Infrastructure.DependencyResolution.CachingDependencyResolver.<>c__DisplayClass1.<GetService>b__0(Tuple`2 k)
at System.Collections.Concurrent.ConcurrentDictionary`2.GetOrAdd(TKey key, Func`2 valueFactory)
at System.Data.Entity.Infrastructure.DependencyResolution.CachingDependencyResolver.GetService(Type type, Object key)
at System.Data.Entity.Infrastructure.DependencyResolution.ResolverChain.<>c__DisplayClass3.<GetService>b__0(IDbDependencyResolver r)
at System.Linq.Enumerable.WhereSelectArrayIterator`2.MoveNext()
at System.Linq.Enumerable.FirstOrDefault[TSource](IEnumerable`1 source, Func`2 predicate)
at System.Data.Entity.Infrastructure.DependencyResolution.ResolverChain.GetService(Type type, Object key)
at System.Data.Entity.Infrastructure.DependencyResolution.RootDependencyResolver.GetService(Type type, Object key)
at System.Data.Entity.Infrastructure.DependencyResolution.ResolverChain.<>c__DisplayClass3.<GetService>b__0(IDbDependencyResolver r)
at System.Linq.Enumerable.WhereSelectArrayIterator`2.MoveNext()
at System.Linq.Enumerable.FirstOrDefault[TSource](IEnumerable`1 source, Func`2 predicate)
at System.Data.Entity.Infrastructure.DependencyResolution.ResolverChain.GetService(Type type, Object key)
at System.Data.Entity.Infrastructure.DependencyResolution.CompositeResolver`2.GetService(Type type, Object key)
at System.Data.Entity.Infrastructure.DependencyResolution.DbDependencyResolverExtensions.GetService[T](IDbDependencyResolver resolver, Object key)
at System.Data.Entity.Utilities.DbProviderFactoryExtensions.GetProviderServices(DbProviderFactory factory)
at System.Data.Entity.Infrastructure.DefaultManifestTokenResolver.<>c__DisplayClass1.<ResolveManifestToken>b__0(Tuple`3 k)
at System.Collections.Concurrent.ConcurrentDictionary`2.GetOrAdd(TKey key, Func`2 valueFactory)
at System.Data.Entity.Infrastructure.DefaultManifestTokenResolver.ResolveManifestToken(DbConnection connection)
at System.Data.Entity.Utilities.DbConnectionExtensions.GetProviderInfo(DbConnection connection, DbProviderManifest& providerManifest)
at System.Data.Entity.DbModelBuilder.Build(DbConnection providerConnection)
at System.Data.Entity.Internal.LazyInternalContext.CreateModel(LazyInternalContext internalContext)
at System.Data.Entity.Internal.RetryLazy`2.GetValue(TInput input)
at System.Data.Entity.Internal.LazyInternalContext.InitializeContext()
at System.Data.Entity.Internal.InternalContext.CreateObjectContextForDdlOps()
at System.Data.Entity.Database.Create(DatabaseExistenceState existenceState)
at System.Data.Entity.Database.Create()
at Nop.Data.Tests.PersistenceTest.SetUp() in C:\Users\yowko151215\Source\Repos\jenkins-labs-1\Tests\Nop.Data.Tests\PersistenceTest.cs:line 21
]]></stack-trace>
                                </failure>
                              </test-case>
                              <test-case name="Nop.Data.Tests.Orders.CheckoutAttributePersistenceTests.Can_save_and_load_checkoutAttribute_with_values" executed="True" result="Error" success="False" time="0.011" asserts="0">
                                <failure>
                                  <message><![CDATA[SetUp : System.InvalidOperationException : No Entity Framework provider found for the ADO.NET provider with invariant name 'System.Data.SqlServerCe.4.0'. Make sure the provider is registered in the 'entityFramework' section of the application config file. See http://go.microsoft.com/fwlink/?LinkId=260882 for more information.]]></message>
                                  <stack-trace><![CDATA[at System.Data.Entity.Infrastructure.DependencyResolution.DefaultProviderServicesResolver.GetService(Type type, Object key)
at System.Data.Entity.Infrastructure.DependencyResolution.CachingDependencyResolver.<>c__DisplayClass1.<GetService>b__0(Tuple`2 k)
at System.Collections.Concurrent.ConcurrentDictionary`2.GetOrAdd(TKey key, Func`2 valueFactory)
at System.Data.Entity.Infrastructure.DependencyResolution.CachingDependencyResolver.GetService(Type type, Object key)
at System.Data.Entity.Infrastructure.DependencyResolution.ResolverChain.<>c__DisplayClass3.<GetService>b__0(IDbDependencyResolver r)
at System.Linq.Enumerable.WhereSelectArrayIterator`2.MoveNext()
at System.Linq.Enumerable.FirstOrDefault[TSource](IEnumerable`1 source, Func`2 predicate)
at System.Data.Entity.Infrastructure.DependencyResolution.ResolverChain.GetService(Type type, Object key)
at System.Data.Entity.Infrastructure.DependencyResolution.RootDependencyResolver.GetService(Type type, Object key)
at System.Data.Entity.Infrastructure.DependencyResolution.ResolverChain.<>c__DisplayClass3.<GetService>b__0(IDbDependencyResolver r)
at System.Linq.Enumerable.WhereSelectArrayIterator`2.MoveNext()
at System.Linq.Enumerable.FirstOrDefault[TSource](IEnumerable`1 source, Func`2 predicate)
at System.Data.Entity.Infrastructure.DependencyResolution.ResolverChain.GetService(Type type, Object key)
at System.Data.Entity.Infrastructure.DependencyResolution.CompositeResolver`2.GetService(Type type, Object key)
at System.Data.Entity.Infrastructure.DependencyResolution.DbDependencyResolverExtensions.GetService[T](IDbDependencyResolver resolver, Object key)
at System.Data.Entity.Utilities.DbProviderFactoryExtensions.GetProviderServices(DbProviderFactory factory)
at System.Data.Entity.Infrastructure.DefaultManifestTokenResolver.<>c__DisplayClass1.<ResolveManifestToken>b__0(Tuple`3 k)
at System.Collections.Concurrent.ConcurrentDictionary`2.GetOrAdd(TKey key, Func`2 valueFactory)
at System.Data.Entity.Infrastructure.DefaultManifestTokenResolver.ResolveManifestToken(DbConnection connection)
at System.Data.Entity.Utilities.DbConnectionExtensions.GetProviderInfo(DbConnection connection, DbProviderManifest& providerManifest)
at System.Data.Entity.DbModelBuilder.Build(DbConnection providerConnection)
at System.Data.Entity.Internal.LazyInternalContext.CreateModel(LazyInternalContext internalContext)
at System.Data.Entity.Internal.RetryLazy`2.GetValue(TInput input)
at System.Data.Entity.Internal.LazyInternalContext.InitializeContext()
at System.Data.Entity.Internal.InternalContext.CreateObjectContextForDdlOps()
at System.Data.Entity.Database.Create(DatabaseExistenceState existenceState)
at System.Data.Entity.Database.Create()
at Nop.Data.Tests.PersistenceTest.SetUp() in C:\Users\yowko151215\Source\Repos\jenkins-labs-1\Tests\Nop.Data.Tests\PersistenceTest.cs:line 21
]]></stack-trace>
                                </failure>
                              </test-case>
                            </results>
                          </test-suite>
                          <test-suite type="TestFixture" name="CheckoutAttributeValuePersistenceTests" executed="True" result="Failure" success="False" time="0.012" asserts="0">
                            <results>
                              <test-case name="Nop.Data.Tests.Orders.CheckoutAttributeValuePersistenceTests.Can_save_and_load_checkoutAttributeValue" executed="True" result="Error" success="False" time="0.011" asserts="0">
                                <failure>
                                  <message><![CDATA[SetUp : System.InvalidOperationException : No Entity Framework provider found for the ADO.NET provider with invariant name 'System.Data.SqlServerCe.4.0'. Make sure the provider is registered in the 'entityFramework' section of the application config file. See http://go.microsoft.com/fwlink/?LinkId=260882 for more information.]]></message>
                                  <stack-trace><![CDATA[at System.Data.Entity.Infrastructure.DependencyResolution.DefaultProviderServicesResolver.GetService(Type type, Object key)
at System.Data.Entity.Infrastructure.DependencyResolution.CachingDependencyResolver.<>c__DisplayClass1.<GetService>b__0(Tuple`2 k)
at System.Collections.Concurrent.ConcurrentDictionary`2.GetOrAdd(TKey key, Func`2 valueFactory)
at System.Data.Entity.Infrastructure.DependencyResolution.CachingDependencyResolver.GetService(Type type, Object key)
at System.Data.Entity.Infrastructure.DependencyResolution.ResolverChain.<>c__DisplayClass3.<GetService>b__0(IDbDependencyResolver r)
at System.Linq.Enumerable.WhereSelectArrayIterator`2.MoveNext()
at System.Linq.Enumerable.FirstOrDefault[TSource](IEnumerable`1 source, Func`2 predicate)
at System.Data.Entity.Infrastructure.DependencyResolution.ResolverChain.GetService(Type type, Object key)
at System.Data.Entity.Infrastructure.DependencyResolution.RootDependencyResolver.GetService(Type type, Object key)
at System.Data.Entity.Infrastructure.DependencyResolution.ResolverChain.<>c__DisplayClass3.<GetService>b__0(IDbDependencyResolver r)
at System.Linq.Enumerable.WhereSelectArrayIterator`2.MoveNext()
at System.Linq.Enumerable.FirstOrDefault[TSource](IEnumerable`1 source, Func`2 predicate)
at System.Data.Entity.Infrastructure.DependencyResolution.ResolverChain.GetService(Type type, Object key)
at System.Data.Entity.Infrastructure.DependencyResolution.CompositeResolver`2.GetService(Type type, Object key)
at System.Data.Entity.Infrastructure.DependencyResolution.DbDependencyResolverExtensions.GetService[T](IDbDependencyResolver resolver, Object key)
at System.Data.Entity.Utilities.DbProviderFactoryExtensions.GetProviderServices(DbProviderFactory factory)
at System.Data.Entity.Infrastructure.DefaultManifestTokenResolver.<>c__DisplayClass1.<ResolveManifestToken>b__0(Tuple`3 k)
at System.Collections.Concurrent.ConcurrentDictionary`2.GetOrAdd(TKey key, Func`2 valueFactory)
at System.Data.Entity.Infrastructure.DefaultManifestTokenResolver.ResolveManifestToken(DbConnection connection)
at System.Data.Entity.Utilities.DbConnectionExtensions.GetProviderInfo(DbConnection connection, DbProviderManifest& providerManifest)
at System.Data.Entity.DbModelBuilder.Build(DbConnection providerConnection)
at System.Data.Entity.Internal.LazyInternalContext.CreateModel(LazyInternalContext internalContext)
at System.Data.Entity.Internal.RetryLazy`2.GetValue(TInput input)
at System.Data.Entity.Internal.LazyInternalContext.InitializeContext()
at System.Data.Entity.Internal.InternalContext.CreateObjectContextForDdlOps()
at System.Data.Entity.Database.Create(DatabaseExistenceState existenceState)
at System.Data.Entity.Database.Create()
at Nop.Data.Tests.PersistenceTest.SetUp() in C:\Users\yowko151215\Source\Repos\jenkins-labs-1\Tests\Nop.Data.Tests\PersistenceTest.cs:line 21
]]></stack-trace>
                                </failure>
                              </test-case>
                            </results>
                          </test-suite>
                          <test-suite type="TestFixture" name="GiftCardPersistenceTests" executed="True" result="Failure" success="False" time="0.053" asserts="0">
                            <results>
                              <test-case name="Nop.Data.Tests.Orders.GiftCardPersistenceTests.Can_save_and_load_giftCard" executed="True" result="Error" success="False" time="0.011" asserts="0">
                                <failure>
                                  <message><![CDATA[SetUp : System.InvalidOperationException : No Entity Framework provider found for the ADO.NET provider with invariant name 'System.Data.SqlServerCe.4.0'. Make sure the provider is registered in the 'entityFramework' section of the application config file. See http://go.microsoft.com/fwlink/?LinkId=260882 for more information.]]></message>
                                  <stack-trace><![CDATA[at System.Data.Entity.Infrastructure.DependencyResolution.DefaultProviderServicesResolver.GetService(Type type, Object key)
at System.Data.Entity.Infrastructure.DependencyResolution.CachingDependencyResolver.<>c__DisplayClass1.<GetService>b__0(Tuple`2 k)
at System.Collections.Concurrent.ConcurrentDictionary`2.GetOrAdd(TKey key, Func`2 valueFactory)
at System.Data.Entity.Infrastructure.DependencyResolution.CachingDependencyResolver.GetService(Type type, Object key)
at System.Data.Entity.Infrastructure.DependencyResolution.ResolverChain.<>c__DisplayClass3.<GetService>b__0(IDbDependencyResolver r)
at System.Linq.Enumerable.WhereSelectArrayIterator`2.MoveNext()
at System.Linq.Enumerable.FirstOrDefault[TSource](IEnumerable`1 source, Func`2 predicate)
at System.Data.Entity.Infrastructure.DependencyResolution.ResolverChain.GetService(Type type, Object key)
at System.Data.Entity.Infrastructure.DependencyResolution.RootDependencyResolver.GetService(Type type, Object key)
at System.Data.Entity.Infrastructure.DependencyResolution.ResolverChain.<>c__DisplayClass3.<GetService>b__0(IDbDependencyResolver r)
at System.Linq.Enumerable.WhereSelectArrayIterator`2.MoveNext()
at System.Linq.Enumerable.FirstOrDefault[TSource](IEnumerable`1 source, Func`2 predicate)
at System.Data.Entity.Infrastructure.DependencyResolution.ResolverChain.GetService(Type type, Object key)
at System.Data.Entity.Infrastructure.DependencyResolution.CompositeResolver`2.GetService(Type type, Object key)
at System.Data.Entity.Infrastructure.DependencyResolution.DbDependencyResolverExtensions.GetService[T](IDbDependencyResolver resolver, Object key)
at System.Data.Entity.Utilities.DbProviderFactoryExtensions.GetProviderServices(DbProviderFactory factory)
at System.Data.Entity.Infrastructure.DefaultManifestTokenResolver.<>c__DisplayClass1.<ResolveManifestToken>b__0(Tuple`3 k)
at System.Collections.Concurrent.ConcurrentDictionary`2.GetOrAdd(TKey key, Func`2 valueFactory)
at System.Data.Entity.Infrastructure.DefaultManifestTokenResolver.ResolveManifestToken(DbConnection connection)
at System.Data.Entity.Utilities.DbConnectionExtensions.GetProviderInfo(DbConnection connection, DbProviderManifest& providerManifest)
at System.Data.Entity.DbModelBuilder.Build(DbConnection providerConnection)
at System.Data.Entity.Internal.LazyInternalContext.CreateModel(LazyInternalContext internalContext)
at System.Data.Entity.Internal.RetryLazy`2.GetValue(TInput input)
at System.Data.Entity.Internal.LazyInternalContext.InitializeContext()
at System.Data.Entity.Internal.InternalContext.CreateObjectContextForDdlOps()
at System.Data.Entity.Database.Create(DatabaseExistenceState existenceState)
at System.Data.Entity.Database.Create()
at Nop.Data.Tests.PersistenceTest.SetUp() in C:\Users\yowko151215\Source\Repos\jenkins-labs-1\Tests\Nop.Data.Tests\PersistenceTest.cs:line 21
]]></stack-trace>
                                </failure>
                              </test-case>
                              <test-case name="Nop.Data.Tests.Orders.GiftCardPersistenceTests.Can_save_and_load_giftCard_with_associatedItem" executed="True" result="Error" success="False" time="0.011" asserts="0">
                                <failure>
                                  <message><![CDATA[SetUp : System.InvalidOperationException : No Entity Framework provider found for the ADO.NET provider with invariant name 'System.Data.SqlServerCe.4.0'. Make sure the provider is registered in the 'entityFramework' section of the application config file. See http://go.microsoft.com/fwlink/?LinkId=260882 for more information.]]></message>
                                  <stack-trace><![CDATA[at System.Data.Entity.Infrastructure.DependencyResolution.DefaultProviderServicesResolver.GetService(Type type, Object key)
at System.Data.Entity.Infrastructure.DependencyResolution.CachingDependencyResolver.<>c__DisplayClass1.<GetService>b__0(Tuple`2 k)
at System.Collections.Concurrent.ConcurrentDictionary`2.GetOrAdd(TKey key, Func`2 valueFactory)
at System.Data.Entity.Infrastructure.DependencyResolution.CachingDependencyResolver.GetService(Type type, Object key)
at System.Data.Entity.Infrastructure.DependencyResolution.ResolverChain.<>c__DisplayClass3.<GetService>b__0(IDbDependencyResolver r)
at System.Linq.Enumerable.WhereSelectArrayIterator`2.MoveNext()
at System.Linq.Enumerable.FirstOrDefault[TSource](IEnumerable`1 source, Func`2 predicate)
at System.Data.Entity.Infrastructure.DependencyResolution.ResolverChain.GetService(Type type, Object key)
at System.Data.Entity.Infrastructure.DependencyResolution.RootDependencyResolver.GetService(Type type, Object key)
at System.Data.Entity.Infrastructure.DependencyResolution.ResolverChain.<>c__DisplayClass3.<GetService>b__0(IDbDependencyResolver r)
at System.Linq.Enumerable.WhereSelectArrayIterator`2.MoveNext()
at System.Linq.Enumerable.FirstOrDefault[TSource](IEnumerable`1 source, Func`2 predicate)
at System.Data.Entity.Infrastructure.DependencyResolution.ResolverChain.GetService(Type type, Object key)
at System.Data.Entity.Infrastructure.DependencyResolution.CompositeResolver`2.GetService(Type type, Object key)
at System.Data.Entity.Infrastructure.DependencyResolution.DbDependencyResolverExtensions.GetService[T](IDbDependencyResolver resolver, Object key)
at System.Data.Entity.Utilities.DbProviderFactoryExtensions.GetProviderServices(DbProviderFactory factory)
at System.Data.Entity.Infrastructure.DefaultManifestTokenResolver.<>c__DisplayClass1.<ResolveManifestToken>b__0(Tuple`3 k)
at System.Collections.Concurrent.ConcurrentDictionary`2.GetOrAdd(TKey key, Func`2 valueFactory)
at System.Data.Entity.Infrastructure.DefaultManifestTokenResolver.ResolveManifestToken(DbConnection connection)
at System.Data.Entity.Utilities.DbConnectionExtensions.GetProviderInfo(DbConnection connection, DbProviderManifest& providerManifest)
at System.Data.Entity.DbModelBuilder.Build(DbConnection providerConnection)
at System.Data.Entity.Internal.LazyInternalContext.CreateModel(LazyInternalContext internalContext)
at System.Data.Entity.Internal.RetryLazy`2.GetValue(TInput input)
at System.Data.Entity.Internal.LazyInternalContext.InitializeContext()
at System.Data.Entity.Internal.InternalContext.CreateObjectContextForDdlOps()
at System.Data.Entity.Database.Create(DatabaseExistenceState existenceState)
at System.Data.Entity.Database.Create()
at Nop.Data.Tests.PersistenceTest.SetUp() in C:\Users\yowko151215\Source\Repos\jenkins-labs-1\Tests\Nop.Data.Tests\PersistenceTest.cs:line 21
]]></stack-trace>
                                </failure>
                              </test-case>
                              <test-case name="Nop.Data.Tests.Orders.GiftCardPersistenceTests.Can_save_and_load_giftCard_with_usageHistory" executed="True" result="Error" success="False" time="0.011" asserts="0">
                                <failure>
                                  <message><![CDATA[SetUp : System.InvalidOperationException : No Entity Framework provider found for the ADO.NET provider with invariant name 'System.Data.SqlServerCe.4.0'. Make sure the provider is registered in the 'entityFramework' section of the application config file. See http://go.microsoft.com/fwlink/?LinkId=260882 for more information.]]></message>
                                  <stack-trace><![CDATA[at System.Data.Entity.Infrastructure.DependencyResolution.DefaultProviderServicesResolver.GetService(Type type, Object key)
at System.Data.Entity.Infrastructure.DependencyResolution.CachingDependencyResolver.<>c__DisplayClass1.<GetService>b__0(Tuple`2 k)
at System.Collections.Concurrent.ConcurrentDictionary`2.GetOrAdd(TKey key, Func`2 valueFactory)
at System.Data.Entity.Infrastructure.DependencyResolution.CachingDependencyResolver.GetService(Type type, Object key)
at System.Data.Entity.Infrastructure.DependencyResolution.ResolverChain.<>c__DisplayClass3.<GetService>b__0(IDbDependencyResolver r)
at System.Linq.Enumerable.WhereSelectArrayIterator`2.MoveNext()
at System.Linq.Enumerable.FirstOrDefault[TSource](IEnumerable`1 source, Func`2 predicate)
at System.Data.Entity.Infrastructure.DependencyResolution.ResolverChain.GetService(Type type, Object key)
at System.Data.Entity.Infrastructure.DependencyResolution.RootDependencyResolver.GetService(Type type, Object key)
at System.Data.Entity.Infrastructure.DependencyResolution.ResolverChain.<>c__DisplayClass3.<GetService>b__0(IDbDependencyResolver r)
at System.Linq.Enumerable.WhereSelectArrayIterator`2.MoveNext()
at System.Linq.Enumerable.FirstOrDefault[TSource](IEnumerable`1 source, Func`2 predicate)
at System.Data.Entity.Infrastructure.DependencyResolution.ResolverChain.GetService(Type type, Object key)
at System.Data.Entity.Infrastructure.DependencyResolution.CompositeResolver`2.GetService(Type type, Object key)
at System.Data.Entity.Infrastructure.DependencyResolution.DbDependencyResolverExtensions.GetService[T](IDbDependencyResolver resolver, Object key)
at System.Data.Entity.Utilities.DbProviderFactoryExtensions.GetProviderServices(DbProviderFactory factory)
at System.Data.Entity.Infrastructure.DefaultManifestTokenResolver.<>c__DisplayClass1.<ResolveManifestToken>b__0(Tuple`3 k)
at System.Collections.Concurrent.ConcurrentDictionary`2.GetOrAdd(TKey key, Func`2 valueFactory)
at System.Data.Entity.Infrastructure.DefaultManifestTokenResolver.ResolveManifestToken(DbConnection connection)
at System.Data.Entity.Utilities.DbConnectionExtensions.GetProviderInfo(DbConnection connection, DbProviderManifest& providerManifest)
at System.Data.Entity.DbModelBuilder.Build(DbConnection providerConnection)
at System.Data.Entity.Internal.LazyInternalContext.CreateModel(LazyInternalContext internalContext)
at System.Data.Entity.Internal.RetryLazy`2.GetValue(TInput input)
at System.Data.Entity.Internal.LazyInternalContext.InitializeContext()
at System.Data.Entity.Internal.InternalContext.CreateObjectContextForDdlOps()
at System.Data.Entity.Database.Create(DatabaseExistenceState existenceState)
at System.Data.Entity.Database.Create()
at Nop.Data.Tests.PersistenceTest.SetUp() in C:\Users\yowko151215\Source\Repos\jenkins-labs-1\Tests\Nop.Data.Tests\PersistenceTest.cs:line 21
]]></stack-trace>
                                </failure>
                              </test-case>
                            </results>
                          </test-suite>
                          <test-suite type="TestFixture" name="GiftCardUsageHistoryPersistenceTests" executed="True" result="Failure" success="False" time="0.018" asserts="0">
                            <results>
                              <test-case name="Nop.Data.Tests.Orders.GiftCardUsageHistoryPersistenceTests.Can_save_and_load_giftCardUsageHistory" executed="True" result="Error" success="False" time="0.017" asserts="0">
                                <failure>
                                  <message><![CDATA[SetUp : System.InvalidOperationException : No Entity Framework provider found for the ADO.NET provider with invariant name 'System.Data.SqlServerCe.4.0'. Make sure the provider is registered in the 'entityFramework' section of the application config file. See http://go.microsoft.com/fwlink/?LinkId=260882 for more information.]]></message>
                                  <stack-trace><![CDATA[at System.Data.Entity.Infrastructure.DependencyResolution.DefaultProviderServicesResolver.GetService(Type type, Object key)
at System.Data.Entity.Infrastructure.DependencyResolution.CachingDependencyResolver.<>c__DisplayClass1.<GetService>b__0(Tuple`2 k)
at System.Collections.Concurrent.ConcurrentDictionary`2.GetOrAdd(TKey key, Func`2 valueFactory)
at System.Data.Entity.Infrastructure.DependencyResolution.CachingDependencyResolver.GetService(Type type, Object key)
at System.Data.Entity.Infrastructure.DependencyResolution.ResolverChain.<>c__DisplayClass3.<GetService>b__0(IDbDependencyResolver r)
at System.Linq.Enumerable.WhereSelectArrayIterator`2.MoveNext()
at System.Linq.Enumerable.FirstOrDefault[TSource](IEnumerable`1 source, Func`2 predicate)
at System.Data.Entity.Infrastructure.DependencyResolution.ResolverChain.GetService(Type type, Object key)
at System.Data.Entity.Infrastructure.DependencyResolution.RootDependencyResolver.GetService(Type type, Object key)
at System.Data.Entity.Infrastructure.DependencyResolution.ResolverChain.<>c__DisplayClass3.<GetService>b__0(IDbDependencyResolver r)
at System.Linq.Enumerable.WhereSelectArrayIterator`2.MoveNext()
at System.Linq.Enumerable.FirstOrDefault[TSource](IEnumerable`1 source, Func`2 predicate)
at System.Data.Entity.Infrastructure.DependencyResolution.ResolverChain.GetService(Type type, Object key)
at System.Data.Entity.Infrastructure.DependencyResolution.CompositeResolver`2.GetService(Type type, Object key)
at System.Data.Entity.Infrastructure.DependencyResolution.DbDependencyResolverExtensions.GetService[T](IDbDependencyResolver resolver, Object key)
at System.Data.Entity.Utilities.DbProviderFactoryExtensions.GetProviderServices(DbProviderFactory factory)
at System.Data.Entity.Infrastructure.DefaultManifestTokenResolver.<>c__DisplayClass1.<ResolveManifestToken>b__0(Tuple`3 k)
at System.Collections.Concurrent.ConcurrentDictionary`2.GetOrAdd(TKey key, Func`2 valueFactory)
at System.Data.Entity.Infrastructure.DefaultManifestTokenResolver.ResolveManifestToken(DbConnection connection)
at System.Data.Entity.Utilities.DbConnectionExtensions.GetProviderInfo(DbConnection connection, DbProviderManifest& providerManifest)
at System.Data.Entity.DbModelBuilder.Build(DbConnection providerConnection)
at System.Data.Entity.Internal.LazyInternalContext.CreateModel(LazyInternalContext internalContext)
at System.Data.Entity.Internal.RetryLazy`2.GetValue(TInput input)
at System.Data.Entity.Internal.LazyInternalContext.InitializeContext()
at System.Data.Entity.Internal.InternalContext.CreateObjectContextForDdlOps()
at System.Data.Entity.Database.Create(DatabaseExistenceState existenceState)
at System.Data.Entity.Database.Create()
at Nop.Data.Tests.PersistenceTest.SetUp() in C:\Users\yowko151215\Source\Repos\jenkins-labs-1\Tests\Nop.Data.Tests\PersistenceTest.cs:line 21
]]></stack-trace>
                                </failure>
                              </test-case>
                            </results>
                          </test-suite>
                          <test-suite type="TestFixture" name="OrderItemPersistenceTests" executed="True" result="Failure" success="False" time="0.032" asserts="0">
                            <results>
                              <test-case name="Nop.Data.Tests.Orders.OrderItemPersistenceTests.Can_save_and_load_orderItem" executed="True" result="Error" success="False" time="0.012" asserts="0">
                                <failure>
                                  <message><![CDATA[SetUp : System.InvalidOperationException : No Entity Framework provider found for the ADO.NET provider with invariant name 'System.Data.SqlServerCe.4.0'. Make sure the provider is registered in the 'entityFramework' section of the application config file. See http://go.microsoft.com/fwlink/?LinkId=260882 for more information.]]></message>
                                  <stack-trace><![CDATA[at System.Data.Entity.Infrastructure.DependencyResolution.DefaultProviderServicesResolver.GetService(Type type, Object key)
at System.Data.Entity.Infrastructure.DependencyResolution.CachingDependencyResolver.<>c__DisplayClass1.<GetService>b__0(Tuple`2 k)
at System.Collections.Concurrent.ConcurrentDictionary`2.GetOrAdd(TKey key, Func`2 valueFactory)
at System.Data.Entity.Infrastructure.DependencyResolution.CachingDependencyResolver.GetService(Type type, Object key)
at System.Data.Entity.Infrastructure.DependencyResolution.ResolverChain.<>c__DisplayClass3.<GetService>b__0(IDbDependencyResolver r)
at System.Linq.Enumerable.WhereSelectArrayIterator`2.MoveNext()
at System.Linq.Enumerable.FirstOrDefault[TSource](IEnumerable`1 source, Func`2 predicate)
at System.Data.Entity.Infrastructure.DependencyResolution.ResolverChain.GetService(Type type, Object key)
at System.Data.Entity.Infrastructure.DependencyResolution.RootDependencyResolver.GetService(Type type, Object key)
at System.Data.Entity.Infrastructure.DependencyResolution.ResolverChain.<>c__DisplayClass3.<GetService>b__0(IDbDependencyResolver r)
at System.Linq.Enumerable.WhereSelectArrayIterator`2.MoveNext()
at System.Linq.Enumerable.FirstOrDefault[TSource](IEnumerable`1 source, Func`2 predicate)
at System.Data.Entity.Infrastructure.DependencyResolution.ResolverChain.GetService(Type type, Object key)
at System.Data.Entity.Infrastructure.DependencyResolution.CompositeResolver`2.GetService(Type type, Object key)
at System.Data.Entity.Infrastructure.DependencyResolution.DbDependencyResolverExtensions.GetService[T](IDbDependencyResolver resolver, Object key)
at System.Data.Entity.Utilities.DbProviderFactoryExtensions.GetProviderServices(DbProviderFactory factory)
at System.Data.Entity.Infrastructure.DefaultManifestTokenResolver.<>c__DisplayClass1.<ResolveManifestToken>b__0(Tuple`3 k)
at System.Collections.Concurrent.ConcurrentDictionary`2.GetOrAdd(TKey key, Func`2 valueFactory)
at System.Data.Entity.Infrastructure.DefaultManifestTokenResolver.ResolveManifestToken(DbConnection connection)
at System.Data.Entity.Utilities.DbConnectionExtensions.GetProviderInfo(DbConnection connection, DbProviderManifest& providerManifest)
at System.Data.Entity.DbModelBuilder.Build(DbConnection providerConnection)
at System.Data.Entity.Internal.LazyInternalContext.CreateModel(LazyInternalContext internalContext)
at System.Data.Entity.Internal.RetryLazy`2.GetValue(TInput input)
at System.Data.Entity.Internal.LazyInternalContext.InitializeContext()
at System.Data.Entity.Internal.InternalContext.CreateObjectContextForDdlOps()
at System.Data.Entity.Database.Create(DatabaseExistenceState existenceState)
at System.Data.Entity.Database.Create()
at Nop.Data.Tests.PersistenceTest.SetUp() in C:\Users\yowko151215\Source\Repos\jenkins-labs-1\Tests\Nop.Data.Tests\PersistenceTest.cs:line 21
]]></stack-trace>
                                </failure>
                              </test-case>
                              <test-case name="Nop.Data.Tests.Orders.OrderItemPersistenceTests.Can_save_and_load_orderItem_with_giftCard" executed="True" result="Error" success="False" time="0.011" asserts="0">
                                <failure>
                                  <message><![CDATA[SetUp : System.InvalidOperationException : No Entity Framework provider found for the ADO.NET provider with invariant name 'System.Data.SqlServerCe.4.0'. Make sure the provider is registered in the 'entityFramework' section of the application config file. See http://go.microsoft.com/fwlink/?LinkId=260882 for more information.]]></message>
                                  <stack-trace><![CDATA[at System.Data.Entity.Infrastructure.DependencyResolution.DefaultProviderServicesResolver.GetService(Type type, Object key)
at System.Data.Entity.Infrastructure.DependencyResolution.CachingDependencyResolver.<>c__DisplayClass1.<GetService>b__0(Tuple`2 k)
at System.Collections.Concurrent.ConcurrentDictionary`2.GetOrAdd(TKey key, Func`2 valueFactory)
at System.Data.Entity.Infrastructure.DependencyResolution.CachingDependencyResolver.GetService(Type type, Object key)
at System.Data.Entity.Infrastructure.DependencyResolution.ResolverChain.<>c__DisplayClass3.<GetService>b__0(IDbDependencyResolver r)
at System.Linq.Enumerable.WhereSelectArrayIterator`2.MoveNext()
at System.Linq.Enumerable.FirstOrDefault[TSource](IEnumerable`1 source, Func`2 predicate)
at System.Data.Entity.Infrastructure.DependencyResolution.ResolverChain.GetService(Type type, Object key)
at System.Data.Entity.Infrastructure.DependencyResolution.RootDependencyResolver.GetService(Type type, Object key)
at System.Data.Entity.Infrastructure.DependencyResolution.ResolverChain.<>c__DisplayClass3.<GetService>b__0(IDbDependencyResolver r)
at System.Linq.Enumerable.WhereSelectArrayIterator`2.MoveNext()
at System.Linq.Enumerable.FirstOrDefault[TSource](IEnumerable`1 source, Func`2 predicate)
at System.Data.Entity.Infrastructure.DependencyResolution.ResolverChain.GetService(Type type, Object key)
at System.Data.Entity.Infrastructure.DependencyResolution.CompositeResolver`2.GetService(Type type, Object key)
at System.Data.Entity.Infrastructure.DependencyResolution.DbDependencyResolverExtensions.GetService[T](IDbDependencyResolver resolver, Object key)
at System.Data.Entity.Utilities.DbProviderFactoryExtensions.GetProviderServices(DbProviderFactory factory)
at System.Data.Entity.Infrastructure.DefaultManifestTokenResolver.<>c__DisplayClass1.<ResolveManifestToken>b__0(Tuple`3 k)
at System.Collections.Concurrent.ConcurrentDictionary`2.GetOrAdd(TKey key, Func`2 valueFactory)
at System.Data.Entity.Infrastructure.DefaultManifestTokenResolver.ResolveManifestToken(DbConnection connection)
at System.Data.Entity.Utilities.DbConnectionExtensions.GetProviderInfo(DbConnection connection, DbProviderManifest& providerManifest)
at System.Data.Entity.DbModelBuilder.Build(DbConnection providerConnection)
at System.Data.Entity.Internal.LazyInternalContext.CreateModel(LazyInternalContext internalContext)
at System.Data.Entity.Internal.RetryLazy`2.GetValue(TInput input)
at System.Data.Entity.Internal.LazyInternalContext.InitializeContext()
at System.Data.Entity.Internal.InternalContext.CreateObjectContextForDdlOps()
at System.Data.Entity.Database.Create(DatabaseExistenceState existenceState)
at System.Data.Entity.Database.Create()
at Nop.Data.Tests.PersistenceTest.SetUp() in C:\Users\yowko151215\Source\Repos\jenkins-labs-1\Tests\Nop.Data.Tests\PersistenceTest.cs:line 21
]]></stack-trace>
                                </failure>
                              </test-case>
                            </results>
                          </test-suite>
                          <test-suite type="TestFixture" name="OrderNotePersistenceTests" executed="True" result="Failure" success="False" time="0.013" asserts="0">
                            <results>
                              <test-case name="Nop.Data.Tests.Orders.OrderNotePersistenceTests.Can_save_and_load_orderNote" executed="True" result="Error" success="False" time="0.012" asserts="0">
                                <failure>
                                  <message><![CDATA[SetUp : System.InvalidOperationException : No Entity Framework provider found for the ADO.NET provider with invariant name 'System.Data.SqlServerCe.4.0'. Make sure the provider is registered in the 'entityFramework' section of the application config file. See http://go.microsoft.com/fwlink/?LinkId=260882 for more information.]]></message>
                                  <stack-trace><![CDATA[at System.Data.Entity.Infrastructure.DependencyResolution.DefaultProviderServicesResolver.GetService(Type type, Object key)
at System.Data.Entity.Infrastructure.DependencyResolution.CachingDependencyResolver.<>c__DisplayClass1.<GetService>b__0(Tuple`2 k)
at System.Collections.Concurrent.ConcurrentDictionary`2.GetOrAdd(TKey key, Func`2 valueFactory)
at System.Data.Entity.Infrastructure.DependencyResolution.CachingDependencyResolver.GetService(Type type, Object key)
at System.Data.Entity.Infrastructure.DependencyResolution.ResolverChain.<>c__DisplayClass3.<GetService>b__0(IDbDependencyResolver r)
at System.Linq.Enumerable.WhereSelectArrayIterator`2.MoveNext()
at System.Linq.Enumerable.FirstOrDefault[TSource](IEnumerable`1 source, Func`2 predicate)
at System.Data.Entity.Infrastructure.DependencyResolution.ResolverChain.GetService(Type type, Object key)
at System.Data.Entity.Infrastructure.DependencyResolution.RootDependencyResolver.GetService(Type type, Object key)
at System.Data.Entity.Infrastructure.DependencyResolution.ResolverChain.<>c__DisplayClass3.<GetService>b__0(IDbDependencyResolver r)
at System.Linq.Enumerable.WhereSelectArrayIterator`2.MoveNext()
at System.Linq.Enumerable.FirstOrDefault[TSource](IEnumerable`1 source, Func`2 predicate)
at System.Data.Entity.Infrastructure.DependencyResolution.ResolverChain.GetService(Type type, Object key)
at System.Data.Entity.Infrastructure.DependencyResolution.CompositeResolver`2.GetService(Type type, Object key)
at System.Data.Entity.Infrastructure.DependencyResolution.DbDependencyResolverExtensions.GetService[T](IDbDependencyResolver resolver, Object key)
at System.Data.Entity.Utilities.DbProviderFactoryExtensions.GetProviderServices(DbProviderFactory factory)
at System.Data.Entity.Infrastructure.DefaultManifestTokenResolver.<>c__DisplayClass1.<ResolveManifestToken>b__0(Tuple`3 k)
at System.Collections.Concurrent.ConcurrentDictionary`2.GetOrAdd(TKey key, Func`2 valueFactory)
at System.Data.Entity.Infrastructure.DefaultManifestTokenResolver.ResolveManifestToken(DbConnection connection)
at System.Data.Entity.Utilities.DbConnectionExtensions.GetProviderInfo(DbConnection connection, DbProviderManifest& providerManifest)
at System.Data.Entity.DbModelBuilder.Build(DbConnection providerConnection)
at System.Data.Entity.Internal.LazyInternalContext.CreateModel(LazyInternalContext internalContext)
at System.Data.Entity.Internal.RetryLazy`2.GetValue(TInput input)
at System.Data.Entity.Internal.LazyInternalContext.InitializeContext()
at System.Data.Entity.Internal.InternalContext.CreateObjectContextForDdlOps()
at System.Data.Entity.Database.Create(DatabaseExistenceState existenceState)
at System.Data.Entity.Database.Create()
at Nop.Data.Tests.PersistenceTest.SetUp() in C:\Users\yowko151215\Source\Repos\jenkins-labs-1\Tests\Nop.Data.Tests\PersistenceTest.cs:line 21
]]></stack-trace>
                                </failure>
                              </test-case>
                            </results>
                          </test-suite>
                          <test-suite type="TestFixture" name="OrderPersistenceTests" executed="True" result="Failure" success="False" time="0.166" asserts="0">
                            <results>
                              <test-case name="Nop.Data.Tests.Orders.OrderPersistenceTests.Can_save_and_load_order" executed="True" result="Error" success="False" time="0.012" asserts="0">
                                <failure>
                                  <message><![CDATA[SetUp : System.InvalidOperationException : No Entity Framework provider found for the ADO.NET provider with invariant name 'System.Data.SqlServerCe.4.0'. Make sure the provider is registered in the 'entityFramework' section of the application config file. See http://go.microsoft.com/fwlink/?LinkId=260882 for more information.]]></message>
                                  <stack-trace><![CDATA[at System.Data.Entity.Infrastructure.DependencyResolution.DefaultProviderServicesResolver.GetService(Type type, Object key)
at System.Data.Entity.Infrastructure.DependencyResolution.CachingDependencyResolver.<>c__DisplayClass1.<GetService>b__0(Tuple`2 k)
at System.Collections.Concurrent.ConcurrentDictionary`2.GetOrAdd(TKey key, Func`2 valueFactory)
at System.Data.Entity.Infrastructure.DependencyResolution.CachingDependencyResolver.GetService(Type type, Object key)
at System.Data.Entity.Infrastructure.DependencyResolution.ResolverChain.<>c__DisplayClass3.<GetService>b__0(IDbDependencyResolver r)
at System.Linq.Enumerable.WhereSelectArrayIterator`2.MoveNext()
at System.Linq.Enumerable.FirstOrDefault[TSource](IEnumerable`1 source, Func`2 predicate)
at System.Data.Entity.Infrastructure.DependencyResolution.ResolverChain.GetService(Type type, Object key)
at System.Data.Entity.Infrastructure.DependencyResolution.RootDependencyResolver.GetService(Type type, Object key)
at System.Data.Entity.Infrastructure.DependencyResolution.ResolverChain.<>c__DisplayClass3.<GetService>b__0(IDbDependencyResolver r)
at System.Linq.Enumerable.WhereSelectArrayIterator`2.MoveNext()
at System.Linq.Enumerable.FirstOrDefault[TSource](IEnumerable`1 source, Func`2 predicate)
at System.Data.Entity.Infrastructure.DependencyResolution.ResolverChain.GetService(Type type, Object key)
at System.Data.Entity.Infrastructure.DependencyResolution.CompositeResolver`2.GetService(Type type, Object key)
at System.Data.Entity.Infrastructure.DependencyResolution.DbDependencyResolverExtensions.GetService[T](IDbDependencyResolver resolver, Object key)
at System.Data.Entity.Utilities.DbProviderFactoryExtensions.GetProviderServices(DbProviderFactory factory)
at System.Data.Entity.Infrastructure.DefaultManifestTokenResolver.<>c__DisplayClass1.<ResolveManifestToken>b__0(Tuple`3 k)
at System.Collections.Concurrent.ConcurrentDictionary`2.GetOrAdd(TKey key, Func`2 valueFactory)
at System.Data.Entity.Infrastructure.DefaultManifestTokenResolver.ResolveManifestToken(DbConnection connection)
at System.Data.Entity.Utilities.DbConnectionExtensions.GetProviderInfo(DbConnection connection, DbProviderManifest& providerManifest)
at System.Data.Entity.DbModelBuilder.Build(DbConnection providerConnection)
at System.Data.Entity.Internal.LazyInternalContext.CreateModel(LazyInternalContext internalContext)
at System.Data.Entity.Internal.RetryLazy`2.GetValue(TInput input)
at System.Data.Entity.Internal.LazyInternalContext.InitializeContext()
at System.Data.Entity.Internal.InternalContext.CreateObjectContextForDdlOps()
at System.Data.Entity.Database.Create(DatabaseExistenceState existenceState)
at System.Data.Entity.Database.Create()
at Nop.Data.Tests.PersistenceTest.SetUp() in C:\Users\yowko151215\Source\Repos\jenkins-labs-1\Tests\Nop.Data.Tests\PersistenceTest.cs:line 21
]]></stack-trace>
                                </failure>
                              </test-case>
                              <test-case name="Nop.Data.Tests.Orders.OrderPersistenceTests.Can_save_and_load_order_with_discountUsageHistory" executed="True" result="Error" success="False" time="0.012" asserts="0">
                                <failure>
                                  <message><![CDATA[SetUp : System.InvalidOperationException : No Entity Framework provider found for the ADO.NET provider with invariant name 'System.Data.SqlServerCe.4.0'. Make sure the provider is registered in the 'entityFramework' section of the application config file. See http://go.microsoft.com/fwlink/?LinkId=260882 for more information.]]></message>
                                  <stack-trace><![CDATA[at System.Data.Entity.Infrastructure.DependencyResolution.DefaultProviderServicesResolver.GetService(Type type, Object key)
at System.Data.Entity.Infrastructure.DependencyResolution.CachingDependencyResolver.<>c__DisplayClass1.<GetService>b__0(Tuple`2 k)
at System.Collections.Concurrent.ConcurrentDictionary`2.GetOrAdd(TKey key, Func`2 valueFactory)
at System.Data.Entity.Infrastructure.DependencyResolution.CachingDependencyResolver.GetService(Type type, Object key)
at System.Data.Entity.Infrastructure.DependencyResolution.ResolverChain.<>c__DisplayClass3.<GetService>b__0(IDbDependencyResolver r)
at System.Linq.Enumerable.WhereSelectArrayIterator`2.MoveNext()
at System.Linq.Enumerable.FirstOrDefault[TSource](IEnumerable`1 source, Func`2 predicate)
at System.Data.Entity.Infrastructure.DependencyResolution.ResolverChain.GetService(Type type, Object key)
at System.Data.Entity.Infrastructure.DependencyResolution.RootDependencyResolver.GetService(Type type, Object key)
at System.Data.Entity.Infrastructure.DependencyResolution.ResolverChain.<>c__DisplayClass3.<GetService>b__0(IDbDependencyResolver r)
at System.Linq.Enumerable.WhereSelectArrayIterator`2.MoveNext()
at System.Linq.Enumerable.FirstOrDefault[TSource](IEnumerable`1 source, Func`2 predicate)
at System.Data.Entity.Infrastructure.DependencyResolution.ResolverChain.GetService(Type type, Object key)
at System.Data.Entity.Infrastructure.DependencyResolution.CompositeResolver`2.GetService(Type type, Object key)
at System.Data.Entity.Infrastructure.DependencyResolution.DbDependencyResolverExtensions.GetService[T](IDbDependencyResolver resolver, Object key)
at System.Data.Entity.Utilities.DbProviderFactoryExtensions.GetProviderServices(DbProviderFactory factory)
at System.Data.Entity.Infrastructure.DefaultManifestTokenResolver.<>c__DisplayClass1.<ResolveManifestToken>b__0(Tuple`3 k)
at System.Collections.Concurrent.ConcurrentDictionary`2.GetOrAdd(TKey key, Func`2 valueFactory)
at System.Data.Entity.Infrastructure.DefaultManifestTokenResolver.ResolveManifestToken(DbConnection connection)
at System.Data.Entity.Utilities.DbConnectionExtensions.GetProviderInfo(DbConnection connection, DbProviderManifest& providerManifest)
at System.Data.Entity.DbModelBuilder.Build(DbConnection providerConnection)
at System.Data.Entity.Internal.LazyInternalContext.CreateModel(LazyInternalContext internalContext)
at System.Data.Entity.Internal.RetryLazy`2.GetValue(TInput input)
at System.Data.Entity.Internal.LazyInternalContext.InitializeContext()
at System.Data.Entity.Internal.InternalContext.CreateObjectContextForDdlOps()
at System.Data.Entity.Database.Create(DatabaseExistenceState existenceState)
at System.Data.Entity.Database.Create()
at Nop.Data.Tests.PersistenceTest.SetUp() in C:\Users\yowko151215\Source\Repos\jenkins-labs-1\Tests\Nop.Data.Tests\PersistenceTest.cs:line 21
]]></stack-trace>
                                </failure>
                              </test-case>
                              <test-case name="Nop.Data.Tests.Orders.OrderPersistenceTests.Can_save_and_load_order_with_giftCardUsageHistory" executed="True" result="Error" success="False" time="0.017" asserts="0">
                                <failure>
                                  <message><![CDATA[SetUp : System.InvalidOperationException : No Entity Framework provider found for the ADO.NET provider with invariant name 'System.Data.SqlServerCe.4.0'. Make sure the provider is registered in the 'entityFramework' section of the application config file. See http://go.microsoft.com/fwlink/?LinkId=260882 for more information.]]></message>
                                  <stack-trace><![CDATA[at System.Data.Entity.Infrastructure.DependencyResolution.DefaultProviderServicesResolver.GetService(Type type, Object key)
at System.Data.Entity.Infrastructure.DependencyResolution.CachingDependencyResolver.<>c__DisplayClass1.<GetService>b__0(Tuple`2 k)
at System.Collections.Concurrent.ConcurrentDictionary`2.GetOrAdd(TKey key, Func`2 valueFactory)
at System.Data.Entity.Infrastructure.DependencyResolution.CachingDependencyResolver.GetService(Type type, Object key)
at System.Data.Entity.Infrastructure.DependencyResolution.ResolverChain.<>c__DisplayClass3.<GetService>b__0(IDbDependencyResolver r)
at System.Linq.Enumerable.WhereSelectArrayIterator`2.MoveNext()
at System.Linq.Enumerable.FirstOrDefault[TSource](IEnumerable`1 source, Func`2 predicate)
at System.Data.Entity.Infrastructure.DependencyResolution.ResolverChain.GetService(Type type, Object key)
at System.Data.Entity.Infrastructure.DependencyResolution.RootDependencyResolver.GetService(Type type, Object key)
at System.Data.Entity.Infrastructure.DependencyResolution.ResolverChain.<>c__DisplayClass3.<GetService>b__0(IDbDependencyResolver r)
at System.Linq.Enumerable.WhereSelectArrayIterator`2.MoveNext()
at System.Linq.Enumerable.FirstOrDefault[TSource](IEnumerable`1 source, Func`2 predicate)
at System.Data.Entity.Infrastructure.DependencyResolution.ResolverChain.GetService(Type type, Object key)
at System.Data.Entity.Infrastructure.DependencyResolution.CompositeResolver`2.GetService(Type type, Object key)
at System.Data.Entity.Infrastructure.DependencyResolution.DbDependencyResolverExtensions.GetService[T](IDbDependencyResolver resolver, Object key)
at System.Data.Entity.Utilities.DbProviderFactoryExtensions.GetProviderServices(DbProviderFactory factory)
at System.Data.Entity.Infrastructure.DefaultManifestTokenResolver.<>c__DisplayClass1.<ResolveManifestToken>b__0(Tuple`3 k)
at System.Collections.Concurrent.ConcurrentDictionary`2.GetOrAdd(TKey key, Func`2 valueFactory)
at System.Data.Entity.Infrastructure.DefaultManifestTokenResolver.ResolveManifestToken(DbConnection connection)
at System.Data.Entity.Utilities.DbConnectionExtensions.GetProviderInfo(DbConnection connection, DbProviderManifest& providerManifest)
at System.Data.Entity.DbModelBuilder.Build(DbConnection providerConnection)
at System.Data.Entity.Internal.LazyInternalContext.CreateModel(LazyInternalContext internalContext)
at System.Data.Entity.Internal.RetryLazy`2.GetValue(TInput input)
at System.Data.Entity.Internal.LazyInternalContext.InitializeContext()
at System.Data.Entity.Internal.InternalContext.CreateObjectContextForDdlOps()
at System.Data.Entity.Database.Create(DatabaseExistenceState existenceState)
at System.Data.Entity.Database.Create()
at Nop.Data.Tests.PersistenceTest.SetUp() in C:\Users\yowko151215\Source\Repos\jenkins-labs-1\Tests\Nop.Data.Tests\PersistenceTest.cs:line 21
]]></stack-trace>
                                </failure>
                              </test-case>
                              <test-case name="Nop.Data.Tests.Orders.OrderPersistenceTests.Can_save_and_load_order_with_orderItems" executed="True" result="Error" success="False" time="0.014" asserts="0">
                                <failure>
                                  <message><![CDATA[SetUp : System.InvalidOperationException : No Entity Framework provider found for the ADO.NET provider with invariant name 'System.Data.SqlServerCe.4.0'. Make sure the provider is registered in the 'entityFramework' section of the application config file. See http://go.microsoft.com/fwlink/?LinkId=260882 for more information.]]></message>
                                  <stack-trace><![CDATA[at System.Data.Entity.Infrastructure.DependencyResolution.DefaultProviderServicesResolver.GetService(Type type, Object key)
at System.Data.Entity.Infrastructure.DependencyResolution.CachingDependencyResolver.<>c__DisplayClass1.<GetService>b__0(Tuple`2 k)
at System.Collections.Concurrent.ConcurrentDictionary`2.GetOrAdd(TKey key, Func`2 valueFactory)
at System.Data.Entity.Infrastructure.DependencyResolution.CachingDependencyResolver.GetService(Type type, Object key)
at System.Data.Entity.Infrastructure.DependencyResolution.ResolverChain.<>c__DisplayClass3.<GetService>b__0(IDbDependencyResolver r)
at System.Linq.Enumerable.WhereSelectArrayIterator`2.MoveNext()
at System.Linq.Enumerable.FirstOrDefault[TSource](IEnumerable`1 source, Func`2 predicate)
at System.Data.Entity.Infrastructure.DependencyResolution.ResolverChain.GetService(Type type, Object key)
at System.Data.Entity.Infrastructure.DependencyResolution.RootDependencyResolver.GetService(Type type, Object key)
at System.Data.Entity.Infrastructure.DependencyResolution.ResolverChain.<>c__DisplayClass3.<GetService>b__0(IDbDependencyResolver r)
at System.Linq.Enumerable.WhereSelectArrayIterator`2.MoveNext()
at System.Linq.Enumerable.FirstOrDefault[TSource](IEnumerable`1 source, Func`2 predicate)
at System.Data.Entity.Infrastructure.DependencyResolution.ResolverChain.GetService(Type type, Object key)
at System.Data.Entity.Infrastructure.DependencyResolution.CompositeResolver`2.GetService(Type type, Object key)
at System.Data.Entity.Infrastructure.DependencyResolution.DbDependencyResolverExtensions.GetService[T](IDbDependencyResolver resolver, Object key)
at System.Data.Entity.Utilities.DbProviderFactoryExtensions.GetProviderServices(DbProviderFactory factory)
at System.Data.Entity.Infrastructure.DefaultManifestTokenResolver.<>c__DisplayClass1.<ResolveManifestToken>b__0(Tuple`3 k)
at System.Collections.Concurrent.ConcurrentDictionary`2.GetOrAdd(TKey key, Func`2 valueFactory)
at System.Data.Entity.Infrastructure.DefaultManifestTokenResolver.ResolveManifestToken(DbConnection connection)
at System.Data.Entity.Utilities.DbConnectionExtensions.GetProviderInfo(DbConnection connection, DbProviderManifest& providerManifest)
at System.Data.Entity.DbModelBuilder.Build(DbConnection providerConnection)
at System.Data.Entity.Internal.LazyInternalContext.CreateModel(LazyInternalContext internalContext)
at System.Data.Entity.Internal.RetryLazy`2.GetValue(TInput input)
at System.Data.Entity.Internal.LazyInternalContext.InitializeContext()
at System.Data.Entity.Internal.InternalContext.CreateObjectContextForDdlOps()
at System.Data.Entity.Database.Create(DatabaseExistenceState existenceState)
at System.Data.Entity.Database.Create()
at Nop.Data.Tests.PersistenceTest.SetUp() in C:\Users\yowko151215\Source\Repos\jenkins-labs-1\Tests\Nop.Data.Tests\PersistenceTest.cs:line 21
]]></stack-trace>
                                </failure>
                              </test-case>
                              <test-case name="Nop.Data.Tests.Orders.OrderPersistenceTests.Can_save_and_load_order_with_orderNotes" executed="True" result="Error" success="False" time="0.012" asserts="0">
                                <failure>
                                  <message><![CDATA[SetUp : System.InvalidOperationException : No Entity Framework provider found for the ADO.NET provider with invariant name 'System.Data.SqlServerCe.4.0'. Make sure the provider is registered in the 'entityFramework' section of the application config file. See http://go.microsoft.com/fwlink/?LinkId=260882 for more information.]]></message>
                                  <stack-trace><![CDATA[at System.Data.Entity.Infrastructure.DependencyResolution.DefaultProviderServicesResolver.GetService(Type type, Object key)
at System.Data.Entity.Infrastructure.DependencyResolution.CachingDependencyResolver.<>c__DisplayClass1.<GetService>b__0(Tuple`2 k)
at System.Collections.Concurrent.ConcurrentDictionary`2.GetOrAdd(TKey key, Func`2 valueFactory)
at System.Data.Entity.Infrastructure.DependencyResolution.CachingDependencyResolver.GetService(Type type, Object key)
at System.Data.Entity.Infrastructure.DependencyResolution.ResolverChain.<>c__DisplayClass3.<GetService>b__0(IDbDependencyResolver r)
at System.Linq.Enumerable.WhereSelectArrayIterator`2.MoveNext()
at System.Linq.Enumerable.FirstOrDefault[TSource](IEnumerable`1 source, Func`2 predicate)
at System.Data.Entity.Infrastructure.DependencyResolution.ResolverChain.GetService(Type type, Object key)
at System.Data.Entity.Infrastructure.DependencyResolution.RootDependencyResolver.GetService(Type type, Object key)
at System.Data.Entity.Infrastructure.DependencyResolution.ResolverChain.<>c__DisplayClass3.<GetService>b__0(IDbDependencyResolver r)
at System.Linq.Enumerable.WhereSelectArrayIterator`2.MoveNext()
at System.Linq.Enumerable.FirstOrDefault[TSource](IEnumerable`1 source, Func`2 predicate)
at System.Data.Entity.Infrastructure.DependencyResolution.ResolverChain.GetService(Type type, Object key)
at System.Data.Entity.Infrastructure.DependencyResolution.CompositeResolver`2.GetService(Type type, Object key)
at System.Data.Entity.Infrastructure.DependencyResolution.DbDependencyResolverExtensions.GetService[T](IDbDependencyResolver resolver, Object key)
at System.Data.Entity.Utilities.DbProviderFactoryExtensions.GetProviderServices(DbProviderFactory factory)
at System.Data.Entity.Infrastructure.DefaultManifestTokenResolver.<>c__DisplayClass1.<ResolveManifestToken>b__0(Tuple`3 k)
at System.Collections.Concurrent.ConcurrentDictionary`2.GetOrAdd(TKey key, Func`2 valueFactory)
at System.Data.Entity.Infrastructure.DefaultManifestTokenResolver.ResolveManifestToken(DbConnection connection)
at System.Data.Entity.Utilities.DbConnectionExtensions.GetProviderInfo(DbConnection connection, DbProviderManifest& providerManifest)
at System.Data.Entity.DbModelBuilder.Build(DbConnection providerConnection)
at System.Data.Entity.Internal.LazyInternalContext.CreateModel(LazyInternalContext internalContext)
at System.Data.Entity.Internal.RetryLazy`2.GetValue(TInput input)
at System.Data.Entity.Internal.LazyInternalContext.InitializeContext()
at System.Data.Entity.Internal.InternalContext.CreateObjectContextForDdlOps()
at System.Data.Entity.Database.Create(DatabaseExistenceState existenceState)
at System.Data.Entity.Database.Create()
at Nop.Data.Tests.PersistenceTest.SetUp() in C:\Users\yowko151215\Source\Repos\jenkins-labs-1\Tests\Nop.Data.Tests\PersistenceTest.cs:line 21
]]></stack-trace>
                                </failure>
                              </test-case>
                              <test-case name="Nop.Data.Tests.Orders.OrderPersistenceTests.Can_save_and_load_order_with_shipments" executed="True" result="Error" success="False" time="0.012" asserts="0">
                                <failure>
                                  <message><![CDATA[SetUp : System.InvalidOperationException : No Entity Framework provider found for the ADO.NET provider with invariant name 'System.Data.SqlServerCe.4.0'. Make sure the provider is registered in the 'entityFramework' section of the application config file. See http://go.microsoft.com/fwlink/?LinkId=260882 for more information.]]></message>
                                  <stack-trace><![CDATA[at System.Data.Entity.Infrastructure.DependencyResolution.DefaultProviderServicesResolver.GetService(Type type, Object key)
at System.Data.Entity.Infrastructure.DependencyResolution.CachingDependencyResolver.<>c__DisplayClass1.<GetService>b__0(Tuple`2 k)
at System.Collections.Concurrent.ConcurrentDictionary`2.GetOrAdd(TKey key, Func`2 valueFactory)
at System.Data.Entity.Infrastructure.DependencyResolution.CachingDependencyResolver.GetService(Type type, Object key)
at System.Data.Entity.Infrastructure.DependencyResolution.ResolverChain.<>c__DisplayClass3.<GetService>b__0(IDbDependencyResolver r)
at System.Linq.Enumerable.WhereSelectArrayIterator`2.MoveNext()
at System.Linq.Enumerable.FirstOrDefault[TSource](IEnumerable`1 source, Func`2 predicate)
at System.Data.Entity.Infrastructure.DependencyResolution.ResolverChain.GetService(Type type, Object key)
at System.Data.Entity.Infrastructure.DependencyResolution.RootDependencyResolver.GetService(Type type, Object key)
at System.Data.Entity.Infrastructure.DependencyResolution.ResolverChain.<>c__DisplayClass3.<GetService>b__0(IDbDependencyResolver r)
at System.Linq.Enumerable.WhereSelectArrayIterator`2.MoveNext()
at System.Linq.Enumerable.FirstOrDefault[TSource](IEnumerable`1 source, Func`2 predicate)
at System.Data.Entity.Infrastructure.DependencyResolution.ResolverChain.GetService(Type type, Object key)
at System.Data.Entity.Infrastructure.DependencyResolution.CompositeResolver`2.GetService(Type type, Object key)
at System.Data.Entity.Infrastructure.DependencyResolution.DbDependencyResolverExtensions.GetService[T](IDbDependencyResolver resolver, Object key)
at System.Data.Entity.Utilities.DbProviderFactoryExtensions.GetProviderServices(DbProviderFactory factory)
at System.Data.Entity.Infrastructure.DefaultManifestTokenResolver.<>c__DisplayClass1.<ResolveManifestToken>b__0(Tuple`3 k)
at System.Collections.Concurrent.ConcurrentDictionary`2.GetOrAdd(TKey key, Func`2 valueFactory)
at System.Data.Entity.Infrastructure.DefaultManifestTokenResolver.ResolveManifestToken(DbConnection connection)
at System.Data.Entity.Utilities.DbConnectionExtensions.GetProviderInfo(DbConnection connection, DbProviderManifest& providerManifest)
at System.Data.Entity.DbModelBuilder.Build(DbConnection providerConnection)
at System.Data.Entity.Internal.LazyInternalContext.CreateModel(LazyInternalContext internalContext)
at System.Data.Entity.Internal.RetryLazy`2.GetValue(TInput input)
at System.Data.Entity.Internal.LazyInternalContext.InitializeContext()
at System.Data.Entity.Internal.InternalContext.CreateObjectContextForDdlOps()
at System.Data.Entity.Database.Create(DatabaseExistenceState existenceState)
at System.Data.Entity.Database.Create()
at Nop.Data.Tests.PersistenceTest.SetUp() in C:\Users\yowko151215\Source\Repos\jenkins-labs-1\Tests\Nop.Data.Tests\PersistenceTest.cs:line 21
]]></stack-trace>
                                </failure>
                              </test-case>
                              <test-case name="Nop.Data.Tests.Orders.OrderPersistenceTests.Can_save_and_load_order_with_shipping_address" executed="True" result="Error" success="False" time="0.012" asserts="0">
                                <failure>
                                  <message><![CDATA[SetUp : System.InvalidOperationException : No Entity Framework provider found for the ADO.NET provider with invariant name 'System.Data.SqlServerCe.4.0'. Make sure the provider is registered in the 'entityFramework' section of the application config file. See http://go.microsoft.com/fwlink/?LinkId=260882 for more information.]]></message>
                                  <stack-trace><![CDATA[at System.Data.Entity.Infrastructure.DependencyResolution.DefaultProviderServicesResolver.GetService(Type type, Object key)
at System.Data.Entity.Infrastructure.DependencyResolution.CachingDependencyResolver.<>c__DisplayClass1.<GetService>b__0(Tuple`2 k)
at System.Collections.Concurrent.ConcurrentDictionary`2.GetOrAdd(TKey key, Func`2 valueFactory)
at System.Data.Entity.Infrastructure.DependencyResolution.CachingDependencyResolver.GetService(Type type, Object key)
at System.Data.Entity.Infrastructure.DependencyResolution.ResolverChain.<>c__DisplayClass3.<GetService>b__0(IDbDependencyResolver r)
at System.Linq.Enumerable.WhereSelectArrayIterator`2.MoveNext()
at System.Linq.Enumerable.FirstOrDefault[TSource](IEnumerable`1 source, Func`2 predicate)
at System.Data.Entity.Infrastructure.DependencyResolution.ResolverChain.GetService(Type type, Object key)
at System.Data.Entity.Infrastructure.DependencyResolution.RootDependencyResolver.GetService(Type type, Object key)
at System.Data.Entity.Infrastructure.DependencyResolution.ResolverChain.<>c__DisplayClass3.<GetService>b__0(IDbDependencyResolver r)
at System.Linq.Enumerable.WhereSelectArrayIterator`2.MoveNext()
at System.Linq.Enumerable.FirstOrDefault[TSource](IEnumerable`1 source, Func`2 predicate)
at System.Data.Entity.Infrastructure.DependencyResolution.ResolverChain.GetService(Type type, Object key)
at System.Data.Entity.Infrastructure.DependencyResolution.CompositeResolver`2.GetService(Type type, Object key)
at System.Data.Entity.Infrastructure.DependencyResolution.DbDependencyResolverExtensions.GetService[T](IDbDependencyResolver resolver, Object key)
at System.Data.Entity.Utilities.DbProviderFactoryExtensions.GetProviderServices(DbProviderFactory factory)
at System.Data.Entity.Infrastructure.DefaultManifestTokenResolver.<>c__DisplayClass1.<ResolveManifestToken>b__0(Tuple`3 k)
at System.Collections.Concurrent.ConcurrentDictionary`2.GetOrAdd(TKey key, Func`2 valueFactory)
at System.Data.Entity.Infrastructure.DefaultManifestTokenResolver.ResolveManifestToken(DbConnection connection)
at System.Data.Entity.Utilities.DbConnectionExtensions.GetProviderInfo(DbConnection connection, DbProviderManifest& providerManifest)
at System.Data.Entity.DbModelBuilder.Build(DbConnection providerConnection)
at System.Data.Entity.Internal.LazyInternalContext.CreateModel(LazyInternalContext internalContext)
at System.Data.Entity.Internal.RetryLazy`2.GetValue(TInput input)
at System.Data.Entity.Internal.LazyInternalContext.InitializeContext()
at System.Data.Entity.Internal.InternalContext.CreateObjectContextForDdlOps()
at System.Data.Entity.Database.Create(DatabaseExistenceState existenceState)
at System.Data.Entity.Database.Create()
at Nop.Data.Tests.PersistenceTest.SetUp() in C:\Users\yowko151215\Source\Repos\jenkins-labs-1\Tests\Nop.Data.Tests\PersistenceTest.cs:line 21
]]></stack-trace>
                                </failure>
                              </test-case>
                              <test-case name="Nop.Data.Tests.Orders.OrderPersistenceTests.Can_save_and_load_order_with_usedRewardPoints" executed="True" result="Error" success="False" time="0.012" asserts="0">
                                <failure>
                                  <message><![CDATA[SetUp : System.InvalidOperationException : No Entity Framework provider found for the ADO.NET provider with invariant name 'System.Data.SqlServerCe.4.0'. Make sure the provider is registered in the 'entityFramework' section of the application config file. See http://go.microsoft.com/fwlink/?LinkId=260882 for more information.]]></message>
                                  <stack-trace><![CDATA[at System.Data.Entity.Infrastructure.DependencyResolution.DefaultProviderServicesResolver.GetService(Type type, Object key)
at System.Data.Entity.Infrastructure.DependencyResolution.CachingDependencyResolver.<>c__DisplayClass1.<GetService>b__0(Tuple`2 k)
at System.Collections.Concurrent.ConcurrentDictionary`2.GetOrAdd(TKey key, Func`2 valueFactory)
at System.Data.Entity.Infrastructure.DependencyResolution.CachingDependencyResolver.GetService(Type type, Object key)
at System.Data.Entity.Infrastructure.DependencyResolution.ResolverChain.<>c__DisplayClass3.<GetService>b__0(IDbDependencyResolver r)
at System.Linq.Enumerable.WhereSelectArrayIterator`2.MoveNext()
at System.Linq.Enumerable.FirstOrDefault[TSource](IEnumerable`1 source, Func`2 predicate)
at System.Data.Entity.Infrastructure.DependencyResolution.ResolverChain.GetService(Type type, Object key)
at System.Data.Entity.Infrastructure.DependencyResolution.RootDependencyResolver.GetService(Type type, Object key)
at System.Data.Entity.Infrastructure.DependencyResolution.ResolverChain.<>c__DisplayClass3.<GetService>b__0(IDbDependencyResolver r)
at System.Linq.Enumerable.WhereSelectArrayIterator`2.MoveNext()
at System.Linq.Enumerable.FirstOrDefault[TSource](IEnumerable`1 source, Func`2 predicate)
at System.Data.Entity.Infrastructure.DependencyResolution.ResolverChain.GetService(Type type, Object key)
at System.Data.Entity.Infrastructure.DependencyResolution.CompositeResolver`2.GetService(Type type, Object key)
at System.Data.Entity.Infrastructure.DependencyResolution.DbDependencyResolverExtensions.GetService[T](IDbDependencyResolver resolver, Object key)
at System.Data.Entity.Utilities.DbProviderFactoryExtensions.GetProviderServices(DbProviderFactory factory)
at System.Data.Entity.Infrastructure.DefaultManifestTokenResolver.<>c__DisplayClass1.<ResolveManifestToken>b__0(Tuple`3 k)
at System.Collections.Concurrent.ConcurrentDictionary`2.GetOrAdd(TKey key, Func`2 valueFactory)
at System.Data.Entity.Infrastructure.DefaultManifestTokenResolver.ResolveManifestToken(DbConnection connection)
at System.Data.Entity.Utilities.DbConnectionExtensions.GetProviderInfo(DbConnection connection, DbProviderManifest& providerManifest)
at System.Data.Entity.DbModelBuilder.Build(DbConnection providerConnection)
at System.Data.Entity.Internal.LazyInternalContext.CreateModel(LazyInternalContext internalContext)
at System.Data.Entity.Internal.RetryLazy`2.GetValue(TInput input)
at System.Data.Entity.Internal.LazyInternalContext.InitializeContext()
at System.Data.Entity.Internal.InternalContext.CreateObjectContextForDdlOps()
at System.Data.Entity.Database.Create(DatabaseExistenceState existenceState)
at System.Data.Entity.Database.Create()
at Nop.Data.Tests.PersistenceTest.SetUp() in C:\Users\yowko151215\Source\Repos\jenkins-labs-1\Tests\Nop.Data.Tests\PersistenceTest.cs:line 21
]]></stack-trace>
                                </failure>
                              </test-case>
                            </results>
                          </test-suite>
                          <test-suite type="TestFixture" name="RecurringPaymentHistoryPersistenceTests" executed="True" result="Failure" success="False" time="0.016" asserts="0">
                            <results>
                              <test-case name="Nop.Data.Tests.Orders.RecurringPaymentHistoryPersistenceTests.Can_save_and_load_recurringPaymentHistory" executed="True" result="Error" success="False" time="0.015" asserts="0">
                                <failure>
                                  <message><![CDATA[SetUp : System.InvalidOperationException : No Entity Framework provider found for the ADO.NET provider with invariant name 'System.Data.SqlServerCe.4.0'. Make sure the provider is registered in the 'entityFramework' section of the application config file. See http://go.microsoft.com/fwlink/?LinkId=260882 for more information.]]></message>
                                  <stack-trace><![CDATA[at System.Data.Entity.Infrastructure.DependencyResolution.DefaultProviderServicesResolver.GetService(Type type, Object key)
at System.Data.Entity.Infrastructure.DependencyResolution.CachingDependencyResolver.<>c__DisplayClass1.<GetService>b__0(Tuple`2 k)
at System.Collections.Concurrent.ConcurrentDictionary`2.GetOrAdd(TKey key, Func`2 valueFactory)
at System.Data.Entity.Infrastructure.DependencyResolution.CachingDependencyResolver.GetService(Type type, Object key)
at System.Data.Entity.Infrastructure.DependencyResolution.ResolverChain.<>c__DisplayClass3.<GetService>b__0(IDbDependencyResolver r)
at System.Linq.Enumerable.WhereSelectArrayIterator`2.MoveNext()
at System.Linq.Enumerable.FirstOrDefault[TSource](IEnumerable`1 source, Func`2 predicate)
at System.Data.Entity.Infrastructure.DependencyResolution.ResolverChain.GetService(Type type, Object key)
at System.Data.Entity.Infrastructure.DependencyResolution.RootDependencyResolver.GetService(Type type, Object key)
at System.Data.Entity.Infrastructure.DependencyResolution.ResolverChain.<>c__DisplayClass3.<GetService>b__0(IDbDependencyResolver r)
at System.Linq.Enumerable.WhereSelectArrayIterator`2.MoveNext()
at System.Linq.Enumerable.FirstOrDefault[TSource](IEnumerable`1 source, Func`2 predicate)
at System.Data.Entity.Infrastructure.DependencyResolution.ResolverChain.GetService(Type type, Object key)
at System.Data.Entity.Infrastructure.DependencyResolution.CompositeResolver`2.GetService(Type type, Object key)
at System.Data.Entity.Infrastructure.DependencyResolution.DbDependencyResolverExtensions.GetService[T](IDbDependencyResolver resolver, Object key)
at System.Data.Entity.Utilities.DbProviderFactoryExtensions.GetProviderServices(DbProviderFactory factory)
at System.Data.Entity.Infrastructure.DefaultManifestTokenResolver.<>c__DisplayClass1.<ResolveManifestToken>b__0(Tuple`3 k)
at System.Collections.Concurrent.ConcurrentDictionary`2.GetOrAdd(TKey key, Func`2 valueFactory)
at System.Data.Entity.Infrastructure.DefaultManifestTokenResolver.ResolveManifestToken(DbConnection connection)
at System.Data.Entity.Utilities.DbConnectionExtensions.GetProviderInfo(DbConnection connection, DbProviderManifest& providerManifest)
at System.Data.Entity.DbModelBuilder.Build(DbConnection providerConnection)
at System.Data.Entity.Internal.LazyInternalContext.CreateModel(LazyInternalContext internalContext)
at System.Data.Entity.Internal.RetryLazy`2.GetValue(TInput input)
at System.Data.Entity.Internal.LazyInternalContext.InitializeContext()
at System.Data.Entity.Internal.InternalContext.CreateObjectContextForDdlOps()
at System.Data.Entity.Database.Create(DatabaseExistenceState existenceState)
at System.Data.Entity.Database.Create()
at Nop.Data.Tests.PersistenceTest.SetUp() in C:\Users\yowko151215\Source\Repos\jenkins-labs-1\Tests\Nop.Data.Tests\PersistenceTest.cs:line 21
]]></stack-trace>
                                </failure>
                              </test-case>
                            </results>
                          </test-suite>
                          <test-suite type="TestFixture" name="RecurringPaymentPersistenceTests" executed="True" result="Failure" success="False" time="0.038" asserts="0">
                            <results>
                              <test-case name="Nop.Data.Tests.Orders.RecurringPaymentPersistenceTests.Can_save_and_load_recurringPayment" executed="True" result="Error" success="False" time="0.015" asserts="0">
                                <failure>
                                  <message><![CDATA[SetUp : System.InvalidOperationException : No Entity Framework provider found for the ADO.NET provider with invariant name 'System.Data.SqlServerCe.4.0'. Make sure the provider is registered in the 'entityFramework' section of the application config file. See http://go.microsoft.com/fwlink/?LinkId=260882 for more information.]]></message>
                                  <stack-trace><![CDATA[at System.Data.Entity.Infrastructure.DependencyResolution.DefaultProviderServicesResolver.GetService(Type type, Object key)
at System.Data.Entity.Infrastructure.DependencyResolution.CachingDependencyResolver.<>c__DisplayClass1.<GetService>b__0(Tuple`2 k)
at System.Collections.Concurrent.ConcurrentDictionary`2.GetOrAdd(TKey key, Func`2 valueFactory)
at System.Data.Entity.Infrastructure.DependencyResolution.CachingDependencyResolver.GetService(Type type, Object key)
at System.Data.Entity.Infrastructure.DependencyResolution.ResolverChain.<>c__DisplayClass3.<GetService>b__0(IDbDependencyResolver r)
at System.Linq.Enumerable.WhereSelectArrayIterator`2.MoveNext()
at System.Linq.Enumerable.FirstOrDefault[TSource](IEnumerable`1 source, Func`2 predicate)
at System.Data.Entity.Infrastructure.DependencyResolution.ResolverChain.GetService(Type type, Object key)
at System.Data.Entity.Infrastructure.DependencyResolution.RootDependencyResolver.GetService(Type type, Object key)
at System.Data.Entity.Infrastructure.DependencyResolution.ResolverChain.<>c__DisplayClass3.<GetService>b__0(IDbDependencyResolver r)
at System.Linq.Enumerable.WhereSelectArrayIterator`2.MoveNext()
at System.Linq.Enumerable.FirstOrDefault[TSource](IEnumerable`1 source, Func`2 predicate)
at System.Data.Entity.Infrastructure.DependencyResolution.ResolverChain.GetService(Type type, Object key)
at System.Data.Entity.Infrastructure.DependencyResolution.CompositeResolver`2.GetService(Type type, Object key)
at System.Data.Entity.Infrastructure.DependencyResolution.DbDependencyResolverExtensions.GetService[T](IDbDependencyResolver resolver, Object key)
at System.Data.Entity.Utilities.DbProviderFactoryExtensions.GetProviderServices(DbProviderFactory factory)
at System.Data.Entity.Infrastructure.DefaultManifestTokenResolver.<>c__DisplayClass1.<ResolveManifestToken>b__0(Tuple`3 k)
at System.Collections.Concurrent.ConcurrentDictionary`2.GetOrAdd(TKey key, Func`2 valueFactory)
at System.Data.Entity.Infrastructure.DefaultManifestTokenResolver.ResolveManifestToken(DbConnection connection)
at System.Data.Entity.Utilities.DbConnectionExtensions.GetProviderInfo(DbConnection connection, DbProviderManifest& providerManifest)
at System.Data.Entity.DbModelBuilder.Build(DbConnection providerConnection)
at System.Data.Entity.Internal.LazyInternalContext.CreateModel(LazyInternalContext internalContext)
at System.Data.Entity.Internal.RetryLazy`2.GetValue(TInput input)
at System.Data.Entity.Internal.LazyInternalContext.InitializeContext()
at System.Data.Entity.Internal.InternalContext.CreateObjectContextForDdlOps()
at System.Data.Entity.Database.Create(DatabaseExistenceState existenceState)
at System.Data.Entity.Database.Create()
at Nop.Data.Tests.PersistenceTest.SetUp() in C:\Users\yowko151215\Source\Repos\jenkins-labs-1\Tests\Nop.Data.Tests\PersistenceTest.cs:line 21
]]></stack-trace>
                                </failure>
                              </test-case>
                              <test-case name="Nop.Data.Tests.Orders.RecurringPaymentPersistenceTests.Can_save_and_load_recurringPayment_with_history" executed="True" result="Error" success="False" time="0.013" asserts="0">
                                <failure>
                                  <message><![CDATA[SetUp : System.InvalidOperationException : No Entity Framework provider found for the ADO.NET provider with invariant name 'System.Data.SqlServerCe.4.0'. Make sure the provider is registered in the 'entityFramework' section of the application config file. See http://go.microsoft.com/fwlink/?LinkId=260882 for more information.]]></message>
                                  <stack-trace><![CDATA[at System.Data.Entity.Infrastructure.DependencyResolution.DefaultProviderServicesResolver.GetService(Type type, Object key)
at System.Data.Entity.Infrastructure.DependencyResolution.CachingDependencyResolver.<>c__DisplayClass1.<GetService>b__0(Tuple`2 k)
at System.Collections.Concurrent.ConcurrentDictionary`2.GetOrAdd(TKey key, Func`2 valueFactory)
at System.Data.Entity.Infrastructure.DependencyResolution.CachingDependencyResolver.GetService(Type type, Object key)
at System.Data.Entity.Infrastructure.DependencyResolution.ResolverChain.<>c__DisplayClass3.<GetService>b__0(IDbDependencyResolver r)
at System.Linq.Enumerable.WhereSelectArrayIterator`2.MoveNext()
at System.Linq.Enumerable.FirstOrDefault[TSource](IEnumerable`1 source, Func`2 predicate)
at System.Data.Entity.Infrastructure.DependencyResolution.ResolverChain.GetService(Type type, Object key)
at System.Data.Entity.Infrastructure.DependencyResolution.RootDependencyResolver.GetService(Type type, Object key)
at System.Data.Entity.Infrastructure.DependencyResolution.ResolverChain.<>c__DisplayClass3.<GetService>b__0(IDbDependencyResolver r)
at System.Linq.Enumerable.WhereSelectArrayIterator`2.MoveNext()
at System.Linq.Enumerable.FirstOrDefault[TSource](IEnumerable`1 source, Func`2 predicate)
at System.Data.Entity.Infrastructure.DependencyResolution.ResolverChain.GetService(Type type, Object key)
at System.Data.Entity.Infrastructure.DependencyResolution.CompositeResolver`2.GetService(Type type, Object key)
at System.Data.Entity.Infrastructure.DependencyResolution.DbDependencyResolverExtensions.GetService[T](IDbDependencyResolver resolver, Object key)
at System.Data.Entity.Utilities.DbProviderFactoryExtensions.GetProviderServices(DbProviderFactory factory)
at System.Data.Entity.Infrastructure.DefaultManifestTokenResolver.<>c__DisplayClass1.<ResolveManifestToken>b__0(Tuple`3 k)
at System.Collections.Concurrent.ConcurrentDictionary`2.GetOrAdd(TKey key, Func`2 valueFactory)
at System.Data.Entity.Infrastructure.DefaultManifestTokenResolver.ResolveManifestToken(DbConnection connection)
at System.Data.Entity.Utilities.DbConnectionExtensions.GetProviderInfo(DbConnection connection, DbProviderManifest& providerManifest)
at System.Data.Entity.DbModelBuilder.Build(DbConnection providerConnection)
at System.Data.Entity.Internal.LazyInternalContext.CreateModel(LazyInternalContext internalContext)
at System.Data.Entity.Internal.RetryLazy`2.GetValue(TInput input)
at System.Data.Entity.Internal.LazyInternalContext.InitializeContext()
at System.Data.Entity.Internal.InternalContext.CreateObjectContextForDdlOps()
at System.Data.Entity.Database.Create(DatabaseExistenceState existenceState)
at System.Data.Entity.Database.Create()
at Nop.Data.Tests.PersistenceTest.SetUp() in C:\Users\yowko151215\Source\Repos\jenkins-labs-1\Tests\Nop.Data.Tests\PersistenceTest.cs:line 21
]]></stack-trace>
                                </failure>
                              </test-case>
                            </results>
                          </test-suite>
                          <test-suite type="TestFixture" name="ReturnRequestActionPersistenceTests" executed="True" result="Failure" success="False" time="0.016" asserts="0">
                            <results>
                              <test-case name="Nop.Data.Tests.Orders.ReturnRequestActionPersistenceTests.Can_save_and_load_returnRequestAction" executed="True" result="Error" success="False" time="0.015" asserts="0">
                                <failure>
                                  <message><![CDATA[SetUp : System.InvalidOperationException : No Entity Framework provider found for the ADO.NET provider with invariant name 'System.Data.SqlServerCe.4.0'. Make sure the provider is registered in the 'entityFramework' section of the application config file. See http://go.microsoft.com/fwlink/?LinkId=260882 for more information.]]></message>
                                  <stack-trace><![CDATA[at System.Data.Entity.Infrastructure.DependencyResolution.DefaultProviderServicesResolver.GetService(Type type, Object key)
at System.Data.Entity.Infrastructure.DependencyResolution.CachingDependencyResolver.<>c__DisplayClass1.<GetService>b__0(Tuple`2 k)
at System.Collections.Concurrent.ConcurrentDictionary`2.GetOrAdd(TKey key, Func`2 valueFactory)
at System.Data.Entity.Infrastructure.DependencyResolution.CachingDependencyResolver.GetService(Type type, Object key)
at System.Data.Entity.Infrastructure.DependencyResolution.ResolverChain.<>c__DisplayClass3.<GetService>b__0(IDbDependencyResolver r)
at System.Linq.Enumerable.WhereSelectArrayIterator`2.MoveNext()
at System.Linq.Enumerable.FirstOrDefault[TSource](IEnumerable`1 source, Func`2 predicate)
at System.Data.Entity.Infrastructure.DependencyResolution.ResolverChain.GetService(Type type, Object key)
at System.Data.Entity.Infrastructure.DependencyResolution.RootDependencyResolver.GetService(Type type, Object key)
at System.Data.Entity.Infrastructure.DependencyResolution.ResolverChain.<>c__DisplayClass3.<GetService>b__0(IDbDependencyResolver r)
at System.Linq.Enumerable.WhereSelectArrayIterator`2.MoveNext()
at System.Linq.Enumerable.FirstOrDefault[TSource](IEnumerable`1 source, Func`2 predicate)
at System.Data.Entity.Infrastructure.DependencyResolution.ResolverChain.GetService(Type type, Object key)
at System.Data.Entity.Infrastructure.DependencyResolution.CompositeResolver`2.GetService(Type type, Object key)
at System.Data.Entity.Infrastructure.DependencyResolution.DbDependencyResolverExtensions.GetService[T](IDbDependencyResolver resolver, Object key)
at System.Data.Entity.Utilities.DbProviderFactoryExtensions.GetProviderServices(DbProviderFactory factory)
at System.Data.Entity.Infrastructure.DefaultManifestTokenResolver.<>c__DisplayClass1.<ResolveManifestToken>b__0(Tuple`3 k)
at System.Collections.Concurrent.ConcurrentDictionary`2.GetOrAdd(TKey key, Func`2 valueFactory)
at System.Data.Entity.Infrastructure.DefaultManifestTokenResolver.ResolveManifestToken(DbConnection connection)
at System.Data.Entity.Utilities.DbConnectionExtensions.GetProviderInfo(DbConnection connection, DbProviderManifest& providerManifest)
at System.Data.Entity.DbModelBuilder.Build(DbConnection providerConnection)
at System.Data.Entity.Internal.LazyInternalContext.CreateModel(LazyInternalContext internalContext)
at System.Data.Entity.Internal.RetryLazy`2.GetValue(TInput input)
at System.Data.Entity.Internal.LazyInternalContext.InitializeContext()
at System.Data.Entity.Internal.InternalContext.CreateObjectContextForDdlOps()
at System.Data.Entity.Database.Create(DatabaseExistenceState existenceState)
at System.Data.Entity.Database.Create()
at Nop.Data.Tests.PersistenceTest.SetUp() in C:\Users\yowko151215\Source\Repos\jenkins-labs-1\Tests\Nop.Data.Tests\PersistenceTest.cs:line 21
]]></stack-trace>
                                </failure>
                              </test-case>
                            </results>
                          </test-suite>
                          <test-suite type="TestFixture" name="ReturnRequestPersistenceTests" executed="True" result="Failure" success="False" time="0.013" asserts="0">
                            <results>
                              <test-case name="Nop.Data.Tests.Orders.ReturnRequestPersistenceTests.Can_save_and_load_returnRequest" executed="True" result="Error" success="False" time="0.013" asserts="0">
                                <failure>
                                  <message><![CDATA[SetUp : System.InvalidOperationException : No Entity Framework provider found for the ADO.NET provider with invariant name 'System.Data.SqlServerCe.4.0'. Make sure the provider is registered in the 'entityFramework' section of the application config file. See http://go.microsoft.com/fwlink/?LinkId=260882 for more information.]]></message>
                                  <stack-trace><![CDATA[at System.Data.Entity.Infrastructure.DependencyResolution.DefaultProviderServicesResolver.GetService(Type type, Object key)
at System.Data.Entity.Infrastructure.DependencyResolution.CachingDependencyResolver.<>c__DisplayClass1.<GetService>b__0(Tuple`2 k)
at System.Collections.Concurrent.ConcurrentDictionary`2.GetOrAdd(TKey key, Func`2 valueFactory)
at System.Data.Entity.Infrastructure.DependencyResolution.CachingDependencyResolver.GetService(Type type, Object key)
at System.Data.Entity.Infrastructure.DependencyResolution.ResolverChain.<>c__DisplayClass3.<GetService>b__0(IDbDependencyResolver r)
at System.Linq.Enumerable.WhereSelectArrayIterator`2.MoveNext()
at System.Linq.Enumerable.FirstOrDefault[TSource](IEnumerable`1 source, Func`2 predicate)
at System.Data.Entity.Infrastructure.DependencyResolution.ResolverChain.GetService(Type type, Object key)
at System.Data.Entity.Infrastructure.DependencyResolution.RootDependencyResolver.GetService(Type type, Object key)
at System.Data.Entity.Infrastructure.DependencyResolution.ResolverChain.<>c__DisplayClass3.<GetService>b__0(IDbDependencyResolver r)
at System.Linq.Enumerable.WhereSelectArrayIterator`2.MoveNext()
at System.Linq.Enumerable.FirstOrDefault[TSource](IEnumerable`1 source, Func`2 predicate)
at System.Data.Entity.Infrastructure.DependencyResolution.ResolverChain.GetService(Type type, Object key)
at System.Data.Entity.Infrastructure.DependencyResolution.CompositeResolver`2.GetService(Type type, Object key)
at System.Data.Entity.Infrastructure.DependencyResolution.DbDependencyResolverExtensions.GetService[T](IDbDependencyResolver resolver, Object key)
at System.Data.Entity.Utilities.DbProviderFactoryExtensions.GetProviderServices(DbProviderFactory factory)
at System.Data.Entity.Infrastructure.DefaultManifestTokenResolver.<>c__DisplayClass1.<ResolveManifestToken>b__0(Tuple`3 k)
at System.Collections.Concurrent.ConcurrentDictionary`2.GetOrAdd(TKey key, Func`2 valueFactory)
at System.Data.Entity.Infrastructure.DefaultManifestTokenResolver.ResolveManifestToken(DbConnection connection)
at System.Data.Entity.Utilities.DbConnectionExtensions.GetProviderInfo(DbConnection connection, DbProviderManifest& providerManifest)
at System.Data.Entity.DbModelBuilder.Build(DbConnection providerConnection)
at System.Data.Entity.Internal.LazyInternalContext.CreateModel(LazyInternalContext internalContext)
at System.Data.Entity.Internal.RetryLazy`2.GetValue(TInput input)
at System.Data.Entity.Internal.LazyInternalContext.InitializeContext()
at System.Data.Entity.Internal.InternalContext.CreateObjectContextForDdlOps()
at System.Data.Entity.Database.Create(DatabaseExistenceState existenceState)
at System.Data.Entity.Database.Create()
at Nop.Data.Tests.PersistenceTest.SetUp() in C:\Users\yowko151215\Source\Repos\jenkins-labs-1\Tests\Nop.Data.Tests\PersistenceTest.cs:line 21
]]></stack-trace>
                                </failure>
                              </test-case>
                            </results>
                          </test-suite>
                          <test-suite type="TestFixture" name="ReturnRequestReasonPersistenceTests" executed="True" result="Failure" success="False" time="0.015" asserts="0">
                            <results>
                              <test-case name="Nop.Data.Tests.Orders.ReturnRequestReasonPersistenceTests.Can_save_and_load_returnRequestReason" executed="True" result="Error" success="False" time="0.014" asserts="0">
                                <failure>
                                  <message><![CDATA[SetUp : System.InvalidOperationException : No Entity Framework provider found for the ADO.NET provider with invariant name 'System.Data.SqlServerCe.4.0'. Make sure the provider is registered in the 'entityFramework' section of the application config file. See http://go.microsoft.com/fwlink/?LinkId=260882 for more information.]]></message>
                                  <stack-trace><![CDATA[at System.Data.Entity.Infrastructure.DependencyResolution.DefaultProviderServicesResolver.GetService(Type type, Object key)
at System.Data.Entity.Infrastructure.DependencyResolution.CachingDependencyResolver.<>c__DisplayClass1.<GetService>b__0(Tuple`2 k)
at System.Collections.Concurrent.ConcurrentDictionary`2.GetOrAdd(TKey key, Func`2 valueFactory)
at System.Data.Entity.Infrastructure.DependencyResolution.CachingDependencyResolver.GetService(Type type, Object key)
at System.Data.Entity.Infrastructure.DependencyResolution.ResolverChain.<>c__DisplayClass3.<GetService>b__0(IDbDependencyResolver r)
at System.Linq.Enumerable.WhereSelectArrayIterator`2.MoveNext()
at System.Linq.Enumerable.FirstOrDefault[TSource](IEnumerable`1 source, Func`2 predicate)
at System.Data.Entity.Infrastructure.DependencyResolution.ResolverChain.GetService(Type type, Object key)
at System.Data.Entity.Infrastructure.DependencyResolution.RootDependencyResolver.GetService(Type type, Object key)
at System.Data.Entity.Infrastructure.DependencyResolution.ResolverChain.<>c__DisplayClass3.<GetService>b__0(IDbDependencyResolver r)
at System.Linq.Enumerable.WhereSelectArrayIterator`2.MoveNext()
at System.Linq.Enumerable.FirstOrDefault[TSource](IEnumerable`1 source, Func`2 predicate)
at System.Data.Entity.Infrastructure.DependencyResolution.ResolverChain.GetService(Type type, Object key)
at System.Data.Entity.Infrastructure.DependencyResolution.CompositeResolver`2.GetService(Type type, Object key)
at System.Data.Entity.Infrastructure.DependencyResolution.DbDependencyResolverExtensions.GetService[T](IDbDependencyResolver resolver, Object key)
at System.Data.Entity.Utilities.DbProviderFactoryExtensions.GetProviderServices(DbProviderFactory factory)
at System.Data.Entity.Infrastructure.DefaultManifestTokenResolver.<>c__DisplayClass1.<ResolveManifestToken>b__0(Tuple`3 k)
at System.Collections.Concurrent.ConcurrentDictionary`2.GetOrAdd(TKey key, Func`2 valueFactory)
at System.Data.Entity.Infrastructure.DefaultManifestTokenResolver.ResolveManifestToken(DbConnection connection)
at System.Data.Entity.Utilities.DbConnectionExtensions.GetProviderInfo(DbConnection connection, DbProviderManifest& providerManifest)
at System.Data.Entity.DbModelBuilder.Build(DbConnection providerConnection)
at System.Data.Entity.Internal.LazyInternalContext.CreateModel(LazyInternalContext internalContext)
at System.Data.Entity.Internal.RetryLazy`2.GetValue(TInput input)
at System.Data.Entity.Internal.LazyInternalContext.InitializeContext()
at System.Data.Entity.Internal.InternalContext.CreateObjectContextForDdlOps()
at System.Data.Entity.Database.Create(DatabaseExistenceState existenceState)
at System.Data.Entity.Database.Create()
at Nop.Data.Tests.PersistenceTest.SetUp() in C:\Users\yowko151215\Source\Repos\jenkins-labs-1\Tests\Nop.Data.Tests\PersistenceTest.cs:line 21
]]></stack-trace>
                                </failure>
                              </test-case>
                            </results>
                          </test-suite>
                          <test-suite type="TestFixture" name="RewardPointHistoryTests" executed="True" result="Failure" success="False" time="0.020" asserts="0">
                            <results>
                              <test-case name="Nop.Data.Tests.Orders.RewardPointHistoryTests.Can_save_and_load_rewardPointHistory" executed="True" result="Error" success="False" time="0.016" asserts="0">
                                <failure>
                                  <message><![CDATA[SetUp : System.InvalidOperationException : No Entity Framework provider found for the ADO.NET provider with invariant name 'System.Data.SqlServerCe.4.0'. Make sure the provider is registered in the 'entityFramework' section of the application config file. See http://go.microsoft.com/fwlink/?LinkId=260882 for more information.]]></message>
                                  <stack-trace><![CDATA[at System.Data.Entity.Infrastructure.DependencyResolution.DefaultProviderServicesResolver.GetService(Type type, Object key)
at System.Data.Entity.Infrastructure.DependencyResolution.CachingDependencyResolver.<>c__DisplayClass1.<GetService>b__0(Tuple`2 k)
at System.Collections.Concurrent.ConcurrentDictionary`2.GetOrAdd(TKey key, Func`2 valueFactory)
at System.Data.Entity.Infrastructure.DependencyResolution.CachingDependencyResolver.GetService(Type type, Object key)
at System.Data.Entity.Infrastructure.DependencyResolution.ResolverChain.<>c__DisplayClass3.<GetService>b__0(IDbDependencyResolver r)
at System.Linq.Enumerable.WhereSelectArrayIterator`2.MoveNext()
at System.Linq.Enumerable.FirstOrDefault[TSource](IEnumerable`1 source, Func`2 predicate)
at System.Data.Entity.Infrastructure.DependencyResolution.ResolverChain.GetService(Type type, Object key)
at System.Data.Entity.Infrastructure.DependencyResolution.RootDependencyResolver.GetService(Type type, Object key)
at System.Data.Entity.Infrastructure.DependencyResolution.ResolverChain.<>c__DisplayClass3.<GetService>b__0(IDbDependencyResolver r)
at System.Linq.Enumerable.WhereSelectArrayIterator`2.MoveNext()
at System.Linq.Enumerable.FirstOrDefault[TSource](IEnumerable`1 source, Func`2 predicate)
at System.Data.Entity.Infrastructure.DependencyResolution.ResolverChain.GetService(Type type, Object key)
at System.Data.Entity.Infrastructure.DependencyResolution.CompositeResolver`2.GetService(Type type, Object key)
at System.Data.Entity.Infrastructure.DependencyResolution.DbDependencyResolverExtensions.GetService[T](IDbDependencyResolver resolver, Object key)
at System.Data.Entity.Utilities.DbProviderFactoryExtensions.GetProviderServices(DbProviderFactory factory)
at System.Data.Entity.Infrastructure.DefaultManifestTokenResolver.<>c__DisplayClass1.<ResolveManifestToken>b__0(Tuple`3 k)
at System.Collections.Concurrent.ConcurrentDictionary`2.GetOrAdd(TKey key, Func`2 valueFactory)
at System.Data.Entity.Infrastructure.DefaultManifestTokenResolver.ResolveManifestToken(DbConnection connection)
at System.Data.Entity.Utilities.DbConnectionExtensions.GetProviderInfo(DbConnection connection, DbProviderManifest& providerManifest)
at System.Data.Entity.DbModelBuilder.Build(DbConnection providerConnection)
at System.Data.Entity.Internal.LazyInternalContext.CreateModel(LazyInternalContext internalContext)
at System.Data.Entity.Internal.RetryLazy`2.GetValue(TInput input)
at System.Data.Entity.Internal.LazyInternalContext.InitializeContext()
at System.Data.Entity.Internal.InternalContext.CreateObjectContextForDdlOps()
at System.Data.Entity.Database.Create(DatabaseExistenceState existenceState)
at System.Data.Entity.Database.Create()
at Nop.Data.Tests.PersistenceTest.SetUp() in C:\Users\yowko151215\Source\Repos\jenkins-labs-1\Tests\Nop.Data.Tests\PersistenceTest.cs:line 21
]]></stack-trace>
                                </failure>
                              </test-case>
                            </results>
                          </test-suite>
                          <test-suite type="TestFixture" name="ShoppingCartItemPeristenceTests" executed="True" result="Failure" success="False" time="0.019" asserts="0">
                            <results>
                              <test-case name="Nop.Data.Tests.Orders.ShoppingCartItemPeristenceTests.Can_save_and_load_shoppingCartItem" executed="True" result="Error" success="False" time="0.018" asserts="0">
                                <failure>
                                  <message><![CDATA[SetUp : System.InvalidOperationException : No Entity Framework provider found for the ADO.NET provider with invariant name 'System.Data.SqlServerCe.4.0'. Make sure the provider is registered in the 'entityFramework' section of the application config file. See http://go.microsoft.com/fwlink/?LinkId=260882 for more information.]]></message>
                                  <stack-trace><![CDATA[at System.Data.Entity.Infrastructure.DependencyResolution.DefaultProviderServicesResolver.GetService(Type type, Object key)
at System.Data.Entity.Infrastructure.DependencyResolution.CachingDependencyResolver.<>c__DisplayClass1.<GetService>b__0(Tuple`2 k)
at System.Collections.Concurrent.ConcurrentDictionary`2.GetOrAdd(TKey key, Func`2 valueFactory)
at System.Data.Entity.Infrastructure.DependencyResolution.CachingDependencyResolver.GetService(Type type, Object key)
at System.Data.Entity.Infrastructure.DependencyResolution.ResolverChain.<>c__DisplayClass3.<GetService>b__0(IDbDependencyResolver r)
at System.Linq.Enumerable.WhereSelectArrayIterator`2.MoveNext()
at System.Linq.Enumerable.FirstOrDefault[TSource](IEnumerable`1 source, Func`2 predicate)
at System.Data.Entity.Infrastructure.DependencyResolution.ResolverChain.GetService(Type type, Object key)
at System.Data.Entity.Infrastructure.DependencyResolution.RootDependencyResolver.GetService(Type type, Object key)
at System.Data.Entity.Infrastructure.DependencyResolution.ResolverChain.<>c__DisplayClass3.<GetService>b__0(IDbDependencyResolver r)
at System.Linq.Enumerable.WhereSelectArrayIterator`2.MoveNext()
at System.Linq.Enumerable.FirstOrDefault[TSource](IEnumerable`1 source, Func`2 predicate)
at System.Data.Entity.Infrastructure.DependencyResolution.ResolverChain.GetService(Type type, Object key)
at System.Data.Entity.Infrastructure.DependencyResolution.CompositeResolver`2.GetService(Type type, Object key)
at System.Data.Entity.Infrastructure.DependencyResolution.DbDependencyResolverExtensions.GetService[T](IDbDependencyResolver resolver, Object key)
at System.Data.Entity.Utilities.DbProviderFactoryExtensions.GetProviderServices(DbProviderFactory factory)
at System.Data.Entity.Infrastructure.DefaultManifestTokenResolver.<>c__DisplayClass1.<ResolveManifestToken>b__0(Tuple`3 k)
at System.Collections.Concurrent.ConcurrentDictionary`2.GetOrAdd(TKey key, Func`2 valueFactory)
at System.Data.Entity.Infrastructure.DefaultManifestTokenResolver.ResolveManifestToken(DbConnection connection)
at System.Data.Entity.Utilities.DbConnectionExtensions.GetProviderInfo(DbConnection connection, DbProviderManifest& providerManifest)
at System.Data.Entity.DbModelBuilder.Build(DbConnection providerConnection)
at System.Data.Entity.Internal.LazyInternalContext.CreateModel(LazyInternalContext internalContext)
at System.Data.Entity.Internal.RetryLazy`2.GetValue(TInput input)
at System.Data.Entity.Internal.LazyInternalContext.InitializeContext()
at System.Data.Entity.Internal.InternalContext.CreateObjectContextForDdlOps()
at System.Data.Entity.Database.Create(DatabaseExistenceState existenceState)
at System.Data.Entity.Database.Create()
at Nop.Data.Tests.PersistenceTest.SetUp() in C:\Users\yowko151215\Source\Repos\jenkins-labs-1\Tests\Nop.Data.Tests\PersistenceTest.cs:line 21
]]></stack-trace>
                                </failure>
                              </test-case>
                            </results>
                          </test-suite>
                        </results>
                      </test-suite>
                      <test-suite type="Namespace" name="Polls" executed="True" result="Failure" success="False" time="0.065" asserts="0">
                        <results>
                          <test-suite type="TestFixture" name="PollPersistenceTests" executed="True" result="Failure" success="False" time="0.064" asserts="0">
                            <results>
                              <test-case name="Nop.Data.Tests.Polls.PollPersistenceTests.Can_save_and_load_poll" executed="True" result="Error" success="False" time="0.017" asserts="0">
                                <failure>
                                  <message><![CDATA[SetUp : System.InvalidOperationException : No Entity Framework provider found for the ADO.NET provider with invariant name 'System.Data.SqlServerCe.4.0'. Make sure the provider is registered in the 'entityFramework' section of the application config file. See http://go.microsoft.com/fwlink/?LinkId=260882 for more information.]]></message>
                                  <stack-trace><![CDATA[at System.Data.Entity.Infrastructure.DependencyResolution.DefaultProviderServicesResolver.GetService(Type type, Object key)
at System.Data.Entity.Infrastructure.DependencyResolution.CachingDependencyResolver.<>c__DisplayClass1.<GetService>b__0(Tuple`2 k)
at System.Collections.Concurrent.ConcurrentDictionary`2.GetOrAdd(TKey key, Func`2 valueFactory)
at System.Data.Entity.Infrastructure.DependencyResolution.CachingDependencyResolver.GetService(Type type, Object key)
at System.Data.Entity.Infrastructure.DependencyResolution.ResolverChain.<>c__DisplayClass3.<GetService>b__0(IDbDependencyResolver r)
at System.Linq.Enumerable.WhereSelectArrayIterator`2.MoveNext()
at System.Linq.Enumerable.FirstOrDefault[TSource](IEnumerable`1 source, Func`2 predicate)
at System.Data.Entity.Infrastructure.DependencyResolution.ResolverChain.GetService(Type type, Object key)
at System.Data.Entity.Infrastructure.DependencyResolution.RootDependencyResolver.GetService(Type type, Object key)
at System.Data.Entity.Infrastructure.DependencyResolution.ResolverChain.<>c__DisplayClass3.<GetService>b__0(IDbDependencyResolver r)
at System.Linq.Enumerable.WhereSelectArrayIterator`2.MoveNext()
at System.Linq.Enumerable.FirstOrDefault[TSource](IEnumerable`1 source, Func`2 predicate)
at System.Data.Entity.Infrastructure.DependencyResolution.ResolverChain.GetService(Type type, Object key)
at System.Data.Entity.Infrastructure.DependencyResolution.CompositeResolver`2.GetService(Type type, Object key)
at System.Data.Entity.Infrastructure.DependencyResolution.DbDependencyResolverExtensions.GetService[T](IDbDependencyResolver resolver, Object key)
at System.Data.Entity.Utilities.DbProviderFactoryExtensions.GetProviderServices(DbProviderFactory factory)
at System.Data.Entity.Infrastructure.DefaultManifestTokenResolver.<>c__DisplayClass1.<ResolveManifestToken>b__0(Tuple`3 k)
at System.Collections.Concurrent.ConcurrentDictionary`2.GetOrAdd(TKey key, Func`2 valueFactory)
at System.Data.Entity.Infrastructure.DefaultManifestTokenResolver.ResolveManifestToken(DbConnection connection)
at System.Data.Entity.Utilities.DbConnectionExtensions.GetProviderInfo(DbConnection connection, DbProviderManifest& providerManifest)
at System.Data.Entity.DbModelBuilder.Build(DbConnection providerConnection)
at System.Data.Entity.Internal.LazyInternalContext.CreateModel(LazyInternalContext internalContext)
at System.Data.Entity.Internal.RetryLazy`2.GetValue(TInput input)
at System.Data.Entity.Internal.LazyInternalContext.InitializeContext()
at System.Data.Entity.Internal.InternalContext.CreateObjectContextForDdlOps()
at System.Data.Entity.Database.Create(DatabaseExistenceState existenceState)
at System.Data.Entity.Database.Create()
at Nop.Data.Tests.PersistenceTest.SetUp() in C:\Users\yowko151215\Source\Repos\jenkins-labs-1\Tests\Nop.Data.Tests\PersistenceTest.cs:line 21
]]></stack-trace>
                                </failure>
                              </test-case>
                              <test-case name="Nop.Data.Tests.Polls.PollPersistenceTests.Can_save_and_load_poll_with_answer_and_votingrecord" executed="True" result="Error" success="False" time="0.014" asserts="0">
                                <failure>
                                  <message><![CDATA[SetUp : System.InvalidOperationException : No Entity Framework provider found for the ADO.NET provider with invariant name 'System.Data.SqlServerCe.4.0'. Make sure the provider is registered in the 'entityFramework' section of the application config file. See http://go.microsoft.com/fwlink/?LinkId=260882 for more information.]]></message>
                                  <stack-trace><![CDATA[at System.Data.Entity.Infrastructure.DependencyResolution.DefaultProviderServicesResolver.GetService(Type type, Object key)
at System.Data.Entity.Infrastructure.DependencyResolution.CachingDependencyResolver.<>c__DisplayClass1.<GetService>b__0(Tuple`2 k)
at System.Collections.Concurrent.ConcurrentDictionary`2.GetOrAdd(TKey key, Func`2 valueFactory)
at System.Data.Entity.Infrastructure.DependencyResolution.CachingDependencyResolver.GetService(Type type, Object key)
at System.Data.Entity.Infrastructure.DependencyResolution.ResolverChain.<>c__DisplayClass3.<GetService>b__0(IDbDependencyResolver r)
at System.Linq.Enumerable.WhereSelectArrayIterator`2.MoveNext()
at System.Linq.Enumerable.FirstOrDefault[TSource](IEnumerable`1 source, Func`2 predicate)
at System.Data.Entity.Infrastructure.DependencyResolution.ResolverChain.GetService(Type type, Object key)
at System.Data.Entity.Infrastructure.DependencyResolution.RootDependencyResolver.GetService(Type type, Object key)
at System.Data.Entity.Infrastructure.DependencyResolution.ResolverChain.<>c__DisplayClass3.<GetService>b__0(IDbDependencyResolver r)
at System.Linq.Enumerable.WhereSelectArrayIterator`2.MoveNext()
at System.Linq.Enumerable.FirstOrDefault[TSource](IEnumerable`1 source, Func`2 predicate)
at System.Data.Entity.Infrastructure.DependencyResolution.ResolverChain.GetService(Type type, Object key)
at System.Data.Entity.Infrastructure.DependencyResolution.CompositeResolver`2.GetService(Type type, Object key)
at System.Data.Entity.Infrastructure.DependencyResolution.DbDependencyResolverExtensions.GetService[T](IDbDependencyResolver resolver, Object key)
at System.Data.Entity.Utilities.DbProviderFactoryExtensions.GetProviderServices(DbProviderFactory factory)
at System.Data.Entity.Infrastructure.DefaultManifestTokenResolver.<>c__DisplayClass1.<ResolveManifestToken>b__0(Tuple`3 k)
at System.Collections.Concurrent.ConcurrentDictionary`2.GetOrAdd(TKey key, Func`2 valueFactory)
at System.Data.Entity.Infrastructure.DefaultManifestTokenResolver.ResolveManifestToken(DbConnection connection)
at System.Data.Entity.Utilities.DbConnectionExtensions.GetProviderInfo(DbConnection connection, DbProviderManifest& providerManifest)
at System.Data.Entity.DbModelBuilder.Build(DbConnection providerConnection)
at System.Data.Entity.Internal.LazyInternalContext.CreateModel(LazyInternalContext internalContext)
at System.Data.Entity.Internal.RetryLazy`2.GetValue(TInput input)
at System.Data.Entity.Internal.LazyInternalContext.InitializeContext()
at System.Data.Entity.Internal.InternalContext.CreateObjectContextForDdlOps()
at System.Data.Entity.Database.Create(DatabaseExistenceState existenceState)
at System.Data.Entity.Database.Create()
at Nop.Data.Tests.PersistenceTest.SetUp() in C:\Users\yowko151215\Source\Repos\jenkins-labs-1\Tests\Nop.Data.Tests\PersistenceTest.cs:line 21
]]></stack-trace>
                                </failure>
                              </test-case>
                              <test-case name="Nop.Data.Tests.Polls.PollPersistenceTests.Can_save_and_load_poll_with_answers" executed="True" result="Error" success="False" time="0.013" asserts="0">
                                <failure>
                                  <message><![CDATA[SetUp : System.InvalidOperationException : No Entity Framework provider found for the ADO.NET provider with invariant name 'System.Data.SqlServerCe.4.0'. Make sure the provider is registered in the 'entityFramework' section of the application config file. See http://go.microsoft.com/fwlink/?LinkId=260882 for more information.]]></message>
                                  <stack-trace><![CDATA[at System.Data.Entity.Infrastructure.DependencyResolution.DefaultProviderServicesResolver.GetService(Type type, Object key)
at System.Data.Entity.Infrastructure.DependencyResolution.CachingDependencyResolver.<>c__DisplayClass1.<GetService>b__0(Tuple`2 k)
at System.Collections.Concurrent.ConcurrentDictionary`2.GetOrAdd(TKey key, Func`2 valueFactory)
at System.Data.Entity.Infrastructure.DependencyResolution.CachingDependencyResolver.GetService(Type type, Object key)
at System.Data.Entity.Infrastructure.DependencyResolution.ResolverChain.<>c__DisplayClass3.<GetService>b__0(IDbDependencyResolver r)
at System.Linq.Enumerable.WhereSelectArrayIterator`2.MoveNext()
at System.Linq.Enumerable.FirstOrDefault[TSource](IEnumerable`1 source, Func`2 predicate)
at System.Data.Entity.Infrastructure.DependencyResolution.ResolverChain.GetService(Type type, Object key)
at System.Data.Entity.Infrastructure.DependencyResolution.RootDependencyResolver.GetService(Type type, Object key)
at System.Data.Entity.Infrastructure.DependencyResolution.ResolverChain.<>c__DisplayClass3.<GetService>b__0(IDbDependencyResolver r)
at System.Linq.Enumerable.WhereSelectArrayIterator`2.MoveNext()
at System.Linq.Enumerable.FirstOrDefault[TSource](IEnumerable`1 source, Func`2 predicate)
at System.Data.Entity.Infrastructure.DependencyResolution.ResolverChain.GetService(Type type, Object key)
at System.Data.Entity.Infrastructure.DependencyResolution.CompositeResolver`2.GetService(Type type, Object key)
at System.Data.Entity.Infrastructure.DependencyResolution.DbDependencyResolverExtensions.GetService[T](IDbDependencyResolver resolver, Object key)
at System.Data.Entity.Utilities.DbProviderFactoryExtensions.GetProviderServices(DbProviderFactory factory)
at System.Data.Entity.Infrastructure.DefaultManifestTokenResolver.<>c__DisplayClass1.<ResolveManifestToken>b__0(Tuple`3 k)
at System.Collections.Concurrent.ConcurrentDictionary`2.GetOrAdd(TKey key, Func`2 valueFactory)
at System.Data.Entity.Infrastructure.DefaultManifestTokenResolver.ResolveManifestToken(DbConnection connection)
at System.Data.Entity.Utilities.DbConnectionExtensions.GetProviderInfo(DbConnection connection, DbProviderManifest& providerManifest)
at System.Data.Entity.DbModelBuilder.Build(DbConnection providerConnection)
at System.Data.Entity.Internal.LazyInternalContext.CreateModel(LazyInternalContext internalContext)
at System.Data.Entity.Internal.RetryLazy`2.GetValue(TInput input)
at System.Data.Entity.Internal.LazyInternalContext.InitializeContext()
at System.Data.Entity.Internal.InternalContext.CreateObjectContextForDdlOps()
at System.Data.Entity.Database.Create(DatabaseExistenceState existenceState)
at System.Data.Entity.Database.Create()
at Nop.Data.Tests.PersistenceTest.SetUp() in C:\Users\yowko151215\Source\Repos\jenkins-labs-1\Tests\Nop.Data.Tests\PersistenceTest.cs:line 21
]]></stack-trace>
                                </failure>
                              </test-case>
                            </results>
                          </test-suite>
                        </results>
                      </test-suite>
                      <test-suite type="TestFixture" name="SchemaTests" executed="True" result="Failure" success="False" time="0.066" asserts="0">
                        <results>
                          <test-case name="Nop.Data.Tests.SchemaTests.Can_generate_schema" executed="True" result="Error" success="False" time="0.064" asserts="0">
                            <failure>
                              <message><![CDATA[System.InvalidOperationException : No Entity Framework provider found for the ADO.NET provider with invariant name 'System.Data.SqlServerCe.4.0'. Make sure the provider is registered in the 'entityFramework' section of the application config file. See http://go.microsoft.com/fwlink/?LinkId=260882 for more information.]]></message>
                              <stack-trace><![CDATA[at System.Data.Entity.Infrastructure.DependencyResolution.DefaultProviderServicesResolver.GetService(Type type, Object key)
at System.Data.Entity.Infrastructure.DependencyResolution.CachingDependencyResolver.<>c__DisplayClass1.<GetService>b__0(Tuple`2 k)
at System.Collections.Concurrent.ConcurrentDictionary`2.GetOrAdd(TKey key, Func`2 valueFactory)
at System.Data.Entity.Infrastructure.DependencyResolution.CachingDependencyResolver.GetService(Type type, Object key)
at System.Data.Entity.Infrastructure.DependencyResolution.ResolverChain.<>c__DisplayClass3.<GetService>b__0(IDbDependencyResolver r)
at System.Linq.Enumerable.WhereSelectArrayIterator`2.MoveNext()
at System.Linq.Enumerable.FirstOrDefault[TSource](IEnumerable`1 source, Func`2 predicate)
at System.Data.Entity.Infrastructure.DependencyResolution.ResolverChain.GetService(Type type, Object key)
at System.Data.Entity.Infrastructure.DependencyResolution.RootDependencyResolver.GetService(Type type, Object key)
at System.Data.Entity.Infrastructure.DependencyResolution.ResolverChain.<>c__DisplayClass3.<GetService>b__0(IDbDependencyResolver r)
at System.Linq.Enumerable.WhereSelectArrayIterator`2.MoveNext()
at System.Linq.Enumerable.FirstOrDefault[TSource](IEnumerable`1 source, Func`2 predicate)
at System.Data.Entity.Infrastructure.DependencyResolution.ResolverChain.GetService(Type type, Object key)
at System.Data.Entity.Infrastructure.DependencyResolution.CompositeResolver`2.GetService(Type type, Object key)
at System.Data.Entity.Infrastructure.DependencyResolution.DbDependencyResolverExtensions.GetService[T](IDbDependencyResolver resolver, Object key)
at System.Data.Entity.Utilities.DbProviderFactoryExtensions.GetProviderServices(DbProviderFactory factory)
at System.Data.Entity.Infrastructure.DefaultManifestTokenResolver.<>c__DisplayClass1.<ResolveManifestToken>b__0(Tuple`3 k)
at System.Collections.Concurrent.ConcurrentDictionary`2.GetOrAdd(TKey key, Func`2 valueFactory)
at System.Data.Entity.Infrastructure.DefaultManifestTokenResolver.ResolveManifestToken(DbConnection connection)
at System.Data.Entity.Utilities.DbConnectionExtensions.GetProviderInfo(DbConnection connection, DbProviderManifest& providerManifest)
at System.Data.Entity.DbModelBuilder.Build(DbConnection providerConnection)
at System.Data.Entity.Internal.LazyInternalContext.CreateModel(LazyInternalContext internalContext)
at System.Data.Entity.Internal.RetryLazy`2.GetValue(TInput input)
at System.Data.Entity.Internal.LazyInternalContext.InitializeContext()
at System.Data.Entity.Internal.InternalContext.ForceOSpaceLoadingForKnownEntityTypes()
at System.Data.Entity.DbContext.System.Data.Entity.Infrastructure.IObjectContextAdapter.get_ObjectContext()
at Nop.Data.NopObjectContext.CreateDatabaseScript() in C:\Users\yowko151215\Source\Repos\jenkins-labs-1\Libraries\Nop.Data\NopObjectContext.cs:line 86
at Nop.Data.Tests.SchemaTests.Can_generate_schema() in C:\Users\yowko151215\Source\Repos\jenkins-labs-1\Tests\Nop.Data.Tests\SchemaTests.cs:line 16
]]></stack-trace>
                            </failure>
                          </test-case>
                        </results>
                      </test-suite>
                      <test-suite type="Namespace" name="Security" executed="True" result="Failure" success="False" time="0.072" asserts="0">
                        <results>
                          <test-suite type="TestFixture" name="AclRecordPersistenceTests" executed="True" result="Failure" success="False" time="0.019" asserts="0">
                            <results>
                              <test-case name="Nop.Data.Tests.Security.AclRecordPersistenceTests.Can_save_and_load_urlRecord" executed="True" result="Error" success="False" time="0.018" asserts="0">
                                <failure>
                                  <message><![CDATA[SetUp : System.InvalidOperationException : No Entity Framework provider found for the ADO.NET provider with invariant name 'System.Data.SqlServerCe.4.0'. Make sure the provider is registered in the 'entityFramework' section of the application config file. See http://go.microsoft.com/fwlink/?LinkId=260882 for more information.]]></message>
                                  <stack-trace><![CDATA[at System.Data.Entity.Infrastructure.DependencyResolution.DefaultProviderServicesResolver.GetService(Type type, Object key)
at System.Data.Entity.Infrastructure.DependencyResolution.CachingDependencyResolver.<>c__DisplayClass1.<GetService>b__0(Tuple`2 k)
at System.Collections.Concurrent.ConcurrentDictionary`2.GetOrAdd(TKey key, Func`2 valueFactory)
at System.Data.Entity.Infrastructure.DependencyResolution.CachingDependencyResolver.GetService(Type type, Object key)
at System.Data.Entity.Infrastructure.DependencyResolution.ResolverChain.<>c__DisplayClass3.<GetService>b__0(IDbDependencyResolver r)
at System.Linq.Enumerable.WhereSelectArrayIterator`2.MoveNext()
at System.Linq.Enumerable.FirstOrDefault[TSource](IEnumerable`1 source, Func`2 predicate)
at System.Data.Entity.Infrastructure.DependencyResolution.ResolverChain.GetService(Type type, Object key)
at System.Data.Entity.Infrastructure.DependencyResolution.RootDependencyResolver.GetService(Type type, Object key)
at System.Data.Entity.Infrastructure.DependencyResolution.ResolverChain.<>c__DisplayClass3.<GetService>b__0(IDbDependencyResolver r)
at System.Linq.Enumerable.WhereSelectArrayIterator`2.MoveNext()
at System.Linq.Enumerable.FirstOrDefault[TSource](IEnumerable`1 source, Func`2 predicate)
at System.Data.Entity.Infrastructure.DependencyResolution.ResolverChain.GetService(Type type, Object key)
at System.Data.Entity.Infrastructure.DependencyResolution.CompositeResolver`2.GetService(Type type, Object key)
at System.Data.Entity.Infrastructure.DependencyResolution.DbDependencyResolverExtensions.GetService[T](IDbDependencyResolver resolver, Object key)
at System.Data.Entity.Utilities.DbProviderFactoryExtensions.GetProviderServices(DbProviderFactory factory)
at System.Data.Entity.Infrastructure.DefaultManifestTokenResolver.<>c__DisplayClass1.<ResolveManifestToken>b__0(Tuple`3 k)
at System.Collections.Concurrent.ConcurrentDictionary`2.GetOrAdd(TKey key, Func`2 valueFactory)
at System.Data.Entity.Infrastructure.DefaultManifestTokenResolver.ResolveManifestToken(DbConnection connection)
at System.Data.Entity.Utilities.DbConnectionExtensions.GetProviderInfo(DbConnection connection, DbProviderManifest& providerManifest)
at System.Data.Entity.DbModelBuilder.Build(DbConnection providerConnection)
at System.Data.Entity.Internal.LazyInternalContext.CreateModel(LazyInternalContext internalContext)
at System.Data.Entity.Internal.RetryLazy`2.GetValue(TInput input)
at System.Data.Entity.Internal.LazyInternalContext.InitializeContext()
at System.Data.Entity.Internal.InternalContext.CreateObjectContextForDdlOps()
at System.Data.Entity.Database.Create(DatabaseExistenceState existenceState)
at System.Data.Entity.Database.Create()
at Nop.Data.Tests.PersistenceTest.SetUp() in C:\Users\yowko151215\Source\Repos\jenkins-labs-1\Tests\Nop.Data.Tests\PersistenceTest.cs:line 21
]]></stack-trace>
                                </failure>
                              </test-case>
                            </results>
                          </test-suite>
                          <test-suite type="TestFixture" name="PermissionRecordPersistenceTests" executed="True" result="Failure" success="False" time="0.043" asserts="0">
                            <results>
                              <test-case name="Nop.Data.Tests.Security.PermissionRecordPersistenceTests.Can_save_and_load_permissionRecord" executed="True" result="Error" success="False" time="0.018" asserts="0">
                                <failure>
                                  <message><![CDATA[SetUp : System.InvalidOperationException : No Entity Framework provider found for the ADO.NET provider with invariant name 'System.Data.SqlServerCe.4.0'. Make sure the provider is registered in the 'entityFramework' section of the application config file. See http://go.microsoft.com/fwlink/?LinkId=260882 for more information.]]></message>
                                  <stack-trace><![CDATA[at System.Data.Entity.Infrastructure.DependencyResolution.DefaultProviderServicesResolver.GetService(Type type, Object key)
at System.Data.Entity.Infrastructure.DependencyResolution.CachingDependencyResolver.<>c__DisplayClass1.<GetService>b__0(Tuple`2 k)
at System.Collections.Concurrent.ConcurrentDictionary`2.GetOrAdd(TKey key, Func`2 valueFactory)
at System.Data.Entity.Infrastructure.DependencyResolution.CachingDependencyResolver.GetService(Type type, Object key)
at System.Data.Entity.Infrastructure.DependencyResolution.ResolverChain.<>c__DisplayClass3.<GetService>b__0(IDbDependencyResolver r)
at System.Linq.Enumerable.WhereSelectArrayIterator`2.MoveNext()
at System.Linq.Enumerable.FirstOrDefault[TSource](IEnumerable`1 source, Func`2 predicate)
at System.Data.Entity.Infrastructure.DependencyResolution.ResolverChain.GetService(Type type, Object key)
at System.Data.Entity.Infrastructure.DependencyResolution.RootDependencyResolver.GetService(Type type, Object key)
at System.Data.Entity.Infrastructure.DependencyResolution.ResolverChain.<>c__DisplayClass3.<GetService>b__0(IDbDependencyResolver r)
at System.Linq.Enumerable.WhereSelectArrayIterator`2.MoveNext()
at System.Linq.Enumerable.FirstOrDefault[TSource](IEnumerable`1 source, Func`2 predicate)
at System.Data.Entity.Infrastructure.DependencyResolution.ResolverChain.GetService(Type type, Object key)
at System.Data.Entity.Infrastructure.DependencyResolution.CompositeResolver`2.GetService(Type type, Object key)
at System.Data.Entity.Infrastructure.DependencyResolution.DbDependencyResolverExtensions.GetService[T](IDbDependencyResolver resolver, Object key)
at System.Data.Entity.Utilities.DbProviderFactoryExtensions.GetProviderServices(DbProviderFactory factory)
at System.Data.Entity.Infrastructure.DefaultManifestTokenResolver.<>c__DisplayClass1.<ResolveManifestToken>b__0(Tuple`3 k)
at System.Collections.Concurrent.ConcurrentDictionary`2.GetOrAdd(TKey key, Func`2 valueFactory)
at System.Data.Entity.Infrastructure.DefaultManifestTokenResolver.ResolveManifestToken(DbConnection connection)
at System.Data.Entity.Utilities.DbConnectionExtensions.GetProviderInfo(DbConnection connection, DbProviderManifest& providerManifest)
at System.Data.Entity.DbModelBuilder.Build(DbConnection providerConnection)
at System.Data.Entity.Internal.LazyInternalContext.CreateModel(LazyInternalContext internalContext)
at System.Data.Entity.Internal.RetryLazy`2.GetValue(TInput input)
at System.Data.Entity.Internal.LazyInternalContext.InitializeContext()
at System.Data.Entity.Internal.InternalContext.CreateObjectContextForDdlOps()
at System.Data.Entity.Database.Create(DatabaseExistenceState existenceState)
at System.Data.Entity.Database.Create()
at Nop.Data.Tests.PersistenceTest.SetUp() in C:\Users\yowko151215\Source\Repos\jenkins-labs-1\Tests\Nop.Data.Tests\PersistenceTest.cs:line 21
]]></stack-trace>
                                </failure>
                              </test-case>
                              <test-case name="Nop.Data.Tests.Security.PermissionRecordPersistenceTests.Can_save_and_load_permissionRecord_with_customerRoles" executed="True" result="Error" success="False" time="0.015" asserts="0">
                                <failure>
                                  <message><![CDATA[SetUp : System.InvalidOperationException : No Entity Framework provider found for the ADO.NET provider with invariant name 'System.Data.SqlServerCe.4.0'. Make sure the provider is registered in the 'entityFramework' section of the application config file. See http://go.microsoft.com/fwlink/?LinkId=260882 for more information.]]></message>
                                  <stack-trace><![CDATA[at System.Data.Entity.Infrastructure.DependencyResolution.DefaultProviderServicesResolver.GetService(Type type, Object key)
at System.Data.Entity.Infrastructure.DependencyResolution.CachingDependencyResolver.<>c__DisplayClass1.<GetService>b__0(Tuple`2 k)
at System.Collections.Concurrent.ConcurrentDictionary`2.GetOrAdd(TKey key, Func`2 valueFactory)
at System.Data.Entity.Infrastructure.DependencyResolution.CachingDependencyResolver.GetService(Type type, Object key)
at System.Data.Entity.Infrastructure.DependencyResolution.ResolverChain.<>c__DisplayClass3.<GetService>b__0(IDbDependencyResolver r)
at System.Linq.Enumerable.WhereSelectArrayIterator`2.MoveNext()
at System.Linq.Enumerable.FirstOrDefault[TSource](IEnumerable`1 source, Func`2 predicate)
at System.Data.Entity.Infrastructure.DependencyResolution.ResolverChain.GetService(Type type, Object key)
at System.Data.Entity.Infrastructure.DependencyResolution.RootDependencyResolver.GetService(Type type, Object key)
at System.Data.Entity.Infrastructure.DependencyResolution.ResolverChain.<>c__DisplayClass3.<GetService>b__0(IDbDependencyResolver r)
at System.Linq.Enumerable.WhereSelectArrayIterator`2.MoveNext()
at System.Linq.Enumerable.FirstOrDefault[TSource](IEnumerable`1 source, Func`2 predicate)
at System.Data.Entity.Infrastructure.DependencyResolution.ResolverChain.GetService(Type type, Object key)
at System.Data.Entity.Infrastructure.DependencyResolution.CompositeResolver`2.GetService(Type type, Object key)
at System.Data.Entity.Infrastructure.DependencyResolution.DbDependencyResolverExtensions.GetService[T](IDbDependencyResolver resolver, Object key)
at System.Data.Entity.Utilities.DbProviderFactoryExtensions.GetProviderServices(DbProviderFactory factory)
at System.Data.Entity.Infrastructure.DefaultManifestTokenResolver.<>c__DisplayClass1.<ResolveManifestToken>b__0(Tuple`3 k)
at System.Collections.Concurrent.ConcurrentDictionary`2.GetOrAdd(TKey key, Func`2 valueFactory)
at System.Data.Entity.Infrastructure.DefaultManifestTokenResolver.ResolveManifestToken(DbConnection connection)
at System.Data.Entity.Utilities.DbConnectionExtensions.GetProviderInfo(DbConnection connection, DbProviderManifest& providerManifest)
at System.Data.Entity.DbModelBuilder.Build(DbConnection providerConnection)
at System.Data.Entity.Internal.LazyInternalContext.CreateModel(LazyInternalContext internalContext)
at System.Data.Entity.Internal.RetryLazy`2.GetValue(TInput input)
at System.Data.Entity.Internal.LazyInternalContext.InitializeContext()
at System.Data.Entity.Internal.InternalContext.CreateObjectContextForDdlOps()
at System.Data.Entity.Database.Create(DatabaseExistenceState existenceState)
at System.Data.Entity.Database.Create()
at Nop.Data.Tests.PersistenceTest.SetUp() in C:\Users\yowko151215\Source\Repos\jenkins-labs-1\Tests\Nop.Data.Tests\PersistenceTest.cs:line 21
]]></stack-trace>
                                </failure>
                              </test-case>
                            </results>
                          </test-suite>
                        </results>
                      </test-suite>
                      <test-suite type="Namespace" name="Seo" executed="True" result="Failure" success="False" time="0.022" asserts="0">
                        <results>
                          <test-suite type="TestFixture" name="UrlRecordPersistenceTests" executed="True" result="Failure" success="False" time="0.021" asserts="0">
                            <results>
                              <test-case name="Nop.Data.Tests.Seo.UrlRecordPersistenceTests.Can_save_and_load_urlRecord" executed="True" result="Error" success="False" time="0.018" asserts="0">
                                <failure>
                                  <message><![CDATA[SetUp : System.InvalidOperationException : No Entity Framework provider found for the ADO.NET provider with invariant name 'System.Data.SqlServerCe.4.0'. Make sure the provider is registered in the 'entityFramework' section of the application config file. See http://go.microsoft.com/fwlink/?LinkId=260882 for more information.]]></message>
                                  <stack-trace><![CDATA[at System.Data.Entity.Infrastructure.DependencyResolution.DefaultProviderServicesResolver.GetService(Type type, Object key)
at System.Data.Entity.Infrastructure.DependencyResolution.CachingDependencyResolver.<>c__DisplayClass1.<GetService>b__0(Tuple`2 k)
at System.Collections.Concurrent.ConcurrentDictionary`2.GetOrAdd(TKey key, Func`2 valueFactory)
at System.Data.Entity.Infrastructure.DependencyResolution.CachingDependencyResolver.GetService(Type type, Object key)
at System.Data.Entity.Infrastructure.DependencyResolution.ResolverChain.<>c__DisplayClass3.<GetService>b__0(IDbDependencyResolver r)
at System.Linq.Enumerable.WhereSelectArrayIterator`2.MoveNext()
at System.Linq.Enumerable.FirstOrDefault[TSource](IEnumerable`1 source, Func`2 predicate)
at System.Data.Entity.Infrastructure.DependencyResolution.ResolverChain.GetService(Type type, Object key)
at System.Data.Entity.Infrastructure.DependencyResolution.RootDependencyResolver.GetService(Type type, Object key)
at System.Data.Entity.Infrastructure.DependencyResolution.ResolverChain.<>c__DisplayClass3.<GetService>b__0(IDbDependencyResolver r)
at System.Linq.Enumerable.WhereSelectArrayIterator`2.MoveNext()
at System.Linq.Enumerable.FirstOrDefault[TSource](IEnumerable`1 source, Func`2 predicate)
at System.Data.Entity.Infrastructure.DependencyResolution.ResolverChain.GetService(Type type, Object key)
at System.Data.Entity.Infrastructure.DependencyResolution.CompositeResolver`2.GetService(Type type, Object key)
at System.Data.Entity.Infrastructure.DependencyResolution.DbDependencyResolverExtensions.GetService[T](IDbDependencyResolver resolver, Object key)
at System.Data.Entity.Utilities.DbProviderFactoryExtensions.GetProviderServices(DbProviderFactory factory)
at System.Data.Entity.Infrastructure.DefaultManifestTokenResolver.<>c__DisplayClass1.<ResolveManifestToken>b__0(Tuple`3 k)
at System.Collections.Concurrent.ConcurrentDictionary`2.GetOrAdd(TKey key, Func`2 valueFactory)
at System.Data.Entity.Infrastructure.DefaultManifestTokenResolver.ResolveManifestToken(DbConnection connection)
at System.Data.Entity.Utilities.DbConnectionExtensions.GetProviderInfo(DbConnection connection, DbProviderManifest& providerManifest)
at System.Data.Entity.DbModelBuilder.Build(DbConnection providerConnection)
at System.Data.Entity.Internal.LazyInternalContext.CreateModel(LazyInternalContext internalContext)
at System.Data.Entity.Internal.RetryLazy`2.GetValue(TInput input)
at System.Data.Entity.Internal.LazyInternalContext.InitializeContext()
at System.Data.Entity.Internal.InternalContext.CreateObjectContextForDdlOps()
at System.Data.Entity.Database.Create(DatabaseExistenceState existenceState)
at System.Data.Entity.Database.Create()
at Nop.Data.Tests.PersistenceTest.SetUp() in C:\Users\yowko151215\Source\Repos\jenkins-labs-1\Tests\Nop.Data.Tests\PersistenceTest.cs:line 21
]]></stack-trace>
                                </failure>
                              </test-case>
                            </results>
                          </test-suite>
                        </results>
                      </test-suite>
                      <test-suite type="Namespace" name="Shipping" executed="True" result="Failure" success="False" time="0.186" asserts="0">
                        <results>
                          <test-suite type="TestFixture" name="DeliveryDatePersistenceTests" executed="True" result="Failure" success="False" time="0.013" asserts="0">
                            <results>
                              <test-case name="Nop.Data.Tests.Shipping.DeliveryDatePersistenceTests.Can_save_and_load_deliveryDate" executed="True" result="Error" success="False" time="0.012" asserts="0">
                                <failure>
                                  <message><![CDATA[SetUp : System.InvalidOperationException : No Entity Framework provider found for the ADO.NET provider with invariant name 'System.Data.SqlServerCe.4.0'. Make sure the provider is registered in the 'entityFramework' section of the application config file. See http://go.microsoft.com/fwlink/?LinkId=260882 for more information.]]></message>
                                  <stack-trace><![CDATA[at System.Data.Entity.Infrastructure.DependencyResolution.DefaultProviderServicesResolver.GetService(Type type, Object key)
at System.Data.Entity.Infrastructure.DependencyResolution.CachingDependencyResolver.<>c__DisplayClass1.<GetService>b__0(Tuple`2 k)
at System.Collections.Concurrent.ConcurrentDictionary`2.GetOrAdd(TKey key, Func`2 valueFactory)
at System.Data.Entity.Infrastructure.DependencyResolution.CachingDependencyResolver.GetService(Type type, Object key)
at System.Data.Entity.Infrastructure.DependencyResolution.ResolverChain.<>c__DisplayClass3.<GetService>b__0(IDbDependencyResolver r)
at System.Linq.Enumerable.WhereSelectArrayIterator`2.MoveNext()
at System.Linq.Enumerable.FirstOrDefault[TSource](IEnumerable`1 source, Func`2 predicate)
at System.Data.Entity.Infrastructure.DependencyResolution.ResolverChain.GetService(Type type, Object key)
at System.Data.Entity.Infrastructure.DependencyResolution.RootDependencyResolver.GetService(Type type, Object key)
at System.Data.Entity.Infrastructure.DependencyResolution.ResolverChain.<>c__DisplayClass3.<GetService>b__0(IDbDependencyResolver r)
at System.Linq.Enumerable.WhereSelectArrayIterator`2.MoveNext()
at System.Linq.Enumerable.FirstOrDefault[TSource](IEnumerable`1 source, Func`2 predicate)
at System.Data.Entity.Infrastructure.DependencyResolution.ResolverChain.GetService(Type type, Object key)
at System.Data.Entity.Infrastructure.DependencyResolution.CompositeResolver`2.GetService(Type type, Object key)
at System.Data.Entity.Infrastructure.DependencyResolution.DbDependencyResolverExtensions.GetService[T](IDbDependencyResolver resolver, Object key)
at System.Data.Entity.Utilities.DbProviderFactoryExtensions.GetProviderServices(DbProviderFactory factory)
at System.Data.Entity.Infrastructure.DefaultManifestTokenResolver.<>c__DisplayClass1.<ResolveManifestToken>b__0(Tuple`3 k)
at System.Collections.Concurrent.ConcurrentDictionary`2.GetOrAdd(TKey key, Func`2 valueFactory)
at System.Data.Entity.Infrastructure.DefaultManifestTokenResolver.ResolveManifestToken(DbConnection connection)
at System.Data.Entity.Utilities.DbConnectionExtensions.GetProviderInfo(DbConnection connection, DbProviderManifest& providerManifest)
at System.Data.Entity.DbModelBuilder.Build(DbConnection providerConnection)
at System.Data.Entity.Internal.LazyInternalContext.CreateModel(LazyInternalContext internalContext)
at System.Data.Entity.Internal.RetryLazy`2.GetValue(TInput input)
at System.Data.Entity.Internal.LazyInternalContext.InitializeContext()
at System.Data.Entity.Internal.InternalContext.CreateObjectContextForDdlOps()
at System.Data.Entity.Database.Create(DatabaseExistenceState existenceState)
at System.Data.Entity.Database.Create()
at Nop.Data.Tests.PersistenceTest.SetUp() in C:\Users\yowko151215\Source\Repos\jenkins-labs-1\Tests\Nop.Data.Tests\PersistenceTest.cs:line 21
]]></stack-trace>
                                </failure>
                              </test-case>
                            </results>
                          </test-suite>
                          <test-suite type="TestFixture" name="ShipmentItemPersistenceTests" executed="True" result="Failure" success="False" time="0.014" asserts="0">
                            <results>
                              <test-case name="Nop.Data.Tests.Shipping.ShipmentItemPersistenceTests.Can_save_and_load_shipmentItem" executed="True" result="Error" success="False" time="0.013" asserts="0">
                                <failure>
                                  <message><![CDATA[SetUp : System.InvalidOperationException : No Entity Framework provider found for the ADO.NET provider with invariant name 'System.Data.SqlServerCe.4.0'. Make sure the provider is registered in the 'entityFramework' section of the application config file. See http://go.microsoft.com/fwlink/?LinkId=260882 for more information.]]></message>
                                  <stack-trace><![CDATA[at System.Data.Entity.Infrastructure.DependencyResolution.DefaultProviderServicesResolver.GetService(Type type, Object key)
at System.Data.Entity.Infrastructure.DependencyResolution.CachingDependencyResolver.<>c__DisplayClass1.<GetService>b__0(Tuple`2 k)
at System.Collections.Concurrent.ConcurrentDictionary`2.GetOrAdd(TKey key, Func`2 valueFactory)
at System.Data.Entity.Infrastructure.DependencyResolution.CachingDependencyResolver.GetService(Type type, Object key)
at System.Data.Entity.Infrastructure.DependencyResolution.ResolverChain.<>c__DisplayClass3.<GetService>b__0(IDbDependencyResolver r)
at System.Linq.Enumerable.WhereSelectArrayIterator`2.MoveNext()
at System.Linq.Enumerable.FirstOrDefault[TSource](IEnumerable`1 source, Func`2 predicate)
at System.Data.Entity.Infrastructure.DependencyResolution.ResolverChain.GetService(Type type, Object key)
at System.Data.Entity.Infrastructure.DependencyResolution.RootDependencyResolver.GetService(Type type, Object key)
at System.Data.Entity.Infrastructure.DependencyResolution.ResolverChain.<>c__DisplayClass3.<GetService>b__0(IDbDependencyResolver r)
at System.Linq.Enumerable.WhereSelectArrayIterator`2.MoveNext()
at System.Linq.Enumerable.FirstOrDefault[TSource](IEnumerable`1 source, Func`2 predicate)
at System.Data.Entity.Infrastructure.DependencyResolution.ResolverChain.GetService(Type type, Object key)
at System.Data.Entity.Infrastructure.DependencyResolution.CompositeResolver`2.GetService(Type type, Object key)
at System.Data.Entity.Infrastructure.DependencyResolution.DbDependencyResolverExtensions.GetService[T](IDbDependencyResolver resolver, Object key)
at System.Data.Entity.Utilities.DbProviderFactoryExtensions.GetProviderServices(DbProviderFactory factory)
at System.Data.Entity.Infrastructure.DefaultManifestTokenResolver.<>c__DisplayClass1.<ResolveManifestToken>b__0(Tuple`3 k)
at System.Collections.Concurrent.ConcurrentDictionary`2.GetOrAdd(TKey key, Func`2 valueFactory)
at System.Data.Entity.Infrastructure.DefaultManifestTokenResolver.ResolveManifestToken(DbConnection connection)
at System.Data.Entity.Utilities.DbConnectionExtensions.GetProviderInfo(DbConnection connection, DbProviderManifest& providerManifest)
at System.Data.Entity.DbModelBuilder.Build(DbConnection providerConnection)
at System.Data.Entity.Internal.LazyInternalContext.CreateModel(LazyInternalContext internalContext)
at System.Data.Entity.Internal.RetryLazy`2.GetValue(TInput input)
at System.Data.Entity.Internal.LazyInternalContext.InitializeContext()
at System.Data.Entity.Internal.InternalContext.CreateObjectContextForDdlOps()
at System.Data.Entity.Database.Create(DatabaseExistenceState existenceState)
at System.Data.Entity.Database.Create()
at Nop.Data.Tests.PersistenceTest.SetUp() in C:\Users\yowko151215\Source\Repos\jenkins-labs-1\Tests\Nop.Data.Tests\PersistenceTest.cs:line 21
]]></stack-trace>
                                </failure>
                              </test-case>
                            </results>
                          </test-suite>
                          <test-suite type="TestFixture" name="ShipmentPersistenceTests" executed="True" result="Failure" success="False" time="0.056" asserts="0">
                            <results>
                              <test-case name="Nop.Data.Tests.Shipping.ShipmentPersistenceTests.Can_save_and_load_shipment" executed="True" result="Error" success="False" time="0.020" asserts="0">
                                <failure>
                                  <message><![CDATA[SetUp : System.InvalidOperationException : No Entity Framework provider found for the ADO.NET provider with invariant name 'System.Data.SqlServerCe.4.0'. Make sure the provider is registered in the 'entityFramework' section of the application config file. See http://go.microsoft.com/fwlink/?LinkId=260882 for more information.]]></message>
                                  <stack-trace><![CDATA[at System.Data.Entity.Infrastructure.DependencyResolution.DefaultProviderServicesResolver.GetService(Type type, Object key)
at System.Data.Entity.Infrastructure.DependencyResolution.CachingDependencyResolver.<>c__DisplayClass1.<GetService>b__0(Tuple`2 k)
at System.Collections.Concurrent.ConcurrentDictionary`2.GetOrAdd(TKey key, Func`2 valueFactory)
at System.Data.Entity.Infrastructure.DependencyResolution.CachingDependencyResolver.GetService(Type type, Object key)
at System.Data.Entity.Infrastructure.DependencyResolution.ResolverChain.<>c__DisplayClass3.<GetService>b__0(IDbDependencyResolver r)
at System.Linq.Enumerable.WhereSelectArrayIterator`2.MoveNext()
at System.Linq.Enumerable.FirstOrDefault[TSource](IEnumerable`1 source, Func`2 predicate)
at System.Data.Entity.Infrastructure.DependencyResolution.ResolverChain.GetService(Type type, Object key)
at System.Data.Entity.Infrastructure.DependencyResolution.RootDependencyResolver.GetService(Type type, Object key)
at System.Data.Entity.Infrastructure.DependencyResolution.ResolverChain.<>c__DisplayClass3.<GetService>b__0(IDbDependencyResolver r)
at System.Linq.Enumerable.WhereSelectArrayIterator`2.MoveNext()
at System.Linq.Enumerable.FirstOrDefault[TSource](IEnumerable`1 source, Func`2 predicate)
at System.Data.Entity.Infrastructure.DependencyResolution.ResolverChain.GetService(Type type, Object key)
at System.Data.Entity.Infrastructure.DependencyResolution.CompositeResolver`2.GetService(Type type, Object key)
at System.Data.Entity.Infrastructure.DependencyResolution.DbDependencyResolverExtensions.GetService[T](IDbDependencyResolver resolver, Object key)
at System.Data.Entity.Utilities.DbProviderFactoryExtensions.GetProviderServices(DbProviderFactory factory)
at System.Data.Entity.Infrastructure.DefaultManifestTokenResolver.<>c__DisplayClass1.<ResolveManifestToken>b__0(Tuple`3 k)
at System.Collections.Concurrent.ConcurrentDictionary`2.GetOrAdd(TKey key, Func`2 valueFactory)
at System.Data.Entity.Infrastructure.DefaultManifestTokenResolver.ResolveManifestToken(DbConnection connection)
at System.Data.Entity.Utilities.DbConnectionExtensions.GetProviderInfo(DbConnection connection, DbProviderManifest& providerManifest)
at System.Data.Entity.DbModelBuilder.Build(DbConnection providerConnection)
at System.Data.Entity.Internal.LazyInternalContext.CreateModel(LazyInternalContext internalContext)
at System.Data.Entity.Internal.RetryLazy`2.GetValue(TInput input)
at System.Data.Entity.Internal.LazyInternalContext.InitializeContext()
at System.Data.Entity.Internal.InternalContext.CreateObjectContextForDdlOps()
at System.Data.Entity.Database.Create(DatabaseExistenceState existenceState)
at System.Data.Entity.Database.Create()
at Nop.Data.Tests.PersistenceTest.SetUp() in C:\Users\yowko151215\Source\Repos\jenkins-labs-1\Tests\Nop.Data.Tests\PersistenceTest.cs:line 21
]]></stack-trace>
                                </failure>
                              </test-case>
                              <test-case name="Nop.Data.Tests.Shipping.ShipmentPersistenceTests.Can_save_and_load_shipment_with_items" executed="True" result="Error" success="False" time="0.025" asserts="0">
                                <failure>
                                  <message><![CDATA[SetUp : System.InvalidOperationException : No Entity Framework provider found for the ADO.NET provider with invariant name 'System.Data.SqlServerCe.4.0'. Make sure the provider is registered in the 'entityFramework' section of the application config file. See http://go.microsoft.com/fwlink/?LinkId=260882 for more information.]]></message>
                                  <stack-trace><![CDATA[at System.Data.Entity.Infrastructure.DependencyResolution.DefaultProviderServicesResolver.GetService(Type type, Object key)
at System.Data.Entity.Infrastructure.DependencyResolution.CachingDependencyResolver.<>c__DisplayClass1.<GetService>b__0(Tuple`2 k)
at System.Collections.Concurrent.ConcurrentDictionary`2.GetOrAdd(TKey key, Func`2 valueFactory)
at System.Data.Entity.Infrastructure.DependencyResolution.CachingDependencyResolver.GetService(Type type, Object key)
at System.Data.Entity.Infrastructure.DependencyResolution.ResolverChain.<>c__DisplayClass3.<GetService>b__0(IDbDependencyResolver r)
at System.Linq.Enumerable.WhereSelectArrayIterator`2.MoveNext()
at System.Linq.Enumerable.FirstOrDefault[TSource](IEnumerable`1 source, Func`2 predicate)
at System.Data.Entity.Infrastructure.DependencyResolution.ResolverChain.GetService(Type type, Object key)
at System.Data.Entity.Infrastructure.DependencyResolution.RootDependencyResolver.GetService(Type type, Object key)
at System.Data.Entity.Infrastructure.DependencyResolution.ResolverChain.<>c__DisplayClass3.<GetService>b__0(IDbDependencyResolver r)
at System.Linq.Enumerable.WhereSelectArrayIterator`2.MoveNext()
at System.Linq.Enumerable.FirstOrDefault[TSource](IEnumerable`1 source, Func`2 predicate)
at System.Data.Entity.Infrastructure.DependencyResolution.ResolverChain.GetService(Type type, Object key)
at System.Data.Entity.Infrastructure.DependencyResolution.CompositeResolver`2.GetService(Type type, Object key)
at System.Data.Entity.Infrastructure.DependencyResolution.DbDependencyResolverExtensions.GetService[T](IDbDependencyResolver resolver, Object key)
at System.Data.Entity.Utilities.DbProviderFactoryExtensions.GetProviderServices(DbProviderFactory factory)
at System.Data.Entity.Infrastructure.DefaultManifestTokenResolver.<>c__DisplayClass1.<ResolveManifestToken>b__0(Tuple`3 k)
at System.Collections.Concurrent.ConcurrentDictionary`2.GetOrAdd(TKey key, Func`2 valueFactory)
at System.Data.Entity.Infrastructure.DefaultManifestTokenResolver.ResolveManifestToken(DbConnection connection)
at System.Data.Entity.Utilities.DbConnectionExtensions.GetProviderInfo(DbConnection connection, DbProviderManifest& providerManifest)
at System.Data.Entity.DbModelBuilder.Build(DbConnection providerConnection)
at System.Data.Entity.Internal.LazyInternalContext.CreateModel(LazyInternalContext internalContext)
at System.Data.Entity.Internal.RetryLazy`2.GetValue(TInput input)
at System.Data.Entity.Internal.LazyInternalContext.InitializeContext()
at System.Data.Entity.Internal.InternalContext.CreateObjectContextForDdlOps()
at System.Data.Entity.Database.Create(DatabaseExistenceState existenceState)
at System.Data.Entity.Database.Create()
at Nop.Data.Tests.PersistenceTest.SetUp() in C:\Users\yowko151215\Source\Repos\jenkins-labs-1\Tests\Nop.Data.Tests\PersistenceTest.cs:line 21
]]></stack-trace>
                                </failure>
                              </test-case>
                            </results>
                          </test-suite>
                          <test-suite type="TestFixture" name="ShippingMethodPersistenceTests" executed="True" result="Failure" success="False" time="0.048" asserts="0">
                            <results>
                              <test-case name="Nop.Data.Tests.Shipping.ShippingMethodPersistenceTests.Can_save_and_load_shippingMethod" executed="True" result="Error" success="False" time="0.017" asserts="0">
                                <failure>
                                  <message><![CDATA[SetUp : System.InvalidOperationException : No Entity Framework provider found for the ADO.NET provider with invariant name 'System.Data.SqlServerCe.4.0'. Make sure the provider is registered in the 'entityFramework' section of the application config file. See http://go.microsoft.com/fwlink/?LinkId=260882 for more information.]]></message>
                                  <stack-trace><![CDATA[at System.Data.Entity.Infrastructure.DependencyResolution.DefaultProviderServicesResolver.GetService(Type type, Object key)
at System.Data.Entity.Infrastructure.DependencyResolution.CachingDependencyResolver.<>c__DisplayClass1.<GetService>b__0(Tuple`2 k)
at System.Collections.Concurrent.ConcurrentDictionary`2.GetOrAdd(TKey key, Func`2 valueFactory)
at System.Data.Entity.Infrastructure.DependencyResolution.CachingDependencyResolver.GetService(Type type, Object key)
at System.Data.Entity.Infrastructure.DependencyResolution.ResolverChain.<>c__DisplayClass3.<GetService>b__0(IDbDependencyResolver r)
at System.Linq.Enumerable.WhereSelectArrayIterator`2.MoveNext()
at System.Linq.Enumerable.FirstOrDefault[TSource](IEnumerable`1 source, Func`2 predicate)
at System.Data.Entity.Infrastructure.DependencyResolution.ResolverChain.GetService(Type type, Object key)
at System.Data.Entity.Infrastructure.DependencyResolution.RootDependencyResolver.GetService(Type type, Object key)
at System.Data.Entity.Infrastructure.DependencyResolution.ResolverChain.<>c__DisplayClass3.<GetService>b__0(IDbDependencyResolver r)
at System.Linq.Enumerable.WhereSelectArrayIterator`2.MoveNext()
at System.Linq.Enumerable.FirstOrDefault[TSource](IEnumerable`1 source, Func`2 predicate)
at System.Data.Entity.Infrastructure.DependencyResolution.ResolverChain.GetService(Type type, Object key)
at System.Data.Entity.Infrastructure.DependencyResolution.CompositeResolver`2.GetService(Type type, Object key)
at System.Data.Entity.Infrastructure.DependencyResolution.DbDependencyResolverExtensions.GetService[T](IDbDependencyResolver resolver, Object key)
at System.Data.Entity.Utilities.DbProviderFactoryExtensions.GetProviderServices(DbProviderFactory factory)
at System.Data.Entity.Infrastructure.DefaultManifestTokenResolver.<>c__DisplayClass1.<ResolveManifestToken>b__0(Tuple`3 k)
at System.Collections.Concurrent.ConcurrentDictionary`2.GetOrAdd(TKey key, Func`2 valueFactory)
at System.Data.Entity.Infrastructure.DefaultManifestTokenResolver.ResolveManifestToken(DbConnection connection)
at System.Data.Entity.Utilities.DbConnectionExtensions.GetProviderInfo(DbConnection connection, DbProviderManifest& providerManifest)
at System.Data.Entity.DbModelBuilder.Build(DbConnection providerConnection)
at System.Data.Entity.Internal.LazyInternalContext.CreateModel(LazyInternalContext internalContext)
at System.Data.Entity.Internal.RetryLazy`2.GetValue(TInput input)
at System.Data.Entity.Internal.LazyInternalContext.InitializeContext()
at System.Data.Entity.Internal.InternalContext.CreateObjectContextForDdlOps()
at System.Data.Entity.Database.Create(DatabaseExistenceState existenceState)
at System.Data.Entity.Database.Create()
at Nop.Data.Tests.PersistenceTest.SetUp() in C:\Users\yowko151215\Source\Repos\jenkins-labs-1\Tests\Nop.Data.Tests\PersistenceTest.cs:line 21
]]></stack-trace>
                                </failure>
                              </test-case>
                              <test-case name="Nop.Data.Tests.Shipping.ShippingMethodPersistenceTests.Can_save_and_load_shippingMethod_with_restriction" executed="True" result="Error" success="False" time="0.012" asserts="0">
                                <failure>
                                  <message><![CDATA[SetUp : System.InvalidOperationException : No Entity Framework provider found for the ADO.NET provider with invariant name 'System.Data.SqlServerCe.4.0'. Make sure the provider is registered in the 'entityFramework' section of the application config file. See http://go.microsoft.com/fwlink/?LinkId=260882 for more information.]]></message>
                                  <stack-trace><![CDATA[at System.Data.Entity.Infrastructure.DependencyResolution.DefaultProviderServicesResolver.GetService(Type type, Object key)
at System.Data.Entity.Infrastructure.DependencyResolution.CachingDependencyResolver.<>c__DisplayClass1.<GetService>b__0(Tuple`2 k)
at System.Collections.Concurrent.ConcurrentDictionary`2.GetOrAdd(TKey key, Func`2 valueFactory)
at System.Data.Entity.Infrastructure.DependencyResolution.CachingDependencyResolver.GetService(Type type, Object key)
at System.Data.Entity.Infrastructure.DependencyResolution.ResolverChain.<>c__DisplayClass3.<GetService>b__0(IDbDependencyResolver r)
at System.Linq.Enumerable.WhereSelectArrayIterator`2.MoveNext()
at System.Linq.Enumerable.FirstOrDefault[TSource](IEnumerable`1 source, Func`2 predicate)
at System.Data.Entity.Infrastructure.DependencyResolution.ResolverChain.GetService(Type type, Object key)
at System.Data.Entity.Infrastructure.DependencyResolution.RootDependencyResolver.GetService(Type type, Object key)
at System.Data.Entity.Infrastructure.DependencyResolution.ResolverChain.<>c__DisplayClass3.<GetService>b__0(IDbDependencyResolver r)
at System.Linq.Enumerable.WhereSelectArrayIterator`2.MoveNext()
at System.Linq.Enumerable.FirstOrDefault[TSource](IEnumerable`1 source, Func`2 predicate)
at System.Data.Entity.Infrastructure.DependencyResolution.ResolverChain.GetService(Type type, Object key)
at System.Data.Entity.Infrastructure.DependencyResolution.CompositeResolver`2.GetService(Type type, Object key)
at System.Data.Entity.Infrastructure.DependencyResolution.DbDependencyResolverExtensions.GetService[T](IDbDependencyResolver resolver, Object key)
at System.Data.Entity.Utilities.DbProviderFactoryExtensions.GetProviderServices(DbProviderFactory factory)
at System.Data.Entity.Infrastructure.DefaultManifestTokenResolver.<>c__DisplayClass1.<ResolveManifestToken>b__0(Tuple`3 k)
at System.Collections.Concurrent.ConcurrentDictionary`2.GetOrAdd(TKey key, Func`2 valueFactory)
at System.Data.Entity.Infrastructure.DefaultManifestTokenResolver.ResolveManifestToken(DbConnection connection)
at System.Data.Entity.Utilities.DbConnectionExtensions.GetProviderInfo(DbConnection connection, DbProviderManifest& providerManifest)
at System.Data.Entity.DbModelBuilder.Build(DbConnection providerConnection)
at System.Data.Entity.Internal.LazyInternalContext.CreateModel(LazyInternalContext internalContext)
at System.Data.Entity.Internal.RetryLazy`2.GetValue(TInput input)
at System.Data.Entity.Internal.LazyInternalContext.InitializeContext()
at System.Data.Entity.Internal.InternalContext.CreateObjectContextForDdlOps()
at System.Data.Entity.Database.Create(DatabaseExistenceState existenceState)
at System.Data.Entity.Database.Create()
at Nop.Data.Tests.PersistenceTest.SetUp() in C:\Users\yowko151215\Source\Repos\jenkins-labs-1\Tests\Nop.Data.Tests\PersistenceTest.cs:line 21
]]></stack-trace>
                                </failure>
                              </test-case>
                            </results>
                          </test-suite>
                          <test-suite type="TestFixture" name="WarehousePersistenceTests" executed="True" result="Failure" success="False" time="0.014" asserts="0">
                            <results>
                              <test-case name="Nop.Data.Tests.Shipping.WarehousePersistenceTests.Can_save_and_load_warehouse" executed="True" result="Error" success="False" time="0.013" asserts="0">
                                <failure>
                                  <message><![CDATA[SetUp : System.InvalidOperationException : No Entity Framework provider found for the ADO.NET provider with invariant name 'System.Data.SqlServerCe.4.0'. Make sure the provider is registered in the 'entityFramework' section of the application config file. See http://go.microsoft.com/fwlink/?LinkId=260882 for more information.]]></message>
                                  <stack-trace><![CDATA[at System.Data.Entity.Infrastructure.DependencyResolution.DefaultProviderServicesResolver.GetService(Type type, Object key)
at System.Data.Entity.Infrastructure.DependencyResolution.CachingDependencyResolver.<>c__DisplayClass1.<GetService>b__0(Tuple`2 k)
at System.Collections.Concurrent.ConcurrentDictionary`2.GetOrAdd(TKey key, Func`2 valueFactory)
at System.Data.Entity.Infrastructure.DependencyResolution.CachingDependencyResolver.GetService(Type type, Object key)
at System.Data.Entity.Infrastructure.DependencyResolution.ResolverChain.<>c__DisplayClass3.<GetService>b__0(IDbDependencyResolver r)
at System.Linq.Enumerable.WhereSelectArrayIterator`2.MoveNext()
at System.Linq.Enumerable.FirstOrDefault[TSource](IEnumerable`1 source, Func`2 predicate)
at System.Data.Entity.Infrastructure.DependencyResolution.ResolverChain.GetService(Type type, Object key)
at System.Data.Entity.Infrastructure.DependencyResolution.RootDependencyResolver.GetService(Type type, Object key)
at System.Data.Entity.Infrastructure.DependencyResolution.ResolverChain.<>c__DisplayClass3.<GetService>b__0(IDbDependencyResolver r)
at System.Linq.Enumerable.WhereSelectArrayIterator`2.MoveNext()
at System.Linq.Enumerable.FirstOrDefault[TSource](IEnumerable`1 source, Func`2 predicate)
at System.Data.Entity.Infrastructure.DependencyResolution.ResolverChain.GetService(Type type, Object key)
at System.Data.Entity.Infrastructure.DependencyResolution.CompositeResolver`2.GetService(Type type, Object key)
at System.Data.Entity.Infrastructure.DependencyResolution.DbDependencyResolverExtensions.GetService[T](IDbDependencyResolver resolver, Object key)
at System.Data.Entity.Utilities.DbProviderFactoryExtensions.GetProviderServices(DbProviderFactory factory)
at System.Data.Entity.Infrastructure.DefaultManifestTokenResolver.<>c__DisplayClass1.<ResolveManifestToken>b__0(Tuple`3 k)
at System.Collections.Concurrent.ConcurrentDictionary`2.GetOrAdd(TKey key, Func`2 valueFactory)
at System.Data.Entity.Infrastructure.DefaultManifestTokenResolver.ResolveManifestToken(DbConnection connection)
at System.Data.Entity.Utilities.DbConnectionExtensions.GetProviderInfo(DbConnection connection, DbProviderManifest& providerManifest)
at System.Data.Entity.DbModelBuilder.Build(DbConnection providerConnection)
at System.Data.Entity.Internal.LazyInternalContext.CreateModel(LazyInternalContext internalContext)
at System.Data.Entity.Internal.RetryLazy`2.GetValue(TInput input)
at System.Data.Entity.Internal.LazyInternalContext.InitializeContext()
at System.Data.Entity.Internal.InternalContext.CreateObjectContextForDdlOps()
at System.Data.Entity.Database.Create(DatabaseExistenceState existenceState)
at System.Data.Entity.Database.Create()
at Nop.Data.Tests.PersistenceTest.SetUp() in C:\Users\yowko151215\Source\Repos\jenkins-labs-1\Tests\Nop.Data.Tests\PersistenceTest.cs:line 21
]]></stack-trace>
                                </failure>
                              </test-case>
                            </results>
                          </test-suite>
                        </results>
                      </test-suite>
                      <test-suite type="Namespace" name="Stores" executed="True" result="Failure" success="False" time="0.037" asserts="0">
                        <results>
                          <test-suite type="TestFixture" name="StoreMappingPersistenceTests" executed="True" result="Failure" success="False" time="0.014" asserts="0">
                            <results>
                              <test-case name="Nop.Data.Tests.Stores.StoreMappingPersistenceTests.Can_save_and_load_storeMapping" executed="True" result="Error" success="False" time="0.013" asserts="0">
                                <failure>
                                  <message><![CDATA[SetUp : System.InvalidOperationException : No Entity Framework provider found for the ADO.NET provider with invariant name 'System.Data.SqlServerCe.4.0'. Make sure the provider is registered in the 'entityFramework' section of the application config file. See http://go.microsoft.com/fwlink/?LinkId=260882 for more information.]]></message>
                                  <stack-trace><![CDATA[at System.Data.Entity.Infrastructure.DependencyResolution.DefaultProviderServicesResolver.GetService(Type type, Object key)
at System.Data.Entity.Infrastructure.DependencyResolution.CachingDependencyResolver.<>c__DisplayClass1.<GetService>b__0(Tuple`2 k)
at System.Collections.Concurrent.ConcurrentDictionary`2.GetOrAdd(TKey key, Func`2 valueFactory)
at System.Data.Entity.Infrastructure.DependencyResolution.CachingDependencyResolver.GetService(Type type, Object key)
at System.Data.Entity.Infrastructure.DependencyResolution.ResolverChain.<>c__DisplayClass3.<GetService>b__0(IDbDependencyResolver r)
at System.Linq.Enumerable.WhereSelectArrayIterator`2.MoveNext()
at System.Linq.Enumerable.FirstOrDefault[TSource](IEnumerable`1 source, Func`2 predicate)
at System.Data.Entity.Infrastructure.DependencyResolution.ResolverChain.GetService(Type type, Object key)
at System.Data.Entity.Infrastructure.DependencyResolution.RootDependencyResolver.GetService(Type type, Object key)
at System.Data.Entity.Infrastructure.DependencyResolution.ResolverChain.<>c__DisplayClass3.<GetService>b__0(IDbDependencyResolver r)
at System.Linq.Enumerable.WhereSelectArrayIterator`2.MoveNext()
at System.Linq.Enumerable.FirstOrDefault[TSource](IEnumerable`1 source, Func`2 predicate)
at System.Data.Entity.Infrastructure.DependencyResolution.ResolverChain.GetService(Type type, Object key)
at System.Data.Entity.Infrastructure.DependencyResolution.CompositeResolver`2.GetService(Type type, Object key)
at System.Data.Entity.Infrastructure.DependencyResolution.DbDependencyResolverExtensions.GetService[T](IDbDependencyResolver resolver, Object key)
at System.Data.Entity.Utilities.DbProviderFactoryExtensions.GetProviderServices(DbProviderFactory factory)
at System.Data.Entity.Infrastructure.DefaultManifestTokenResolver.<>c__DisplayClass1.<ResolveManifestToken>b__0(Tuple`3 k)
at System.Collections.Concurrent.ConcurrentDictionary`2.GetOrAdd(TKey key, Func`2 valueFactory)
at System.Data.Entity.Infrastructure.DefaultManifestTokenResolver.ResolveManifestToken(DbConnection connection)
at System.Data.Entity.Utilities.DbConnectionExtensions.GetProviderInfo(DbConnection connection, DbProviderManifest& providerManifest)
at System.Data.Entity.DbModelBuilder.Build(DbConnection providerConnection)
at System.Data.Entity.Internal.LazyInternalContext.CreateModel(LazyInternalContext internalContext)
at System.Data.Entity.Internal.RetryLazy`2.GetValue(TInput input)
at System.Data.Entity.Internal.LazyInternalContext.InitializeContext()
at System.Data.Entity.Internal.InternalContext.CreateObjectContextForDdlOps()
at System.Data.Entity.Database.Create(DatabaseExistenceState existenceState)
at System.Data.Entity.Database.Create()
at Nop.Data.Tests.PersistenceTest.SetUp() in C:\Users\yowko151215\Source\Repos\jenkins-labs-1\Tests\Nop.Data.Tests\PersistenceTest.cs:line 21
]]></stack-trace>
                                </failure>
                              </test-case>
                            </results>
                          </test-suite>
                          <test-suite type="TestFixture" name="StorePersistenceTests" executed="True" result="Failure" success="False" time="0.014" asserts="0">
                            <results>
                              <test-case name="Nop.Data.Tests.Stores.StorePersistenceTests.Can_save_and_load_store" executed="True" result="Error" success="False" time="0.013" asserts="0">
                                <failure>
                                  <message><![CDATA[SetUp : System.InvalidOperationException : No Entity Framework provider found for the ADO.NET provider with invariant name 'System.Data.SqlServerCe.4.0'. Make sure the provider is registered in the 'entityFramework' section of the application config file. See http://go.microsoft.com/fwlink/?LinkId=260882 for more information.]]></message>
                                  <stack-trace><![CDATA[at System.Data.Entity.Infrastructure.DependencyResolution.DefaultProviderServicesResolver.GetService(Type type, Object key)
at System.Data.Entity.Infrastructure.DependencyResolution.CachingDependencyResolver.<>c__DisplayClass1.<GetService>b__0(Tuple`2 k)
at System.Collections.Concurrent.ConcurrentDictionary`2.GetOrAdd(TKey key, Func`2 valueFactory)
at System.Data.Entity.Infrastructure.DependencyResolution.CachingDependencyResolver.GetService(Type type, Object key)
at System.Data.Entity.Infrastructure.DependencyResolution.ResolverChain.<>c__DisplayClass3.<GetService>b__0(IDbDependencyResolver r)
at System.Linq.Enumerable.WhereSelectArrayIterator`2.MoveNext()
at System.Linq.Enumerable.FirstOrDefault[TSource](IEnumerable`1 source, Func`2 predicate)
at System.Data.Entity.Infrastructure.DependencyResolution.ResolverChain.GetService(Type type, Object key)
at System.Data.Entity.Infrastructure.DependencyResolution.RootDependencyResolver.GetService(Type type, Object key)
at System.Data.Entity.Infrastructure.DependencyResolution.ResolverChain.<>c__DisplayClass3.<GetService>b__0(IDbDependencyResolver r)
at System.Linq.Enumerable.WhereSelectArrayIterator`2.MoveNext()
at System.Linq.Enumerable.FirstOrDefault[TSource](IEnumerable`1 source, Func`2 predicate)
at System.Data.Entity.Infrastructure.DependencyResolution.ResolverChain.GetService(Type type, Object key)
at System.Data.Entity.Infrastructure.DependencyResolution.CompositeResolver`2.GetService(Type type, Object key)
at System.Data.Entity.Infrastructure.DependencyResolution.DbDependencyResolverExtensions.GetService[T](IDbDependencyResolver resolver, Object key)
at System.Data.Entity.Utilities.DbProviderFactoryExtensions.GetProviderServices(DbProviderFactory factory)
at System.Data.Entity.Infrastructure.DefaultManifestTokenResolver.<>c__DisplayClass1.<ResolveManifestToken>b__0(Tuple`3 k)
at System.Collections.Concurrent.ConcurrentDictionary`2.GetOrAdd(TKey key, Func`2 valueFactory)
at System.Data.Entity.Infrastructure.DefaultManifestTokenResolver.ResolveManifestToken(DbConnection connection)
at System.Data.Entity.Utilities.DbConnectionExtensions.GetProviderInfo(DbConnection connection, DbProviderManifest& providerManifest)
at System.Data.Entity.DbModelBuilder.Build(DbConnection providerConnection)
at System.Data.Entity.Internal.LazyInternalContext.CreateModel(LazyInternalContext internalContext)
at System.Data.Entity.Internal.RetryLazy`2.GetValue(TInput input)
at System.Data.Entity.Internal.LazyInternalContext.InitializeContext()
at System.Data.Entity.Internal.InternalContext.CreateObjectContextForDdlOps()
at System.Data.Entity.Database.Create(DatabaseExistenceState existenceState)
at System.Data.Entity.Database.Create()
at Nop.Data.Tests.PersistenceTest.SetUp() in C:\Users\yowko151215\Source\Repos\jenkins-labs-1\Tests\Nop.Data.Tests\PersistenceTest.cs:line 21
]]></stack-trace>
                                </failure>
                              </test-case>
                            </results>
                          </test-suite>
                        </results>
                      </test-suite>
                      <test-suite type="Namespace" name="Tasks" executed="True" result="Failure" success="False" time="0.018" asserts="0">
                        <results>
                          <test-suite type="TestFixture" name="ScheduleTaskPersistenceTests" executed="True" result="Failure" success="False" time="0.017" asserts="0">
                            <results>
                              <test-case name="Nop.Data.Tests.Tasks.ScheduleTaskPersistenceTests.Can_save_and_load_scheduleTask" executed="True" result="Error" success="False" time="0.017" asserts="0">
                                <failure>
                                  <message><![CDATA[SetUp : System.InvalidOperationException : No Entity Framework provider found for the ADO.NET provider with invariant name 'System.Data.SqlServerCe.4.0'. Make sure the provider is registered in the 'entityFramework' section of the application config file. See http://go.microsoft.com/fwlink/?LinkId=260882 for more information.]]></message>
                                  <stack-trace><![CDATA[at System.Data.Entity.Infrastructure.DependencyResolution.DefaultProviderServicesResolver.GetService(Type type, Object key)
at System.Data.Entity.Infrastructure.DependencyResolution.CachingDependencyResolver.<>c__DisplayClass1.<GetService>b__0(Tuple`2 k)
at System.Collections.Concurrent.ConcurrentDictionary`2.GetOrAdd(TKey key, Func`2 valueFactory)
at System.Data.Entity.Infrastructure.DependencyResolution.CachingDependencyResolver.GetService(Type type, Object key)
at System.Data.Entity.Infrastructure.DependencyResolution.ResolverChain.<>c__DisplayClass3.<GetService>b__0(IDbDependencyResolver r)
at System.Linq.Enumerable.WhereSelectArrayIterator`2.MoveNext()
at System.Linq.Enumerable.FirstOrDefault[TSource](IEnumerable`1 source, Func`2 predicate)
at System.Data.Entity.Infrastructure.DependencyResolution.ResolverChain.GetService(Type type, Object key)
at System.Data.Entity.Infrastructure.DependencyResolution.RootDependencyResolver.GetService(Type type, Object key)
at System.Data.Entity.Infrastructure.DependencyResolution.ResolverChain.<>c__DisplayClass3.<GetService>b__0(IDbDependencyResolver r)
at System.Linq.Enumerable.WhereSelectArrayIterator`2.MoveNext()
at System.Linq.Enumerable.FirstOrDefault[TSource](IEnumerable`1 source, Func`2 predicate)
at System.Data.Entity.Infrastructure.DependencyResolution.ResolverChain.GetService(Type type, Object key)
at System.Data.Entity.Infrastructure.DependencyResolution.CompositeResolver`2.GetService(Type type, Object key)
at System.Data.Entity.Infrastructure.DependencyResolution.DbDependencyResolverExtensions.GetService[T](IDbDependencyResolver resolver, Object key)
at System.Data.Entity.Utilities.DbProviderFactoryExtensions.GetProviderServices(DbProviderFactory factory)
at System.Data.Entity.Infrastructure.DefaultManifestTokenResolver.<>c__DisplayClass1.<ResolveManifestToken>b__0(Tuple`3 k)
at System.Collections.Concurrent.ConcurrentDictionary`2.GetOrAdd(TKey key, Func`2 valueFactory)
at System.Data.Entity.Infrastructure.DefaultManifestTokenResolver.ResolveManifestToken(DbConnection connection)
at System.Data.Entity.Utilities.DbConnectionExtensions.GetProviderInfo(DbConnection connection, DbProviderManifest& providerManifest)
at System.Data.Entity.DbModelBuilder.Build(DbConnection providerConnection)
at System.Data.Entity.Internal.LazyInternalContext.CreateModel(LazyInternalContext internalContext)
at System.Data.Entity.Internal.RetryLazy`2.GetValue(TInput input)
at System.Data.Entity.Internal.LazyInternalContext.InitializeContext()
at System.Data.Entity.Internal.InternalContext.CreateObjectContextForDdlOps()
at System.Data.Entity.Database.Create(DatabaseExistenceState existenceState)
at System.Data.Entity.Database.Create()
at Nop.Data.Tests.PersistenceTest.SetUp() in C:\Users\yowko151215\Source\Repos\jenkins-labs-1\Tests\Nop.Data.Tests\PersistenceTest.cs:line 21
]]></stack-trace>
                                </failure>
                              </test-case>
                            </results>
                          </test-suite>
                        </results>
                      </test-suite>
                      <test-suite type="Namespace" name="Tax" executed="True" result="Failure" success="False" time="0.022" asserts="0">
                        <results>
                          <test-suite type="TestFixture" name="TaxCategoryPersistenceTests" executed="True" result="Failure" success="False" time="0.022" asserts="0">
                            <results>
                              <test-case name="Nop.Data.Tests.Tax.TaxCategoryPersistenceTests.Can_save_and_load_taxCategory" executed="True" result="Error" success="False" time="0.021" asserts="0">
                                <failure>
                                  <message><![CDATA[SetUp : System.InvalidOperationException : No Entity Framework provider found for the ADO.NET provider with invariant name 'System.Data.SqlServerCe.4.0'. Make sure the provider is registered in the 'entityFramework' section of the application config file. See http://go.microsoft.com/fwlink/?LinkId=260882 for more information.]]></message>
                                  <stack-trace><![CDATA[at System.Data.Entity.Infrastructure.DependencyResolution.DefaultProviderServicesResolver.GetService(Type type, Object key)
at System.Data.Entity.Infrastructure.DependencyResolution.CachingDependencyResolver.<>c__DisplayClass1.<GetService>b__0(Tuple`2 k)
at System.Collections.Concurrent.ConcurrentDictionary`2.GetOrAdd(TKey key, Func`2 valueFactory)
at System.Data.Entity.Infrastructure.DependencyResolution.CachingDependencyResolver.GetService(Type type, Object key)
at System.Data.Entity.Infrastructure.DependencyResolution.ResolverChain.<>c__DisplayClass3.<GetService>b__0(IDbDependencyResolver r)
at System.Linq.Enumerable.WhereSelectArrayIterator`2.MoveNext()
at System.Linq.Enumerable.FirstOrDefault[TSource](IEnumerable`1 source, Func`2 predicate)
at System.Data.Entity.Infrastructure.DependencyResolution.ResolverChain.GetService(Type type, Object key)
at System.Data.Entity.Infrastructure.DependencyResolution.RootDependencyResolver.GetService(Type type, Object key)
at System.Data.Entity.Infrastructure.DependencyResolution.ResolverChain.<>c__DisplayClass3.<GetService>b__0(IDbDependencyResolver r)
at System.Linq.Enumerable.WhereSelectArrayIterator`2.MoveNext()
at System.Linq.Enumerable.FirstOrDefault[TSource](IEnumerable`1 source, Func`2 predicate)
at System.Data.Entity.Infrastructure.DependencyResolution.ResolverChain.GetService(Type type, Object key)
at System.Data.Entity.Infrastructure.DependencyResolution.CompositeResolver`2.GetService(Type type, Object key)
at System.Data.Entity.Infrastructure.DependencyResolution.DbDependencyResolverExtensions.GetService[T](IDbDependencyResolver resolver, Object key)
at System.Data.Entity.Utilities.DbProviderFactoryExtensions.GetProviderServices(DbProviderFactory factory)
at System.Data.Entity.Infrastructure.DefaultManifestTokenResolver.<>c__DisplayClass1.<ResolveManifestToken>b__0(Tuple`3 k)
at System.Collections.Concurrent.ConcurrentDictionary`2.GetOrAdd(TKey key, Func`2 valueFactory)
at System.Data.Entity.Infrastructure.DefaultManifestTokenResolver.ResolveManifestToken(DbConnection connection)
at System.Data.Entity.Utilities.DbConnectionExtensions.GetProviderInfo(DbConnection connection, DbProviderManifest& providerManifest)
at System.Data.Entity.DbModelBuilder.Build(DbConnection providerConnection)
at System.Data.Entity.Internal.LazyInternalContext.CreateModel(LazyInternalContext internalContext)
at System.Data.Entity.Internal.RetryLazy`2.GetValue(TInput input)
at System.Data.Entity.Internal.LazyInternalContext.InitializeContext()
at System.Data.Entity.Internal.InternalContext.CreateObjectContextForDdlOps()
at System.Data.Entity.Database.Create(DatabaseExistenceState existenceState)
at System.Data.Entity.Database.Create()
at Nop.Data.Tests.PersistenceTest.SetUp() in C:\Users\yowko151215\Source\Repos\jenkins-labs-1\Tests\Nop.Data.Tests\PersistenceTest.cs:line 21
]]></stack-trace>
                                </failure>
                              </test-case>
                            </results>
                          </test-suite>
                        </results>
                      </test-suite>
                      <test-suite type="Namespace" name="Topics" executed="True" result="Failure" success="False" time="0.043" asserts="0">
                        <results>
                          <test-suite type="TestFixture" name="TopicPersistenceTests" executed="True" result="Failure" success="False" time="0.014" asserts="0">
                            <results>
                              <test-case name="Nop.Data.Tests.Topics.TopicPersistenceTests.Can_save_and_load_topic" executed="True" result="Error" success="False" time="0.012" asserts="0">
                                <failure>
                                  <message><![CDATA[SetUp : System.InvalidOperationException : No Entity Framework provider found for the ADO.NET provider with invariant name 'System.Data.SqlServerCe.4.0'. Make sure the provider is registered in the 'entityFramework' section of the application config file. See http://go.microsoft.com/fwlink/?LinkId=260882 for more information.]]></message>
                                  <stack-trace><![CDATA[at System.Data.Entity.Infrastructure.DependencyResolution.DefaultProviderServicesResolver.GetService(Type type, Object key)
at System.Data.Entity.Infrastructure.DependencyResolution.CachingDependencyResolver.<>c__DisplayClass1.<GetService>b__0(Tuple`2 k)
at System.Collections.Concurrent.ConcurrentDictionary`2.GetOrAdd(TKey key, Func`2 valueFactory)
at System.Data.Entity.Infrastructure.DependencyResolution.CachingDependencyResolver.GetService(Type type, Object key)
at System.Data.Entity.Infrastructure.DependencyResolution.ResolverChain.<>c__DisplayClass3.<GetService>b__0(IDbDependencyResolver r)
at System.Linq.Enumerable.WhereSelectArrayIterator`2.MoveNext()
at System.Linq.Enumerable.FirstOrDefault[TSource](IEnumerable`1 source, Func`2 predicate)
at System.Data.Entity.Infrastructure.DependencyResolution.ResolverChain.GetService(Type type, Object key)
at System.Data.Entity.Infrastructure.DependencyResolution.RootDependencyResolver.GetService(Type type, Object key)
at System.Data.Entity.Infrastructure.DependencyResolution.ResolverChain.<>c__DisplayClass3.<GetService>b__0(IDbDependencyResolver r)
at System.Linq.Enumerable.WhereSelectArrayIterator`2.MoveNext()
at System.Linq.Enumerable.FirstOrDefault[TSource](IEnumerable`1 source, Func`2 predicate)
at System.Data.Entity.Infrastructure.DependencyResolution.ResolverChain.GetService(Type type, Object key)
at System.Data.Entity.Infrastructure.DependencyResolution.CompositeResolver`2.GetService(Type type, Object key)
at System.Data.Entity.Infrastructure.DependencyResolution.DbDependencyResolverExtensions.GetService[T](IDbDependencyResolver resolver, Object key)
at System.Data.Entity.Utilities.DbProviderFactoryExtensions.GetProviderServices(DbProviderFactory factory)
at System.Data.Entity.Infrastructure.DefaultManifestTokenResolver.<>c__DisplayClass1.<ResolveManifestToken>b__0(Tuple`3 k)
at System.Collections.Concurrent.ConcurrentDictionary`2.GetOrAdd(TKey key, Func`2 valueFactory)
at System.Data.Entity.Infrastructure.DefaultManifestTokenResolver.ResolveManifestToken(DbConnection connection)
at System.Data.Entity.Utilities.DbConnectionExtensions.GetProviderInfo(DbConnection connection, DbProviderManifest& providerManifest)
at System.Data.Entity.DbModelBuilder.Build(DbConnection providerConnection)
at System.Data.Entity.Internal.LazyInternalContext.CreateModel(LazyInternalContext internalContext)
at System.Data.Entity.Internal.RetryLazy`2.GetValue(TInput input)
at System.Data.Entity.Internal.LazyInternalContext.InitializeContext()
at System.Data.Entity.Internal.InternalContext.CreateObjectContextForDdlOps()
at System.Data.Entity.Database.Create(DatabaseExistenceState existenceState)
at System.Data.Entity.Database.Create()
at Nop.Data.Tests.PersistenceTest.SetUp() in C:\Users\yowko151215\Source\Repos\jenkins-labs-1\Tests\Nop.Data.Tests\PersistenceTest.cs:line 21
]]></stack-trace>
                                </failure>
                              </test-case>
                            </results>
                          </test-suite>
                          <test-suite type="TestFixture" name="TopicTemplatePersistenceTests" executed="True" result="Failure" success="False" time="0.013" asserts="0">
                            <results>
                              <test-case name="Nop.Data.Tests.Topics.TopicTemplatePersistenceTests.Can_save_and_load_topicTemplate" executed="True" result="Error" success="False" time="0.012" asserts="0">
                                <failure>
                                  <message><![CDATA[SetUp : System.InvalidOperationException : No Entity Framework provider found for the ADO.NET provider with invariant name 'System.Data.SqlServerCe.4.0'. Make sure the provider is registered in the 'entityFramework' section of the application config file. See http://go.microsoft.com/fwlink/?LinkId=260882 for more information.]]></message>
                                  <stack-trace><![CDATA[at System.Data.Entity.Infrastructure.DependencyResolution.DefaultProviderServicesResolver.GetService(Type type, Object key)
at System.Data.Entity.Infrastructure.DependencyResolution.CachingDependencyResolver.<>c__DisplayClass1.<GetService>b__0(Tuple`2 k)
at System.Collections.Concurrent.ConcurrentDictionary`2.GetOrAdd(TKey key, Func`2 valueFactory)
at System.Data.Entity.Infrastructure.DependencyResolution.CachingDependencyResolver.GetService(Type type, Object key)
at System.Data.Entity.Infrastructure.DependencyResolution.ResolverChain.<>c__DisplayClass3.<GetService>b__0(IDbDependencyResolver r)
at System.Linq.Enumerable.WhereSelectArrayIterator`2.MoveNext()
at System.Linq.Enumerable.FirstOrDefault[TSource](IEnumerable`1 source, Func`2 predicate)
at System.Data.Entity.Infrastructure.DependencyResolution.ResolverChain.GetService(Type type, Object key)
at System.Data.Entity.Infrastructure.DependencyResolution.RootDependencyResolver.GetService(Type type, Object key)
at System.Data.Entity.Infrastructure.DependencyResolution.ResolverChain.<>c__DisplayClass3.<GetService>b__0(IDbDependencyResolver r)
at System.Linq.Enumerable.WhereSelectArrayIterator`2.MoveNext()
at System.Linq.Enumerable.FirstOrDefault[TSource](IEnumerable`1 source, Func`2 predicate)
at System.Data.Entity.Infrastructure.DependencyResolution.ResolverChain.GetService(Type type, Object key)
at System.Data.Entity.Infrastructure.DependencyResolution.CompositeResolver`2.GetService(Type type, Object key)
at System.Data.Entity.Infrastructure.DependencyResolution.DbDependencyResolverExtensions.GetService[T](IDbDependencyResolver resolver, Object key)
at System.Data.Entity.Utilities.DbProviderFactoryExtensions.GetProviderServices(DbProviderFactory factory)
at System.Data.Entity.Infrastructure.DefaultManifestTokenResolver.<>c__DisplayClass1.<ResolveManifestToken>b__0(Tuple`3 k)
at System.Collections.Concurrent.ConcurrentDictionary`2.GetOrAdd(TKey key, Func`2 valueFactory)
at System.Data.Entity.Infrastructure.DefaultManifestTokenResolver.ResolveManifestToken(DbConnection connection)
at System.Data.Entity.Utilities.DbConnectionExtensions.GetProviderInfo(DbConnection connection, DbProviderManifest& providerManifest)
at System.Data.Entity.DbModelBuilder.Build(DbConnection providerConnection)
at System.Data.Entity.Internal.LazyInternalContext.CreateModel(LazyInternalContext internalContext)
at System.Data.Entity.Internal.RetryLazy`2.GetValue(TInput input)
at System.Data.Entity.Internal.LazyInternalContext.InitializeContext()
at System.Data.Entity.Internal.InternalContext.CreateObjectContextForDdlOps()
at System.Data.Entity.Database.Create(DatabaseExistenceState existenceState)
at System.Data.Entity.Database.Create()
at Nop.Data.Tests.PersistenceTest.SetUp() in C:\Users\yowko151215\Source\Repos\jenkins-labs-1\Tests\Nop.Data.Tests\PersistenceTest.cs:line 21
]]></stack-trace>
                                </failure>
                              </test-case>
                            </results>
                          </test-suite>
                        </results>
                      </test-suite>
                      <test-suite type="Namespace" name="Vendors" executed="True" result="Failure" success="False" time="0.068" asserts="0">
                        <results>
                          <test-suite type="TestFixture" name="VendorNotePersistenceTests" executed="True" result="Failure" success="False" time="0.015" asserts="0">
                            <results>
                              <test-case name="Nop.Data.Tests.Vendors.VendorNotePersistenceTests.Can_save_and_load_vendorNote" executed="True" result="Error" success="False" time="0.014" asserts="0">
                                <failure>
                                  <message><![CDATA[SetUp : System.InvalidOperationException : No Entity Framework provider found for the ADO.NET provider with invariant name 'System.Data.SqlServerCe.4.0'. Make sure the provider is registered in the 'entityFramework' section of the application config file. See http://go.microsoft.com/fwlink/?LinkId=260882 for more information.]]></message>
                                  <stack-trace><![CDATA[at System.Data.Entity.Infrastructure.DependencyResolution.DefaultProviderServicesResolver.GetService(Type type, Object key)
at System.Data.Entity.Infrastructure.DependencyResolution.CachingDependencyResolver.<>c__DisplayClass1.<GetService>b__0(Tuple`2 k)
at System.Collections.Concurrent.ConcurrentDictionary`2.GetOrAdd(TKey key, Func`2 valueFactory)
at System.Data.Entity.Infrastructure.DependencyResolution.CachingDependencyResolver.GetService(Type type, Object key)
at System.Data.Entity.Infrastructure.DependencyResolution.ResolverChain.<>c__DisplayClass3.<GetService>b__0(IDbDependencyResolver r)
at System.Linq.Enumerable.WhereSelectArrayIterator`2.MoveNext()
at System.Linq.Enumerable.FirstOrDefault[TSource](IEnumerable`1 source, Func`2 predicate)
at System.Data.Entity.Infrastructure.DependencyResolution.ResolverChain.GetService(Type type, Object key)
at System.Data.Entity.Infrastructure.DependencyResolution.RootDependencyResolver.GetService(Type type, Object key)
at System.Data.Entity.Infrastructure.DependencyResolution.ResolverChain.<>c__DisplayClass3.<GetService>b__0(IDbDependencyResolver r)
at System.Linq.Enumerable.WhereSelectArrayIterator`2.MoveNext()
at System.Linq.Enumerable.FirstOrDefault[TSource](IEnumerable`1 source, Func`2 predicate)
at System.Data.Entity.Infrastructure.DependencyResolution.ResolverChain.GetService(Type type, Object key)
at System.Data.Entity.Infrastructure.DependencyResolution.CompositeResolver`2.GetService(Type type, Object key)
at System.Data.Entity.Infrastructure.DependencyResolution.DbDependencyResolverExtensions.GetService[T](IDbDependencyResolver resolver, Object key)
at System.Data.Entity.Utilities.DbProviderFactoryExtensions.GetProviderServices(DbProviderFactory factory)
at System.Data.Entity.Infrastructure.DefaultManifestTokenResolver.<>c__DisplayClass1.<ResolveManifestToken>b__0(Tuple`3 k)
at System.Collections.Concurrent.ConcurrentDictionary`2.GetOrAdd(TKey key, Func`2 valueFactory)
at System.Data.Entity.Infrastructure.DefaultManifestTokenResolver.ResolveManifestToken(DbConnection connection)
at System.Data.Entity.Utilities.DbConnectionExtensions.GetProviderInfo(DbConnection connection, DbProviderManifest& providerManifest)
at System.Data.Entity.DbModelBuilder.Build(DbConnection providerConnection)
at System.Data.Entity.Internal.LazyInternalContext.CreateModel(LazyInternalContext internalContext)
at System.Data.Entity.Internal.RetryLazy`2.GetValue(TInput input)
at System.Data.Entity.Internal.LazyInternalContext.InitializeContext()
at System.Data.Entity.Internal.InternalContext.CreateObjectContextForDdlOps()
at System.Data.Entity.Database.Create(DatabaseExistenceState existenceState)
at System.Data.Entity.Database.Create()
at Nop.Data.Tests.PersistenceTest.SetUp() in C:\Users\yowko151215\Source\Repos\jenkins-labs-1\Tests\Nop.Data.Tests\PersistenceTest.cs:line 21
]]></stack-trace>
                                </failure>
                              </test-case>
                            </results>
                          </test-suite>
                          <test-suite type="TestFixture" name="VendorPersistenceTests" executed="True" result="Failure" success="False" time="0.041" asserts="0">
                            <results>
                              <test-case name="Nop.Data.Tests.Vendors.VendorPersistenceTests.Can_save_and_load_vendor" executed="True" result="Error" success="False" time="0.013" asserts="0">
                                <failure>
                                  <message><![CDATA[SetUp : System.InvalidOperationException : No Entity Framework provider found for the ADO.NET provider with invariant name 'System.Data.SqlServerCe.4.0'. Make sure the provider is registered in the 'entityFramework' section of the application config file. See http://go.microsoft.com/fwlink/?LinkId=260882 for more information.]]></message>
                                  <stack-trace><![CDATA[at System.Data.Entity.Infrastructure.DependencyResolution.DefaultProviderServicesResolver.GetService(Type type, Object key)
at System.Data.Entity.Infrastructure.DependencyResolution.CachingDependencyResolver.<>c__DisplayClass1.<GetService>b__0(Tuple`2 k)
at System.Collections.Concurrent.ConcurrentDictionary`2.GetOrAdd(TKey key, Func`2 valueFactory)
at System.Data.Entity.Infrastructure.DependencyResolution.CachingDependencyResolver.GetService(Type type, Object key)
at System.Data.Entity.Infrastructure.DependencyResolution.ResolverChain.<>c__DisplayClass3.<GetService>b__0(IDbDependencyResolver r)
at System.Linq.Enumerable.WhereSelectArrayIterator`2.MoveNext()
at System.Linq.Enumerable.FirstOrDefault[TSource](IEnumerable`1 source, Func`2 predicate)
at System.Data.Entity.Infrastructure.DependencyResolution.ResolverChain.GetService(Type type, Object key)
at System.Data.Entity.Infrastructure.DependencyResolution.RootDependencyResolver.GetService(Type type, Object key)
at System.Data.Entity.Infrastructure.DependencyResolution.ResolverChain.<>c__DisplayClass3.<GetService>b__0(IDbDependencyResolver r)
at System.Linq.Enumerable.WhereSelectArrayIterator`2.MoveNext()
at System.Linq.Enumerable.FirstOrDefault[TSource](IEnumerable`1 source, Func`2 predicate)
at System.Data.Entity.Infrastructure.DependencyResolution.ResolverChain.GetService(Type type, Object key)
at System.Data.Entity.Infrastructure.DependencyResolution.CompositeResolver`2.GetService(Type type, Object key)
at System.Data.Entity.Infrastructure.DependencyResolution.DbDependencyResolverExtensions.GetService[T](IDbDependencyResolver resolver, Object key)
at System.Data.Entity.Utilities.DbProviderFactoryExtensions.GetProviderServices(DbProviderFactory factory)
at System.Data.Entity.Infrastructure.DefaultManifestTokenResolver.<>c__DisplayClass1.<ResolveManifestToken>b__0(Tuple`3 k)
at System.Collections.Concurrent.ConcurrentDictionary`2.GetOrAdd(TKey key, Func`2 valueFactory)
at System.Data.Entity.Infrastructure.DefaultManifestTokenResolver.ResolveManifestToken(DbConnection connection)
at System.Data.Entity.Utilities.DbConnectionExtensions.GetProviderInfo(DbConnection connection, DbProviderManifest& providerManifest)
at System.Data.Entity.DbModelBuilder.Build(DbConnection providerConnection)
at System.Data.Entity.Internal.LazyInternalContext.CreateModel(LazyInternalContext internalContext)
at System.Data.Entity.Internal.RetryLazy`2.GetValue(TInput input)
at System.Data.Entity.Internal.LazyInternalContext.InitializeContext()
at System.Data.Entity.Internal.InternalContext.CreateObjectContextForDdlOps()
at System.Data.Entity.Database.Create(DatabaseExistenceState existenceState)
at System.Data.Entity.Database.Create()
at Nop.Data.Tests.PersistenceTest.SetUp() in C:\Users\yowko151215\Source\Repos\jenkins-labs-1\Tests\Nop.Data.Tests\PersistenceTest.cs:line 21
]]></stack-trace>
                                </failure>
                              </test-case>
                              <test-case name="Nop.Data.Tests.Vendors.VendorPersistenceTests.Can_save_and_load_vendor_with_vendorNotes" executed="True" result="Error" success="False" time="0.014" asserts="0">
                                <failure>
                                  <message><![CDATA[SetUp : System.InvalidOperationException : No Entity Framework provider found for the ADO.NET provider with invariant name 'System.Data.SqlServerCe.4.0'. Make sure the provider is registered in the 'entityFramework' section of the application config file. See http://go.microsoft.com/fwlink/?LinkId=260882 for more information.]]></message>
                                  <stack-trace><![CDATA[at System.Data.Entity.Infrastructure.DependencyResolution.DefaultProviderServicesResolver.GetService(Type type, Object key)
at System.Data.Entity.Infrastructure.DependencyResolution.CachingDependencyResolver.<>c__DisplayClass1.<GetService>b__0(Tuple`2 k)
at System.Collections.Concurrent.ConcurrentDictionary`2.GetOrAdd(TKey key, Func`2 valueFactory)
at System.Data.Entity.Infrastructure.DependencyResolution.CachingDependencyResolver.GetService(Type type, Object key)
at System.Data.Entity.Infrastructure.DependencyResolution.ResolverChain.<>c__DisplayClass3.<GetService>b__0(IDbDependencyResolver r)
at System.Linq.Enumerable.WhereSelectArrayIterator`2.MoveNext()
at System.Linq.Enumerable.FirstOrDefault[TSource](IEnumerable`1 source, Func`2 predicate)
at System.Data.Entity.Infrastructure.DependencyResolution.ResolverChain.GetService(Type type, Object key)
at System.Data.Entity.Infrastructure.DependencyResolution.RootDependencyResolver.GetService(Type type, Object key)
at System.Data.Entity.Infrastructure.DependencyResolution.ResolverChain.<>c__DisplayClass3.<GetService>b__0(IDbDependencyResolver r)
at System.Linq.Enumerable.WhereSelectArrayIterator`2.MoveNext()
at System.Linq.Enumerable.FirstOrDefault[TSource](IEnumerable`1 source, Func`2 predicate)
at System.Data.Entity.Infrastructure.DependencyResolution.ResolverChain.GetService(Type type, Object key)
at System.Data.Entity.Infrastructure.DependencyResolution.CompositeResolver`2.GetService(Type type, Object key)
at System.Data.Entity.Infrastructure.DependencyResolution.DbDependencyResolverExtensions.GetService[T](IDbDependencyResolver resolver, Object key)
at System.Data.Entity.Utilities.DbProviderFactoryExtensions.GetProviderServices(DbProviderFactory factory)
at System.Data.Entity.Infrastructure.DefaultManifestTokenResolver.<>c__DisplayClass1.<ResolveManifestToken>b__0(Tuple`3 k)
at System.Collections.Concurrent.ConcurrentDictionary`2.GetOrAdd(TKey key, Func`2 valueFactory)
at System.Data.Entity.Infrastructure.DefaultManifestTokenResolver.ResolveManifestToken(DbConnection connection)
at System.Data.Entity.Utilities.DbConnectionExtensions.GetProviderInfo(DbConnection connection, DbProviderManifest& providerManifest)
at System.Data.Entity.DbModelBuilder.Build(DbConnection providerConnection)
at System.Data.Entity.Internal.LazyInternalContext.CreateModel(LazyInternalContext internalContext)
at System.Data.Entity.Internal.RetryLazy`2.GetValue(TInput input)
at System.Data.Entity.Internal.LazyInternalContext.InitializeContext()
at System.Data.Entity.Internal.InternalContext.CreateObjectContextForDdlOps()
at System.Data.Entity.Database.Create(DatabaseExistenceState existenceState)
at System.Data.Entity.Database.Create()
at Nop.Data.Tests.PersistenceTest.SetUp() in C:\Users\yowko151215\Source\Repos\jenkins-labs-1\Tests\Nop.Data.Tests\PersistenceTest.cs:line 21
]]></stack-trace>
                                </failure>
                              </test-case>
                            </results>
                          </test-suite>
                        </results>
                      </test-suite>
                    </results>
                  </test-suite>
                </results>
              </test-suite>
            </results>
          </test-suite>
        </results>
      </test-suite>
    </results>
  </test-suite>
</test-results>